argc: 5
argv[0]: ./test_simulator_testsuit
argv[1]: -A
argv[2]: CF
argv[3]: -D
argv[4]: ../data/CF/web-Google/
V_RW_SPM: total has 6 phy SPM, total addr width 25 bits, each phy spm addr width 22 bits
V_SPM_SINGLE, contains simd 64 blocks, each addr width: 16
V_SPM_SINGLE, contains simd 64 blocks, each addr width: 16
V_SPM_SINGLE, contains simd 64 blocks, each addr width: 16
V_SPM_SINGLE, contains simd 64 blocks, each addr width: 16
V_SPM_SINGLE, contains simd 64 blocks, each addr width: 16
V_SPM_SINGLE, contains simd 64 blocks, each addr width: 16
[ASE]: mapped dsm ptr:0x7fc3202a5000, succeeded!
[ASE]: start simulatoin loop, max cycles per turn: 1410065408
csr edge num: 5105040
clk: 0, flush_stage=0, scheduler_in_v_task=0, scheduler_send_e_task=0, M09_write_to_spm=0, M09_write_to_id_fifo=0, M09_write_to_data_fifo=0, M09_alu_in_num=0, M09_alu_out_num=0, M09_update_dst_read_single_get_task_num=0, M09_update_dst_read_single_send_task_num=0, M09_update_dst_read_single_read_spm_num=0, M09_update_dst_read_single_get_spm_data_num=0
clk: 0, M08_combiner_rv_ct=0, M08_combiner_send_ct=0
0
m02_full: 0 0 0 0 0 0 0 0 0 0 0 0 0 0 0 0 0 0 0 0 0 0 0 0 0 0 0 0 0 0 0 0 0 0 0 0 0 0 0 0 0 0 0 0 0 0 0 0 0 0 0 0 0 0 0 0 0 0 0 0 0 0 0 0
m03_v_full: 0 0 0 0 0 0 0 0 0 0 0 0 0 0 0 0 0 0 0 0 0 0 0 0 0 0 0 0 0 0 0 0 0 0 0 0 0 0 0 0 0 0 0 0 0 0 0 0 0 0 0 0 0 0 0 0 0 0 0 0 0 0 0 0
m03_e_full: 0 0 0 0 0 0 0 0 0 0 0 0 0 0 0 0 0 0 0 0 0 0 0 0 0 0 0 0 0 0 0 0 0 0 0 0 0 0 0 0 0 0 0 0 0 0 0 0 0 0 0 0 0 0 0 0 0 0 0 0 0 0 0 0
m04_full: 0 0 0 0 0 0 0 0 0 0 0 0 0 0 0 0 0 0 0 0 0 0 0 0 0 0 0 0 0 0 0 0 0 0 0 0 0 0 0 0 0 0 0 0 0 0 0 0 0 0 0 0 0 0 0 0 0 0 0 0 0 0 0 0
m05_full: 0 0 0 0 0 0 0 0 0 0 0 0 0 0 0 0 0 0 0 0 0 0 0 0 0 0 0 0 0 0 0 0 0 0 0 0 0 0 0 0 0 0 0 0 0 0 0 0 0 0 0 0 0 0 0 0 0 0 0 0 0 0 0 0
m06_full: 0 0 0 0 0 0 0 0 0 0 0 0 0 0 0 0 0 0 0 0 0 0 0 0 0 0 0 0 0 0 0 0 0 0 0 0 0 0 0 0 0 0 0 0 0 0 0 0 0 0 0 0 0 0 0 0 0 0 0 0 0 0 0 0
m07_full: 0 0 0 0 0 0 0 0 0 0 0 0 0 0 0 0 0 0 0 0 0 0 0 0 0 0 0 0 0 0 0 0 0 0 0 0 0 0 0 0 0 0 0 0 0 0 0 0 0 0 0 0 0 0 0 0 0 0 0 0 0 0 0 0
m08_full: 0 0 0 0 0 0 0 0 0 0 0 0 0 0 0 0 0 0 0 0 0 0 0 0 0 0 0 0 0 0 0 0 0 0 0 0 0 0 0 0 0 0 0 0 0 0 0 0 0 0 0 0 0 0 0 0 0 0 0 0 0 0 0 0
m09_full: 0 0 0 0 0 0 0 0 0 0 0 0 0 0 0 0 0 0 0 0 0 0 0 0 0 0 0 0 0 0 0 0 0 0 0 0 0 0 0 0 0 0 0 0 0 0 0 0 0 0 0 0 0 0 0 0 0 0 0 0 0 0 0 0
clk: 1, rd_active_vertex: change empty, front=0, now=1
clk: 1, rd_active_vertex: change empty, front=0, now=1
[ASE_dev]: trigger ase event: 4
csr vertex num: 916428
CSR graph loaded
Loaded edges: 2684491Ignored edges : 2420549
Number of Triangles: 4905575
Number of Embeddings Traversed: 4905575
Cycles Consumed: 316691
GTSPS: 38.968
1 scalar
1 scalar
1 scalar
1 scalar
1 scalar
Empty line @ 17
1 scalar
1 scalar
1 scalar
Empty line @ 21
1 scalar
1 scalar
1 scalar
1 scalar
1 scalar
Empty line @ 27
1 scalar
1 scalar
1 scalar
1 scalar
1 scalar
1 scalar
1 scalar
1 scalar
1 scalar
Empty line @ 37
1 scalar
1 vector
1 scalar
1 scalar
1 scalar
1 scalar
1 scalar
1 scalar
1 scalar
1 scalar
1 scalar
1 scalar
1 vector
1 vector
1 vector
1 vector
Empty line @ 54
Empty line @ 55
1 vector
1 vector
1 vector
1 vector
1 vector
Empty line @ 61
1 scalar
1 vector
1 vector
1 vector
1 vector
1 vector
1 vector
1 vector
1 vector
1 vector
1 vector
1 scalar
1 scalar
1 scalar
1 scalar
1 scalar
1 scalar
1 vector
Empty line @ 80
1 scalar
1 scalar
1 scalar
1 scalar
1 scalar
1 scalar
1 scalar
1 scalar
1 scalar
1 scalar
1 scalar
1 scalar
1 scalar
1 scalar
1 scalar
1 scalar
1 scalar
1 scalar
1 scalar
[AAS_dev]: wait for AAS_SOC_READY
[ASE_dev]: SOC READY!
[AAS_dev]: DMA data to lpddr, src ptr: 0x7ffd5957dc40, dst: 0, len:256
[AAS_dev]: DMA data to lpddr, dma ptr h: 0x7ffd, ptr l: 0x5957dc40
[AAS_dev]: wait for AAS_SOC_DMA_DONE
[SIMULATOR]: DMA src ptr h: 0x7ffd, ptr l: 0x5957dc40, src ptr: 0x7ffd5957dc40
[SIMULATOR]: DMA dst ptr h: 0x0, ptr l: 0x0, dst ptr: 0x0
[SIMULATOR]: DMA len: 256
[SIMULATOR]: adaptor select LPDDR pass
[SIMULATOR]: CPU DMA will use 4 clks via 64GB/s
[ASE_dev]: trigger ase event: 2
[ASE_dev]: dma done!
[AAS_dev]: DMA data to lpddr, src ptr: 0x7fc31e3a8800, dst: 12582912, len:3665712
[AAS_dev]: DMA data to lpddr, dma ptr h: 0x7fc3, ptr l: 0x1e3a8800
[AAS_dev]: wait for AAS_SOC_DMA_DONE
[SIMULATOR]: DMA src ptr h: 0x7fc3, ptr l: 0x1e3a8800, src ptr: 0x7fc31e3a8800
[SIMULATOR]: DMA dst ptr h: 0x0, ptr l: 0xc00000, dst ptr: 0xc00000
[SIMULATOR]: DMA len: 3665712
[SIMULATOR]: adaptor select LPDDR pass
[SIMULATOR]: CPU DMA will use 57277 clks via 64GB/s
[ASE_dev]: trigger ase event: 2
[ASE_dev]: dma done!
[AAS_dev]: DMA data to lpddr, src ptr: 0x7fc31e3a8804, dst: 16777216, len:3665712
[AAS_dev]: DMA data to lpddr, dma ptr h: 0x7fc3, ptr l: 0x1e3a8804
[AAS_dev]: wait for AAS_SOC_DMA_DONE
[SIMULATOR]: DMA src ptr h: 0x7fc3, ptr l: 0x1e3a8804, src ptr: 0x7fc31e3a8804
[SIMULATOR]: DMA dst ptr h: 0x0, ptr l: 0x1000000, dst ptr: 0x1000000
[SIMULATOR]: DMA len: 3665712
[SIMULATOR]: adaptor select LPDDR pass
[SIMULATOR]: CPU DMA will use 57277 clks via 64GB/s
[ASE_dev]: trigger ase event: 2
[ASE_dev]: dma done!
[AAS_dev]: DMA data to lpddr, src ptr: 0x7fc31e027800, dst: 4194304, len:3665712
[AAS_dev]: DMA data to lpddr, dma ptr h: 0x7fc3, ptr l: 0x1e027800
[AAS_dev]: wait for AAS_SOC_DMA_DONE
[SIMULATOR]: DMA src ptr h: 0x7fc3, ptr l: 0x1e027800, src ptr: 0x7fc31e027800
[SIMULATOR]: DMA dst ptr h: 0x0, ptr l: 0x400000, dst ptr: 0x400000
[SIMULATOR]: DMA len: 3665712
[SIMULATOR]: adaptor select LPDDR pass
[SIMULATOR]: CPU DMA will use 57277 clks via 64GB/s
[ASE_dev]: trigger ase event: 2
[ASE_dev]: dma done!
[AAS_dev]: DMA data to lpddr, src ptr: 0x7fc31e027800, dst: 8388608, len:3665712
[AAS_dev]: DMA data to lpddr, dma ptr h: 0x7fc3, ptr l: 0x1e027800
[AAS_dev]: wait for AAS_SOC_DMA_DONE
[SIMULATOR]: DMA src ptr h: 0x7fc3, ptr l: 0x1e027800, src ptr: 0x7fc31e027800
[SIMULATOR]: DMA dst ptr h: 0x0, ptr l: 0x800000, dst ptr: 0x800000
[SIMULATOR]: DMA len: 3665712
[SIMULATOR]: adaptor select LPDDR pass
[SIMULATOR]: CPU DMA will use 57277 clks via 64GB/s
[ASE_dev]: trigger ase event: 2
[ASE_dev]: dma done!
[AAS_dev]: DMA data to lpddr, src ptr: 0x7fc31e729800, dst: 20971520, len:20420160
[AAS_dev]: DMA data to lpddr, dma ptr h: 0x7fc3, ptr l: 0x1e729800
[AAS_dev]: wait for AAS_SOC_DMA_DONE
[SIMULATOR]: DMA src ptr h: 0x7fc3, ptr l: 0x1e729800, src ptr: 0x7fc31e729800
[SIMULATOR]: DMA dst ptr h: 0x0, ptr l: 0x1400000, dst ptr: 0x1400000
[SIMULATOR]: DMA len: 20420160
[SIMULATOR]: adaptor select LPDDR pass
[SIMULATOR]: CPU DMA will use 319065 clks via 64GB/s
[ASE_dev]: trigger ase event: 2
[ASE_dev]: dma done!
[AAS_dev]: start kernel with Bin file: ../test/asm/bin/cf_dma.bin
clk: 697520, wr dram addr: 0xb7dbc0, 12049344, data: [0.000000 0.000000 0.000000 0.000000 0.000000 0.000000 0.000000 0.000000 0.000000 0.000000 0.000000 0.000000 0.000000 0.000000 0.000000 0.000000 ]
clk: 697521, wr dram addr: 0xb7dc00, 12049408, data: [0.000000 0.000000 0.000000 0.000000 0.000000 0.000000 0.000000 0.000000 0.000000 0.000000 0.000000 0.000000 0.000000 0.000000 0.000000 0.000000 ]
clk: 697522, wr dram addr: 0xb7dc40, 12049472, data: [0.000000 0.000000 0.000000 0.000000 0.000000 0.000000 0.000000 0.000000 0.000000 0.000000 0.000000 0.000000 0.000000 0.000000 0.000000 0.000000 ]
clk: 697523, wr dram addr: 0xb7dc80, 12049536, data: [0.000000 0.000000 0.000000 0.000000 0.000000 0.000000 0.000000 0.000000 0.000000 0.000000 0.000000 0.000000 0.000000 0.000000 0.000000 0.000000 ]
clk: 697524, wr dram addr: 0xb7dcc0, 12049600, data: [0.000000 0.000000 0.000000 0.000000 0.000000 0.000000 0.000000 0.000000 0.000000 0.000000 0.000000 0.000000 0.000000 0.000000 0.000000 0.000000 ]
clk: 697525, wr dram addr: 0xb7dd00, 12049664, data: [0.000000 0.000000 0.000000 0.000000 0.000000 0.000000 0.000000 0.000000 0.000000 0.000000 0.000000 0.000000 0.000000 0.000000 0.000000 0.000000 ]
clk: 697526, wr dram addr: 0xb7dd40, 12049728, data: [0.000000 0.000000 0.000000 0.000000 0.000000 0.000000 0.000000 0.000000 0.000000 0.000000 0.000000 0.000000 0.000000 0.000000 0.000000 0.000000 ]
clk: 697527, wr dram addr: 0xb7dd80, 12049792, data: [0.000000 0.000000 0.000000 0.000000 0.000000 0.000000 0.000000 0.000000 0.000000 0.000000 0.000000 0.000000 0.000000 0.000000 0.000000 0.000000 ]
clk: 697528, wr dram addr: 0xb7ddc0, 12049856, data: [0.000000 0.000000 0.000000 0.000000 0.000000 0.000000 0.000000 0.000000 0.000000 0.000000 0.000000 0.000000 0.000000 0.000000 0.000000 0.000000 ]
clk: 697529, wr dram addr: 0xb7de00, 12049920, data: [0.000000 0.000000 0.000000 0.000000 0.000000 0.000000 0.000000 0.000000 0.000000 0.000000 0.000000 0.000000 0.000000 0.000000 0.000000 0.000000 ]
clk: 697530, wr dram addr: 0xb7de40, 12049984, data: [0.000000 0.000000 0.000000 0.000000 0.000000 0.000000 0.000000 0.000000 0.000000 0.000000 0.000000 0.000000 0.000000 0.000000 0.000000 0.000000 ]
clk: 697531, wr dram addr: 0xb7de80, 12050048, data: [0.000000 0.000000 0.000000 0.000000 0.000000 0.000000 0.000000 0.000000 0.000000 0.000000 0.000000 0.000000 0.000000 0.000000 0.000000 0.000000 ]
clk: 697532, wr dram addr: 0xb7dec0, 12050112, data: [0.000000 0.000000 0.000000 0.000000 0.000000 0.000000 0.000000 0.000000 0.000000 0.000000 0.000000 0.000000 0.000000 0.000000 0.000000 0.000000 ]
clk: 697533, wr dram addr: 0xb7df00, 12050176, data: [0.000000 0.000000 0.000000 0.000000 0.000000 0.000000 0.000000 0.000000 0.000000 0.000000 0.000000 0.000000 0.000000 0.000000 0.000000 0.000000 ]
clk: 697534, wr dram addr: 0xb7df40, 12050240, data: [0.000000 0.000000 0.000000 0.000000 0.000000 0.000000 0.000000 0.000000 0.000000 0.000000 0.000000 0.000000 0.000000 0.000000 0.000000 0.000000 ]
clk: 697535, wr dram addr: 0xb7df80, 12050304, data: [0.000000 0.000000 0.000000 0.000000 0.000000 0.000000 0.000000 0.000000 0.000000 0.000000 0.000000 0.000000 0.000000 0.000000 0.000000 0.000000 ]
clk: 697536, wr dram addr: 0xb7dfc0, 12050368, data: [0.000000 0.000000 0.000000 0.000000 0.000000 0.000000 0.000000 0.000000 0.000000 0.000000 0.000000 0.000000 0.000000 0.000000 0.000000 0.000000 ]
clk: 697537, wr dram addr: 0xb7e000, 12050432, data: [0.000000 0.000000 0.000000 0.000000 0.000000 0.000000 0.000000 0.000000 0.000000 0.000000 0.000000 0.000000 0.000000 0.000000 0.000000 0.000000 ]
clk: 697538, wr dram addr: 0xb7e040, 12050496, data: [0.000000 0.000000 0.000000 0.000000 0.000000 0.000000 0.000000 0.000000 0.000000 0.000000 0.000000 0.000000 0.000000 0.000000 0.000000 0.000000 ]
clk: 697539, wr dram addr: 0xb7e080, 12050560, data: [0.000000 0.000000 0.000000 0.000000 0.000000 0.000000 0.000000 0.000000 0.000000 0.000000 0.000000 0.000000 0.000000 0.000000 0.000000 0.000000 ]
clk: 697540, wr dram addr: 0xb7e0c0, 12050624, data: [0.000000 0.000000 0.000000 0.000000 0.000000 0.000000 0.000000 0.000000 0.000000 0.000000 0.000000 0.000000 0.000000 0.000000 0.000000 0.000000 ]
clk: 697541, wr dram addr: 0xb7e100, 12050688, data: [0.000000 0.000000 0.000000 0.000000 0.000000 0.000000 0.000000 0.000000 0.000000 0.000000 0.000000 0.000000 0.000000 0.000000 0.000000 0.000000 ]
clk: 697542, wr dram addr: 0xb7e140, 12050752, data: [0.000000 0.000000 0.000000 0.000000 0.000000 0.000000 0.000000 0.000000 0.000000 0.000000 0.000000 0.000000 0.000000 0.000000 0.000000 0.000000 ]
clk: 697543, wr dram addr: 0xb7e180, 12050816, data: [0.000000 0.000000 0.000000 0.000000 0.000000 0.000000 0.000000 0.000000 0.000000 0.000000 0.000000 0.000000 0.000000 0.000000 0.000000 0.000000 ]
clk: 697544, wr dram addr: 0xb7e1c0, 12050880, data: [0.000000 0.000000 0.000000 0.000000 0.000000 0.000000 0.000000 0.000000 0.000000 0.000000 0.000000 0.000000 0.000000 0.000000 0.000000 0.000000 ]
clk: 697545, wr dram addr: 0xb7e200, 12050944, data: [0.000000 0.000000 0.000000 0.000000 0.000000 0.000000 0.000000 0.000000 0.000000 0.000000 0.000000 0.000000 0.000000 0.000000 0.000000 0.000000 ]
clk: 697546, wr dram addr: 0xb7e240, 12051008, data: [0.000000 0.000000 0.000000 0.000000 0.000000 0.000000 0.000000 0.000000 0.000000 0.000000 0.000000 0.000000 0.000000 0.000000 0.000000 0.000000 ]
clk: 697547, wr dram addr: 0xb7e280, 12051072, data: [0.000000 0.000000 0.000000 0.000000 0.000000 0.000000 0.000000 0.000000 0.000000 0.000000 0.000000 0.000000 0.000000 0.000000 0.000000 0.000000 ]
clk: 697548, wr dram addr: 0xb7e2c0, 12051136, data: [0.000000 0.000000 0.000000 0.000000 0.000000 0.000000 0.000000 0.000000 0.000000 0.000000 0.000000 0.000000 0.000000 0.000000 0.000000 0.000000 ]
clk: 697549, wr dram addr: 0xb7e300, 12051200, data: [0.000000 0.000000 0.000000 0.000000 0.000000 0.000000 0.000000 0.000000 0.000000 0.000000 0.000000 0.000000 0.000000 0.000000 0.000000 0.000000 ]
clk: 697550, wr dram addr: 0xb7e340, 12051264, data: [0.000000 0.000000 0.000000 0.000000 0.000000 0.000000 0.000000 0.000000 0.000000 0.000000 0.000000 0.000000 0.000000 0.000000 0.000000 0.000000 ]
clk: 697551, wr dram addr: 0xb7e380, 12051328, data: [0.000000 0.000000 0.000000 0.000000 0.000000 0.000000 0.000000 0.000000 0.000000 0.000000 0.000000 0.000000 0.000000 0.000000 0.000000 0.000000 ]
clk: 697552, wr dram addr: 0xb7e3c0, 12051392, data: [0.000000 0.000000 0.000000 0.000000 0.000000 0.000000 0.000000 0.000000 0.000000 0.000000 0.000000 0.000000 0.000000 0.000000 0.000000 0.000000 ]
clk: 697553, wr dram addr: 0xb7e400, 12051456, data: [0.000000 0.000000 0.000000 0.000000 0.000000 0.000000 0.000000 0.000000 0.000000 0.000000 0.000000 0.000000 0.000000 0.000000 0.000000 0.000000 ]
clk: 697554, wr dram addr: 0xb7e440, 12051520, data: [0.000000 0.000000 0.000000 0.000000 0.000000 0.000000 0.000000 0.000000 0.000000 0.000000 0.000000 0.000000 0.000000 0.000000 0.000000 0.000000 ]
clk: 697555, wr dram addr: 0xb7e480, 12051584, data: [0.000000 0.000000 0.000000 0.000000 0.000000 0.000000 0.000000 0.000000 0.000000 0.000000 0.000000 0.000000 0.000000 0.000000 0.000000 0.000000 ]
clk: 697556, wr dram addr: 0xb7e4c0, 12051648, data: [0.000000 0.000000 0.000000 0.000000 0.000000 0.000000 0.000000 0.000000 0.000000 0.000000 0.000000 0.000000 0.000000 0.000000 0.000000 0.000000 ]
clk: 697557, wr dram addr: 0xb7e500, 12051712, data: [0.000000 0.000000 0.000000 0.000000 0.000000 0.000000 0.000000 0.000000 0.000000 0.000000 0.000000 0.000000 0.000000 0.000000 0.000000 0.000000 ]
clk: 697558, wr dram addr: 0xb7e540, 12051776, data: [0.000000 0.000000 0.000000 0.000000 0.000000 0.000000 0.000000 0.000000 0.000000 0.000000 0.000000 0.000000 0.000000 0.000000 0.000000 0.000000 ]
clk: 697559, wr dram addr: 0xb7e580, 12051840, data: [0.000000 0.000000 0.000000 0.000000 0.000000 0.000000 0.000000 0.000000 0.000000 0.000000 0.000000 0.000000 0.000000 0.000000 0.000000 0.000000 ]
clk: 697560, wr dram addr: 0xb7e5c0, 12051904, data: [0.000000 0.000000 0.000000 0.000000 0.000000 0.000000 0.000000 0.000000 0.000000 0.000000 0.000000 0.000000 0.000000 0.000000 0.000000 0.000000 ]
clk: 697561, wr dram addr: 0xb7e600, 12051968, data: [0.000000 0.000000 0.000000 0.000000 0.000000 0.000000 0.000000 0.000000 0.000000 0.000000 0.000000 0.000000 0.000000 0.000000 0.000000 0.000000 ]
clk: 697562, wr dram addr: 0xb7e640, 12052032, data: [0.000000 0.000000 0.000000 0.000000 0.000000 0.000000 0.000000 0.000000 0.000000 0.000000 0.000000 0.000000 0.000000 0.000000 0.000000 0.000000 ]
clk: 697563, wr dram addr: 0xb7e680, 12052096, data: [0.000000 0.000000 0.000000 0.000000 0.000000 0.000000 0.000000 0.000000 0.000000 0.000000 0.000000 0.000000 0.000000 0.000000 0.000000 0.000000 ]
clk: 697564, wr dram addr: 0xb7e6c0, 12052160, data: [0.000000 0.000000 0.000000 0.000000 0.000000 0.000000 0.000000 0.000000 0.000000 0.000000 0.000000 0.000000 0.000000 0.000000 0.000000 0.000000 ]
clk: 697565, wr dram addr: 0xb7e700, 12052224, data: [0.000000 0.000000 0.000000 0.000000 0.000000 0.000000 0.000000 0.000000 0.000000 0.000000 0.000000 0.000000 0.000000 0.000000 0.000000 0.000000 ]
clk: 697566, wr dram addr: 0xb7e740, 12052288, data: [0.000000 0.000000 0.000000 0.000000 0.000000 0.000000 0.000000 0.000000 0.000000 0.000000 0.000000 0.000000 0.000000 0.000000 0.000000 0.000000 ]
clk: 697567, wr dram addr: 0xb7e780, 12052352, data: [0.000000 0.000000 0.000000 0.000000 0.000000 0.000000 0.000000 0.000000 0.000000 0.000000 0.000000 0.000000 0.000000 0.000000 0.000000 0.000000 ]
clk: 697568, wr dram addr: 0xb7e7c0, 12052416, data: [0.000000 0.000000 0.000000 0.000000 0.000000 0.000000 0.000000 0.000000 0.000000 0.000000 0.000000 0.000000 0.000000 0.000000 0.000000 0.000000 ]
clk: 697569, wr dram addr: 0xb7e800, 12052480, data: [0.000000 0.000000 0.000000 0.000000 0.000000 0.000000 0.000000 0.000000 0.000000 0.000000 0.000000 0.000000 0.000000 0.000000 0.000000 0.000000 ]
clk: 697570, wr dram addr: 0xb7e840, 12052544, data: [0.000000 0.000000 0.000000 0.000000 0.000000 0.000000 0.000000 0.000000 0.000000 0.000000 0.000000 0.000000 0.000000 0.000000 0.000000 0.000000 ]
clk: 697571, wr dram addr: 0xb7e880, 12052608, data: [0.000000 0.000000 0.000000 0.000000 0.000000 0.000000 0.000000 0.000000 0.000000 0.000000 0.000000 0.000000 0.000000 0.000000 0.000000 0.000000 ]
clk: 697572, wr dram addr: 0xb7e8c0, 12052672, data: [0.000000 0.000000 0.000000 0.000000 0.000000 0.000000 0.000000 0.000000 0.000000 0.000000 0.000000 0.000000 0.000000 0.000000 0.000000 0.000000 ]
clk: 697573, wr dram addr: 0xb7e900, 12052736, data: [0.000000 0.000000 0.000000 0.000000 0.000000 0.000000 0.000000 0.000000 0.000000 0.000000 0.000000 0.000000 0.000000 0.000000 0.000000 0.000000 ]
clk: 697574, wr dram addr: 0xb7e940, 12052800, data: [0.000000 0.000000 0.000000 0.000000 0.000000 0.000000 0.000000 0.000000 0.000000 0.000000 0.000000 0.000000 0.000000 0.000000 0.000000 0.000000 ]
clk: 697575, wr dram addr: 0xb7e980, 12052864, data: [0.000000 0.000000 0.000000 0.000000 0.000000 0.000000 0.000000 0.000000 0.000000 0.000000 0.000000 0.000000 0.000000 0.000000 0.000000 0.000000 ]
clk: 697576, wr dram addr: 0xb7e9c0, 12052928, data: [0.000000 0.000000 0.000000 0.000000 0.000000 0.000000 0.000000 0.000000 0.000000 0.000000 0.000000 0.000000 0.000000 0.000000 0.000000 0.000000 ]
clk: 697577, wr dram addr: 0xb7ea00, 12052992, data: [0.000000 0.000000 0.000000 0.000000 0.000000 0.000000 0.000000 0.000000 0.000000 0.000000 0.000000 0.000000 0.000000 0.000000 0.000000 0.000000 ]
clk: 697578, wr dram addr: 0xb7ea40, 12053056, data: [0.000000 0.000000 0.000000 0.000000 0.000000 0.000000 0.000000 0.000000 0.000000 0.000000 0.000000 0.000000 0.000000 0.000000 0.000000 0.000000 ]
clk: 697579, wr dram addr: 0xb7ea80, 12053120, data: [0.000000 0.000000 0.000000 0.000000 0.000000 0.000000 0.000000 0.000000 0.000000 0.000000 0.000000 0.000000 0.000000 0.000000 0.000000 0.000000 ]
clk: 697580, wr dram addr: 0xb7eac0, 12053184, data: [0.000000 0.000000 0.000000 0.000000 0.000000 0.000000 0.000000 0.000000 0.000000 0.000000 0.000000 0.000000 0.000000 0.000000 0.000000 0.000000 ]
clk: 697581, wr dram addr: 0xb7eb00, 12053248, data: [0.000000 0.000000 0.000000 0.000000 0.000000 0.000000 0.000000 0.000000 0.000000 0.000000 0.000000 0.000000 0.000000 0.000000 0.000000 0.000000 ]
clk: 697582, wr dram addr: 0xb7eb40, 12053312, data: [0.000000 0.000000 0.000000 0.000000 0.000000 0.000000 0.000000 0.000000 0.000000 0.000000 0.000000 0.000000 0.000000 0.000000 0.000000 0.000000 ]
clk: 697583, wr dram addr: 0xb7eb80, 12053376, data: [0.000000 0.000000 0.000000 0.000000 0.000000 0.000000 0.000000 0.000000 0.000000 0.000000 0.000000 0.000000 0.000000 0.000000 0.000000 0.000000 ]
clk: 697584, wr dram addr: 0xb7ebc0, 12053440, data: [0.000000 0.000000 0.000000 0.000000 0.000000 0.000000 0.000000 0.000000 0.000000 0.000000 0.000000 0.000000 0.000000 0.000000 0.000000 0.000000 ]
clk: 697585, wr dram addr: 0xb7ec00, 12053504, data: [0.000000 0.000000 0.000000 0.000000 0.000000 0.000000 0.000000 0.000000 0.000000 0.000000 0.000000 0.000000 0.000000 0.000000 0.000000 0.000000 ]
clk: 697586, wr dram addr: 0xb7ec40, 12053568, data: [0.000000 0.000000 0.000000 0.000000 0.000000 0.000000 0.000000 0.000000 0.000000 0.000000 0.000000 0.000000 0.000000 0.000000 0.000000 0.000000 ]
clk: 697587, wr dram addr: 0xb7ec80, 12053632, data: [0.000000 0.000000 0.000000 0.000000 0.000000 0.000000 0.000000 0.000000 0.000000 0.000000 0.000000 0.000000 0.000000 0.000000 0.000000 0.000000 ]
clk: 697588, wr dram addr: 0xb7ecc0, 12053696, data: [0.000000 0.000000 0.000000 0.000000 0.000000 0.000000 0.000000 0.000000 0.000000 0.000000 0.000000 0.000000 0.000000 0.000000 0.000000 0.000000 ]
clk: 697589, wr dram addr: 0xb7ed00, 12053760, data: [0.000000 0.000000 0.000000 0.000000 0.000000 0.000000 0.000000 0.000000 0.000000 0.000000 0.000000 0.000000 0.000000 0.000000 0.000000 0.000000 ]
clk: 697590, wr dram addr: 0xb7ed40, 12053824, data: [0.000000 0.000000 0.000000 0.000000 0.000000 0.000000 0.000000 0.000000 0.000000 0.000000 0.000000 0.000000 0.000000 0.000000 0.000000 0.000000 ]
clk: 697591, wr dram addr: 0xb7ed80, 12053888, data: [0.000000 0.000000 0.000000 0.000000 0.000000 0.000000 0.000000 0.000000 0.000000 0.000000 0.000000 0.000000 0.000000 0.000000 0.000000 0.000000 ]
clk: 697592, wr dram addr: 0xb7edc0, 12053952, data: [0.000000 0.000000 0.000000 0.000000 0.000000 0.000000 0.000000 0.000000 0.000000 0.000000 0.000000 0.000000 0.000000 0.000000 0.000000 0.000000 ]
clk: 697593, wr dram addr: 0xb7ee00, 12054016, data: [0.000000 0.000000 0.000000 0.000000 0.000000 0.000000 0.000000 0.000000 0.000000 0.000000 0.000000 0.000000 0.000000 0.000000 0.000000 0.000000 ]
clk: 697594, wr dram addr: 0xb7ee40, 12054080, data: [0.000000 0.000000 0.000000 0.000000 0.000000 0.000000 0.000000 0.000000 0.000000 0.000000 0.000000 0.000000 0.000000 0.000000 0.000000 0.000000 ]
clk: 697595, wr dram addr: 0xb7ee80, 12054144, data: [0.000000 0.000000 0.000000 0.000000 0.000000 0.000000 0.000000 0.000000 0.000000 0.000000 0.000000 0.000000 0.000000 0.000000 0.000000 0.000000 ]
clk: 697596, wr dram addr: 0xb7eec0, 12054208, data: [0.000000 0.000000 0.000000 0.000000 0.000000 0.000000 0.000000 0.000000 0.000000 0.000000 0.000000 0.000000 0.000000 0.000000 0.000000 0.000000 ]
clk: 697597, wr dram addr: 0xb7ef00, 12054272, data: [0.000000 0.000000 0.000000 0.000000 0.000000 0.000000 0.000000 0.000000 0.000000 0.000000 0.000000 0.000000 - - - - ]
clk: 697603, swap spm, wr done
clk: 697604, swap spm controller ALL done
clk: 697606, dma_exer COMPLETE
clk: 697608, issue_top: send scalar instruction, exer_id=13, func=6, rd=0, rs1=0, rs2=0, imm: 0
clk: 697610, dma exer, dma barrier
clk: 697611, dma_exer COMPLETE
[ASE_dev]: trigger ase event: 8
[ASE_dev]: SOC KERNEL DONE!
[Simulator]: copy data from lpddr to CPU ...
[AAS_dev]: DMA data from lpddr to cpu, src ptr: 0x800000, dst ptr: 0x1dca6800, len:64
[AAS_dev]: wait for AAS_SOC_DMA_DONE
[ASE_dev]: trigger ase event: 8
[SIMULATOR]: DMA src ptr h: 0x0, ptr l: 0x800000, src ptr: 0x800000
[SIMULATOR]: DMA dst ptr h: 0x7fc3, ptr l: 0x1dca6800, dst ptr: 0x7fc31dca6800
[SIMULATOR]: DMA len: 64
[SIMULATOR]: adaptor select LPDDR pass
[SIMULATOR]: CPU DMA will use 1 clks via 64GB/s
[ASE_dev]: trigger ase event: 2
[ASE_dev]: dma done!
[AAS_dev]: wait for AAS_SOC_DONE
[ASE]: stop core...
[ASE_dev]: exit simulation, sim_done:1
[ASE]: simulation done, wait another request ...
[ASE_dev]: trigger ase event: 1
[ASE]: simulator exit
[ASE_dev]: SOC done!
[Simulator]: LPDDR to CPU done, check result
CF summary:
CF passed on dataset ../data/CF/web-Google/, cpu cf: 4905575, soc cf: 4905575
CF cnt: 4905575, traversed CF cnt: 12340816
total cycles: 696651
CF performance: 17.714489 GTSPS
GTSPS/W: 0.761208
