argc: 5
argv[0]: ./test_simulator_testsuit
argv[1]: -A
argv[2]: CF
argv[3]: -D
argv[4]: ../data/CF/wiki-Vote/
V_RW_SPM: total has 6 phy SPM, total addr width 25 bits, each phy spm addr width 22 bits
V_SPM_SINGLE, contains simd 64 blocks, each addr width: 16
V_SPM_SINGLE, contains simd 64 blocks, each addr width: 16
V_SPM_SINGLE, contains simd 64 blocks, each addr width: 16
V_SPM_SINGLE, contains simd 64 blocks, each addr width: 16
V_SPM_SINGLE, contains simd 64 blocks, each addr width: 16
V_SPM_SINGLE, contains simd 64 blocks, each addr width: 16
[ASE]: mapped dsm ptr:0x7f8b73021000, succeeded!
[ASE]: start simulatoin loop, max cycles per turn: 1410065408
csr edge num: 103690
clk: 0, flush_stage=0, scheduler_in_v_task=0, scheduler_send_e_task=0, M09_write_to_spm=0, M09_write_to_id_fifo=0, M09_write_to_data_fifo=0, M09_alu_in_num=0, M09_alu_out_num=0, M09_update_dst_read_single_get_task_num=0, M09_update_dst_read_single_send_task_num=0, M09_update_dst_read_single_read_spm_num=0, M09_update_dst_read_single_get_spm_data_num=0
clk: 0, M08_combiner_rv_ct=0, M08_combiner_send_ct=0
0
m02_full: 0 0 0 0 0 0 0 0 0 0 0 0 0 0 0 0 0 0 0 0 0 0 0 0 0 0 0 0 0 0 0 0 0 0 0 0 0 0 0 0 0 0 0 0 0 0 0 0 0 0 0 0 0 0 0 0 0 0 0 0 0 0 0 0
m03_v_full: 0 0 0 0 0 0 0 0 0 0 0 0 0 0 0 0 0 0 0 0 0 0 0 0 0 0 0 0 0 0 0 0 0 0 0 0 0 0 0 0 0 0 0 0 0 0 0 0 0 0 0 0 0 0 0 0 0 0 0 0 0 0 0 0
m03_e_full: 0 0 0 0 0 0 0 0 0 0 0 0 0 0 0 0 0 0 0 0 0 0 0 0 0 0 0 0 0 0 0 0 0 0 0 0 0 0 0 0 0 0 0 0 0 0 0 0 0 0 0 0 0 0 0 0 0 0 0 0 0 0 0 0
m04_full: 0 0 0 0 0 0 0 0 0 0 0 0 0 0 0 0 0 0 0 0 0 0 0 0 0 0 0 0 0 0 0 0 0 0 0 0 0 0 0 0 0 0 0 0 0 0 0 0 0 0 0 0 0 0 0 0 0 0 0 0 0 0 0 0
m05_full: 0 0 0 0 0 0 0 0 0 0 0 0 0 0 0 0 0 0 0 0 0 0 0 0 0 0 0 0 0 0 0 0 0 0 0 0 0 0 0 0 0 0 0 0 0 0 0 0 0 0 0 0 0 0 0 0 0 0 0 0 0 0 0 0
m06_full: 0 0 0 0 0 0 0 0 0 0 0 0 0 0 0 0 0 0 0 0 0 0 0 0 0 0 0 0 0 0 0 0 0 0 0 0 0 0 0 0 0 0 0 0 0 0 0 0 0 0 0 0 0 0 0 0 0 0 0 0 0 0 0 0
m07_full: 0 0 0 0 0 0 0 0 0 0 0 0 0 0 0 0 0 0 0 0 0 0 0 0 0 0 0 0 0 0 0 0 0 0 0 0 0 0 0 0 0 0 0 0 0 0 0 0 0 0 0 0 0 0 0 0 0 0 0 0 0 0 0 0
m08_full: 0 0 0 0 0 0 0 0 0 0 0 0 0 0 0 0 0 0 0 0 0 0 0 0 0 0 0 0 0 0 0 0 0 0 0 0 0 0 0 0 0 0 0 0 0 0 0 0 0 0 0 0 0 0 0 0 0 0 0 0 0 0 0 0
m09_full: 0 0 0 0 0 0 0 0 0 0 0 0 0 0 0 0 0 0 0 0 0 0 0 0 0 0 0 0 0 0 0 0 0 0 0 0 0 0 0 0 0 0 0 0 0 0 0 0 0 0 0 0 0 0 0 0 0 0 0 0 0 0 0 0
csr vertex num: 8298
clk: 1, rd_active_vertex: change empty, front=0, now=1
clk: 1, rd_active_vertex: change empty, front=0, now=1
CSR graph loaded
Loaded edges: 71034Ignored edges : 32656
[ASE_dev]: trigger ase event: 4
Number of Triangles: 262832
Number of Embeddings Traversed: 262832
Cycles Consumed: 197588
GTSPS: 18.2356
1 scalar
1 scalar
1 scalar
1 scalar
1 scalar
Empty line @ 17
1 scalar
1 scalar
1 scalar
Empty line @ 21
1 scalar
1 scalar
1 scalar
1 scalar
1 scalar
Empty line @ 27
1 scalar
1 scalar
1 scalar
1 scalar
1 scalar
1 scalar
1 scalar
1 scalar
1 scalar
Empty line @ 37
1 scalar
1 vector
1 scalar
1 scalar
1 scalar
1 scalar
1 scalar
1 scalar
1 scalar
1 scalar
1 scalar
1 scalar
1 vector
1 vector
1 vector
1 vector
Empty line @ 54
Empty line @ 55
1 vector
1 vector
1 vector
1 vector
1 vector
Empty line @ 61
1 scalar
1 vector
1 vector
1 vector
1 vector
1 vector
1 vector
1 vector
1 vector
1 vector
1 vector
1 scalar
1 scalar
1 scalar
1 scalar
1 scalar
1 scalar
1 vector
Empty line @ 80
1 scalar
1 scalar
1 scalar
1 scalar
1 scalar
1 scalar
1 scalar
1 scalar
1 scalar
1 scalar
1 scalar
1 scalar
1 scalar
1 scalar
1 scalar
1 scalar
1 scalar
1 scalar
1 scalar
[AAS_dev]: wait for AAS_SOC_READY
[ASE_dev]: SOC READY!
[AAS_dev]: DMA data to lpddr, src ptr: 0x7ffc10277320, dst: 0, len:256
[AAS_dev]: DMA data to lpddr, dma ptr h: 0x7ffc, ptr l: 0x10277320
[AAS_dev]: wait for AAS_SOC_DMA_DONE
[SIMULATOR]: DMA src ptr h: 0x7ffc, ptr l: 0x10277320, src ptr: 0x7ffc10277320
[SIMULATOR]: DMA dst ptr h: 0x0, ptr l: 0x0, dst ptr: 0x0
[SIMULATOR]: DMA len: 256
[SIMULATOR]: adaptor select LPDDR pass
[SIMULATOR]: CPU DMA will use 4 clks via 64GB/s
[ASE_dev]: trigger ase event: 2
[ASE_dev]: dma done!
[AAS_dev]: DMA data to lpddr, src ptr: 0x62d000000400, dst: 12582912, len:33192
[AAS_dev]: DMA data to lpddr, dma ptr h: 0x62d0, ptr l: 0x400
[AAS_dev]: wait for AAS_SOC_DMA_DONE
[SIMULATOR]: DMA src ptr h: 0x62d0, ptr l: 0x400, src ptr: 0x62d000000400
[SIMULATOR]: DMA dst ptr h: 0x0, ptr l: 0xc00000, dst ptr: 0xc00000
[SIMULATOR]: DMA len: 33192
[SIMULATOR]: adaptor select LPDDR pass
[SIMULATOR]: CPU DMA will use 519 clks via 64GB/s
[ASE_dev]: trigger ase event: 2
[ASE_dev]: dma done!
[AAS_dev]: DMA data to lpddr, src ptr: 0x62d000000404, dst: 16777216, len:33192
[AAS_dev]: DMA data to lpddr, dma ptr h: 0x62d0, ptr l: 0x404
[AAS_dev]: wait for AAS_SOC_DMA_DONE
[SIMULATOR]: DMA src ptr h: 0x62d0, ptr l: 0x404, src ptr: 0x62d000000404
[SIMULATOR]: DMA dst ptr h: 0x0, ptr l: 0x1000000, dst ptr: 0x1000000
[SIMULATOR]: DMA len: 33192
[SIMULATOR]: adaptor select LPDDR pass
[SIMULATOR]: CPU DMA will use 519 clks via 64GB/s
[ASE_dev]: trigger ase event: 2
[ASE_dev]: dma done!
[AAS_dev]: DMA data to lpddr, src ptr: 0x62d00000a400, dst: 4194304, len:33192
[AAS_dev]: DMA data to lpddr, dma ptr h: 0x62d0, ptr l: 0xa400
[AAS_dev]: wait for AAS_SOC_DMA_DONE
[SIMULATOR]: DMA src ptr h: 0x62d0, ptr l: 0xa400, src ptr: 0x62d00000a400
[SIMULATOR]: DMA dst ptr h: 0x0, ptr l: 0x400000, dst ptr: 0x400000
[SIMULATOR]: DMA len: 33192
[SIMULATOR]: adaptor select LPDDR pass
[SIMULATOR]: CPU DMA will use 519 clks via 64GB/s
[ASE_dev]: trigger ase event: 2
[ASE_dev]: dma done!
[AAS_dev]: DMA data to lpddr, src ptr: 0x62d00000a400, dst: 8388608, len:33192
[AAS_dev]: DMA data to lpddr, dma ptr h: 0x62d0, ptr l: 0xa400
[AAS_dev]: wait for AAS_SOC_DMA_DONE
[SIMULATOR]: DMA src ptr h: 0x62d0, ptr l: 0xa400, src ptr: 0x62d00000a400
[SIMULATOR]: DMA dst ptr h: 0x0, ptr l: 0x800000, dst ptr: 0x800000
[SIMULATOR]: DMA len: 33192
[SIMULATOR]: adaptor select LPDDR pass
[SIMULATOR]: CPU DMA will use 519 clks via 64GB/s
[ASE_dev]: trigger ase event: 2
[ASE_dev]: dma done!
[AAS_dev]: DMA data to lpddr, src ptr: 0x7f8b727b9800, dst: 20971520, len:414760
[AAS_dev]: DMA data to lpddr, dma ptr h: 0x7f8b, ptr l: 0x727b9800
[AAS_dev]: wait for AAS_SOC_DMA_DONE
[SIMULATOR]: DMA src ptr h: 0x7f8b, ptr l: 0x727b9800, src ptr: 0x7f8b727b9800
[SIMULATOR]: DMA dst ptr h: 0x0, ptr l: 0x1400000, dst ptr: 0x1400000
[SIMULATOR]: DMA len: 414760
[SIMULATOR]: adaptor select LPDDR pass
[SIMULATOR]: CPU DMA will use 6481 clks via 64GB/s
[ASE_dev]: trigger ase event: 2
[ASE_dev]: dma done!
[AAS_dev]: start kernel with Bin file: ../test/asm/bin/cf_dma.bin
[AAS_dev]: kernel file size:10319
[AAS_dev]: binary file contains instr: 80, total size in ints: 2560 (aka 10240 bytes)
[AAS_dev]: DMA data to instr mem, len:10240
[AAS_dev]: wait for AAS_SOC_DMA_DONE
[SIMULATOR]: DMA src ptr h: 0x6260, ptr l: 0x100, src ptr: 0x626000000100
[SIMULATOR]: DMA dst ptr h: 0x0, ptr l: 0x1400000, dst ptr: 0x1400000
[SIMULATOR]: DMA len: 10240
[SIMULATOR]: adaptor select instr pass
clk: 174, cpu dma req, src ptr: 0x626000000100, dst ptr: 0x1400000, len: 10240, cmd: 1
[ASE_dev]: trigger ase event: 2
[ASE_dev]: dma done!
[AAS_dev]: start core...
[AAS_dev]: wait for AAS_SOC_KERNEL_DONE
[ASE]: start kernel, chagne m_select from 1 to 0
clk: 336, inst_decoder_s_single: get and send scalar_inst, I-type=3, imm=4194304, func=32, rd=1, rs1=0, rs2=0, exer_id=4
clk: 337, inst_decoder_s_single: get and send scalar_inst, I-type=3, imm=8388608, func=32, rd=2, rs1=0, rs2=0, exer_id=4
clk: 338, inst_decoder_s_single: get and send scalar_inst, I-type=3, imm=12582912, func=32, rd=3, rs1=0, rs2=0, exer_id=4
clk: 338, issue_top: send scalar instruction, exer_id=4, func=32, rd=1, rs1=0, rs2=0, imm: 4194304
clk: 339, inst_decoder_s_single: get and send scalar_inst, I-type=3, imm=16777216, func=32, rd=4, rs1=0, rs2=0, exer_id=4
clk: 339, issue_top: send scalar instruction, exer_id=5, func=32, rd=2, rs1=0, rs2=0, imm: 8388608
0.000000 0.000000 0.000000 0.000000 ]
clk: 202739, wr dram addr: 0x807f00, 8421120, data: [0.000000 0.000000 0.000000 0.000000 0.000000 0.000000 0.000000 0.000000 0.000000 0.000000 0.000000 0.000000 0.000000 0.000000 0.000000 0.000000 ]
clk: 202740, wr dram addr: 0x807f40, 8421184, data: [0.000000 0.000000 0.000000 0.000000 0.000000 0.000000 0.000000 0.000000 0.000000 0.000000 0.000000 0.000000 0.000000 0.000000 0.000000 0.000000 ]
clk: 202741, wr dram addr: 0x807f80, 8421248, data: [0.000000 0.000000 0.000000 0.000000 0.000000 0.000000 0.000000 0.000000 0.000000 0.000000 0.000000 0.000000 0.000000 0.000000 0.000000 0.000000 ]
clk: 202742, wr dram addr: 0x807fc0, 8421312, data: [0.000000 0.000000 0.000000 0.000000 0.000000 0.000000 0.000000 0.000000 0.000000 0.000000 0.000000 0.000000 0.000000 0.000000 0.000000 0.000000 ]
clk: 202743, wr dram addr: 0x808000, 8421376, data: [0.000000 0.000000 0.000000 0.000000 0.000000 0.000000 0.000000 0.000000 0.000000 0.000000 0.000000 0.000000 0.000000 0.000000 0.000000 0.000000 ]
clk: 202744, wr dram addr: 0x808040, 8421440, data: [0.000000 0.000000 0.000000 0.000000 0.000000 0.000000 0.000000 0.000000 0.000000 0.000000 0.000000 0.000000 0.000000 0.000000 0.000000 0.000000 ]
clk: 202745, wr dram addr: 0x808080, 8421504, data: [0.000000 0.000000 0.000000 0.000000 0.000000 0.000000 0.000000 0.000000 0.000000 0.000000 0.000000 0.000000 0.000000 0.000000 0.000000 0.000000 ]
clk: 202746, wr dram addr: 0x8080c0, 8421568, data: [0.000000 0.000000 0.000000 0.000000 0.000000 0.000000 0.000000 0.000000 0.000000 0.000000 0.000000 0.000000 0.000000 0.000000 0.000000 0.000000 ]
clk: 202747, wr dram addr: 0x808100, 8421632, data: [0.000000 0.000000 0.000000 0.000000 0.000000 0.000000 0.000000 0.000000 0.000000 0.000000 0.000000 0.000000 0.000000 0.000000 0.000000 0.000000 ]
clk: 202748, wr dram addr: 0x808140, 8421696, data: [0.000000 0.000000 0.000000 0.000000 0.000000 0.000000 0.000000 0.000000 0.000000 0.000000 0.000000 0.000000 0.000000 0.000000 0.000000 0.000000 ]
clk: 202749, wr dram addr: 0x808180, 8421760, data: [0.000000 0.000000 0.000000 0.000000 0.000000 0.000000 0.000000 0.000000 0.000000 0.000000 - - - - - - ]
clk: 202755, swap spm, wr done
clk: 202756, swap spm controller ALL done
clk: 202758, dma_exer COMPLETE
clk: 202760, issue_top: send scalar instruction, exer_id=13, func=6, rd=0, rs1=0, rs2=0, imm: 0
clk: 202762, dma exer, dma barrier
clk: 202763, dma_exer COMPLETE
[ASE_dev]: trigger ase event: 8
[ASE_dev]: SOC KERNEL DONE!
[Simulator]: copy data from lpddr to CPU ...
[AAS_dev]: DMA data from lpddr to cpu, src ptr: 0x800000, dst ptr: 0x14400, len:64
[AAS_dev]: wait for AAS_SOC_DMA_DONE
[ASE_dev]: trigger ase event: 8
[SIMULATOR]: DMA src ptr h: 0x0, ptr l: 0x800000, src ptr: 0x800000
[SIMULATOR]: DMA dst ptr h: 0x62d0, ptr l: 0x14400, dst ptr: 0x62d000014400
[SIMULATOR]: DMA len: 64
[SIMULATOR]: adaptor select LPDDR pass
[SIMULATOR]: CPU DMA will use 1 clks via 64GB/s
[ASE_dev]: trigger ase event: 2
[ASE_dev]: dma done!
[AAS_dev]: wait for AAS_SOC_DONE
[ASE]: stop core...
[ASE_dev]: exit simulation, sim_done:1
[ASE]: simulation done, wait another request ...
[ASE_dev]: trigger ase event: 1
[ASE]: simulator exit
[ASE_dev]: SOC done!
[Simulator]: LPDDR to CPU done, check result
CF summary:
CF passed on dataset ../data/CF/wiki-Vote/, cpu cf: 262832, soc cf: 262832
CF cnt: 262832, traversed CF cnt: 3603135
total cycles: 202440
CF performance: 17.798532 GTSPS
GTSPS/W: 0.764819
