argc: 7
argv[0]: ./test_simulator_testsuit
argv[1]: -A
argv[2]: GCN
argv[3]: -D
argv[4]: ../data/GCN/rmat-16/
argv[5]: -I
argv[6]: X_10
V_RW_SPM: total has 6 phy SPM, total addr width 25 bits, each phy spm addr width 22 bits
V_SPM_SINGLE, contains simd 64 blocks, each addr width: 16
V_SPM_SINGLE, contains simd 64 blocks, each addr width: 16
V_SPM_SINGLE, contains simd 64 blocks, each addr width: 16
V_SPM_SINGLE, contains simd 64 blocks, each addr width: 16
V_SPM_SINGLE, contains simd 64 blocks, each addr width: 16
V_SPM_SINGLE, contains simd 64 blocks, each addr width: 16
[ASE]: mapped dsm ptr:0x7f0cd4deb000, succeeded!
[ASE]: start simulatoin loop, max cycles per turn: 1410065408
GCN data dir: ../data/GCN/rmat-16/, x1 file: ../data/GCN/rmat-16/X10.txt
Load Sparse Matrix from file: ../data/GCN/rmat-16/adj_coords_values.txt
clk: 0, flush_stage=0, scheduler_in_v_task=0, scheduler_send_e_task=0, M09_write_to_spm=0, M09_write_to_id_fifo=0, M09_write_to_data_fifo=0, M09_alu_in_num=0, M09_alu_out_num=0, M09_update_dst_read_single_get_task_num=0, M09_update_dst_read_single_send_task_num=0, M09_update_dst_read_single_read_spm_num=0, M09_update_dst_read_single_get_spm_data_num=0
clk: 0, M08_combiner_rv_ct=0, M08_combiner_send_ct=0
0
m02_full: 0 0 0 0 0 0 0 0 0 0 0 0 0 0 0 0 0 0 0 0 0 0 0 0 0 0 0 0 0 0 0 0 0 0 0 0 0 0 0 0 0 0 0 0 0 0 0 0 0 0 0 0 0 0 0 0 0 0 0 0 0 0 0 0
m03_v_full: 0 0 0 0 0 0 0 0 0 0 0 0 0 0 0 0 0 0 0 0 0 0 0 0 0 0 0 0 0 0 0 0 0 0 0 0 0 0 0 0 0 0 0 0 0 0 0 0 0 0 0 0 0 0 0 0 0 0 0 0 0 0 0 0
m03_e_full: 0 0 0 0 0 0 0 0 0 0 0 0 0 0 0 0 0 0 0 0 0 0 0 0 0 0 0 0 0 0 0 0 0 0 0 0 0 0 0 0 0 0 0 0 0 0 0 0 0 0 0 0 0 0 0 0 0 0 0 0 0 0 0 0
m04_full: 0 0 0 0 0 0 0 0 0 0 0 0 0 0 0 0 0 0 0 0 0 0 0 0 0 0 0 0 0 0 0 0 0 0 0 0 0 0 0 0 0 0 0 0 0 0 0 0 0 0 0 0 0 0 0 0 0 0 0 0 0 0 0 0
m05_full: 0 0 0 0 0 0 0 0 0 0 0 0 0 0 0 0 0 0 0 0 0 0 0 0 0 0 0 0 0 0 0 0 0 0 0 0 0 0 0 0 0 0 0 0 0 0 0 0 0 0 0 0 0 0 0 0 0 0 0 0 0 0 0 0
m06_full: 0 0 0 0 0 0 0 0 0 0 0 0 0 0 0 0 0 0 0 0 0 0 0 0 0 0 0 0 0 0 0 0 0 0 0 0 0 0 0 0 0 0 0 0 0 0 0 0 0 0 0 0 0 0 0 0 0 0 0 0 0 0 0 0
m07_full: 0 0 0 0 0 0 0 0 0 0 0 0 0 0 0 0 0 0 0 0 0 0 0 0 0 0 0 0 0 0 0 0 0 0 0 0 0 0 0 0 0 0 0 0 0 0 0 0 0 0 0 0 0 0 0 0 0 0 0 0 0 0 0 0
m08_full: 0 0 0 0 0 0 0 0 0 0 0 0 0 0 0 0 0 0 0 0 0 0 0 0 0 0 0 0 0 0 0 0 0 0 0 0 0 0 0 0 0 0 0 0 0 0 0 0 0 0 0 0 0 0 0 0 0 0 0 0 0 0 0 0
m09_full: 0 0 0 0 0 0 0 0 0 0 0 0 0 0 0 0 0 0 0 0 0 0 0 0 0 0 0 0 0 0 0 0 0 0 0 0 0 0 0 0 0 0 0 0 0 0 0 0 0 0 0 0 0 0 0 0 0 0 0 0 0 0 0 0
clk: 1, rd_active_vertex: change empty, front=0, now=1
clk: 1, rd_active_vertex: change empty, front=0, now=1
[ASE_dev]: trigger ase event: 4
Loaded Sparse Matrix, edges size:65536, counted v_id:65536
Sparse Matrix: CSR_MATRIX
rows: 65536, cols: 65536
v num: 65536, e num: 1114112

SparseMatrix reform from src v num: 65536 to dst v num: 65536
Load Sparse Matrix from file: ../data/GCN/rmat-16/X10.txt
Loaded Sparse Matrix, edges size:65536, counted v_id:65536
Sparse Matrix: CSR_MATRIX
rows: 65536, cols: 32
v num: 65536, e num: 196608

SparseMatrix reform from src v num: 65536 to dst v num: 32
A: rows=65536, cols=65536
X1: rows=65536, cols=32
W1: rows=32, cols=32
W2: rows=32, cols=8
SPMM res rows: 65536, cols: 32
Sparse Matrix: CSC_MATRIX
rows: 65536, cols: 32
v num: 32, e num: 196608

SPMM res rows: 65536, cols: 32
Sparse Matrix: CSC_MATRIX
rows: 65536, cols: 65536
v num: 65536, e num: 1114112

SPMM res rows: 65536, cols: 8
Sparse Matrix: CSC_MATRIX
rows: 65536, cols: 65536
v num: 65536, e num: 1114112

X2: rows=65536, cols=32
X3: rows=65536, cols=8
  -0.0679779     0.039569     0.142423    0.0556422    -0.140342   -0.0645134   -0.0294691   -0.0521445
  -0.0453452    0.0309729     0.102987    0.0411039    -0.106536   -0.0453287    -0.028024    -0.039065
  -0.0471098    0.0249981    0.0969797    0.0376519   -0.0946433   -0.0490116   -0.0236349   -0.0344533
   -0.033981    0.0124088    0.0670879    0.0297386   -0.0649303   -0.0293116   -0.0115908   -0.0254038
  -0.0465207    0.0265476    0.0960905    0.0398598   -0.0965586   -0.0371985    -0.017531   -0.0362841
  -0.0275668    0.0218228    0.0716113    0.0275144   -0.0678426   -0.0196802  -0.00690217   -0.0320963
  -0.0311651   0.00896659    0.0615447    0.0227184   -0.0654895   -0.0193913  -0.00439671   -0.0199415
  -0.0183617    0.0116638    0.0438186    0.0214124   -0.0500092   -0.0118042  -0.00958804   -0.0173272
   -0.043605    0.0274283    0.0975824    0.0386356   -0.0964772   -0.0405737   -0.0168474    -0.037408
  -0.0345215    0.0205594    0.0626668    0.0280207   -0.0688597   -0.0244026  -0.00660705    -0.024424
  -0.0247402    0.0178273    0.0713613    0.0265809   -0.0593827   -0.0223647   -0.0106973   -0.0323283
  -0.0198501    0.0132626    0.0458902    0.0178332   -0.0407969   -0.0211005  -0.00761554   -0.0181184
  -0.0315986    0.0227883    0.0626253    0.0290666   -0.0700748   -0.0293793   -0.0191748     -0.02578
  -0.0219783    0.0107984    0.0452011    0.0167306    -0.043393   -0.0139275 -0.000397845   -0.0167024
  -0.0212374    0.0141658     0.045797    0.0199467   -0.0420595   -0.0146283   -0.0082932   -0.0185471
  -0.0156374   0.00498235    0.0262148    0.0123523   -0.0311707  -0.00895115  -0.00138909  -0.00703259
  -0.0481399    0.0241628    0.0987194    0.0378165   -0.0945581   -0.0399555    -0.015695   -0.0362738
  -0.0238124    0.0192884    0.0707854     0.026896   -0.0580052   -0.0200084   -0.0132327   -0.0343339
  -0.0319001    0.0188921    0.0650411    0.0277895   -0.0649451   -0.0270134   -0.0134145   -0.0246196
  -0.0188022    0.0123937    0.0495346    0.0204905   -0.0506691   -0.0199075   -0.0165745    -0.020182
  -0.0290663    0.0217082    0.0690375    0.0284139   -0.0693315   -0.0219751  -0.00728895   -0.0298584
   -0.021637    0.0176303    0.0458057    0.0189214     -0.04524   -0.0143473  -0.00332058   -0.0210956
   -0.023002    0.0133123    0.0432941    0.0199768   -0.0421898   -0.0191045  -0.00428347   -0.0164166
 -0.00862216   0.00579653    0.0321919    0.0121758   -0.0225991   -0.0120578  -0.00940858   -0.0149373
   -0.025746   0.00806839    0.0629324    0.0264174   -0.0608407   -0.0201912 -0.000267798   -0.0231895
  -0.0249417    0.0173028    0.0368619    0.0160107   -0.0462616   -0.0173319   -0.0100305   -0.0131126
  -0.0160642    0.0160258    0.0456582    0.0196201   -0.0415314   -0.0145512  -0.00849568   -0.0222269
   -0.010645   0.00614846    0.0274714   0.00953438   -0.0229586  -0.00908716 -0.000340762   -0.0111757
  -0.0210677    0.0170097    0.0423252    0.0183845   -0.0408339     -0.01654   -0.0100268   -0.0194209
  -0.0174598    0.0151684    0.0286826    0.0135448   -0.0378401   -0.0064369   0.00076723   -0.0136974
 -0.00420242   0.00936074    0.0311374     0.011297   -0.0227786  -0.00475847  -0.00130737   -0.0177899
 -0.00834002   0.00722706     0.016931   0.00811678   -0.0173656  -0.00660238  -0.00199242  -0.00770789
   -0.048173    0.0354311    0.0988264    0.0421685     -0.10316    -0.035888   -0.0215024   -0.0418053
  -0.0277342    0.0142325     0.068701    0.0276436   -0.0624439   -0.0195023  -0.00717154   -0.0276515
clk: 2934270, wr dram addr: 0x8d19580, 147953024, data: [0.008812 0.004125 0.008278 0.000000 0.008876 0.008122 0.000892 0.000000 0.000087 0.005153 0.000000 0.000000 0.003436 0.050690 0.000000 0.003169 ]
clk: 2934271, wr dram addr: 0x8d195c0, 147953088, data: [0.002222 0.000000 0.006052 0.005130 0.000000 0.000000 0.000000 0.000000 0.000000 0.001604 0.000000 0.060727 0.008056 0.000617 0.051021 0.000000 ]
clk: 2934272, wr dram addr: 0x8d19600, 147953152, data: [0.004241 0.000000 0.011307 0.000415 0.001454 0.000000 0.000000 0.000000 0.000000 0.007456 0.000000 0.000000 0.000000 0.000225 0.012812 0.012577 ]
clk: 2934273, wr dram addr: 0x8d19640, 147953216, data: [0.001430 0.003534 0.000000 0.006740 0.000000 0.020513 0.019554 0.002523 0.000000 0.000000 0.001213 0.000000 0.003470 0.006442 0.033934 0.000000 ]
clk: 2934274, wr dram addr: 0x8d19680, 147953280, data: [0.000000 0.000000 0.000000 0.011348 0.000000 0.002678 0.010929 0.017264 0.001832 0.015275 0.000000 0.004523 0.016575 0.000000 0.020252 0.021526 ]
clk: 2934275, wr dram addr: 0x8d196c0, 147953344, data: [0.000000 0.011445 0.016470 0.000000 0.000000 0.000174 0.000000 0.001700 0.021791 0.014421 0.009044 0.000000 0.014691 0.034379 0.035435 0.000000 ]
clk: 2934276, wr dram addr: 0x8d19700, 147953408, data: [0.000000 0.000125 0.000000 0.000000 0.003428 0.000000 0.000000 0.002952 0.001443 0.008544 0.003723 0.009454 0.000000 0.025809 0.000000 0.001382 ]
clk: 2934277, wr dram addr: 0x8d19740, 147953472, data: [0.000000 0.000000 0.003298 0.006288 0.053756 0.000000 0.000000 0.000301 0.000000 0.008653 0.010741 0.000000 0.000000 0.000000 0.009179 0.010791 ]
clk: 2934278, wr dram addr: 0x8d19780, 147953536, data: [0.000000 0.000000 0.000000 0.000000 0.000000 0.000000 0.003732 0.002526 0.007533 0.038080 0.011490 0.003287 0.000000 0.000000 0.000000 0.012318 ]
clk: 2934279, wr dram addr: 0x8d197c0, 147953600, data: [0.000000 0.000000 0.005748 0.000000 0.012012 0.001523 0.000000 0.000000 0.000000 0.032302 0.074072 0.000000 0.000000 0.000000 0.000000 0.000489 ]
clk: 2934280, wr dram addr: 0x8d19800, 147953664, data: [0.011119 0.000000 0.002585 0.004006 0.000000 0.001465 0.000000 0.000000 0.000000 0.000000 0.002234 0.000000 0.006460 0.000000 0.000000 0.000000 ]
clk: 2934281, wr dram addr: 0x8d19840, 147953728, data: [0.000000 0.008339 0.000000 0.002028 0.000000 0.010939 0.006803 0.014689 0.002245 0.018771 0.000000 0.001639 0.000000 0.006613 0.000000 0.000000 ]
clk: 2934282, wr dram addr: 0x8d19880, 147953792, data: [0.003540 0.015237 0.000000 0.004329 0.000000 0.000000 0.000000 0.000000 0.000792 0.035359 0.000000 0.000000 0.000000 0.000000 0.000000 0.005955 ]
clk: 2934283, wr dram addr: 0x8d198c0, 147953856, data: [0.000000 0.006973 0.000000 0.000000 0.005217 0.000000 0.004035 0.010340 0.000000 0.014514 0.011941 0.000000 0.000000 0.000000 0.000000 0.003215 ]
clk: 2934284, wr dram addr: 0x8d19900, 147953920, data: [0.002795 0.005954 0.002321 0.000000 0.003642 0.004624 0.016155 0.004678 0.000000 0.000000 0.022885 0.000000 0.000000 0.002186 0.004328 0.000000 ]
clk: 2934285, wr dram addr: 0x8d19940, 147953984, data: [0.000000 0.000000 0.000000 0.000000 0.009207 0.000000 0.002987 0.006888 0.004132 0.000000 0.007631 0.006285 0.007569 0.000000 0.032989 0.011245 ]
clk: 2934286, wr dram addr: 0x8d19980, 147954048, data: [0.000000 0.000000 0.000000 0.000000 0.000000 0.000000 0.000000 0.000000 0.000000 0.000614 0.021138 0.000000 0.000000 0.000000 0.002797 0.002379 ]
lk: 2934288, wr dram addr: 0x8d19a00, 147954176, data: [0.003444 0.000000 0.000671 0.001974 0.000000 0.000542 0.000000 0.015810 0.000284 0.000000 0.000000 0.002969 0.007558 0.011383 0.000000 0.006356 ]
clk: 2934289, wr dram addr: 0x8d19a40, 147954240, data: [0.000000 0.005568 0.000000 0.000000 0.000000 0.009371 0.003326 0.000361 0.027405 0.000000 0.000405 0.000000 0.020285 0.000000 0.000000 0.008800 ]
clk: 2934290, wr dram addr: 0x8d19a80, 147954304, data: [0.004399 0.005478 0.000000 0.000000 0.000000 0.009952 0.000000 0.006360 0.001526 0.015879 0.000000 0.000000 0.024668 0.000404 0.004893 0.000000 ]
clk: 2934291, wr dram addr: 0x8d19ac0, 147954368, data: [0.004809 0.012564 0.005579 0.000000 0.000000 0.000000 0.000000 0.000461 0.000000 0.000000 0.000319 0.024966 0.000000 0.078261 0.000089 0.007795 ]
clk: 2934292, wr dram addr: 0x8d19b00, 147954432, data: [0.000000 0.004629 0.000000 0.005057 0.000000 0.000000 0.000000 0.001403 0.000000 0.003077 0.000000 0.004654 0.000000 0.040272 0.000000 0.000000 ]
clk: 2934293, wr dram addr: 0x8d19b40, 147954496, data: [0.000000 0.014333 0.000000 0.007194 0.002931 0.000000 0.005326 0.012645 0.001069 0.066008 0.021269 0.000000 0.000000 0.027552 0.000000 0.000000 ]
clk: 2934294, wr dram addr: 0x8d19b80, 147954560, data: [0.005418 0.003294 0.000000 0.015449 0.000233 0.004150 0.000000 0.000000 0.002003 0.006366 0.000000 0.000000 0.000000 0.000000 0.033246 0.000000 ]
clk: 2934295, wr dram addr: 0x8d19bc0, 147954624, data: [0.000000 0.000516 0.009104 0.008712 0.003389 0.030628 0.000000 0.004487 0.000000 0.012729 0.008129 0.015504 0.000000 0.018021 0.004055 0.000000 ]
clk: 2934296, wr dram addr: 0x8d19c00, 147954688, data: [0.000000 0.007540 0.000000 0.016471 0.004327 0.000000 0.000363 0.000000 0.000000 0.009660 0.000000 0.008777 0.008189 0.000000 0.000000 0.002615 ]
clk: 2934297, wr dram addr: 0x8d19c40, 147954752, data: [0.000000 0.009150 0.000000 0.000000 0.010583 0.000000 0.000000 0.018091 0.000000 0.032963 0.020627 0.008777 0.004020 0.016515 0.016631 0.001720 ]
clk: 2934298, wr dram addr: 0x8d19c80, 147954816, data: [0.000000 0.000000 0.000000 0.000000 0.001977 0.000000 0.057929 0.001815 0.014558 0.004668 0.000000 0.000000 0.000000 0.000000 0.000000 0.000000 ]
clk: 2934299, wr dram addr: 0x8d19cc0, 147954880, data: [0.000347 0.007170 0.016904 0.000000 0.000000 0.000000 0.000000 0.000000 0.008288 0.006694 0.002976 0.000000 0.000000 0.000780 0.029277 0.022170 ]
clk: 2934300, wr dram addr: 0x8d19d00, 147954944, data: [0.007506 0.000000 0.000000 0.000000 0.024899 0.000000 0.000412 0.030289 0.000000 0.000000 0.019541 0.005354 0.000000 0.005935 0.009863 0.009523 ]
clk: 2934301, wr dram addr: 0x8d19d40, 147955008, data: [0.004825 0.014430 0.055793 0.000000 0.018295 0.000000 0.031042 0.012764 0.000000 0.000000 0.028227 0.004572 0.000000 0.009202 0.047059 0.002041 ]
clk: 2934302, wr dram addr: 0x8d19d80, 147955072, data: [0.000000 0.002275 0.000000 0.004814 0.000000 0.038020 0.058829 0.001817 0.000967 0.018961 0.000000 0.000000 0.020563 0.000000 0.000000 0.000000 ]
clk: 2934303, wr dram addr: 0x8d19dc0, 147955136, data: [0.001304 0.000000 0.026309 0.000000 0.002109 0.000000 0.000000 0.000000 0.058193 0.000000 0.000000 0.029030 0.000000 0.000000 0.019478 0.000000 ]
clk: 2934304, wr dram addr: 0x8d19e00, 147955200, data: [0.000000 0.000000 0.000000 0.000000 0.000000 0.006892 0.029919 0.017337 0.000000 0.000000 0.026922 0.002823 0.000000 0.000000 0.000000 0.000000 ]
clk: 2934305, wr dram addr: 0x8d19e40, 147955264, data: [0.013691 0.012557 0.000000 0.000000 0.014470 0.000000 0.000000 0.009422 0.000000 0.000000 0.000000 0.007847 0.004925 0.000000 0.013298 0.001599 ]
clk: 2934306, wr dram addr: 0x8d19e80, 147955328, data: [0.014497 0.000123 0.021578 0.009962 0.043337 0.005100 0.000000 0.000000 0.000000 0.000000 0.000000 0.000000 0.015027 0.000000 0.053423 0.002133 ]
clk: 2934307, wr dram addr: 0x8d19ec0, 147955392, data: [0.013058 0.013263 0.000000 0.003400 0.015568 0.000000 0.000000 0.014658 0.000000 0.015172 0.000000 0.000000 0.000000 0.000000 0.000000 0.000000 ]
clk: 2934308, wr dram addr: 0x8d19f00, 147955456, data: [0.005785 0.000000 0.000000 0.024828 0.005236 0.016500 0.000000 0.001607 0.013819 0.000000 0.000000 0.000000 0.000000 0.076210 0.017735 0.005599 ]
clk: 2934309, wr dram addr: 0x8d19f40, 147955520, data: [0.000000 0.005425 0.000000 0.012566 0.000000 0.015392 0.010892 0.000000 0.000000 0.000000 0.017915 0.012951 0.034923 0.000000 0.000000 0.001063 ]
clk: 2934310, wr dram addr: 0x8d19f80, 147955584, data: [0.000000 0.014947 0.012360 0.017766 0.000000 0.041264 0.055295 0.031692 0.000000 0.018935 0.000000 0.007481 0.000472 0.000000 0.000000 0.011986 ]
clk: 2934311, wr dram addr: 0x8d19fc0, 147955648, data: [0.000000 0.000000 0.000000 0.007981 0.000000 0.000000 0.010579 0.000294 0.032936 0.009277 0.000000 0.000000 0.000000 0.000000 0.008963 0.004452 ]
clk: 2934312, wr dram addr: 0x8d1a000, 147955712, data: [0.003968 0.006083 0.005897 0.003982 0.001795 0.011743 0.002487 0.000000 0.005145 0.004437 0.000000 0.000000 0.000000 0.000000 0.005685 0.009500 ]
clk: 2934313, wr dram addr: 0x8d1a040, 147955776, data: [0.005602 0.007052 0.000000 0.000000 0.007002 0.000000 0.007319 0.000000 0.000000 0.003051 0.000000 0.002728 0.000000 0.000000 0.000000 0.000000 ]
clk: 2934314, wr dram addr: 0x8d1a080, 147955840, data: [0.000000 0.001767 0.009161 0.000000 0.004163 0.009898 0.001830 0.003169 0.002100 0.002001 0.002600 0.005235 0.003314 0.000000 0.000000 0.011070 ]
clk: 2934315, wr dram addr: 0x8d1a0c0, 147955904, data: [0.000165 0.000000 0.000000 0.000000 0.000000 0.000000 0.001798 0.000000 0.006663 0.000000 0.015894 0.001729 0.000000 0.000000 0.000000 0.012142 ]
clk: 2934316, wr dram addr: 0x8d1a100, 147955968, data: [0.001781 0.000000 0.001451 0.002230 0.001103 0.003309 0.000000 0.000000 0.005859 0.002526 0.000000 0.000000 0.000000 0.012504 0.001356 0.007143 ]
clk: 2934317, wr dram addr: 0x8d1a140, 147956032, data: [0.007427 0.000000 0.000000 0.000000 0.002651 0.000000 0.000000 0.000000 0.000000 0.000000 0.006020 0.001249 0.000000 0.000877 0.000000 0.000000 ]
clk: 2934318, wr dram addr: 0x8d1a180, 147956096, data: [0.003487 0.015427 0.005675 0.000000 0.002430 0.000000 0.002859 0.000000 0.002794 0.000000 0.000000 0.008637 0.000000 0.017140 0.000000 0.000000 ]
clk: 2934319, wr dram addr: 0x8d1a1c0, 147956160, data: [0.010151 0.003521 0.000000 0.003591 0.000000 0.000000 0.000000 0.002335 0.006653 0.003978 0.000000 0.001483 0.013180 0.005752 0.048537 0.000000 ]
clk: 2934320, wr dram addr: 0x8d1a200, 147956224, data: [0.000000 0.002024 0.000156 0.000600 0.007738 0.013896 0.000000 0.005605 0.000000 0.000000 0.000000 0.003851 0.000000 0.000000 0.021517 0.000000 ]
clk: 2934321, wr dram addr: 0x8d1a240, 147956288, data: [0.000000 0.000000 0.000983 0.008009 0.000600 0.006436 0.000000 0.006674 0.002200 0.005605 0.000000 0.000000 0.006091 0.003813 0.006396 0.003763 ]
clk: 2934322, wr dram addr: 0x8d1a280, 147956352, data: [0.003612 0.000000 0.000000 0.000063 0.001246 0.000000 0.006080 0.006363 0.004562 0.018673 0.000000 0.000000 0.018581 0.000000 0.002495 0.006325 ]
clk: 2934323, wr dram addr: 0x8d1a2c0, 147956416, data: [0.000000 0.000000 0.000000 0.005144 0.004196 0.000000 0.000000 0.001317 0.000000 0.004875 0.000000 0.008801 0.000000 0.003838 0.022328 0.014804 ]
clk: 2934324, wr dram addr: 0x8d1a300, 147956480, data: [0.006670 0.000000 0.000000 0.000000 0.000000 0.000000 0.001898 0.005714 0.003518 0.000000 0.012517 0.002827 0.000000 0.002681 0.000000 0.003666 ]
clk: 2934325, wr dram addr: 0x8d1a340, 147956544, data: [0.000000 0.004602 0.000000 0.011180 0.005991 0.000000 0.012730 0.003334 0.000000 0.000000 0.016169 0.000000 0.000133 0.018243 0.015629 0.002315 ]
clk: 2934326, wr dram addr: 0x8d1a380, 147956608, data: [0.003550 0.000000 0.000000 0.015570 0.000000 0.001277 0.000000 0.003067 0.007346 0.000000 0.008640 0.000000 0.003499 0.002084 0.000000 0.000352 ]
clk: 2934327, wr dram addr: 0x8d1a3c0, 147956672, data: [0.006174 0.000000 0.000000 0.000760 0.000000 0.000000 0.001625 0.000000 0.021897 0.000000 0.000000 0.000000 0.000000 0.000000 0.088258 0.005116 ]
clk: 2934328, wr dram addr: 0x8d1a400, 147956736, data: [0.000000 0.000000 0.000000 0.000000 0.000000 0.000000 0.000672 0.000000 0.006811 0.011554 0.000000 0.000588 0.000760 0.003177 0.000000 0.000000 ]
clk: 2934329, wr dram addr: 0x8d1a440, 147956800, data: [0.003938 0.000753 0.000000 0.003957 0.000000 0.000000 0.011121 0.004638 0.000000 0.002761 0.010784 0.000000 0.000000 0.021596 0.000000 0.007725 ]
clk: 2934330, wr dram addr: 0x8d1a480, 147956864, data: [0.005825 0.005347 0.000000 0.023918 0.000000 0.000000 0.016654 0.000744 0.000000 0.003751 0.000000 0.012987 0.000000 0.002109 0.019187 0.000000 ]
clk: 2934331, wr dram addr: 0x8d1a4c0, 147956928, data: [0.009706 0.005989 0.005115 0.015704 0.000000 0.010869 0.000000 0.009624 0.004090 0.000000 0.000000 0.000000 0.002540 0.010160 0.001058 0.004849 ]
clk: 2934332, wr dram addr: 0x8d1a500, 147956992, data: [0.004858 0.006705 0.002503 0.000000 0.012038 0.000000 0.017604 0.006465 0.000000 0.000000 0.001424 0.006220 0.001046 0.016525 0.000933 0.001258 ]
clk: 2934333, wr dram addr: 0x8d1a540, 147957056, data: [0.002158 0.000000 0.000000 0.000000 0.004581 0.013936 0.000000 0.004250 0.002050 0.000000 0.038040 0.000000 0.000000 0.012198 0.000000 0.001304 ]
clk: 2934334, wr dram addr: 0x8d1a580, 147957120, data: [0.006820 0.000000 0.006183 0.000000 0.000000 0.000732 0.005665 0.001880 0.004910 0.000000 0.017691 0.000000 0.000000 0.012367 0.000000 0.000000 ]
clk: 2934335, wr dram addr: 0x8d1a5c0, 147957184, data: [0.000000 0.000000 0.000000 0.002363 0.005430 0.000000 0.007568 0.000000 0.005111 0.000000 0.000000 0.004270 0.000000 0.017859 0.000000 0.005813 ]
clk: 2934336, wr dram addr: 0x8d1a600, 147957248, data: [0.000000 0.009830 0.010600 0.008051 0.000000 0.000000 0.002112 0.000000 0.008497 0.019742 0.000000 0.000000 0.000000 0.000000 0.000000 0.000000 ]
clk: 2934337, wr dram addr: 0x8d1a640, 147957312, data: [0.000346 0.000000 0.000000 0.000000 0.000000 0.001235 0.000000 0.000305 0.000000 0.009564 0.006930 0.000000 0.017968 0.000000 0.000000 0.000000 ]
clk: 2934338, wr dram addr: 0x8d1a680, 147957376, data: [0.000000 0.000000 0.000000 0.007225 0.000000 0.004685 0.001790 0.013441 0.011960 0.016013 0.000000 0.000000 0.000773 0.014808 0.004313 0.000000 ]
clk: 2934339, wr dram addr: 0x8d1a6c0, 147957440, data: [0.000000 0.004239 0.022508 0.000000 0.000000 0.014337 0.029319 0.000000 0.000000 0.000000 0.033869 0.014787 0.000000 0.016805 0.036100 0.000375 ]
clk: 2934340, wr dram addr: 0x8d1a700, 147957504, data: [0.000000 0.002758 0.000000 0.000000 0.000000 0.000000 0.000000 0.000716 0.000000 0.013753 0.009877 0.000000 0.000000 0.000000 0.000000 0.005132 ]
clk: 2934341, wr dram addr: 0x8d1a740, 147957568, data: [0.000629 0.003837 0.000000 0.000000 0.049650 0.015445 0.000000 0.000000 0.019320 0.000227 0.003552 0.000000 0.000000 0.005507 0.000000 0.000000 ]
clk: 2934342, wr dram addr: 0x8d1a780, 147957632, data: [0.000691 0.007436 0.010680 0.000000 0.002704 0.018030 0.000000 0.000000 0.003556 0.000000 0.000000 0.000000 0.002797 0.000000 0.002725 0.012470 ]
clk: 2934343, wr dram addr: 0x8d1a7c0, 147957696, data: [0.011627 0.000000 0.011197 0.003280 0.011873 0.000000 0.087181 0.000000 0.000000 0.000000 0.000000 0.000000 0.017926 0.000000 0.040752 0.000000 ]
clk: 2934344, wr dram addr: 0x8d1a800, 147957760, data: [0.001427 0.009677 0.003352 0.016558 0.010910 0.014218 0.007322 0.000329 0.002230 0.000000 0.000000 0.003386 0.000000 0.000000 0.001272 0.000602 ]
clk: 2934345, wr dram addr: 0x8d1a840, 147957824, data: [0.000000 0.002408 0.000000 0.000000 0.000000 0.000000 0.000000 0.009090 0.004683 0.010217 0.009860 0.003851 0.006726 0.000000 0.005147 0.003730 ]
clk: 2934346, wr dram addr: 0x8d1a880, 147957888, data: [0.000000 0.000000 0.001074 0.001335 0.000000 0.002646 0.000000 0.003346 0.000000 0.000000 0.000000 0.000000 0.000000 0.000251 0.008695 0.003237 ]
clk: 2934347, wr dram addr: 0x8d1a8c0, 147957952, data: [0.004174 0.000000 0.000000 0.008010 0.000000 0.010857 0.000000 0.004000 0.000000 0.018877 0.000000 0.002657 0.000000 0.024956 0.000000 0.000000 ]
clk: 2934348, wr dram addr: 0x8d1a900, 147958016, data: [0.000800 0.001897 0.000000 0.000000 0.007462 0.000000 0.000000 0.002877 0.008061 0.012204 0.000000 0.000000 0.006260 0.000000 0.000000 0.000000 ]
clk: 2934349, wr dram addr: 0x8d1a940, 147958080, data: [0.011673 0.000000 0.000000 0.000000 0.000000 0.017466 0.000000 0.002960 0.000000 0.013717 0.000000 0.006173 0.000000 0.022678 0.013432 0.007138 ]
clk: 2934350, wr dram addr: 0x8d1a980, 147958144, data: [0.000000 0.000000 0.000000 0.000762 0.006513 0.000000 0.009206 0.000434 0.000000 0.006380 0.000000 0.000000 0.000000 0.005243 0.000000 0.002432 ]
clk: 2934351, wr dram addr: 0x8d1a9c0, 147958208, data: [0.009346 0.007863 0.019170 0.000000 0.028202 0.000000 0.004806 0.000000 0.000000 0.000000 0.002341 0.000356 0.000000 0.000000 0.007261 0.007253 ]
clk: 2934352, wr dram addr: 0x8d1aa00, 147958272, data: [0.004528 0.002086 0.000000 0.000000 0.001167 0.017641 0.000000 0.000000 0.000000 0.001047 0.000000 0.000000 0.000000 0.028382 0.002257 0.000000 ]
clk: 2934353, wr dram addr: 0x8d1aa40, 147958336, data: [0.002213 0.011172 0.000000 0.000000 0.003032 0.008339 0.005822 0.011445 0.000000 0.004081 0.000000 0.006273 0.000774 0.030291 0.000000 0.011861 ]
clk: 2934354, wr dram addr: 0x8d1aa80, 147958400, data: [0.000000 0.000000 0.007556 0.006746 0.004868 0.019844 0.000000 0.000000 0.014206 0.010136 0.021443 0.002304 0.000000 0.000000 0.020925 0.003693 ]
clk: 2934355, wr dram addr: 0x8d1aac0, 147958464, data: [0.000000 0.005307 0.005436 0.018722 0.023475 0.000000 0.014591 0.003389 0.013785 0.000000 0.022519 0.000000 0.000000 0.000000 0.030133 0.002289 ]
clk: 2934356, wr dram addr: 0x8d1ab00, 147958528, data: [0.008857 0.010126 0.010587 0.006048 0.002964 0.000000 0.000000 0.000439 0.006322 0.001972 0.007151 0.000000 0.000000 0.027061 0.000000 0.001436 ]
clk: 2934357, wr dram addr: 0x8d1ab40, 147958592, data: [0.000000 0.005053 0.006612 0.000000 0.000000 0.019419 0.000000 0.000000 0.021833 0.000000 0.000000 0.000000 0.021208 0.000000 0.000000 0.013917 ]
clk: 2934358, wr dram addr: 0x8d1ab80, 147958656, data: [0.000000 0.000000 0.000000 0.000179 0.020654 0.000000 0.014447 0.000000 0.000000 0.000000 0.003981 0.002698 0.002103 0.013263 0.000000 0.000000 ]
clk: 2934359, wr dram addr: 0x8d1abc0, 147958720, data: [0.005298 0.000000 0.000000 0.000000 0.000000 0.053520 0.000000 0.000000 0.025031 0.027918 0.013160 0.006474 0.000000 0.012590 0.000000 0.000000 ]
clk: 2934360, wr dram addr: 0x8d1ac00, 147958784, data: [0.000682 0.000000 0.003947 0.009065 0.003037 0.002630 0.012090 0.000000 0.005485 0.000000 0.000000 0.007374 0.007687 0.004782 0.000000 0.000000 ]
clk: 2934361, wr dram addr: 0x8d1ac40, 147958848, data: [0.011007 0.009377 0.004492 0.000000 0.000000 0.000000 0.000000 0.000000 0.004693 0.000000 0.000000 0.000000 0.011377 0.078122 0.000063 0.006788 ]
clk: 2934362, wr dram addr: 0x8d1ac80, 147958912, data: [0.000000 0.000000 0.004107 0.001031 0.000000 0.000000 0.000000 0.002177 0.004245 0.000000 0.000000 0.000000 0.015151 0.016315 0.019209 0.018814 ]
clk: 2934363, wr dram addr: 0x8d1acc0, 147958976, data: [0.000000 0.000000 0.000549 0.000000 0.000000 0.063637 0.000000 0.000000 0.000000 0.007358 0.002269 0.000000 0.005929 0.000000 0.000000 0.000678 ]
clk: 2934364, wr dram addr: 0x8d1ad00, 147959040, data: [0.000000 0.004408 0.003182 0.002999 0.006678 0.000000 0.000000 0.004938 0.000879 0.001779 0.000000 0.000000 0.002883 0.000000 0.000000 0.000000 ]
clk: 2934365, wr dram addr: 0x8d1ad40, 147959104, data: [0.000000 0.004580 0.000000 0.001705 0.003040 0.000000 0.039114 0.021308 0.017578 0.000000 0.000000 0.000000 0.000000 0.012537 0.023090 0.000044 ]
clk: 2934366, wr dram addr: 0x8d1ad80, 147959168, data: [0.000000 0.000121 0.022281 0.000000 0.004714 0.000110 0.000000 0.005685 0.000000 0.001657 0.020289 0.056899 0.011182 0.039085 0.002736 0.010905 ]
clk: 2934367, wr dram addr: 0x8d1adc0, 147959232, data: [0.000000 0.000000 0.033953 0.025959 0.007609 0.000000 0.027440 0.000200 0.000000 0.007172 0.000000 0.014713 0.005242 0.000000 0.035105 0.012275 ]
clk: 2934368, wr dram addr: 0x8d1ae00, 147959296, data: [0.000000 0.000000 0.000207 0.007263 0.000855 0.004542 0.018606 0.005356 0.000784 0.000000 0.000000 0.000000 0.000558 0.022287 0.033447 0.001846 ]
clk: 2934369, wr dram addr: 0x8d1ae40, 147959360, data: [0.019467 0.004544 0.009090 0.002929 0.000000 0.009685 0.000934 0.011216 0.006975 0.000000 0.037538 0.007847 0.000000 0.012589 0.000000 0.010688 ]
clk: 2934370, wr dram addr: 0x8d1ae80, 147959424, data: [0.000000 0.000000 0.000000 0.011493 0.000000 0.000000 0.000000 0.023044 0.008225 0.000000 0.000000 0.000000 0.007975 0.000000 0.000000 0.000000 ]
clk: 2934371, wr dram addr: 0x8d1aec0, 147959488, data: [0.003030 0.002342 0.000000 0.002954 0.003786 0.002005 0.004825 0.003975 0.000000 0.000000 0.000000 0.037545 0.022017 0.000000 0.000000 0.000000 ]
clk: 2934372, wr dram addr: 0x8d1af00, 147959552, data: [0.000000 0.024756 0.000000 0.026631 0.002765 0.013037 0.015829 0.000000 0.013547 0.000000 0.000000 0.000000 0.000000 0.012358 0.000000 0.000000 ]
clk: 2934373, wr dram addr: 0x8d1af40, 147959616, data: [0.000000 0.000000 0.003544 0.000000 0.000000 0.000000 0.022653 0.000000 0.003164 0.000000 0.024539 0.028372 0.035059 0.016145 0.002311 0.008244 ]
clk: 2934374, wr dram addr: 0x8d1af80, 147959680, data: [0.001392 0.014142 0.000000 0.040994 0.015469 0.000000 0.000000 0.014516 0.000000 0.000000 0.022102 0.008946 0.028984 0.000000 0.013082 0.000303 ]
clk: 2934375, wr dram addr: 0x8d1afc0, 147959744, data: [0.000000 0.003438 0.000000 0.000000 0.006916 0.000000 0.007414 0.000000 0.000000 0.000000 0.047621 0.030598 0.091253 0.000000 0.000000 0.005980 ]
clk: 2934376, wr dram addr: 0x8d1b000, 147959808, data: [0.000000 0.000000 0.000000 0.000000 0.003489 0.002973 0.000000 0.000000 0.000000 0.002022 0.017659 0.000000 0.000000 0.008081 0.011856 0.000000 ]
clk: 2934377, wr dram addr: 0x8d1b040, 147959872, data: [0.015963 0.007934 0.000000 0.000000 0.000000 0.001990 0.009409 0.000000 0.000000 0.000000 0.025741 0.006663 0.000000 0.000000 0.000000 0.008447 ]
clk: 2934378, wr dram addr: 0x8d1b080, 147959936, data: [0.006915 0.004039 0.000000 0.004204 0.004711 0.002991 0.000000 0.014786 0.000000 0.000000 0.000000 0.001462 0.001671 0.000000 0.016616 0.000000 ]
clk: 2934379, wr dram addr: 0x8d1b0c0, 147960000, data: [0.000000 0.012803 0.005202 0.000000 0.000000 0.016117 0.000000 0.001743 0.001407 0.000000 0.014035 0.000000 0.007752 0.008958 0.000000 0.000787 ]
clk: 2934380, wr dram addr: 0x8d1b100, 147960064, data: [0.001835 0.000000 0.005711 0.000000 0.000000 0.017077 0.005203 0.000000 0.000000 0.000000 0.000000 0.000000 0.007390 0.007361 0.000000 0.000000 ]
clk: 2934381, wr dram addr: 0x8d1b140, 147960128, data: [0.006893 0.000000 0.015506 0.000000 0.000000 0.000000 0.001232 0.000518 0.000000 0.000000 0.000000 0.000000 0.008794 0.017479 0.000000 0.003473 ]
clk: 2934382, wr dram addr: 0x8d1b180, 147960192, data: [0.000000 0.006576 0.000000 0.000000 0.000000 0.000000 0.000649 0.000000 0.000000 0.015343 0.016322 0.000000 0.004340 0.000000 0.000000 0.000000 ]
clk: 2934383, wr dram addr: 0x8d1b1c0, 147960256, data: [0.018462 0.000000 0.018836 0.009439 0.000000 0.006315 0.009259 0.000000 0.020962 0.000000 0.013219 0.000000 0.000000 0.000000 0.000000 0.002719 ]
clk: 2934384, wr dram addr: 0x8d1b200, 147960320, data: [0.003043 0.000000 0.000000 0.000000 0.009109 0.005020 0.000000 0.000000 0.001104 0.002053 0.000000 0.008434 0.010876 0.000000 0.000000 0.000000 ]
lk: 2934288, wr dram addr: 0x8d19a00, 147954176, data: [0.003444 0.000000 0.000671 0.001974 0.000000 0.000542 0.000000 0.015810 0.000284 0.000000 0.000000 0.002969 0.007558 0.011383 0.000000 0.006356 ]
clk: 2934289, wr dram addr: 0x8d19a40, 147954240, data: [0.000000 0.005568 0.000000 0.000000 0.000000 0.009371 0.003326 0.000361 0.027405 0.000000 0.000405 0.000000 0.020285 0.000000 0.000000 0.008800 ]
clk: 2934290, wr dram addr: 0x8d19a80, 147954304, data: [0.004399 0.005478 0.000000 0.000000 0.000000 0.009952 0.000000 0.006360 0.001526 0.015879 0.000000 0.000000 0.024668 0.000404 0.004893 0.000000 ]
clk: 2934291, wr dram addr: 0x8d19ac0, 147954368, data: [0.004809 0.012564 0.005579 0.000000 0.000000 0.000000 0.000000 0.000461 0.000000 0.000000 0.000319 0.024966 0.000000 0.078261 0.000089 0.007795 ]
clk: 2934292, wr dram addr: 0x8d19b00, 147954432, data: [0.000000 0.004629 0.000000 0.005057 0.000000 0.000000 0.000000 0.001403 0.000000 0.003077 0.000000 0.004654 0.000000 0.040272 0.000000 0.000000 ]
clk: 2934293, wr dram addr: 0x8d19b40, 147954496, data: [0.000000 0.014333 0.000000 0.007194 0.002931 0.000000 0.005326 0.012645 0.001069 0.066008 0.021269 0.000000 0.000000 0.027552 0.000000 0.000000 ]
clk: 2934294, wr dram addr: 0x8d19b80, 147954560, data: [0.005418 0.003294 0.000000 0.015449 0.000233 0.004150 0.000000 0.000000 0.002003 0.006366 0.000000 0.000000 0.000000 0.000000 0.033246 0.000000 ]
clk: 2934295, wr dram addr: 0x8d19bc0, 147954624, data: [0.000000 0.000516 0.009104 0.008712 0.003389 0.030628 0.000000 0.004487 0.000000 0.012729 0.008129 0.015504 0.000000 0.018021 0.004055 0.000000 ]
clk: 2934296, wr dram addr: 0x8d19c00, 147954688, data: [0.000000 0.007540 0.000000 0.016471 0.004327 0.000000 0.000363 0.000000 0.000000 0.009660 0.000000 0.008777 0.008189 0.000000 0.000000 0.002615 ]
clk: 2934297, wr dram addr: 0x8d19c40, 147954752, data: [0.000000 0.009150 0.000000 0.000000 0.010583 0.000000 0.000000 0.018091 0.000000 0.032963 0.020627 0.008777 0.004020 0.016515 0.016631 0.001720 ]
clk: 2934298, wr dram addr: 0x8d19c80, 147954816, data: [0.000000 0.000000 0.000000 0.000000 0.001977 0.000000 0.057929 0.001815 0.014558 0.004668 0.000000 0.000000 0.000000 0.000000 0.000000 0.000000 ]
clk: 2934299, wr dram addr: 0x8d19cc0, 147954880, data: [0.000347 0.007170 0.016904 0.000000 0.000000 0.000000 0.000000 0.000000 0.008288 0.006694 0.002976 0.000000 0.000000 0.000780 0.029277 0.022170 ]
clk: 2934300, wr dram addr: 0x8d19d00, 147954944, data: [0.007506 0.000000 0.000000 0.000000 0.024899 0.000000 0.000412 0.030289 0.000000 0.000000 0.019541 0.005354 0.000000 0.005935 0.009863 0.009523 ]
clk: 2934301, wr dram addr: 0x8d19d40, 147955008, data: [0.004825 0.014430 0.055793 0.000000 0.018295 0.000000 0.031042 0.012764 0.000000 0.000000 0.028227 0.004572 0.000000 0.009202 0.047059 0.002041 ]
clk: 2934302, wr dram addr: 0x8d19d80, 147955072, data: [0.000000 0.002275 0.000000 0.004814 0.000000 0.038020 0.058829 0.001817 0.000967 0.018961 0.000000 0.000000 0.020563 0.000000 0.000000 0.000000 ]
clk: 2934303, wr dram addr: 0x8d19dc0, 147955136, data: [0.001304 0.000000 0.026309 0.000000 0.002109 0.000000 0.000000 0.000000 0.058193 0.000000 0.000000 0.029030 0.000000 0.000000 0.019478 0.000000 ]
clk: 2934304, wr dram addr: 0x8d19e00, 147955200, data: [0.000000 0.000000 0.000000 0.000000 0.000000 0.006892 0.029919 0.017337 0.000000 0.000000 0.026922 0.002823 0.000000 0.000000 0.000000 0.000000 ]
clk: 2934305, wr dram addr: 0x8d19e40, 147955264, data: [0.013691 0.012557 0.000000 0.000000 0.014470 0.000000 0.000000 0.009422 0.000000 0.000000 0.000000 0.007847 0.004925 0.000000 0.013298 0.001599 ]
clk: 2934306, wr dram addr: 0x8d19e80, 147955328, data: [0.014497 0.000123 0.021578 0.009962 0.043337 0.005100 0.000000 0.000000 0.000000 0.000000 0.000000 0.000000 0.015027 0.000000 0.053423 0.002133 ]
clk: 2934307, wr dram addr: 0x8d19ec0, 147955392, data: [0.013058 0.013263 0.000000 0.003400 0.015568 0.000000 0.000000 0.014658 0.000000 0.015172 0.000000 0.000000 0.000000 0.000000 0.000000 0.000000 ]
clk: 2934308, wr dram addr: 0x8d19f00, 147955456, data: [0.005785 0.000000 0.000000 0.024828 0.005236 0.016500 0.000000 0.001607 0.013819 0.000000 0.000000 0.000000 0.000000 0.076210 0.017735 0.005599 ]
clk: 2934309, wr dram addr: 0x8d19f40, 147955520, data: [0.000000 0.005425 0.000000 0.012566 0.000000 0.015392 0.010892 0.000000 0.000000 0.000000 0.017915 0.012951 0.034923 0.000000 0.000000 0.001063 ]
clk: 2934310, wr dram addr: 0x8d19f80, 147955584, data: [0.000000 0.014947 0.012360 0.017766 0.000000 0.041264 0.055295 0.031692 0.000000 0.018935 0.000000 0.007481 0.000472 0.000000 0.000000 0.011986 ]
clk: 2934311, wr dram addr: 0x8d19fc0, 147955648, data: [0.000000 0.000000 0.000000 0.007981 0.000000 0.000000 0.010579 0.000294 0.032936 0.009277 0.000000 0.000000 0.000000 0.000000 0.008963 0.004452 ]
clk: 2934312, wr dram addr: 0x8d1a000, 147955712, data: [0.003968 0.006083 0.005897 0.003982 0.001795 0.011743 0.002487 0.000000 0.005145 0.004437 0.000000 0.000000 0.000000 0.000000 0.005685 0.009500 ]
clk: 2934313, wr dram addr: 0x8d1a040, 147955776, data: [0.005602 0.007052 0.000000 0.000000 0.007002 0.000000 0.007319 0.000000 0.000000 0.003051 0.000000 0.002728 0.000000 0.000000 0.000000 0.000000 ]
clk: 2934314, wr dram addr: 0x8d1a080, 147955840, data: [0.000000 0.001767 0.009161 0.000000 0.004163 0.009898 0.001830 0.003169 0.002100 0.002001 0.002600 0.005235 0.003314 0.000000 0.000000 0.011070 ]
clk: 2934315, wr dram addr: 0x8d1a0c0, 147955904, data: [0.000165 0.000000 0.000000 0.000000 0.000000 0.000000 0.001798 0.000000 0.006663 0.000000 0.015894 0.001729 0.000000 0.000000 0.000000 0.012142 ]
clk: 2934316, wr dram addr: 0x8d1a100, 147955968, data: [0.001781 0.000000 0.001451 0.002230 0.001103 0.003309 0.000000 0.000000 0.005859 0.002526 0.000000 0.000000 0.000000 0.012504 0.001356 0.007143 ]
clk: 2934317, wr dram addr: 0x8d1a140, 147956032, data: [0.007427 0.000000 0.000000 0.000000 0.002651 0.000000 0.000000 0.000000 0.000000 0.000000 0.006020 0.001249 0.000000 0.000877 0.000000 0.000000 ]
clk: 2934318, wr dram addr: 0x8d1a180, 147956096, data: [0.003487 0.015427 0.005675 0.000000 0.002430 0.000000 0.002859 0.000000 0.002794 0.000000 0.000000 0.008637 0.000000 0.017140 0.000000 0.000000 ]
clk: 2934319, wr dram addr: 0x8d1a1c0, 147956160, data: [0.010151 0.003521 0.000000 0.003591 0.000000 0.000000 0.000000 0.002335 0.006653 0.003978 0.000000 0.001483 0.013180 0.005752 0.048537 0.000000 ]
clk: 2934320, wr dram addr: 0x8d1a200, 147956224, data: [0.000000 0.002024 0.000156 0.000600 0.007738 0.013896 0.000000 0.005605 0.000000 0.000000 0.000000 0.003851 0.000000 0.000000 0.021517 0.000000 ]
clk: 2934321, wr dram addr: 0x8d1a240, 147956288, data: [0.000000 0.000000 0.000983 0.008009 0.000600 0.006436 0.000000 0.006674 0.002200 0.005605 0.000000 0.000000 0.006091 0.003813 0.006396 0.003763 ]
clk: 2934322, wr dram addr: 0x8d1a280, 147956352, data: [0.003612 0.000000 0.000000 0.000063 0.001246 0.000000 0.006080 0.006363 0.004562 0.018673 0.000000 0.000000 0.018581 0.000000 0.002495 0.006325 ]
clk: 2934323, wr dram addr: 0x8d1a2c0, 147956416, data: [0.000000 0.000000 0.000000 0.005144 0.004196 0.000000 0.000000 0.001317 0.000000 0.004875 0.000000 0.008801 0.000000 0.003838 0.022328 0.014804 ]
clk: 2934324, wr dram addr: 0x8d1a300, 147956480, data: [0.006670 0.000000 0.000000 0.000000 0.000000 0.000000 0.001898 0.005714 0.003518 0.000000 0.012517 0.002827 0.000000 0.002681 0.000000 0.003666 ]
clk: 2934325, wr dram addr: 0x8d1a340, 147956544, data: [0.000000 0.004602 0.000000 0.011180 0.005991 0.000000 0.012730 0.003334 0.000000 0.000000 0.016169 0.000000 0.000133 0.018243 0.015629 0.002315 ]
clk: 2934326, wr dram addr: 0x8d1a380, 147956608, data: [0.003550 0.000000 0.000000 0.015570 0.000000 0.001277 0.000000 0.003067 0.007346 0.000000 0.008640 0.000000 0.003499 0.002084 0.000000 0.000352 ]
clk: 2934327, wr dram addr: 0x8d1a3c0, 147956672, data: [0.006174 0.000000 0.000000 0.000760 0.000000 0.000000 0.001625 0.000000 0.021897 0.000000 0.000000 0.000000 0.000000 0.000000 0.088258 0.005116 ]
clk: 2934328, wr dram addr: 0x8d1a400, 147956736, data: [0.000000 0.000000 0.000000 0.000000 0.000000 0.000000 0.000672 0.000000 0.006811 0.011554 0.000000 0.000588 0.000760 0.003177 0.000000 0.000000 ]
clk: 2934329, wr dram addr: 0x8d1a440, 147956800, data: [0.003938 0.000753 0.000000 0.003957 0.000000 0.000000 0.011121 0.004638 0.000000 0.002761 0.010784 0.000000 0.000000 0.021596 0.000000 0.007725 ]
clk: 2934330, wr dram addr: 0x8d1a480, 147956864, data: [0.005825 0.005347 0.000000 0.023918 0.000000 0.000000 0.016654 0.000744 0.000000 0.003751 0.000000 0.012987 0.000000 0.002109 0.019187 0.000000 ]
clk: 2934331, wr dram addr: 0x8d1a4c0, 147956928, data: [0.009706 0.005989 0.005115 0.015704 0.000000 0.010869 0.000000 0.009624 0.004090 0.000000 0.000000 0.000000 0.002540 0.010160 0.001058 0.004849 ]
clk: 2934332, wr dram addr: 0x8d1a500, 147956992, data: [0.004858 0.006705 0.002503 0.000000 0.012038 0.000000 0.017604 0.006465 0.000000 0.000000 0.001424 0.006220 0.001046 0.016525 0.000933 0.001258 ]
clk: 2934333, wr dram addr: 0x8d1a540, 147957056, data: [0.002158 0.000000 0.000000 0.000000 0.004581 0.013936 0.000000 0.004250 0.002050 0.000000 0.038040 0.000000 0.000000 0.012198 0.000000 0.001304 ]
clk: 2934334, wr dram addr: 0x8d1a580, 147957120, data: [0.006820 0.000000 0.006183 0.000000 0.000000 0.000732 0.005665 0.001880 0.004910 0.000000 0.017691 0.000000 0.000000 0.012367 0.000000 0.000000 ]
clk: 2934335, wr dram addr: 0x8d1a5c0, 147957184, data: [0.000000 0.000000 0.000000 0.002363 0.005430 0.000000 0.007568 0.000000 0.005111 0.000000 0.000000 0.004270 0.000000 0.017859 0.000000 0.005813 ]
clk: 2934336, wr dram addr: 0x8d1a600, 147957248, data: [0.000000 0.009830 0.010600 0.008051 0.000000 0.000000 0.002112 0.000000 0.008497 0.019742 0.000000 0.000000 0.000000 0.000000 0.000000 0.000000 ]
clk: 2934337, wr dram addr: 0x8d1a640, 147957312, data: [0.000346 0.000000 0.000000 0.000000 0.000000 0.001235 0.000000 0.000305 0.000000 0.009564 0.006930 0.000000 0.017968 0.000000 0.000000 0.000000 ]
clk: 2934338, wr dram addr: 0x8d1a680, 147957376, data: [0.000000 0.000000 0.000000 0.007225 0.000000 0.004685 0.001790 0.013441 0.011960 0.016013 0.000000 0.000000 0.000773 0.014808 0.004313 0.000000 ]
clk: 2934339, wr dram addr: 0x8d1a6c0, 147957440, data: [0.000000 0.004239 0.022508 0.000000 0.000000 0.014337 0.029319 0.000000 0.000000 0.000000 0.033869 0.014787 0.000000 0.016805 0.036100 0.000375 ]
clk: 2934340, wr dram addr: 0x8d1a700, 147957504, data: [0.000000 0.002758 0.000000 0.000000 0.000000 0.000000 0.000000 0.000716 0.000000 0.013753 0.009877 0.000000 0.000000 0.000000 0.000000 0.005132 ]
clk: 2934341, wr dram addr: 0x8d1a740, 147957568, data: [0.000629 0.003837 0.000000 0.000000 0.049650 0.015445 0.000000 0.000000 0.019320 0.000227 0.003552 0.000000 0.000000 0.005507 0.000000 0.000000 ]
clk: 2934342, wr dram addr: 0x8d1a780, 147957632, data: [0.000691 0.007436 0.010680 0.000000 0.002704 0.018030 0.000000 0.000000 0.003556 0.000000 0.000000 0.000000 0.002797 0.000000 0.002725 0.012470 ]
clk: 2934343, wr dram addr: 0x8d1a7c0, 147957696, data: [0.011627 0.000000 0.011197 0.003280 0.011873 0.000000 0.087181 0.000000 0.000000 0.000000 0.000000 0.000000 0.017926 0.000000 0.040752 0.000000 ]
clk: 2934344, wr dram addr: 0x8d1a800, 147957760, data: [0.001427 0.009677 0.003352 0.016558 0.010910 0.014218 0.007322 0.000329 0.002230 0.000000 0.000000 0.003386 0.000000 0.000000 0.001272 0.000602 ]
clk: 2934345, wr dram addr: 0x8d1a840, 147957824, data: [0.000000 0.002408 0.000000 0.000000 0.000000 0.000000 0.000000 0.009090 0.004683 0.010217 0.009860 0.003851 0.006726 0.000000 0.005147 0.003730 ]
  -0.0267903     0.010639    0.0111374   0.00531437   -0.0988619   -0.0109633    -0.029603    0.0259726
  0.00348982   -0.0293763   -0.0131985   0.00896525   -0.0199511     0.011494   0.00304745    0.0225014
   0.0356839   -0.0590156  -0.00209966    0.0682982   -0.0593605   -0.0465057    -0.101947   0.00724939
    0.126499    -0.116206    0.0250278    0.0258405    0.0318713   -0.0181671   -0.0993484    0.0161093
   0.0631928   -0.0226059   -0.0298151   -0.0262492   -0.0728802    0.0639682   -0.0333971    0.0187194
   0.0126584     0.018401    0.0183386   0.00943928    0.0122767   -0.0535816   -0.0488462   -0.0326397
  -0.0186084  -0.00555551    0.0358929   -0.0193287  -0.00802816   -0.0980136   -0.0422404    0.0506142
 -0.00220204    0.0256604    0.0048974    0.0155757   -0.0677987   -0.0123695   -0.0594659 -0.000407436
 3.59882e-05  -0.00538867    0.0262855    0.0332984    0.0272488    -0.213537    -0.182317    0.0134084
 -0.00426095    0.0173265   0.00433945    0.0200313    0.0050621   -0.0983213   -0.0849793   0.00134953
  -0.0288362   -0.0415654    0.0456349   -0.0111423   -0.0164082   -0.0159317    0.0136081    0.0399341
   0.0418512   -0.0427178    0.0448397    -0.011083    0.0234607   -0.0478894   0.00578167    -0.014557
   -0.019323    0.0455038    0.0212711   -0.0362987   -0.0250408   -0.0517193   0.00772159   0.00575352
    0.063822    -0.207509    -0.118535     0.039514     0.047378    0.0327393    0.0554183      0.12155
  -0.0120625     0.022809   0.00135376  -0.00801246   -0.0136344  -0.00314976    0.0150154  0.000267051
  -0.0553809    0.0432112   0.00820103    0.0169849   -0.0936184   -0.0188896   -0.0571756    0.0558742
   0.0816763    0.0322482    0.0187975    0.0471866    0.0617209    -0.267121    -0.234877   0.00776548
  0.00542812   0.00826216 -0.000804571   0.00374632   -0.0249449    0.0388753   -0.0149997   -0.0006108
  -0.0256477   -0.0230754    0.0240226    0.0103566    0.0264517   -0.0176693   -0.0756515    0.0178888
  0.00751064   -0.0180386  -0.00222617   0.00567929   -0.0032017    0.0109266    0.0130781    0.0102483
  -0.0136349    0.0427921    0.0220641    0.0401967   -0.0873267    -0.038245   -0.0737909   -0.0104129
  -0.0130688   -0.0348528    0.0149208  -0.00874593    0.0140612  -0.00695436   0.00250471    0.0215012
  -0.0118636   -0.0628697    0.0330172    0.0191522    0.0220454    -0.150582   -0.0901688    0.0264918
   0.0428461   -0.0408533    0.0298401   -0.0173427    0.0991824   -0.0314111   -0.0550615   -0.0525864
   0.0137045  -0.00872825    0.0254489  -0.00453868    0.0473419  -0.00781338   -0.0411816   -0.0282613
 -0.00862587   -0.0401287    0.0434052   0.00614586    0.0103603   -0.0804489    -0.111102   0.00955603
 -0.00812192   -0.0230005   -0.0215258   -0.0045282   0.00537861  -0.00884459      0.13912   -0.0220474
  -0.0698195     0.083968  -0.00558275    0.0420503   -0.0311542    -0.167914    -0.156958    0.0279641
  0.00542721  -0.00701986   0.00517564  -0.00673076   0.00928316   -0.0416354    0.0300668   -0.0218572
   0.0142117  -0.00387466    0.0118095    0.0283316    -0.158971   -0.0932508    -0.130418    0.0763927
  -0.0315469   -0.0368724     0.024724   0.00400535    0.0931816    -0.117261    -0.107608  -0.00886235
   0.0468705    0.0016876    0.0735092    0.0307829   0.00593177   0.00998878    -0.163485   -0.0416869
  0.00984507  -0.00543305    0.0170981  0.000549073    0.0474769   -0.0230965   -0.0404612   -0.0233846
  0.00421476   0.00828321   0.00924215    0.0104228 -0.000744335   0.00139421   -0.0146118   -0.0123652
   0.0862873   0.00100939    0.0302738  -0.00823066    0.0982563   -0.0549074    -0.076893   -0.0938606
   0.0853272   -0.0282725     0.129342    0.0106436 -0.000237598    0.0108065    0.0929185    -0.117742
   0.0520538   -0.0219149     0.086927  -0.00595916     0.132878   -0.0260724    -0.109398    -0.103728
   0.0239038   -0.0320131     0.017256   0.00129035   -0.0264242    0.0538868    0.0698875    0.0140224
   0.0183786    0.0264624    0.0194159   0.00810379   0.00627024    0.0108695  -0.00121546    -0.024075
  -0.0616461     -0.06024   -0.0555449    0.0583645    -0.154969  -0.00355954   -0.0982743     0.139082
   0.0408083   -0.0386455   -0.0683071   -0.0583571   -0.0157417   -0.0734284    0.0574597    0.0594191
    0.102879   -0.0770732     0.016472  0.000935187    0.0358951     -0.13548   -0.0926523    0.0129354
  -0.0940395    -0.119098  -0.00581127    0.0605766    -0.157836   0.00239598   -0.0316723    0.0466049
   0.0415986   0.00950552    0.0500042  -0.00267063  0.000446606     0.013456  -0.00148519   -0.0567224
  -0.0810042    0.0187662    0.0120447  -0.00225239    -0.143422   -0.0693181    -0.123917     0.115188
  -0.0463794    0.0624382   -0.0346718   -0.0264654   -0.0142538   0.00379763    0.0399645   0.00868564
  -0.0391255    0.0455088   0.00795019   0.00340791   -0.0515694    -0.054324  -0.00877263    0.0210269
   0.0221213    0.0117251    0.0538694    0.0170846   0.00896299  -0.00929685   -0.0220186   -0.0517568
   0.0410762   -0.0141826    0.0549835   0.00253768   0.00112168   0.00581059    0.0224378   -0.0500896
   0.0274903   -0.0516278    0.0409753    -0.022459     0.066618   -0.0539207    -0.174023    0.0175066
   0.0186941    0.0338279  -0.00106482    0.0251115    0.0123509   -0.0308862   -0.0905739   -0.0183635
   0.0345935    0.0116304      0.02661    0.0102745   -0.0426668 -0.000573356     0.153134   -0.0382931
   0.0239366    0.0346375    0.0523639  -0.00608073   -0.0689773   -0.0272231    0.0350171   -0.0236922
  -0.0624996  -0.00347102   -0.0379471   -0.0367158   -0.0629615   -0.0314613   -0.0868418    0.0798892
  -0.0209078   -0.0582685   0.00367915   -0.0242936    0.0333291   -0.0118185    0.0183358   0.00740712
   0.0595409   -0.0672035   -0.0313042   0.00113518   -0.0489157    0.0417056    0.0113833     0.044368
   0.0556559    -0.102815     0.109063  -0.00212013   0.00244015   -0.0312385   -0.0854054   -0.0175597
   0.0867304    -0.239079   -0.0592385    0.0353972    0.0601691    0.0375318     0.105625     0.124847
A nnz: 1114112
X1 nnz: 196608
W1 cols: 32
X2 nnz: 2097152
W2 cols: 8
GCN summary:
GCN passed on ../data/GCN/rmat-16/
total OPs: 135266304
total cycles: 6485093
GCN performance: 20.858 GOPS
GOPS/W: 0.896289
