`argc: 7
argv[0]: ./test_simulator_testsuit
argv[1]: -A
argv[2]: GCN
argv[3]: -D
argv[4]: ../data/GCN/rmat-18/
argv[5]: -I
argv[6]: X_10
V_RW_SPM: total has 6 phy SPM, total addr width 25 bits, each phy spm addr width 22 bits
V_SPM_SINGLE, contains simd 64 blocks, each addr width: 16
V_SPM_SINGLE, contains simd 64 blocks, each addr width: 16
V_SPM_SINGLE, contains simd 64 blocks, each addr width: 16
V_SPM_SINGLE, contains simd 64 blocks, each addr width: 16
V_SPM_SINGLE, contains simd 64 blocks, each addr width: 16
V_SPM_SINGLE, contains simd 64 blocks, each addr width: 16
[ASE]: mapped dsm ptr:0x7f8e8f40e000, succeeded!
[ASE]: start simulatoin loop, max cycles per turn: 1410065408
GCN data dir: ../data/GCN/rmat-18/, x1 file: ../data/GCN/rmat-18/X10.txt
Load Sparse Matrix from file: ../data/GCN/rmat-18/adj_coords_values.txt
clk: 0, flush_stage=0, scheduler_in_v_task=0, scheduler_send_e_task=0, M09_write_to_spm=0, M09_write_to_id_fifo=0, M09_write_to_data_fifo=0, M09_alu_in_num=0, M09_alu_out_num=0, M09_update_dst_read_single_get_task_num=0, M09_update_dst_read_single_send_task_num=0, M09_update_dst_read_single_read_spm_num=0, M09_update_dst_read_single_get_spm_data_num=0
clk: 0, M08_combiner_rv_ct=0, M08_combiner_send_ct=0
0
m02_full: 0 0 0 0 0 0 0 0 0 0 0 0 0 0 0 0 0 0 0 0 0 0 0 0 0 0 0 0 0 0 0 0 0 0 0 0 0 0 0 0 0 0 0 0 0 0 0 0 0 0 0 0 0 0 0 0 0 0 0 0 0 0 0 0
m03_v_full: 0 0 0 0 0 0 0 0 0 0 0 0 0 0 0 0 0 0 0 0 0 0 0 0 0 0 0 0 0 0 0 0 0 0 0 0 0 0 0 0 0 0 0 0 0 0 0 0 0 0 0 0 0 0 0 0 0 0 0 0 0 0 0 0
m03_e_full: 0 0 0 0 0 0 0 0 0 0 0 0 0 0 0 0 0 0 0 0 0 0 0 0 0 0 0 0 0 0 0 0 0 0 0 0 0 0 0 0 0 0 0 0 0 0 0 0 0 0 0 0 0 0 0 0 0 0 0 0 0 0 0 0
m04_full: 0 0 0 0 0 0 0 0 0 0 0 0 0 0 0 0 0 0 0 0 0 0 0 0 0 0 0 0 0 0 0 0 0 0 0 0 0 0 0 0 0 0 0 0 0 0 0 0 0 0 0 0 0 0 0 0 0 0 0 0 0 0 0 0
m05_full: 0 0 0 0 0 0 0 0 0 0 0 0 0 0 0 0 0 0 0 0 0 0 0 0 0 0 0 0 0 0 0 0 0 0 0 0 0 0 0 0 0 0 0 0 0 0 0 0 0 0 0 0 0 0 0 0 0 0 0 0 0 0 0 0
m06_full: 0 0 0 0 0 0 0 0 0 0 0 0 0 0 0 0 0 0 0 0 0 0 0 0 0 0 0 0 0 0 0 0 0 0 0 0 0 0 0 0 0 0 0 0 0 0 0 0 0 0 0 0 0 0 0 0 0 0 0 0 0 0 0 0
m07_full: 0 0 0 0 0 0 0 0 0 0 0 0 0 0 0 0 0 0 0 0 0 0 0 0 0 0 0 0 0 0 0 0 0 0 0 0 0 0 0 0 0 0 0 0 0 0 0 0 0 0 0 0 0 0 0 0 0 0 0 0 0 0 0 0
m08_full: 0 0 0 0 0 0 0 0 0 0 0 0 0 0 0 0 0 0 0 0 0 0 0 0 0 0 0 0 0 0 0 0 0 0 0 0 0 0 0 0 0 0 0 0 0 0 0 0 0 0 0 0 0 0 0 0 0 0 0 0 0 0 0 0
m09_full: 0 0 0 0 0 0 0 0 0 0 0 0 0 0 0 0 0 0 0 0 0 0 0 0 0 0 0 0 0 0 0 0 0 0 0 0 0 0 0 0 0 0 0 0 0 0 0 0 0 0 0 0 0 0 0 0 0 0 0 0 0 0 0 0
clk: 1, rd_active_vertex: change empty, front=0, now=1
clk: 1, rd_active_vertex: change empty, front=0, now=1
[ASE_dev]: trigger ase event: 4
Loaded Sparse Matrix, edges size:262144, counted v_id:262144
Sparse Matrix: CSR_MATRIX
rows: 262144, cols: 262144
v num: 262144, e num: 4456448

SparseMatrix reform from src v num: 262144 to dst v num: 262144
Load Sparse Matrix from file: ../data/GCN/rmat-18/X10.txt
Loaded Sparse Matrix, edges size:262144, counted v_id:262144
Sparse Matrix: CSR_MATRIX
rows: 262144, cols: 32
v num: 262144, e num: 786431

SparseMatrix reform from src v num: 262144 to dst v num: 32
A: rows=262144, cols=262144
X1: rows=262144, cols=32
W1: rows=32, cols=32
W2: rows=32, cols=8
SPMM res rows: 262144, cols: 32
Sparse Matrix: CSC_MATRIX
rows: 262144, cols: 32
v num: 32, e num: 786431

SPMM res rows: 262144, cols: 32
Sparse Matrix: CSC_MATRIX
rows: 262144, cols: 262144
v num: 262144, e num: 4456448

SPMM res rows: 262144, cols: 8
Sparse Matrix: CSC_MATRIX
rows: 262144, cols: 262144
v num: 262144, e num: 4456448

X2: rows=262144, cols=32
X3: rows=262144, cols=8
   0.0391158   -0.0668706    -0.164967    -0.183995    0.0778898    0.0543436    0.0598746    -0.109011
   0.0246964   -0.0441969    -0.109118    -0.128256    0.0524863     0.034029    0.0407589   -0.0747066
   0.0247438   -0.0448675    -0.112072    -0.127421    0.0513253    0.0358668    0.0412504   -0.0754257
    0.013798   -0.0295901   -0.0721071   -0.0839241    0.0362081    0.0220568    0.0275812   -0.0505283
   0.0230772   -0.0462383    -0.111574    -0.126573    0.0570279    0.0391301    0.0398063   -0.0744923
   0.0165424   -0.0330054   -0.0767137   -0.0851445    0.0382012     0.027953    0.0278087   -0.0489098
   0.0145705   -0.0282643   -0.0735163   -0.0826168    0.0386224    0.0265126    0.0258824   -0.0509646
   0.0101189   -0.0209668   -0.0459564   -0.0541759    0.0231626    0.0177921    0.0178254   -0.0305543
   0.0249584   -0.0456744    -0.112487    -0.125732     0.056154     0.038099    0.0392175   -0.0740526
   0.0159865   -0.0307816   -0.0761306    -0.085518    0.0399086    0.0266865    0.0270462   -0.0501516
   0.0150736   -0.0293428   -0.0762365   -0.0855504    0.0354125    0.0226603    0.0271776    -0.050187
   0.0120746   -0.0199684   -0.0497045   -0.0577226    0.0251628    0.0166893    0.0183822   -0.0339192
   0.0174044   -0.0273942   -0.0722638   -0.0838966    0.0353195    0.0244482    0.0267479   -0.0512706
  0.00446501  -0.00823145    -0.019082   -0.0223066    0.0101079   0.00603495    0.0070084   -0.0129133
  0.00644689   -0.0124969   -0.0329685   -0.0390256    0.0177065    0.0109895    0.0109251    -0.023528
   0.0037311  -0.00596448   -0.0195698   -0.0241587    0.0100734   0.00486735   0.00719409   -0.0155455
  0.00691488   -0.0130819   -0.0320334   -0.0385801    0.0155963   0.00924578    0.0119732   -0.0223661
  0.00550862  -0.00967053   -0.0208707   -0.0248711   0.00997872   0.00749097   0.00864093   -0.0148667
   0.0108487   -0.0213606   -0.0513173    -0.057514    0.0252762    0.0178583    0.0194821   -0.0346421
   0.0083524    -0.014231   -0.0306792   -0.0364955    0.0163061    0.0110824    0.0112101   -0.0209093
   0.0069963    -0.012315   -0.0298039   -0.0354657     0.014537   0.00882657    0.0113915   -0.0214739
  0.00268994  -0.00684887   -0.0187463   -0.0220925   0.00981584   0.00583772   0.00493594   -0.0120607
  0.00873119   -0.0148148   -0.0319236   -0.0345959    0.0122851    0.0100363    0.0121517   -0.0187559
   0.0035324  -0.00960321   -0.0227294   -0.0256592    0.0116321   0.00673475   0.00805713   -0.0154909
  0.00514585   -0.0105191   -0.0230296   -0.0257958    0.0104975   0.00639799   0.00885573   -0.0144316
  0.00274419  -0.00575617   -0.0117395   -0.0153488   0.00513077   0.00237056   0.00538296  -0.00811634
    0.015779   -0.0299964   -0.0717272   -0.0858294      0.03723    0.0233739    0.0267069    -0.050154
   0.0102278   -0.0184267   -0.0484209   -0.0595988    0.0236022    0.0158561    0.0180182   -0.0351362
   0.0125998   -0.0216879   -0.0502654   -0.0556626    0.0250633     0.016854     0.018855   -0.0333258
   0.0071411   -0.0139965   -0.0326457   -0.0395377    0.0175255    0.0117913    0.0119602   -0.0229101
   0.0110323   -0.0218792   -0.0492689   -0.0566867    0.0241014    0.0161905      0.01868   -0.0329796
  0.00709402   -0.0148258   -0.0320679   -0.0368422    0.0159041    0.0110996     0.012398   -0.0205043
  0.00601376    -0.014336   -0.0337593   -0.0365436    0.0173496    0.0127946     0.011694    -0.021639
  0.00538154   -0.0104544   -0.0240547   -0.0257108    0.0122341   0.00778326   0.00884586   -0.0157945
  0.00872732   -0.0192309   -0.0474634   -0.0565387    0.0239281    0.0159516    0.0169656   -0.0326098
  0.00442182    -0.014142   -0.0307823   -0.0397234    0.0149528    0.0110434    0.0129603   -0.0221245
  0.00763929   -0.0132654   -0.0320753   -0.0375825    0.0168724    0.0097057    0.0111006   -0.0223455
  0.00509529   -0.0093315   -0.0207415   -0.0256037   0.00963222    0.0066225   0.00857579   -0.0144685
   0.0086886   -0.0136375   -0.0325877   -0.0352336    0.0157365    0.0121318     0.010856   -0.0205365
  0.00413572  -0.00715468   -0.0212157   -0.0250355    0.0101516   0.00614403   0.00662699   -0.0144757
  0.00468769  -0.00872423   -0.0185511    -0.025102   0.00988512   0.00535516   0.00800642   -0.0137449
  0.00263645  -0.00531688   -0.0139116   -0.0165387   0.00687726   0.00362411   0.00516423  -0.00943005
  0.00949629   -0.0191116   -0.0477806   -0.0555278    0.0230427    0.0145779    0.0187166   -0.0326476
  0.00432747   -0.0122843   -0.0329678   -0.0382721    0.0164734    0.0108493    0.0129834   -0.0233773
  0.00679775   -0.0130643   -0.0302557   -0.0375332    0.0152291    0.0102105    0.0114007   -0.0209269
  0.00405048  -0.00977745    -0.023807   -0.0239492    0.0108415   0.00949305   0.00848684   -0.0152354
  0.00714647   -0.0148657   -0.0322741   -0.0366458    0.0162092    0.0123458    0.0129664   -0.0222288
  0.00473834  -0.00756697   -0.0195957   -0.0232057    0.0111612   0.00651521   0.00800183   -0.0141783
   0.0061675    -0.010719   -0.0229333   -0.0252678    0.0100968   0.00761393     0.010187   -0.0154888
   4
4
4
4
4
4
4
4
4
4
0
6
4
4
4
5
4
6
6
4
4
5
6
4
4
4
4
4
4
6
4
4
4
4
4
4
4
4
5
4
4
4
4
4
4
0
0.000000 0.005755 0.002346 0.006505 ]
clk: 549364, wr dram addr: 0x8850900, 142936320, data: [0.004011 0.016390 0.003101 0.011747 0.002031 0.002413 0.015071 0.005954 0.003748 0.006687 0.000000 0.007148 0.010742 0.004383 0.004871 0.000825 ]
clk: 549365, wr dram addr: 0x8850940, 142936384, data: [0.000000 0.000000 0.004054 0.006851 0.004491 0.000000 0.000113 0.004522 0.005686 0.013308 0.001978 0.000459 0.000000 0.004726 0.001686 0.003529 ]
clk: 549366, wr dram addr: 0x8850980, 142936448, data: [0.005842 0.001215 0.000198 0.004410 0.008338 0.009848 0.003223 0.003210 0.005765 0.007479 0.000000 0.001006 0.013531 0.003327 0.001237 0.002734 ]
clk: 549367, wr dram addr: 0x88509c0, 142936512, data: [0.004471 0.000002 0.004172 0.003401 0.003138 0.006016 0.005588 0.000000 0.003136 0.000008 0.005200 0.004270 0.010281 0.002143 0.000000 0.013751 ]
clk: 549368, wr dram addr: 0x8850a00, 142936576, data: [0.010187 0.013559 0.003857 0.000672 0.003097 0.010386 0.004963 0.003341 0.013404 0.014415 0.000000 0.007133 0.008048 0.006193 0.001911 0.006321 ]
clk: 549369, wr dram addr: 0x8850a40, 142936640, data: [0.002030 0.006907 0.000000 0.001987 0.007307 0.011624 0.004170 0.007935 0.000000 0.006725 0.006470 0.006752 0.000000 0.000505 0.005522 0.000000 ]
clk: 549370, wr dram addr: 0x8850a80, 142936704, data: [0.007321 0.012699 0.000000 0.000362 0.000000 0.003312 0.000000 0.007420 0.000000 0.000081 0.000000 0.005425 0.005031 0.009089 0.000000 0.000000 ]
clk: 549371, wr dram addr: 0x8850ac0, 142936768, data: [0.003227 0.003619 0.017944 0.002867 0.003524 0.000000 0.009601 0.002360 0.017703 0.002457 0.022630 0.004456 0.003073 0.020054 0.007729 0.003742 ]
clk: 549372, wr dram addr: 0x8850b00, 142936832, data: [0.008008 0.005246 0.009052 0.005750 0.000000 0.000000 0.005081 0.000727 0.000179 0.002708 0.003791 0.010636 0.000000 0.003213 0.000000 0.005531 ]
clk: 549373, wr dram addr: 0x8850b40, 142936896, data: [0.000000 0.002250 0.004256 0.000000 0.002452 0.000000 0.000000 0.001013 0.009969 0.000000 0.008523 0.001826 0.000000 0.004308 0.000000 0.000000 ]
clk: 549374, wr dram addr: 0x8850b80, 142936960, data: [0.004026 0.007179 0.000000 0.000000 0.000454 0.000000 0.000000 0.006635 0.000000 0.000679 0.006177 0.006536 0.000000 0.012979 0.016106 0.001365 ]
clk: 549375, wr dram addr: 0x8850bc0, 142937024, data: [0.009111 0.000000 0.004809 0.000000 0.010198 0.003451 0.005884 0.000000 0.000280 0.005839 0.000923 0.000000 0.005254 0.000000 0.000000 0.010042 ]
clk: 549376, wr dram addr: 0x8850c00, 142937088, data: [0.013108 0.010753 0.000000 0.000922 0.000287 0.009818 0.010836 0.000000 0.005708 0.000000 0.004011 0.006290 0.000000 0.000136 0.000000 0.005399 ]
clk: 549377, wr dram addr: 0x8850c40, 142937152, data: [0.005830 0.006191 0.005339 0.000000 0.008423 0.000000 0.002284 0.000232 0.001096 0.000000 0.006435 0.000000 0.001307 0.016145 0.000000 0.013849 ]
clk: 549378, wr dram addr: 0x8850c80, 142937216, data: [0.007163 0.005839 0.002640 0.000000 0.000500 0.003562 0.005012 0.005685 0.007293 0.000000 0.005951 0.007066 0.000000 0.006781 0.004387 0.009845 ]
clk: 549379, wr dram addr: 0x8850cc0, 142937280, data: [0.011754 0.000000 0.004100 0.005723 0.011537 0.000000 0.003836 0.007697 0.005556 0.000000 0.000000 0.000000 0.010149 0.008605 0.014458 0.008509 ]
clk: 549380, wr dram addr: 0x8850d00, 142937344, data: [0.006971 0.005923 0.006576 0.000000 0.000000 0.005759 0.007154 0.001191 0.005170 0.000195 0.000000 0.000000 0.000000 0.007392 0.000000 0.002099 ]
clk: 549381, wr dram addr: 0x8850d40, 142937408, data: [0.000203 0.000659 0.001528 0.000000 0.005350 0.000000 0.015477 0.006767 0.000000 0.002478 0.010192 0.006906 0.007975 0.009083 0.012339 0.004043 ]
clk: 549382, wr dram addr: 0x8850d80, 142937472, data: [0.000694 0.000000 0.012758 0.003024 0.011797 0.003034 0.007848 0.002838 0.004210 0.000000 0.008316 0.013357 0.000000 0.014540 0.001969 0.005918 ]
clk: 549383, wr dram addr: 0x8850dc0, 142937536, data: [0.000000 0.000000 0.000000 0.003424 0.006432 0.002066 0.000000 0.006385 0.007166 0.006203 0.000000 0.010862 0.000000 0.000000 0.003911 0.009943 ]
clk: 549384, wr dram addr: 0x8850e00, 142937600, data: [0.011904 0.009066 0.000000 0.003612 0.003951 0.005281 0.002154 0.003469 0.005841 0.000000 0.004064 0.002965 0.003001 0.000000 0.000000 0.011213 ]
clk: 549385, wr dram addr: 0x8850e40, 142937664, data: [0.007549 0.002775 0.000000 0.005380 0.000000 0.004122 0.005740 0.000867 0.006598 0.010776 0.008984 0.004741 0.000000 0.006484 0.000000 0.000000 ]
clk: 549386, wr dram addr: 0x8850e80, 142937728, data: [0.005499 0.002932 0.000000 0.000000 0.004755 0.000000 0.000000 0.009882 0.000000 0.011864 0.000000 0.007066 0.004346 0.003819 0.007688 0.008351 ]
clk: 549387, wr dram addr: 0x8850ec0, 142937792, data: [0.005239 0.007216 0.000000 0.000000 0.000580 0.000000 0.012226 0.000623 0.000634 0.003556 0.000696 0.000000 0.008502 0.026418 0.000000 0.010368 ]
clk: 549388, wr dram addr: 0x8850f00, 142937856, data: [0.011430 0.005708 0.000000 0.010748 0.008320 0.000000 0.001193 0.000921 0.000000 0.003125 0.000000 0.009623 0.000005 0.000000 0.004070 0.014385 ]
clk: 549389, wr dram addr: 0x8850f40, 142937920, data: [0.001122 0.000000 0.004061 0.007025 0.000000 0.000000 0.000000 0.000000 0.000000 0.000000 0.009148 0.021644 0.001466 0.007730 0.000000 0.004297 ]
clk: 549390, wr dram addr: 0x8850f80, 142937984, data: [0.011576 0.004380 0.000000 0.000000 0.014664 0.000791 0.012740 0.003030 0.000000 0.009209 0.015738 0.013359 0.000000 0.000000 0.000000 0.006656 ]
clk: 549391, wr dram addr: 0x8850fc0, 142938048, data: [0.001141 0.003873 0.017023 0.034125 0.002496 0.000000 0.015687 0.008829 0.001390 0.003687 0.027690 0.001820 0.000000 0.000000 0.022789 0.014628 ]
clk: 549392, wr dram addr: 0x8851000, 142938112, data: [0.009435 0.004827 0.006981 0.012492 0.010486 0.006860 0.004710 0.006654 0.009629 0.007106 0.005572 0.003771 0.000863 0.010844 0.002071 0.016947 ]
clk: 549393, wr dram addr: 0x8851040, 142938176, data: [0.009846 0.000000 0.004393 0.003216 0.006032 0.003148 0.003448 0.011190 0.000000 0.002376 0.000000 0.000000 0.000000 0.002442 0.000000 0.016684 ]
clk: 549394, wr dram addr: 0x8851080, 142938240, data: [0.004375 0.006933 0.007201 0.008867 0.000000 0.009482 0.008058 0.006630 0.009363 0.004445 0.012812 0.008721 0.005635 0.004180 0.000695 0.014322 ]
clk: 549395, wr dram addr: 0x88510c0, 142938304, data: [0.000610 0.000932 0.000000 0.008300 0.000960 0.000000 0.001178 0.000000 0.002966 0.000000 0.000000 0.007514 0.000114 0.000000 0.000000 0.000000 ]
clk: 549396, wr dram addr: 0x8851100, 142938368, data: [0.001613 0.003958 0.006348 0.012991 0.019160 0.007420 0.000000 0.003800 0.007634 0.015455 0.000000 0.016813 0.002580 0.001200 0.002293 0.003767 ]
clk: 549397, wr dram addr: 0x8851140, 142938432, data: [0.011226 0.000000 0.002810 0.001921 0.007884 0.000000 0.001708 0.001792 0.008160 0.002255 0.001117 0.003354 0.002534 0.012562 0.008268 0.010160 ]
clk: 549398, wr dram addr: 0x8851180, 142938496, data: [0.006643 0.000000 0.001640 0.001426 0.000000 0.003527 0.000000 0.007542 0.000000 0.006756 0.000917 0.000000 0.004115 0.000000 0.016677 0.013510 ]
clk: 549399, wr dram addr: 0x88511c0, 142938560, data: [0.000119 0.007220 0.006639 0.007265 0.006073 0.010260 0.010519 0.000800 0.000000 0.012112 0.003272 0.005069 0.000795 0.002766 0.016931 0.021907 ]
clk: 549400, wr dram addr: 0x8851200, 142938624, data: [0.012166 0.002768 0.004016 0.005357 0.000000 0.008206 0.000604 0.013014 0.000000 0.000000 0.000000 0.000000 0.001662 0.000000 0.000000 0.005534 ]
clk: 549401, wr dram addr: 0x8851240, 142938688, data: [0.008309 0.009752 0.005587 0.001457 0.000000 0.010378 0.000000 0.000000 0.000000 0.000000 0.008405 0.005952 0.000000 0.006290 0.002311 0.000000 ]
clk: 549402, wr dram addr: 0x8851280, 142938752, data: [0.008522 0.014460 0.001731 0.003188 0.000000 0.020520 0.000965 0.010552 0.005782 0.002604 0.000000 0.002067 0.002862 0.000000 0.000000 0.000582 ]
clk: 549403, wr dram addr: 0x88512c0, 142938816, data: [0.016544 0.007196 0.000519 0.007885 0.000000 0.003481 0.000000 0.001939 0.012519 0.000000 0.006021 0.000444 0.009970 0.000555 0.000000 0.001208 ]
clk: 549404, wr dram addr: 0x8851300, 142938880, data: [0.000000 0.011247 0.009326 0.003367 0.000000 0.003313 0.002439 0.000000 0.009917 0.006320 0.002123 0.000000 0.004236 0.003509 0.002464 0.004199 ]
clk: 549405, wr dram addr: 0x8851340, 142938944, data: [0.002140 0.007043 0.000320 0.003052 0.000502 0.000000 0.006409 0.000000 0.011761 0.000000 0.000222 0.002076 0.007169 0.000000 0.009493 0.003969 ]
clk: 549406, wr dram addr: 0x8851380, 142939008, data: [0.007109 0.004138 0.004649 0.007273 0.004635 0.000000 0.000000 0.000000 0.000000 0.003818 0.019201 0.000000 0.003826 0.001947 0.000000 0.017690 ]
clk: 549407, wr dram addr: 0x88513c0, 142939072, data: [0.000000 0.013712 0.014681 0.000627 0.002512 0.001623 0.000000 0.006436 0.014344 0.007848 0.010100 0.001863 0.012429 0.019492 0.000000 0.015427 ]
clk: 549408, wr dram addr: 0x8851400, 142939136, data: [0.006439 0.002712 0.000351 0.012968 0.004633 0.000000 0.004527 0.011151 0.004566 0.002509 0.001993 0.000000 0.008070 0.000496 0.000000 0.005378 ]
clk: 549409, wr dram addr: 0x8851440, 142939200, data: [0.007668 0.002912 0.008173 0.000229 0.000000 0.000269 0.000000 0.007098 0.000000 0.010848 0.002379 0.000000 0.000000 0.009830 0.000000 0.006145 ]
clk: 549410, wr dram addr: 0x8851480, 142939264, data: [0.006596 0.001073 0.006202 0.007003 0.003717 0.000000 0.000000 0.008783 0.000089 0.000000 0.000000 0.005607 0.006378 0.003684 0.003002 0.003172 ]
clk: 549411, wr dram addr: 0x88514c0, 142939328, data: [0.000114 0.006686 0.000000 0.001458 0.010549 0.004213 0.000000 0.000000 0.009023 0.000000 0.000000 0.007848 0.000000 0.003166 0.013498 0.003964 ]
clk: 549412, wr dram addr: 0x8851500, 142939392, data: [0.002270 0.007699 0.007694 0.000000 0.006936 0.000000 0.009248 0.011645 0.008531 0.000000 0.000000 0.004828 0.004597 0.000000 0.000000 0.002016 ]
clk: 549413, wr dram addr: 0x8851540, 142939456, data: [0.004275 0.000000 0.002928 0.007775 0.011767 0.008051 0.000000 0.009162 0.001138 0.009172 0.006281 0.000000 0.009192 0.002311 0.000000 0.000000 ]
clk: 549414, wr dram addr: 0x8851580, 142939520, data: [0.002375 0.000000 0.010990 0.005193 0.000000 0.007131 0.000000 0.004168 0.008435 0.007142 0.000000 0.000307 0.009970 0.000000 0.027534 0.000000 ]
clk: 549415, wr dram addr: 0x88515c0, 142939584, data: [0.001087 0.000000 0.001026 0.000824 0.013742 0.002840 0.000000 0.000000 0.000000 0.000000 0.000000 0.003150 0.000000 0.000000 0.000000 0.004730 ]
clk: 549416, wr dram addr: 0x8851600, 142939648, data: [0.000000 0.007543 0.003337 0.002292 0.002758 0.000000 0.002227 0.011685 0.000000 0.013137 0.020623 0.004333 0.001850 0.005497 0.000000 0.005867 ]
clk: 549417, wr dram addr: 0x8851640, 142939712, data: [0.000667 0.016588 0.012212 0.005970 0.002345 0.000000 0.005275 0.007252 0.003235 0.000000 0.002703 0.006493 0.000386 0.000514 0.000000 0.009663 ]
clk: 549418, wr dram addr: 0x8851680, 142939776, data: [0.000000 0.005153 0.008338 0.008240 0.012627 0.005794 0.003085 0.005109 0.000000 0.008046 0.005129 0.005240 0.015479 0.000000 0.013480 0.002178 ]
clk: 549419, wr dram addr: 0x88516c0, 142939840, data: [0.000758 0.000586 0.000000 0.012824 0.000000 0.006133 0.000584 0.003609 0.014811 0.000000 0.000000 0.009154 0.006891 0.006491 0.000000 0.016945 ]
clk: 549420, wr dram addr: 0x8851700, 142939904, data: [0.003603 0.002414 0.000000 0.004661 0.002138 0.007503 0.000000 0.008157 0.000440 0.000000 0.006671 0.000000 0.002902 0.000000 0.000000 0.000401 ]
clk: 549421, wr dram addr: 0x8851740, 142939968, data: [0.011970 0.008187 0.000000 0.001287 0.000000 0.006524 0.021359 0.000000 0.000000 0.000000 0.035405 0.007567 0.000957 0.003782 0.029766 0.000000 ]
clk: 549422, wr dram addr: 0x8851780, 142940032, data: [0.000000 0.000000 0.004906 0.006981 0.014776 0.000094 0.054225 0.000000 0.005193 0.000000 0.000226 0.001932 0.010584 0.000000 0.000000 0.007768 ]
clk: 549423, wr dram addr: 0x88517c0, 142940096, data: [0.000000 0.009991 0.000000 0.041624 0.000000 0.000000 0.000000 0.000156 0.004445 0.000000 0.000000 0.022262 0.000000 0.000000 0.015308 0.007862 ]
clk: 549424, wr dram addr: 0x8851800, 142940160, data: [0.009288 0.002045 0.003007 0.007555 0.000034 0.000345 0.000000 0.008833 0.002029 0.005085 0.000000 0.000143 0.000754 0.002194 0.000480 0.010179 ]
clk: 549425, wr dram addr: 0x8851840, 142940224, data: [0.007150 0.006196 0.004419 0.003395 0.004513 0.003557 0.009190 0.000000 0.000000 0.005306 0.009435 0.004387 0.000032 0.010822 0.001517 0.007754 ]
clk: 549426, wr dram addr: 0x8851880, 142940288, data: [0.001079 0.003969 0.010385 0.003687 0.002575 0.002682 0.000000 0.003849 0.005143 0.001165 0.000000 0.003080 0.004104 0.002734 0.006145 0.000000 ]
clk: 549427, wr dram addr: 0x88518c0, 142940352, data: [0.009110 0.002879 0.000000 0.001957 0.001120 0.003303 0.001589 0.005441 0.000000 0.002098 0.013384 0.006560 0.008170 0.003770 0.000000 0.000000 ]
clk: 549428, wr dram addr: 0x8851900, 142940416, data: [0.016122 0.008114 0.008091 0.009273 0.000000 0.008074 0.005806 0.006581 0.007441 0.005715 0.000000 0.007686 0.010879 0.005533 0.002617 0.000000 ]
clk: 549429, wr dram addr: 0x8851940, 142940480, data: [0.003248 0.000000 0.001221 0.003348 0.002078 0.010705 0.009844 0.000677 0.015670 0.004411 0.000000 0.004352 0.008776 0.046491 0.000000 0.005636 ]
clk: 549430, wr dram addr: 0x8851980, 142940544, data: [0.001926 0.008666 0.001194 0.004594 0.004624 0.011012 0.003928 0.006863 0.004883 0.007470 0.000000 0.000251 0.007732 0.005711 0.000000 0.007424 ]
clk: 549431, wr dram addr: 0x88519c0, 142940608, data: [0.000000 0.000000 0.000000 0.000000 0.002789 0.006639 0.000000 0.000000 0.001668 0.007690 0.000000 0.000000 0.000000 0.014621 0.005393 0.006196 ]
clk: 549432, wr dram addr: 0x8851a00, 142940672, data: [0.000000 0.007005 0.003914 0.000000 0.005306 0.000000 0.006795 0.000422 0.005297 0.002824 0.006527 0.001821 0.000000 0.007680 0.013428 0.003997 ]
clk: 549433, wr dram addr: 0x8851a40, 142940736, data: [0.000713 0.000000 0.001897 0.005756 0.002131 0.000000 0.006770 0.000000 0.001356 0.007234 0.003226 0.004135 0.004816 0.021375 0.000755 0.005558 ]
clk: 549434, wr dram addr: 0x8851a80, 142940800, data: [0.000000 0.004577 0.013629 0.000000 0.004406 0.003598 0.005927 0.014701 0.004097 0.005356 0.002356 0.000445 0.010553 0.000000 0.000000 0.000824 ]
clk: 549435, wr dram addr: 0x8851ac0, 142940864, data: [0.003248 0.000000 0.000000 0.000000 0.012194 0.000000 0.000000 0.000000 0.002279 0.001804 0.004830 0.016331 0.000000 0.015871 0.007158 0.005589 ]
clk: 549436, wr dram addr: 0x8851b00, 142940928, data: [0.007869 0.002949 0.007112 0.002474 0.007088 0.001013 0.005553 0.006310 0.000000 0.006559 0.000000 0.000000 0.014829 0.000000 0.000118 0.000000 ]
0.000000 0.005755 0.002346 0.006505 ]
clk: 549364, wr dram addr: 0x8850900, 142936320, data: [0.004011 0.016390 0.003101 0.011747 0.002031 0.002413 0.015071 0.005954 0.003748 0.006687 0.000000 0.007148 0.010742 0.004383 0.004871 0.000825 ]
clk: 549365, wr dram addr: 0x8850940, 142936384, data: [0.000000 0.000000 0.004054 0.006851 0.004491 0.000000 0.000113 0.004522 0.005686 0.013308 0.001978 0.000459 0.000000 0.004726 0.001686 0.003529 ]
clk: 549366, wr dram addr: 0x8850980, 142936448, data: [0.005842 0.001215 0.000198 0.004410 0.008338 0.009848 0.003223 0.003210 0.005765 0.007479 0.000000 0.001006 0.013531 0.003327 0.001237 0.002734 ]
clk: 549367, wr dram addr: 0x88509c0, 142936512, data: [0.004471 0.000002 0.004172 0.003401 0.003138 0.006016 0.005588 0.000000 0.003136 0.000008 0.005200 0.004270 0.010281 0.002143 0.000000 0.013751 ]
clk: 549368, wr dram addr: 0x8850a00, 142936576, data: [0.010187 0.013559 0.003857 0.000672 0.003097 0.010386 0.004963 0.003341 0.013404 0.014415 0.000000 0.007133 0.008048 0.006193 0.001911 0.006321 ]
clk: 549369, wr dram addr: 0x8850a40, 142936640, data: [0.002030 0.006907 0.000000 0.001987 0.007307 0.011624 0.004170 0.007935 0.000000 0.006725 0.006470 0.006752 0.000000 0.000505 0.005522 0.000000 ]
clk: 549370, wr dram addr: 0x8850a80, 142936704, data: [0.007321 0.012699 0.000000 0.000362 0.000000 0.003312 0.000000 0.007420 0.000000 0.000081 0.000000 0.005425 0.005031 0.009089 0.000000 0.000000 ]
clk: 549371, wr dram addr: 0x8850ac0, 142936768, data: [0.003227 0.003619 0.017944 0.002867 0.003524 0.000000 0.009601 0.002360 0.017703 0.002457 0.022630 0.004456 0.003073 0.020054 0.007729 0.003742 ]
clk: 549372, wr dram addr: 0x8850b00, 142936832, data: [0.008008 0.005246 0.009052 0.005750 0.000000 0.000000 0.005081 0.000727 0.000179 0.002708 0.003791 0.010636 0.000000 0.003213 0.000000 0.005531 ]
clk: 549373, wr dram addr: 0x8850b40, 142936896, data: [0.000000 0.002250 0.004256 0.000000 0.002452 0.000000 0.000000 0.001013 0.009969 0.000000 0.008523 0.001826 0.000000 0.004308 0.000000 0.000000 ]
clk: 549374, wr dram addr: 0x8850b80, 142936960, data: [0.004026 0.007179 0.000000 0.000000 0.000454 0.000000 0.000000 0.006635 0.000000 0.000679 0.006177 0.006536 0.000000 0.012979 0.016106 0.001365 ]
clk: 549375, wr dram addr: 0x8850bc0, 142937024, data: [0.009111 0.000000 0.004809 0.000000 0.010198 0.003451 0.005884 0.000000 0.000280 0.005839 0.000923 0.000000 0.005254 0.000000 0.000000 0.010042 ]
clk: 549376, wr dram addr: 0x8850c00, 142937088, data: [0.013108 0.010753 0.000000 0.000922 0.000287 0.009818 0.010836 0.000000 0.005708 0.000000 0.004011 0.006290 0.000000 0.000136 0.000000 0.005399 ]
clk: 549377, wr dram addr: 0x8850c40, 142937152, data: [0.005830 0.006191 0.005339 0.000000 0.008423 0.000000 0.002284 0.000232 0.001096 0.000000 0.006435 0.000000 0.001307 0.016145 0.000000 0.013849 ]
clk: 549378, wr dram addr: 0x8850c80, 142937216, data: [0.007163 0.005839 0.002640 0.000000 0.000500 0.003562 0.005012 0.005685 0.007293 0.000000 0.005951 0.007066 0.000000 0.006781 0.004387 0.009845 ]
clk: 549379, wr dram addr: 0x8850cc0, 142937280, data: [0.011754 0.000000 0.004100 0.005723 0.011537 0.000000 0.003836 0.007697 0.005556 0.000000 0.000000 0.000000 0.010149 0.008605 0.014458 0.008509 ]
clk: 549380, wr dram addr: 0x8850d00, 142937344, data: [0.006971 0.005923 0.006576 0.000000 0.000000 0.005759 0.007154 0.001191 0.005170 0.000195 0.000000 0.000000 0.000000 0.007392 0.000000 0.002099 ]
clk: 549381, wr dram addr: 0x8850d40, 142937408, data: [0.000203 0.000659 0.001528 0.000000 0.005350 0.000000 0.015477 0.006767 0.000000 0.002478 0.010192 0.006906 0.007975 0.009083 0.012339 0.004043 ]
clk: 549436, wr dram addr: 0x8851b00, 142940928, data: [0.007869 0.002949 0.007112 0.002474 0.007088 0.001013 0.005553 0.006310 0.000000 0.006559 0.000000 0.000000 0.014829 0.000000 0.000118 0.000000 ]
0.00886219    0.0193381  -0.00352311   0.00069826  0.000825962  -0.00459854   -0.0113419   -0.0144847
 -0.00996209   -0.0104374    -0.019921   -0.0255136  -0.00573754    0.0038648   -0.0105663    0.0153878
   0.0472382   -0.0197899   -0.0457638   -0.0297125   -0.0014215 -0.000369711     0.051836   -0.0269523
 -0.00581105    0.0260058   0.00844366   -0.0281154   -0.0268748   -0.0379356    0.0075178  -0.00676758
  0.00768008  -0.00785755    -0.019102  -0.00646478   0.00596185   0.00907211 -0.000290098   0.00086948
 0.000742013   0.00347229  0.000782311    -0.013287   0.00245274  -0.00123468   0.00215867  -0.00857583
  0.00507467  -0.00562016  -0.00613269  -0.00530737   0.00205262   0.00356441   0.00336761  -0.00195726
  0.00610777   -0.0127867   -0.0122262  -0.00507248   0.00284317  -0.00164894   0.00146891   0.00195341
-0.000406429  -0.00458796  -0.00258388  -0.00797057   -0.0032441 -0.000709895 -0.000116741  0.000927185
 0.000410111  -0.00339825  -0.00666874  -0.00382325   0.00134691   0.00400347   0.00339343  -0.00354049
 -0.00876573  -0.00280828    -0.022608   -0.0126183   0.00223759  0.000373741 -0.000801279  -0.00606196
   0.0709003   -0.0109262   -0.0456104  -0.00599384   -0.0659085  -0.00912048    0.0456013     0.021619
 -0.00455549    0.0363839   0.00680973   -0.0408536  -0.00456921  -0.00883861    0.0111741   -0.0457546
 -0.00224986  -0.00498678   -0.0121523   -0.0158259   -0.0125316  -0.00881285  -0.00305671    0.0085584
   0.0395685   -0.0210627   -0.0793872   -0.0001087   0.00135221    0.0209454   -0.0181842     0.033891
  -0.0091202   0.00965658   -0.0234863   -0.0148599    0.0229036   0.00756088   0.00794839   -0.0302478
   0.0276512    0.0219407   -0.0651562  -0.00277206   0.00953564   -0.0146214     0.029219   -0.0459001
   0.0300957   -0.0115201   -0.0387616   0.00929719   -0.0154153   -0.0197679    0.0122495    0.0114612
   0.0255857   -0.0011281   0.00686371   -0.0151274  -0.00972185  -0.00856073    0.0160453   -0.0143636
   0.0341138   -0.0210601   -0.0284675 -0.000512077   0.00864754    0.0342921  -0.00172714   0.00200009
  0.00432672    0.0179973  0.000615531   -0.0264295    0.0025457  -0.00814041 -0.000720095   -0.0143859
 0.000955181    0.0410788    0.0109068   -0.0323385   0.00590944   -0.0159705   -0.0241402   -0.0204521
   0.0190272   -0.0100663   -0.0298177   0.00257979   -0.0151693   0.00374112    0.0150347  -0.00756879
   0.0505648   -0.0302059   -0.0454305   0.00474929    0.0126831   0.00365824   0.00757155   -0.0151117
   0.0658118   -0.0263326   -0.0321339    0.0277339   -0.0401599   -0.0111915    0.0113831     0.020427
  0.00885567     0.034067  -0.00390636  -0.00697019   0.00112403  -0.00585829   -0.0151544   -0.0220722
   0.0193455   -0.0381145   -0.0633442  -0.00492497   0.00624071    0.0463981    0.0176645   0.00944054
   0.0100704   -0.0114432    -0.010411   -0.0121434   0.00206644  -0.00123185   0.00973713  -0.00234203
   0.0141815   -0.0276671   -0.0428029   -0.0210984    0.0221473    0.0302408   -0.0131954    0.0122717
  -0.0113805   0.00114037   -0.0214528  -0.00402571     0.012903    0.0209684  -0.00103114  -0.00394915
   0.0256261   0.00595314   -0.0351273  -0.00779977  -0.00437523   -0.0135222    0.0144176   -0.0209642
   0.0521037   -0.0104571   -0.0324759  0.000315709   -0.0478691  -0.00202877    0.0284173    0.0184143
  -0.0032711   -0.0228483   -0.0526315  0.000208181    0.0270191     0.038643  -0.00688754   0.00947297
   0.0339485   -0.0124148   -0.0245336  -0.00769133    0.0124489     0.010636   0.00397669  -0.00651002
   0.0210608   -0.0139884   -0.0197058   -0.0207462    0.0275467    0.0194018    0.0130087   -0.0143656
   0.0181401  -0.00528568   -0.0138214  -0.00970902   -0.0276884   -0.0327447    0.0118203   0.00155911
  0.00185893  -0.00184058   -0.0127257  -0.00295312   0.00535466   0.00704853 -0.000174398  2.29092e-05
   0.0104064  -0.00704027   -0.0300131  -0.00306996    0.0223913    0.0126364    0.0135732   -0.0184407
 0.000951567   0.00395552    -0.021542 -0.000104505   0.00165291  -0.00489016   0.00816711   -0.0131163
  0.00802809   0.00112566   -0.0176748   0.00232197   -0.0133741   0.00830129    0.0132942  -0.00635501
 0.000917896    0.0114362  -0.00010129   -0.0148692   0.00807158  -0.00167309   -0.0124219  -0.00419123
    0.057716   -0.0299309    -0.069441  -0.00538067    0.0132405    0.0119218    0.0130455 -0.000290377
  0.00195575    0.0195724   0.00312888   -0.0179805   0.00236723   -0.0100692   -0.0137587   -0.0108483
  -0.0037954    0.0269577     0.015211   -0.0265754   -0.0138922    -0.016897  -0.00416104    -0.016501
 -0.00125832  -0.00623673   -0.0204037  -0.00610042   0.00616795   0.00383089   0.00328679  -0.00628199
-0.000141891  -0.00953218   -0.0190719  -0.00185065   0.00797647   -0.0042866    -0.015192   0.00648801
-0.000730522  -0.00753951   -0.0175084   -0.0125288  -0.00676729   0.00629591  -0.00576435    0.0036294
  0.00563032  -0.00521731   -0.0118613   -0.0156007   0.00573652  -0.00119125   0.00516325   -0.0153162
   0.0292186   -0.0150131   -0.0403766   -0.0122664    0.0208543    0.0186542    0.0115348   -0.0170738
   0.0241504   -0.0157966   -0.0248642   -0.0179366   0.00151451  -0.00088578     0.020047  -0.00983303
  0.00585223   -0.0028189   -0.0161783  -0.00946943   0.00428044  -0.00251427     0.010253   -0.0122679
   0.0216637   -0.0142412   -0.0124391  -0.00865991   -0.0435999  -0.00025745  -0.00638617    0.0312712
  -0.0110718   0.00947144    0.0101627   -0.0271586    -0.022313   0.00194267    0.0092068    -0.008157
    0.021908    0.0139159   -0.0323192   0.00703058   -0.0208989   -0.0355879    0.0119286  -0.00563322
   0.0300976   -0.0310325   -0.0432865   -0.0232489    0.0264613    0.0264919   0.00876147    0.0115515
  0.00618764     -0.05666   -0.0707754   -0.0376827    0.0296377    0.0427632    0.0335041   -0.0128837
  0.00121215    0.0480739    0.0107983   -0.0332199  0.000861464   -0.0213147   -0.0231762   -0.0264036
  -0.0105325   0.00180119   -0.0329924  -0.00166251   0.00925074   0.00515397  -0.00680566  -0.00755486
    0.015012   0.00504614     -0.01086   -0.0161942   0.00729611  -0.00670969   0.00513548   -0.0139739
   0.0954625   -0.0441427   -0.0481945  -0.00302442   -0.0275041   0.00423404    0.0154259     0.038328
   0.0189012   -0.0186868   -0.0294674  -0.00281214    0.0206132    0.0275664    0.0191859   -0.0161157
 -0.00683192    0.0231877    0.0172013   -0.0518439 -0.000148539   -0.0105041  -0.00246252   -0.0244743
  0.00420464     0.001472  -0.00910618   -0.0118204   -0.0191391  -0.00565794   -0.0108728    0.0193472
   0.0231598    0.0110511   -0.0319541  -0.00905855   0.00134947  -0.00698229    0.0306638   -0.0126637
A nnz: 4456448
X1 nnz: 786431
W1 cols: 32
X2 nnz: 8388608
W2 cols: 8
GCN summary:
GCN passed on ../data/GCN/rmat-18/
total OPs: 541065152
total cycles: 25831519
GCN performance: 20.9459 GOPS
GOPS/W: 0.900066`