argc: 7
argv[0]: ./test_simulator_testsuit
argv[1]: -A
argv[2]: GCN
argv[3]: -D
argv[4]: ../data/GCN/Pubmed/
argv[5]: -I
argv[6]: X_10
V_RW_SPM: total has 6 phy SPM, total addr width 25 bits, each phy spm addr width 22 bits
V_SPM_SINGLE, contains simd 64 blocks, each addr width: 16
V_SPM_SINGLE, contains simd 64 blocks, each addr width: 16
V_SPM_SINGLE, contains simd 64 blocks, each addr width: 16
V_SPM_SINGLE, contains simd 64 blocks, each addr width: 16
V_SPM_SINGLE, contains simd 64 blocks, each addr width: 16
V_SPM_SINGLE, contains simd 64 blocks, each addr width: 16
[ASE]: mapped dsm ptr:0x7f46cd6c8000, succeeded!
[ASE]: start simulatoin loop, max cycles per turn: 1410065408
GCN data dir: ../data/GCN/Pubmed/, x1 file: ../data/GCN/Pubmed/X10.txt
Load Sparse Matrix from file: ../data/GCN/Pubmed/adj_coords_values.txt
clk: 0, flush_stage=0, scheduler_in_v_task=0, scheduler_send_e_task=0, M09_write_to_spm=0, M09_write_to_id_fifo=0, M09_write_to_data_fifo=0, M09_alu_in_num=0, M09_alu_out_num=0, M09_update_dst_read_single_get_task_num=0, M09_update_dst_read_single_send_task_num=0, M09_update_dst_read_single_read_spm_num=0, M09_update_dst_read_single_get_spm_data_num=0
clk: 0, M08_combiner_rv_ct=0, M08_combiner_send_ct=0
0
m02_full: 0 0 0 0 0 0 0 0 0 0 0 0 0 0 0 0 0 0 0 0 0 0 0 0 0 0 0 0 0 0 0 0 0 0 0 0 0 0 0 0 0 0 0 0 0 0 0 0 0 0 0 0 0 0 0 0 0 0 0 0 0 0 0 0
m03_v_full: 0 0 0 0 0 0 0 0 0 0 0 0 0 0 0 0 0 0 0 0 0 0 0 0 0 0 0 0 0 0 0 0 0 0 0 0 0 0 0 0 0 0 0 0 0 0 0 0 0 0 0 0 0 0 0 0 0 0 0 0 0 0 0 0
m03_e_full: 0 0 0 0 0 0 0 0 0 0 0 0 0 0 0 0 0 0 0 0 0 0 0 0 0 0 0 0 0 0 0 0 0 0 0 0 0 0 0 0 0 0 0 0 0 0 0 0 0 0 0 0 0 0 0 0 0 0 0 0 0 0 0 0
m04_full: 0 0 0 0 0 0 0 0 0 0 0 0 0 0 0 0 0 0 0 0 0 0 0 0 0 0 0 0 0 0 0 0 0 0 0 0 0 0 0 0 0 0 0 0 0 0 0 0 0 0 0 0 0 0 0 0 0 0 0 0 0 0 0 0
m05_full: 0 0 0 0 0 0 0 0 0 0 0 0 0 0 0 0 0 0 0 0 0 0 0 0 0 0 0 0 0 0 0 0 0 0 0 0 0 0 0 0 0 0 0 0 0 0 0 0 0 0 0 0 0 0 0 0 0 0 0 0 0 0 0 0
m06_full: 0 0 0 0 0 0 0 0 0 0 0 0 0 0 0 0 0 0 0 0 0 0 0 0 0 0 0 0 0 0 0 0 0 0 0 0 0 0 0 0 0 0 0 0 0 0 0 0 0 0 0 0 0 0 0 0 0 0 0 0 0 0 0 0
m07_full: 0 0 0 0 0 0 0 0 0 0 0 0 0 0 0 0 0 0 0 0 0 0 0 0 0 0 0 0 0 0 0 0 0 0 0 0 0 0 0 0 0 0 0 0 0 0 0 0 0 0 0 0 0 0 0 0 0 0 0 0 0 0 0 0
m08_full: 0 0 0 0 0 0 0 0 0 0 0 0 0 0 0 0 0 0 0 0 0 0 0 0 0 0 0 0 0 0 0 0 0 0 0 0 0 0 0 0 0 0 0 0 0 0 0 0 0 0 0 0 0 0 0 0 0 0 0 0 0 0 0 0
m09_full: 0 0 0 0 0 0 0 0 0 0 0 0 0 0 0 0 0 0 0 0 0 0 0 0 0 0 0 0 0 0 0 0 0 0 0 0 0 0 0 0 0 0 0 0 0 0 0 0 0 0 0 0 0 0 0 0 0 0 0 0 0 0 0 0
clk: 1, rd_active_vertex: change empty, front=0, now=1
clk: 1, rd_active_vertex: change empty, front=0, now=1
[ASE_dev]: trigger ase event: 4
Loaded Sparse Matrix, edges size:19717, counted v_id:19717
Sparse Matrix: CSR_MATRIX
rows: 19717, cols: 19717
v num: 19717, e num: 108365

SparseMatrix reform from src v num: 19717 to dst v num: 19717
Load Sparse Matrix from file: ../data/GCN/Pubmed/X10.txt
Loaded Sparse Matrix, edges size:19717, counted v_id:19717
Sparse Matrix: CSR_MATRIX
rows: 19717, cols: 500
v num: 19717, e num: 982074

SparseMatrix reform from src v num: 19717 to dst v num: 500
A: rows=19717, cols=19717
X1: rows=19717, cols=500
W1: rows=500, cols=32
W2: rows=32, cols=3
SPMM res rows: 19717, cols: 32
Sparse Matrix: CSC_MATRIX
rows: 19717, cols: 500
v num: 500, e num: 982074

SPMM res rows: 19717, cols: 32
Sparse Matrix: CSC_MATRIX
rows: 19717, cols: 19717
v num: 19717, e num: 108365

SPMM res rows: 19717, cols: 3
Sparse Matrix: CSC_MATRIX
rows: 19717, cols: 19717
v num: 19717, e num: 108365

X2: rows=19717, cols=32
X3: rows=19717, cols=3
    0.520469     0.203439    -0.529283
    0.743439     0.209568     -0.78748
    0.575066     0.122427    -0.464604
    0.267083    0.0817364    -0.198408
    0.792621     0.316716     -0.93835
    0.171019     0.169286    -0.185353
    0.592653     0.621516    -0.964328
    0.854181      0.62024     -1.13581
  -0.0133611     0.921216    -0.844903
    0.438879     0.144206    -0.334868
    0.470442     0.315054     -0.53688
    0.562695     0.481275    -0.943103
    0.731387      1.12888     -1.61482
    0.359306    0.0425126    -0.255151
    0.416459    0.0198748    -0.332179
    0.308728     0.543604    -0.671057
      1.1882     0.350255     -1.06978
    0.891614     0.485474     -1.12706
    0.620333     0.457174    -0.936632
    0.363599      0.32445    -0.532234
     0.54129     0.295103    -0.731955
    0.566962     0.225999    -0.576268
    0.639683     0.165566      -0.6559
  -0.0577594     0.492044    -0.424947
    0.166866     0.798451    -0.898951
    0.313143    -0.532668     0.898566
     0.59744     0.640114     -1.02249
    0.454043     0.234908    -0.515356
    0.437398    0.0562297    -0.350197
       0.252     0.697507    -0.839116
    0.210565     0.672806    -0.844298
    0.144316     0.356054    -0.389907
    0.720022     0.155029    -0.697631
    0.184341     0.374018    -0.435771
    0.173478     0.363843    -0.396736
    0.655224     0.425807    -0.739036
    0.111232     0.517668    -0.545389
    0.104301     0.210547    -0.177351
    0.183737     0.356579    -0.362739
   0.0522702     0.447103    -0.427897
     0.35798     0.428086    -0.606373
    0.480165     0.333711    -0.640336
    0.192835     0.152171    -0.253521
    0.456678     0.213336     -0.50438
    0.174084      0.31166    -0.339009
   0.0531907     0.598858    -0.578408
     0.55582     0.786262     -1.14181
    0.910763     0.882344     -1.43602
    0.552717     0.391997    -0.737222
    0.250648      0.42641    -0.495796
   0.0696075      0.29871    -0.249712
    0.209813     0.233678    -0.263141
    0.316524     0.537425    -0.777821
    0.187552     0.266072    -0.308422
    0.281632     0.327946    -0.476916
    0.409424   -0.0178676    -0.227335
    0.240231     0.333604    -0.492221
    0.417723     0.255489    -0.541405
    0.603044     0.338934    -0.803882
    0.177038      0.36259    -0.384269
    0.132745     0.402947    -0.402138
    0.980109     0.209974    -0.938049
    0.249165     0.251597    -0.363853
     0.45684     0.490439    -0.799705
    0.269898    0.0965899    -0.244451
    0.306961      0.22716    -0.408497
    0.286085     0.340635     -0.55223
    0.306675     0.494657    -0.701656
    0.725509     0.243311     -0.83317
    0.462541   -0.0122657    -0.275802
    0.263541    0.0185474    -0.148014
    0.207788     0.393201    -0.516139
     0.44294    0.0992536    -0.364391
    0.693765      0.18787    -0.696658
     0.49657    0.0303063    -0.318897
    0.280343     0.115614    -0.223604
    0.339058     0.275467    -0.475603
    0.384675    0.0829037    -0.308139
    0.552116     0.405069    -0.763015
    0.386905    -0.220778     0.037868
    0.283407     0.544162    -0.751689
   0.0216528     0.147505   -0.0760546
    0.229484     0.508278    -0.667557
    0.321741     0.332921    -0.562248
    0.405079     0.256728    -0.537112
    0.194428      0.28311    -0.383374
    0.319497     0.834737     -1.05428
     0.28799     0.188385    -0.342303
    0.104667     0.193178    -0.188424
    0.463224     0.317311      -0.6669
     0.17523     0.331361     -0.38679
    -0.24855     0.990133    -0.755801
    0.352202     0.255645    -0.479128
    0.393096     0.408956    -0.644731
    0.272362     0.164493    -0.259746
    0.121124     0.298034    -0.297284
    0.456779    -0.164794    -0.120127
    0.295168     0.351492    -0.503395
   -0.166612     0.307131   -0.0463389
    0.207609     0.521905    -0.587662
    0.506858     0.146219    -0.481398
    0.489497     0.233903    -0.583974
    0.217208     0.262494    -0.395885
    0.603494   -0.0426831    -0.369651
    0.696639    0.0997508    -0.529586
    0.221171     0.407961    -0.511055
    0.150202     0.224364    -0.228867
    0.267597     0.452299    -0.620327
    0.294995     0.420735    -0.630337
    0.403979     0.200972    -0.446781
    0.283894     0.392844       -0.549
    0.422962   -0.0112763    -0.228027
    0.456651     0.453194    -0.787447
    0.474143      0.08577    -0.387647
    0.685131    0.0532876    -0.558685
    0.243494     0.307191    -0.438286
    0.295614     0.147532    -0.306216
    0.254895      -0.4181     0.744406
  -0.0963734     0.377478    -0.178698
    0.429615   -0.0505785    -0.167837
    0.108137     0.145857     -0.11864
    0.159458      0.42836    -0.502382
    0.222706     0.229993    -0.306504
    0.238664      0.28564    -0.450092
    0.349946     0.705936    -0.995232
    0.190029     0.183622    -0.298317
    0.326717     0.169234    -0.359122
    0.275473     0.241465    -0.360808
    0.485109     0.260382    -0.541226
    0.857383    -0.202357    -0.428774
   -0.310254      0.33431  -0.00359888
    0.351836     0.199356    -0.456165
    0.677941    -0.152251    -0.214778
    0.171317     0.528648     -0.62834
    0.256469   -0.0277759   -0.0765752
    0.258709      0.82467      -1.0026
    0.212749    0.0243859    -0.068538
    0.247774     0.962517     -1.14551
    0.144887     0.109692    -0.124065
     0.45092     0.112268    -0.410474
    0.520282     0.181383    -0.524031
    0.412347     0.162706    -0.403698
    0.477744  -0.00736982    -0.279358
    0.352997   -0.0992615    0.0135952
    0.398332     0.295981    -0.514766
    0.497893     0.225928    -0.587044
     0.28262      0.46723    -0.669914
    0.492505     0.318927    -0.667958
    0.526068    -0.104793    -0.231772
    0.272588   -0.0197882   -0.0283971
    0.290039    0.0283321    -0.179538
    0.642609    -0.160308    -0.251306
    0.495995    -0.291178     -0.02979
    0.533504     0.323159    -0.655355
    0.275395     0.356307    -0.535951
     0.50377     0.774687     -1.20459
     0.97959      0.06918    -0.656916
    0.427564     0.247277    -0.548387
    0.306769  -0.00297976    -0.156512
    0.605513   -0.0812636    -0.343984
    0.550551     0.262339    -0.634811
     0.34419     0.352407    -0.590054
    0.170422     0.623357    -0.717519
    0.367051     0.149292    -0.382103
    0.245489     0.431365    -0.591928
    0.279025     0.212957    -0.371127
    0.449258     0.152219    -0.423057
    0.437267     0.279361     -0.57488
    0.227109     0.469443    -0.617701
    0.465205     0.292923    -0.618573
    0.597089    -0.204348    -0.132203
    0.341207     0.320604    -0.536063
    0.343206     0.781902     -1.04825
    0.247339     0.359225    -0.534573
    0.354054     0.524359    -0.826447
     0.53809  -0.00465731    -0.328269
    0.394903      0.35403    -0.566771
    0.092822     0.353116    -0.319688
    0.358053     0.230709    -0.452066
    0.473067    -0.028722    -0.243429
    0.418198    -0.217142   -0.0147776
     0.33397    0.0159418    -0.187443
    0.285751     0.316022    -0.468468
    0.108579     0.193067    -0.146386
    0.391175     0.132048    -0.381389
     0.51959     0.479943     -0.91854
    0.184256     0.283525    -0.328682
    0.613934   -0.0603907    -0.351879
    0.441093     0.407712    -0.731624
    0.291353     0.367782    -0.553203
    0.278208     0.160171    -0.280429
  -0.0710422     0.323754    -0.168709
    0.301982     0.284719    -0.431661
    0.143773     0.456471      -0.4768
    0.344977     0.209252    -0.446234
    0.352249     0.252887    -0.442372
   0.0629991     0.419006    -0.413646
    0.315257     0.135919    -0.280478
    0.198815     0.440818    -0.535088
    0.383988     0.210911    -0.442399
    0.703318    -0.191353    -0.313475
    0.154616     0.220583    -0.285488
  -0.0114658      0.56779     -0.50488
     0.30606    -0.125127    0.0523687
    0.250125     0.564657    -0.717397
    0.403862     0.305624    -0.588905
    0.283941     0.473403    -0.682782
    0.416869     0.284239    -0.553097
    0.589305    -0.354784   -0.0451892
    0.687012    0.0567252    -0.591714
    0.783037    -0.309432     -0.19375
    0.468766     0.412265     -0.76142
    0.516344     0.602874     -1.03671
    0.166478     0.197554    -0.255944
    0.315846     0.292981    -0.474039
    0.220995       0.8099     -0.97292
    0.177965     0.492243    -0.576464
    0.348036    0.0490305    -0.262013
    0.136311     0.455538    -0.498238
    0.256582    -0.250508     0.208711
    0.356812      0.18849     -0.40683
    0.221378     0.131688    -0.214115
    0.401778    0.0207929    -0.249293
     0.38078     0.294038    -0.550423
    0.248374      0.31302    -0.458049
    0.422091     0.197926    -0.470786
    0.201011     0.281112    -0.378828
  -0.0615534     0.465677    -0.379814
    0.461684    0.0476029    -0.407923
    0.618696   -0.0400781     -0.35144
    0.374298     0.258936    -0.527605
    0.659163    -0.181585    -0.265148
    0.347163     0.109334     -0.32415
     0.27721   -0.0306271    -0.048153
    0.529941     0.620818     -1.05033
    0.357267     0.148121    -0.361336
    0.243125     0.251769    -0.409057
      0.3672      0.31633    -0.575142
    0.244704     0.224153    -0.311673
    0.417568    0.0756012    -0.276941
    0.310723    -0.224972     0.215474
    0.160515     0.196472    -0.207058
   0.0425585     0.502011     -0.44474
    0.174419     0.226907    -0.269308
    0.246249    0.0763716    -0.215029
   -0.062936     0.308093    -0.192284
   -0.172034     0.805637    -0.565425
  -0.0468246      1.03952    -0.959518
   -0.145415     0.390395    -0.228015
     0.62619    -0.195399    -0.229427
    0.536216     0.342028    -0.772907
    0.620915   -0.0224975    -0.390542
    0.751438    0.0813659    -0.671008
    0.392243     0.256159    -0.525987
     0.62008      0.19843    -0.609423
    0.369134     0.180787    -0.435427
    0.182934      0.33282    -0.394731
     0.70216    0.0153803    -0.530151
    0.167058     0.470842    -0.542899
    0.844557     0.313438    -0.963078
     0.42943    0.0490509    -0.313152
    0.545103     0.161396    -0.541429
   0.0656621    0.0713822  -0.00227484
    0.285891     0.179893    -0.339665
    0.408015      0.27677    -0.562652
    0.375317    0.0277213     -0.22264
    0.184783     0.500353    -0.629713
    0.311786     0.321397    -0.483709
    0.283312    0.0510668    -0.116492
    0.268874     0.819214    -0.976062
   -0.137882     0.311256    -0.180551
    0.289139     0.398027    -0.580941
    0.310954     0.949037     -1.15208
    0.594369     0.420296    -0.853352
    0.480634       0.0668    -0.415638
    0.186287     0.190705    -0.285829
    0.101344     0.271941    -0.287989
    0.271822     0.496815    -0.699782
    0.339629     0.384562    -0.614706
     0.65428     0.144001    -0.628214
    0.252074    -0.353217      0.35848
    0.335021      0.37591    -0.577266
    0.190401     0.125288    -0.168862
    0.239977     0.488746    -0.628878
  0.00818645     0.486881    -0.400891
    0.294772    0.0976988    -0.257421
    0.359132   -0.0118288    -0.182782
    0.364672     0.212234    -0.462032
    0.151807    0.0296253  -0.00543468
  -0.0926545     0.180647   -0.0230427
    0.111306     0.402923    -0.431345
    0.438041     0.392938    -0.730094
    -0.12736      0.90398    -0.765182
    0.707016     0.222546    -0.760656
    0.380175     0.320132    -0.550566
    0.292861     0.300051    -0.482632
    0.678056    -0.150541    -0.374456
    0.223875     0.135179    -0.209147
    0.239248     0.562601    -0.747626
    0.125417     0.436192    -0.490642
    0.452649     -0.17706   -0.0499813
    0.238343    -0.137412     0.170185
     1.27703    -0.202947    -0.741446
   0.0360687     0.701256    -0.699277
    0.410775     0.133595    -0.399867
    0.201458    0.0810462    -0.135284
    0.263881     0.295785    -0.422062
    0.367255     0.413932    -0.702395
    0.241537     0.351036    -0.478804
    0.168098     0.581767     -0.65539
   -0.047989     0.410946    -0.257726
    0.259745     0.517869    -0.724766
A nnz: 108365
X1 nnz: 982074
W1 cols: 32
X2 nnz: 630944
W2 cols: 3
GCN summary:
GCN passed on ../data/GCN/Pubmed/
total OPs: 74223950
total cycles: 1580087
GCN performance: 46.9746 GOPS
GOPS/W: 2.01854
