argc: 7
argv[0]: ./test_simulator_testsuit
argv[1]: -A
argv[2]: GCN
argv[3]: -D
argv[4]: ../data/GCN/Citeseer/
argv[5]: -I
argv[6]: X_10
V_RW_SPM: total has 6 phy SPM, total addr width 25 bits, each phy spm addr width 22 bits
V_SPM_SINGLE, contains simd 64 blocks, each addr width: 16
V_SPM_SINGLE, contains simd 64 blocks, each addr width: 16
V_SPM_SINGLE, contains simd 64 blocks, each addr width: 16
V_SPM_SINGLE, contains simd 64 blocks, each addr width: 16
V_SPM_SINGLE, contains simd 64 blocks, each addr width: 16
V_SPM_SINGLE, contains simd 64 blocks, each addr width: 16
[ASE]: mapped dsm ptr:0x7f1b6fb5f000, succeeded!
[ASE]: start simulatoin loop, max cycles per turn: 1410065408
GCN data dir: ../data/GCN/Citeseer/, x1 file: ../data/GCN/Citeseer/X10.txt
Load Sparse Matrix from file: ../data/GCN/Citeseer/adj_coords_values.txt
clk: 0, flush_stage=0, scheduler_in_v_task=0, scheduler_send_e_task=0, M09_write_to_spm=0, M09_write_to_id_fifo=0, M09_write_to_data_fifo=0, M09_alu_in_num=0, M09_alu_out_num=0, M09_update_dst_read_single_get_task_num=0, M09_update_dst_read_single_send_task_num=0, M09_update_dst_read_single_read_spm_num=0, M09_update_dst_read_single_get_spm_data_num=0
clk: 0, M08_combiner_rv_ct=0, M08_combiner_send_ct=0
0
m02_full: 0 0 0 0 0 0 0 0 0 0 0 0 0 0 0 0 0 0 0 0 0 0 0 0 0 0 0 0 0 0 0 0 0 0 0 0 0 0 0 0 0 0 0 0 0 0 0 0 0 0 0 0 0 0 0 0 0 0 0 0 0 0 0 0
m03_v_full: 0 0 0 0 0 0 0 0 0 0 0 0 0 0 0 0 0 0 0 0 0 0 0 0 0 0 0 0 0 0 0 0 0 0 0 0 0 0 0 0 0 0 0 0 0 0 0 0 0 0 0 0 0 0 0 0 0 0 0 0 0 0 0 0
m03_e_full: 0 0 0 0 0 0 0 0 0 0 0 0 0 0 0 0 0 0 0 0 0 0 0 0 0 0 0 0 0 0 0 0 0 0 0 0 0 0 0 0 0 0 0 0 0 0 0 0 0 0 0 0 0 0 0 0 0 0 0 0 0 0 0 0
m04_full: 0 0 0 0 0 0 0 0 0 0 0 0 0 0 0 0 0 0 0 0 0 0 0 0 0 0 0 0 0 0 0 0 0 0 0 0 0 0 0 0 0 0 0 0 0 0 0 0 0 0 0 0 0 0 0 0 0 0 0 0 0 0 0 0
m05_full: 0 0 0 0 0 0 0 0 0 0 0 0 0 0 0 0 0 0 0 0 0 0 0 0 0 0 0 0 0 0 0 0 0 0 0 0 0 0 0 0 0 0 0 0 0 0 0 0 0 0 0 0 0 0 0 0 0 0 0 0 0 0 0 0
m06_full: 0 0 0 0 0 0 0 0 0 0 0 0 0 0 0 0 0 0 0 0 0 0 0 0 0 0 0 0 0 0 0 0 0 0 0 0 0 0 0 0 0 0 0 0 0 0 0 0 0 0 0 0 0 0 0 0 0 0 0 0 0 0 0 0
m07_full: 0 0 0 0 0 0 0 0 0 0 0 0 0 0 0 0 0 0 0 0 0 0 0 0 0 0 0 0 0 0 0 0 0 0 0 0 0 0 0 0 0 0 0 0 0 0 0 0 0 0 0 0 0 0 0 0 0 0 0 0 0 0 0 0
m08_full: 0 0 0 0 0 0 0 0 0 0 0 0 0 0 0 0 0 0 0 0 0 0 0 0 0 0 0 0 0 0 0 0 0 0 0 0 0 0 0 0 0 0 0 0 0 0 0 0 0 0 0 0 0 0 0 0 0 0 0 0 0 0 0 0
m09_full: 0 0 0 0 0 0 0 0 0 0 0 0 0 0 0 0 0 0 0 0 0 0 0 0 0 0 0 0 0 0 0 0 0 0 0 0 0 0 0 0 0 0 0 0 0 0 0 0 0 0 0 0 0 0 0 0 0 0 0 0 0 0 0 0
clk: 1, rd_active_vertex: change empty, front=0, now=1
clk: 1, rd_active_vertex: change empty, front=0, now=1
Loaded Sparse Matrix, edges size:3327, counted v_id:3327
Sparse Matrix: CSR_MATRIX
rows: 3327, cols: 3327
v num: 3327, e num: 12431

SparseMatrix reform from src v num: 3327 to dst v num: 3327
[ASE_dev]: trigger ase event: 4
Load Sparse Matrix from file: ../data/GCN/Citeseer/X10.txt
Loaded Sparse Matrix, edges size:3327, counted v_id:3327
Sparse Matrix: CSR_MATRIX
rows: 3327, cols: 3703
v num: 3327, e num: 1238618

SparseMatrix reform from src v num: 3327 to dst v num: 3703
A: rows=3327, cols=3327
X1: rows=3327, cols=3703
W1: rows=3703, cols=32
W2: rows=32, cols=6
SPMM res rows: 3327, cols: 32
Sparse Matrix: CSC_MATRIX
rows: 3327, cols: 3703
v num: 3703, e num: 1238618

SPMM res rows: 3327, cols: 32
Sparse Matrix: CSC_MATRIX
rows: 3327, cols: 3327
v num: 3327, e num: 12431

SPMM res rows: 3327, cols: 6
Sparse Matrix: CSC_MATRIX
rows: 3327, cols: 3327
v num: 3327, e num: 12431

X2: rows=3327, cols=32
X3: rows=3327, cols=6
   -0.105669   -0.0603657   0.00588334    0.0746414    0.0125226    0.0165897
  -0.0214785    0.0278649   -0.0345015     0.010771    0.0274937   -0.0363108
  0.00227393  -0.00310152    0.0106591   -0.0646066     0.181044    -0.165418
    0.189882   -0.0382565     -0.23475   0.00577742     0.107774    -0.039474
   0.0105422    -0.120195   -0.0619004     0.046591    0.0588815    0.0312791
   -0.060701    -0.099884    -0.115487     0.173902    0.0672175   -0.0473318
   0.0127862    0.0261683    -0.015273    -0.040314    0.0109901  -0.00555793
   0.0887746    0.0180812  -0.00586119    -0.138863    0.0391662  -0.00867478
  -0.0212154   -0.0980729  -0.00590062     0.071826      0.03144   -0.0328879
    0.018777   -0.0699124   -0.0466053   -0.0292472    0.0398744    0.0670712
 0.000461267   0.00782438   -0.0213028    -0.021168    0.0421308   -0.0229214
  -0.0218846    -0.115263   -0.0851488     0.124507    0.0644085   -0.0242038
   0.0313637   -0.0274858   -0.0874812   -0.0069611    0.0823487     -0.02103
   0.0240346   -0.0422134   -0.0421657  -0.00268122    0.0605441   -0.0288101
  -0.0490238     0.133425    0.0185923  -0.00745932    -0.036775   -0.0961527
   0.0191961     0.058355    0.0139743    0.0033176  0.000558175    -0.124394
   0.0421083    0.0195846   -0.0680345  -0.00614467    0.0505422   -0.0497952
  -0.0111943    0.0486612   -0.0396021   -0.0144441    0.0527274   -0.0519362
 -0.00290877   -0.0391565   -0.0754282    0.0543255     0.018325    0.0103447
  -0.0183643    0.0220172    -0.192776    0.0978425    0.0520917   -0.0100605
   0.0172272   -0.0976365   -0.0473031    0.0168827    0.0797197 -0.000541934
 -0.00619228    0.0386632   -0.0759894    0.0176978    0.0267388   -0.0249433
  -0.0388789   -0.0431195   -0.0484686    0.0335367    0.0779386   -0.0191896
    0.152665    -0.142974    -0.172916    0.0453027    0.0729716    0.0160117
  -0.0387457    -0.110022   -0.0496676    0.0310408    0.0881095     0.033516
   0.0376408   -0.0244758   -0.0482956    0.0292162    0.0215708   -0.0335563
   0.0458473   -0.0521505   -0.0247944   -0.0129263    0.0615075   -0.0371012
   0.0145977 -0.000591363   -0.0552022    0.0341644    0.0350781   -0.0562313
  -0.0148924   -0.0852291   -0.0770983   0.00469667     0.134046   -0.0143399
   0.0131301   -0.0812785   -0.0613287    0.0396481    0.0462982    0.0117582
  -0.0200486  -0.00303857  -0.00144795  0.000431025    0.0186214   -0.0181404
    0.018298    0.0188095    -0.041346   -0.0183489    0.0389047   -0.0254293
   0.0106236   0.00335299   -0.0199152   -0.0422747    0.0572604   -0.0205093
  -0.0336504   -0.0478366   -0.0313572    0.0160621    0.0307866    0.0255234
   0.0545998   -0.0449762   -0.0609222    0.0380527    0.0497863   -0.0615019
   0.0131254   -0.0400782    0.0489479   -0.0898229    0.0643131   -0.0208395
  -0.0123008   -0.0133617    -0.033091    0.0872216    0.0803699    -0.159549
   0.0743024    0.0160753   -0.0662092   -0.0147899   -0.0229934    0.0081141
  -0.0461766  -0.00155647    0.0476834  -0.00461881    0.0310732   -0.0653713
 -0.00746026    0.0174906   -0.0345634   -0.0255665    0.0879066   -0.0474253
   0.0366625     0.099296   -0.0112186    -0.226974     0.124142   -0.0236281
  -0.0323642   -0.0456158   -0.0581245    0.0755641     0.067882   -0.0608014
   -0.035223    0.0419254    -0.078091   0.00795876    0.0826635   -0.0349787
   0.0202381   -0.0222088   -0.0659976    0.0195882     0.055454   -0.0328681
  -0.0516949    -0.109091   -0.0268574    0.0194603    0.0771038    0.0440758
  -0.0618338    0.0421815   0.00053525    0.0142101    0.0271119   -0.0470519
   0.0141812   -0.0837723   -0.0484983    0.0295482    0.0381068    0.0168621
   0.0579401    0.0394465    -0.170515    0.0599104    0.0779129    -0.110297
  0.00127741  -0.00431564    0.0321808   -0.0263261     0.053181   -0.0855028
   0.0490282  -0.00378737   -0.0583806   -0.0496216    0.0543176   -0.0178143
   -0.084269    0.0162199   -0.0731575    0.0314137     0.253327    -0.189771
   0.0484197   -0.0819201   -0.0791297   -0.0128357    0.0953679   0.00219395
   0.0140896  0.000513237   -0.0845734    0.0532869     0.026947   -0.0375813
    0.153465   -0.0345467   -0.0976823   -0.0827623    0.0421557    0.0191304
   -0.110881    -0.022287    -0.050205     0.144892  0.000296624   -0.0436825
   0.0192143    0.0624275   -0.0142246   -0.0266256     0.051518    -0.107674
   -0.016221   -0.0424538     -0.12491    0.0283679    0.0757131    0.0480088
  0.00953501   -0.0243375   -0.0777993    0.0416123     0.060061   -0.0386848
  -0.0700671    0.0532958    -0.118724     0.125034    0.0638946     -0.12588
 -0.00606218   -0.0386638   -0.0245536    0.0302531    0.0301251   -0.0252418
   0.0173005   -0.0264215    0.0221634    0.0313495  -0.00616143   -0.0713198
    0.240399   -0.0513806     -0.14306     -0.12603     0.106127   -0.0273602
   0.0461868   0.00867176    -0.051925   -0.0125217     0.009738  -0.00517934
   0.0362442   -0.0371727  0.000713695    0.0384474   -0.0294148   -0.0393531
    0.583696   -0.0767052    -0.350051    -0.240342    0.0402681    0.0436485
  -0.0166711   -0.0314361   -0.0279496     0.035844  -0.00204043    0.0102542
  -0.0446936 -0.000725106   0.00988636    0.0120996    0.0106147   -0.0262928
   0.0963563    -0.107836    -0.109474     0.032116     0.102996    -0.036848
   0.0234668   0.00723915   -0.0456413   -0.0129498    0.0561816   -0.0349384
   0.0104908    -0.144472 -0.000442818  -0.00434132    0.0745311    0.0126834
  0.00939089   -0.0499552    -0.111624    0.0336159    0.0643073    0.0180094
  -0.0906444   -0.0498957    0.0845575    0.0140545   0.00847127   -0.0154252
   0.0407688  -0.00719081   -0.0341704   -0.0332511   0.00228675    0.0245866
   0.0628366   -0.0105355  -0.00117439   -0.0578657    0.0549327   -0.0592454
 -0.00939319   -0.0434713   -0.0185552    0.0469194   -0.0255365    0.0138643
   0.0685031   -0.0595779    -0.125467    0.0515297     0.107195   -0.0705003
   0.0063175  -0.00957782   -0.0231129   0.00749032    0.0490304   -0.0669946
   0.0686877   0.00365109   -0.0371257    -0.015578    0.0134936   -0.0366319
 -0.00377509   0.00191895    0.0158846   0.00973803    0.0123413   -0.0655604
  -0.0126523     0.109275   -0.0913153    0.0397111    0.0161027    -0.093068
  -0.0065246    -0.081886   -0.0324636     0.027791    0.0802409   -0.0267849
   0.0513183   -0.0165484   -0.0497234   0.00145199    0.0228186   -0.0326674
   -0.038105    -0.030503   -0.0196003   0.00731343    0.0345823    0.0149886
  -0.0188922  0.000783492   -0.0701732    0.0626153   0.00664721    -0.054576
 -0.00195417   -0.0266115  -0.00802653    0.0121988  -0.00662158    0.0069847
 -0.00330136   -0.0229228   0.00293192  -0.00101071   -0.0112121    0.0134728
  -0.0278962   -0.0277314    0.0238568 -0.000880178   -0.0328649    0.0289513
    0.170337   -0.0661895    -0.145919   0.00599083    0.0757482     -0.04047
  -0.0313978    0.0281056   0.00409358    0.0227412    0.0191218   -0.0865626
   0.0441073    0.0246406    -0.124003    0.0288209    0.0182553    -0.044294
 -0.00770833   -0.0577253   -0.0395112   -0.0659758    0.0588769    0.0778175
  -0.0158894     0.027395   -0.0300083   -0.0113574    0.0693253   -0.0633041
  -0.0144438   -0.0518705   -0.0648527    0.0539113    0.0354368   0.00251682
   0.0015528   -0.0351546   -0.0600783    0.0273119    0.0301868   0.00883373
  -0.0224534    0.0445231    0.0121641   0.00520944   -0.0239582   -0.0518574
 -0.00821196    0.0714745   -0.0353591   -0.0238273  -0.00940044   -0.0174145
  -0.0720434   -0.0337283    0.0103101    0.0548325      0.05159   -0.0550951
  -0.0250885   -0.0144909   -0.0308387     0.012561    0.0324064   0.00412903
   0.0743019    0.0221793   -0.0440771   -0.0295923    0.0449398   -0.0705217
   0.0537662    -0.036477   -0.0676086  -0.00532103    0.0351043   0.00432976
   0.0225008    0.0655046   -0.0999726   -0.0587764    0.0645674   0.00647113
   0.0225008    0.0655046   -0.0999726   -0.0587764    0.0645674   0.00647113
   0.0225008    0.0655046   -0.0999726   -0.0587764    0.0645674   0.00647113
   0.0749564   -0.0731119   -0.0736296    -0.063889    0.0647623    0.0558314
   0.0170287   -0.0394445   -0.0991827    0.0933907    0.0339527     -0.05194
   0.0250677    -0.101162    -0.132104     0.103913    0.0888257   -0.0279106
  -0.0537307   -0.0936992   -0.0468821    0.0307682     0.135795   -0.0269201
-0.000452666   -0.0541736   -0.0681737     0.134117    0.0260365    -0.100307
  -0.0147107    -0.012893   -0.0510119    0.0993701   -0.0254942    -0.049715
    0.001118   -0.0356193    -0.051022   0.00251838    0.0433577   0.00909969
  0.00491611 -0.000972106   -0.0513381    0.0267669 -4.12308e-05  5.59399e-05
  -0.0131531    0.0561117    0.0764183   -0.0500696    0.0199995    -0.107949
 -0.00489713   -0.0172708    0.0303515    0.0195344    0.0382775     -0.10528
  -0.0842789    0.0277377  1.76672e-06    0.0572107   0.00230731   -0.0501518
  -0.0263095   -0.0107311 -0.000380371    0.0186805    0.0272335   -0.0468972
   0.0386783    -0.102828    -0.106816    0.0373917     0.131773   -0.0318977
  0.00283153   -0.0389793   -0.0604807    0.0394338    0.0365884  -0.00336946
 -0.00512841    0.0273554   -0.0214657   -0.0149535 -0.000819586  -0.00823021
  0.00590969   0.00108192  -0.00377654    0.0239928   0.00799507   -0.0636598
   0.0188021   -0.0352938   -0.0938277     0.114877    0.0200668    -0.077059
   0.0407389    -0.126994    -0.132349    0.0120957     0.206206   -0.0270034
  -0.0723722    0.0184947    0.0064778    0.0706182   -0.0395827   -0.0340523
  -0.0501693   -0.0019373    0.0199177    0.0452455   -0.0184116    -0.036394
 -0.00637855    -0.113487    -0.144118    0.0625694     0.187195   -0.0423158
 0.000985124   -0.0638198   -0.0685111    0.0155788     0.104667   -0.0121916
  -0.0924993   -0.0668729    0.0644085    0.0861426   -0.0565861   0.00129057
  -0.0871122   -0.0186209   -0.0856433     0.077575    0.0498442   0.00748175
  0.00667512    0.0246682   -0.0604234    0.0410143    0.0668261   -0.0979811
  -0.0373536     0.116717    0.0653184   -0.0106295   -0.0785907    -0.105244
  -0.0376402    0.0321461  -0.00288782    0.0122885    0.0119589   -0.0401098
 -0.00283247   -0.0608082     0.022681   -0.0448998    0.0517291   0.00933821
   0.0326462   -0.0180492    -0.102926    0.0331003    0.0203964    0.0158193
   0.0605578   -0.0277548   -0.0657853  -0.00281396    0.0383878   -0.0107809
  -0.0127267    -0.196825  -0.00112678    0.0407705    0.0544712    0.0574678
 -0.00783398    -0.156526  -0.00230234    0.0504078    0.0418773    0.0223829
  -0.0699493   -0.0782758    -0.030286    0.0304817     0.086729    0.0153639
   0.0822692   -0.0306733   -0.0550604   -0.0321517    0.0240173   0.00672739
    0.103996   -0.0552913   -0.0550698   -0.0707883    0.0468673    0.0175852
   0.0886629   -0.0559035    -0.043837   -0.0641283    0.0547668   0.00933304
    0.126722    -0.173509    -0.103475    0.0508942     0.108559    -0.060331
  -0.0535876    -0.296614    -0.132866      0.33239   -0.0697012    0.0861188
    0.155021    -0.080316    -0.153868    0.0161444     0.126651    -0.068488
 0.000924196   0.00438012   -0.0281738    0.0284691   -0.0102267   -0.0282392
   -0.163551    -0.070002   -0.0664948      0.09941     0.126633   -0.0130229
    -0.03343   -0.0142354    0.0414534  0.000671573    0.0393755   -0.0704442
  -0.0231438  -0.00876387    -0.116166     0.113831    0.0434383   -0.0554864
  -0.0441582   -0.0105544    -0.133819     0.142534    0.0418063   -0.0526481
  -0.0393962      0.06024   -0.0954768     0.128401   0.00902328    -0.119037
  -0.0309723   -0.0268042    0.0233991    0.0579146   -0.0161354   -0.0511224
   0.0247771   0.00660941   -0.0697483    0.0333283    0.0167938   -0.0402824
  -0.0326287   -0.0310476   -0.0345204    0.0377144    0.0679898   -0.0568193
  -0.0399537   -0.0556048  -0.00644314    0.0330887     0.103236   -0.0975378
  -0.0262492   -0.0617365  0.000399536   0.00996811    0.0676338   -0.0300352
   -0.034669   -0.0265575    0.0138913   0.00469988    0.0688875   -0.0641281
  -0.0594438      0.01536     0.122488   -0.0285487    0.0160361    -0.115412
   0.0061697    -0.065601   -0.0234209   -0.0108086  -0.00928004    0.0754333
   0.0315938    -0.157656    0.0211527    -0.039713    0.0762677    0.0195518
    0.124365   -0.0170906   -0.0919643   -0.0455791    0.0350954  -0.00447484
    0.102829  -0.00232918    -0.108277   -0.0760265     0.101457   -0.0087687
    0.112457    0.0265088    -0.116054   -0.0963508     0.137592   -0.0551911
   0.0257962   -0.0314963   -0.0870982    0.0210382    0.0532508  -0.00196063
   0.0257962   -0.0314963   -0.0870982    0.0210382    0.0532508  -0.00196063
   0.0273877   -0.0409458   -0.0623322  -0.00537993    0.0407192     0.025534
 -0.00147358    0.0319368     0.034584   -0.0348913   -0.0309744   -0.0138328
    0.113659   -0.0596508    -0.186997   -0.0501538      0.23734   -0.0456815
   -0.107868     -0.31808   -0.0921767     0.327902    0.0459671   -0.0332319
   0.0155005    -0.191425   -0.0844685     0.123604    0.0378892    0.0309251
    0.047852   -0.0674069  -0.00304678   0.00677185    0.0243006   -0.0365343
  -0.0953416    0.0142184   -0.0353361    0.0877589    0.0147839   -0.0456244
   0.0333994     0.032755    -0.106921   0.00583608    0.0190365   0.00188165
   0.0333994     0.032755    -0.106921   0.00583608    0.0190365   0.00188165
  -0.0343128  -0.00173634   -0.0412298  -0.00918925    0.0473611   0.00684006
  -0.0044867   -0.0603391   -0.0538623    0.0236651    0.0748472   -0.0121212
   0.0626424    -0.015836   -0.0806063    0.0143074    0.0325751   -0.0235263
  -0.0213222     0.278827    -0.167603  -0.00968257     0.053831    -0.176817
  -0.0182634  -0.00778866   -0.0706797    0.0375924    0.0577873   -0.0265706
  -0.0602518    -0.133303   -0.0386602    0.0682029     0.103545  -0.00921279
   0.0054484   -0.0973889   -0.0713044    0.0788918    0.0560163   -0.0178379
   0.0202718   -0.0788343   -0.0600892   0.00482622 -5.95311e-05    0.0770429
  0.00677941   -0.0361856   -0.0227202   0.00113402   -0.0141288    0.0342699
  -0.0213433   -0.0462893   -0.0379298   -0.0757254     0.152741    0.0161708
  -0.0195686  -0.00967428  0.000203662  -0.00730501    0.0734697   -0.0664392
 0.000504283     0.133646   -0.0840823   -0.0107567    0.0750724    -0.117376
   -0.104315    0.0900073    0.0344531    0.0839867  -0.00686144    -0.172805
  -0.0266489   0.00307205    0.0660043       0.0024    0.0234445    -0.108409
  -0.0145051    0.0489325    -0.086869    0.0457724    0.0335294   -0.0542899
   0.0607998   -0.0645199   -0.0405539   -0.0506888    0.0344062    0.0433142
  -0.0418079   -0.0314802    0.0213672    0.0266849   -0.0087425   -0.0172809
  -0.0384909  -0.00911309    0.0158062    0.0260569   -0.0305981  -0.00151693
   -0.067409  -0.00526022   -0.0626267     0.096521    0.0766448   -0.0942461
  -0.0503032 -0.000239966   -0.0275337    0.0304207    0.0478568   -0.0364702
  -0.0198175   -0.0239014   -0.0833308    0.0772772    0.0552257   -0.0448752
   0.0178537  -0.00553611   -0.0128389  -0.00716657    0.0205878   -0.0284831
  0.00522526   -0.0230462    0.0450225    -0.058133    0.0579742    -0.056115
   0.0047184   -0.0662656    0.0407371   -0.0370043     0.051996   -0.0255917
 -0.00149013   -0.0181952    -0.080786     0.031763    0.0855539   -0.0414015
  -0.0509023     0.119731   -0.0332297    0.0114624    0.0384958    -0.130254
  -0.0510835   -0.0235914      0.10479   -0.0552202    0.0284787   -0.0348056
   0.0581799    -0.052744    -0.103928   -0.0122657    0.0828912    0.0144828
   0.0506058   -0.0499519   -0.0772987   -0.0119843    0.0991924   -0.0463621
   0.0178682   -0.0249319   -0.0299971   -0.0489714    0.0238406    0.0494743
   -0.151064   -0.0183037   -0.0082946     0.153894    0.0112128   -0.0827909
  -0.0410783    0.0119514    -0.109366    0.0742204     0.024298  -0.00150775
  -0.0702226   -0.0397452   -0.0149913    0.0571581    -0.016414    0.0353692
  0.00235445   -0.0391962  -0.00325882  -0.00557838    0.0467565   -0.0210333
    0.025378   -0.0707948   -0.0585511    0.0037734     0.044995    0.0306112
   0.0159367   -0.0184806   -0.0234808    0.0792155   -0.0255869   -0.0765524
   0.0597505     0.126338    0.0043314   -0.0832603    0.0700615    -0.170032
  -0.0427728   -0.0674374   -0.0749338    0.0946293    0.0903718   -0.0490165
  -0.0427728   -0.0674374   -0.0749338    0.0946293    0.0903718   -0.0490165
  0.00192755   -0.0875637   -0.0888939    0.0871821    0.0401216   0.00521874
 -0.00969789     -0.11935   -0.0552775    0.0691529    0.0714028  -0.00439226
   0.0178574   -0.0436336    -0.107025    0.0279696    0.0549766    0.0281104
   0.0184879   -0.0133599   -0.0749359    0.0291322    0.0216388   0.00293508
   0.0156995   -0.0701357    -0.124344   0.00553407    0.0735888    0.0776654
  -0.0108755   -0.0624686     -0.12303    0.0330638     0.088163    0.0353696
   -0.054929     -0.03498   -0.0455581     0.030502    0.0750277  -0.00781303
   -0.156598   -0.0182344    0.0315204    0.0829148     0.024369   -0.0375419
  -0.0576671    0.0118999   -0.0816045    0.0482236     0.132837   -0.0882755
  -0.0129176   -0.0851359   -0.0680717   -0.0033491     0.137899 -0.000731343
 -0.00892072   -0.0562257   -0.0541477   0.00264011     0.100964  -0.00919851
   -0.259813     0.173298    0.0882138     0.185442    -0.111017     -0.23597
   -0.259813     0.173298    0.0882138     0.185442    -0.111017     -0.23597
  0.00170662   -0.0278762    0.0118353    0.0149401    0.0440613   -0.0721794
  0.00170662   -0.0278762    0.0118353    0.0149401    0.0440613   -0.0721794
  -0.0173728    0.0377138     0.124596   -0.0873661   0.00663923   -0.0937174
  0.00440513    0.0358515   -0.0517704     0.105882    -0.031474    -0.119776
   -0.102283    0.0106997    0.0420261     0.050037    0.0553407    -0.111102
   0.0322723   -0.0977623   -0.0778785    0.0202279     0.092972  -0.00454118
   0.0262763   -0.0249087   -0.0530671     0.015267    0.0197279   0.00258558
  -0.0212401    0.0199623   -0.0111016    0.0403237   0.00655912   -0.0700705
  0.00780778    0.0295824   -0.0354218   -0.0250085    0.0473711   -0.0374748
   0.0648913   -0.0817684   -0.0285853   -0.0161187    0.0568794   -0.0142401
   0.0223552    0.0150701    0.0312866    0.0261324   0.00846498    -0.135975
   0.0851187   -0.0891479    -0.108706    0.0689875    0.0357136   -0.0192985
  -0.0583997    0.0885482   0.00800339     0.049091    0.0261997    -0.163816
   -0.061376   -0.0728593   -0.0778529     0.092371    0.0412756   -0.0137728
  -0.0480471   -0.0216674    -0.041372    0.0267044    0.0291351    0.0213329
 -0.00592199   -0.0280048   -0.0452335    0.0337403    0.0027886    0.0200146
  -0.0168873  -0.00334505   -0.0394102    0.0207092   0.00297382    0.0116598
  -0.0316129   -0.0421843   -0.0146927    0.0212935    0.0149782    0.0204928
 -0.00156471   -0.0201144   -0.0209572   0.00669007    0.0312181    -0.020508
  0.00359745   -0.0373865   -0.0258794    0.0282359   0.00878947  -0.00794876
   -0.023347    0.0641201   -0.0369358   -0.0774786    0.0826468   -0.0138151
  -0.0165336    0.0493424   -0.0328984   -0.0634811    0.0604226  -0.00312122
  -0.0262655    0.0244654  -0.00481822    0.0215249    0.0489831   -0.0955773
     0.12775   -0.0372952   -0.0880685   -0.0432291      0.05104   -0.0114773
     0.12332   -0.0229385   -0.0805965   -0.0618033    0.0503425  -0.00875528
    0.044203   -0.0439359     -0.02123     0.035669    0.0188953   -0.0681444
  -0.0222582   0.00935328   -0.0773778    0.0271454    0.0878644    -0.050156
  -0.0318229   0.00307546   0.00320659    0.0326744    -0.016933   -0.0337411
    0.014723    0.0589537    0.0324429   -0.0346543  -0.00551944   -0.0860035
   0.0370608   0.00692133   -0.0167996   -0.0462383    0.0197165  -0.00434841
 -0.00735619   -0.0244751   -0.0688974    0.0482832    0.0278266  0.000173378
  -0.0278533   -0.0401963   -0.0755471    0.0851625     0.049256   -0.0396704
  -0.0270397    -0.140462    -0.124575    0.0884907     0.139915   0.00490342
   0.0177824   -0.0551027   -0.0362732   0.00175264    0.0240446    0.0292849
   0.0041718   -0.0299984   -0.0674491   -0.0358264     0.102778    0.0158687
   0.0435891     -0.05271   -0.0134117   -0.0595469    0.0460772    0.0101395
   0.0212386   -0.0419294   -0.0166904  -0.00692391      0.02259    0.0034429
    0.011155   -0.0344453   -0.0264664   0.00217015    0.0333893  -0.00388521
 -0.00639529   -0.0334383    0.0091067   0.00345481    0.0327753   -0.0348046
   0.0224683   -0.0497929    -0.174813     0.093491     0.143613   -0.0588975
  -0.0309989   -0.0210635    0.0018786    0.0269014    -0.021612    0.0134483
    0.035458   -0.0206107   -0.0930974   -0.0468172     0.118726  -0.00443563
   0.0568088   -0.0496406   -0.0577613 -0.000933081    0.0275779    0.0124638
  -0.0160663    0.0391734   -0.0326839    0.0196068    0.0542395   -0.0839098
  0.00160194   -0.0314947   -0.0299383     0.020896    0.0574931   -0.0427868
 -0.00476535   -0.0853604   -0.0102841   0.00896452    0.0590681  -0.00501332
   0.0789085   -0.0512801   -0.0692906    0.0568992   -0.0152226   -0.0348817
  -0.0193278   -0.0591029   -0.0447687     0.021569    0.0270577    0.0485072
  -0.0638527   -0.0650078     0.034415    0.0340737   0.00981969  -0.00242593
  -0.0444491  -0.00959709   -0.0233179  -0.00489168    0.0661039  -0.00904717
   0.0241719  -0.00378865   -0.0741992   -0.0398263     0.124369   -0.0361391
 -0.00632282   -0.0200206   -0.0195616  -0.00330065    0.0476299    -0.017595
   -0.118572    0.0279095   -0.0446418     0.163523   -0.0273852    -0.101924
 -0.00928183   -0.0209836    0.0585162   0.00272942   0.00362264    -0.069473
 -0.00806133   -0.0624361   -0.0190001    0.0279348  -0.00214347    0.0334844
  -0.0620615   -0.0493361     0.044155    0.0146998  -0.00129634    0.0189148
  -0.0759182   -0.0598603    0.0596087    0.0387833  -0.00159516   -0.0133451
   0.0210676   -0.0962059   -0.0631498    0.0427954    0.0466425    0.0103656
   0.0651447   -0.0499558   -0.0618077   -0.0143775    0.0122864    0.0328672
 -0.00980704   -0.0265701   -0.0687385    0.0624278    0.0135522  -0.00458784
   0.0870675   -0.0222748   -0.0563505  -0.00986578    0.0125947   -0.0194224
    0.030652   -0.0142386    0.0256313   -0.0464235    0.0401758   -0.0622578
   0.0117923   -0.0501053    0.0568553   -0.0364682    0.0476303   -0.0674622
  -0.0549749     0.045072  -0.00746126    0.0780258   -0.0153209   -0.0996246
 -0.00544773     0.175974   -0.0863226   -0.0164327    0.0758884    -0.137472
   -0.196352     0.139069   -0.0284476   -0.0742667     0.256463    -0.124437
   0.0832217    0.0541466   -0.0853937    -0.060538    0.0291458  -0.00703503
     0.12587   -0.0255525   -0.0781434   -0.0133399    0.0515933   -0.0637634
  -0.0886604     0.157143    -0.093651     0.162023    0.0610858     -0.29637
  -0.0473139   -0.0572134   -0.0677757    0.0979873   0.00537397   0.00177368
   0.0806969    0.0302916   -0.0633525   -0.0243176    0.0522441   -0.0751389
   0.0763978     0.408879    -0.271303   -0.0297182     0.050307    -0.243982
   0.0565926  -0.00552635    -0.103799    0.0577583    0.0800109    -0.102472
  -0.0752127    0.0751373   -0.0207507     0.144606  -0.00705006    -0.211835
   -0.123084     0.367882    -0.175146    0.0496158    0.0252859    -0.226876
  -0.0839419    0.0654378   0.00385004    0.0336907    0.0594925    -0.126025
   0.0684335    0.0925038     -0.12036  0.000330966     0.046574    -0.108078
   -0.030239 -0.000375826   -0.0688937    0.0531756    0.0602566   -0.0598324
  -0.0536333   -0.0956534   -0.0274757    0.0159122    0.0821688     0.037053
  0.00906216    0.0204986   -0.0332975  -0.00313859    0.0322544    -0.036277
   0.0211104   -0.0559385     -0.03624      0.03099    0.0343916   -0.0262943
   0.0837915  -0.00201676   -0.0194812   -0.0356545   0.00938427   -0.0445203
   0.0138987   -0.0620567   -0.0423997    0.0171597     0.025561    0.0163736
   0.0138987   -0.0620567   -0.0423997    0.0171597     0.025561    0.0163736
   0.0539944   0.00694359   -0.0773384   0.00825296    0.0454927   -0.0444916
  -0.0206708    0.0169233   -0.0701919   0.00394396     0.059751   -0.0120021
   0.0246961   -0.0352593   -0.0765289  -0.00693384    0.0504448    0.0285328
   0.0368019   -0.0367746   -0.0848864  -0.00319053    0.0625165    0.0155944
   0.0393474   -0.0224456    -0.112564     0.143199    0.0834311    -0.183662
 0.000636028    0.0171846    -0.126733    0.0391281    0.0334624   0.00628539
  -0.0197872    -0.054408   -0.0494361    0.0786738     0.049566    -0.048245
   -0.113325    -0.178373    -0.222694     0.309218    0.0666586  -0.00591276
 -0.00814604    -0.039027   -0.0146092   -0.0126357    0.0632398   -0.0105302
  -0.0182127   0.00222517    0.0064089    0.0205561   0.00567618   -0.0455382
  -0.0489524    0.0764938   -0.0604883    0.0282844      0.06782   -0.0887965
  -0.0179993   -0.0952681  -0.00865941   -0.0909477     0.192192   -0.0120134
  -0.0188466    -0.176015  -0.00224549    0.0759857    0.0543757   -0.0178091
  -0.0891363   -0.0736514     0.123806    0.0148198    0.0067125   -0.0433262
   0.0152322    0.0381776   -0.0502334  -0.00278386   0.00831673   -0.0203912
  0.00806194   -0.0179952   -0.0382042    0.0415243   0.00223207   -0.0207196
  -0.0651459  -0.00668927    0.0181008   -0.0389133    0.0907849   -0.0298991
  -0.0651459  -0.00668927    0.0181008   -0.0389133    0.0907849   -0.0298991
  -0.0723867    0.0145667  -0.00670877     0.100465   -0.0809121    -0.020975
  -0.0207646   -0.0254449    -0.171177     0.117199    0.0396382   0.00988591
  -0.0207646   -0.0254449    -0.171177     0.117199    0.0396382   0.00988591
   0.0514599   -0.0104681  -0.00371362    -0.061008    0.0250146   -0.0103295
  -0.0153452    0.0087148    -0.120258       0.1097    0.0122569   -0.0420872
   0.0129448   -0.0280849   -0.0151098   -0.0180564    0.0352352  -0.00197983
A nnz: 12431
X1 nnz: 1238618
W1 cols: 32
X2 nnz: 106464
W2 cols: 6
GCN summary:
GCN passed on ../data/GCN/Citeseer/
total OPs: 81493876
total cycles: 1400227
GCN performance: 58.2005 GOPS
GOPS/W: 2.50093
