argc: 7
argv[0]: ./test_simulator_testsuit
argv[1]: -A
argv[2]: GCN
argv[3]: -D
argv[4]: ../data/GCN/Cora/
argv[5]: -I
argv[6]: X_10
V_RW_SPM: total has 6 phy SPM, total addr width 25 bits, each phy spm addr width 22 bits
V_SPM_SINGLE, contains simd 64 blocks, each addr width: 16
V_SPM_SINGLE, contains simd 64 blocks, each addr width: 16
V_SPM_SINGLE, contains simd 64 blocks, each addr width: 16
V_SPM_SINGLE, contains simd 64 blocks, each addr width: 16
V_SPM_SINGLE, contains simd 64 blocks, each addr width: 16
V_SPM_SINGLE, contains simd 64 blocks, each addr width: 16
[ASE]: mapped dsm ptr:0x7f77676a5000, succeeded!
[ASE]: start simulatoin loop, max cycles per turn: 1410065408
GCN data dir: ../data/GCN/Cora/, x1 file: ../data/GCN/Cora/X10.txt
Load Sparse Matrix from file: ../data/GCN/Cora/adj_coords_values.txt
clk: 0, flush_stage=0, scheduler_in_v_task=0, scheduler_send_e_task=0, M09_write_to_spm=0, M09_write_to_id_fifo=0, M09_write_to_data_fifo=0, M09_alu_in_num=0, M09_alu_out_num=0, M09_update_dst_read_single_get_task_num=0, M09_update_dst_read_single_send_task_num=0, M09_update_dst_read_single_read_spm_num=0, M09_update_dst_read_single_get_spm_data_num=0
clk: 0, M08_combiner_rv_ct=0, M08_combiner_send_ct=0
0
m02_full: 0 0 0 0 0 0 0 0 0 0 0 0 0 0 0 0 0 0 0 0 0 0 0 0 0 0 0 0 0 0 0 0 0 0 0 0 0 0 0 0 0 0 0 0 0 0 0 0 0 0 0 0 0 0 0 0 0 0 0 0 0 0 0 0
m03_v_full: 0 0 0 0 0 0 0 0 0 0 0 0 0 0 0 0 0 0 0 0 0 0 0 0 0 0 0 0 0 0 0 0 0 0 0 0 0 0 0 0 0 0 0 0 0 0 0 0 0 0 0 0 0 0 0 0 0 0 0 0 0 0 0 0
m03_e_full: 0 0 0 0 0 0 0 0 0 0 0 0 0 0 0 0 0 0 0 0 0 0 0 0 0 0 0 0 0 0 0 0 0 0 0 0 0 0 0 0 0 0 0 0 0 0 0 0 0 0 0 0 0 0 0 0 0 0 0 0 0 0 0 0
m04_full: 0 0 0 0 0 0 0 0 0 0 0 0 0 0 0 0 0 0 0 0 0 0 0 0 0 0 0 0 0 0 0 0 0 0 0 0 0 0 0 0 0 0 0 0 0 0 0 0 0 0 0 0 0 0 0 0 0 0 0 0 0 0 0 0
m05_full: 0 0 0 0 0 0 0 0 0 0 0 0 0 0 0 0 0 0 0 0 0 0 0 0 0 0 0 0 0 0 0 0 0 0 0 0 0 0 0 0 0 0 0 0 0 0 0 0 0 0 0 0 0 0 0 0 0 0 0 0 0 0 0 0
m06_full: 0 0 0 0 0 0 0 0 0 0 0 0 0 0 0 0 0 0 0 0 0 0 0 0 0 0 0 0 0 0 0 0 0 0 0 0 0 0 0 0 0 0 0 0 0 0 0 0 0 0 0 0 0 0 0 0 0 0 0 0 0 0 0 0
m07_full: 0 0 0 0 0 0 0 0 0 0 0 0 0 0 0 0 0 0 0 0 0 0 0 0 0 0 0 0 0 0 0 0 0 0 0 0 0 0 0 0 0 0 0 0 0 0 0 0 0 0 0 0 0 0 0 0 0 0 0 0 0 0 0 0
m08_full: 0 0 0 0 0 0 0 0 0 0 0 0 0 0 0 0 0 0 0 0 0 0 0 0 0 0 0 0 0 0 0 0 0 0 0 0 0 0 0 0 0 0 0 0 0 0 0 0 0 0 0 0 0 0 0 0 0 0 0 0 0 0 0 0
m09_full: 0 0 0 0 0 0 0 0 0 0 0 0 0 0 0 0 0 0 0 0 0 0 0 0 0 0 0 0 0 0 0 0 0 0 0 0 0 0 0 0 0 0 0 0 0 0 0 0 0 0 0 0 0 0 0 0 0 0 0 0 0 0 0 0
clk: 1, rd_active_vertex: change empty, front=0, now=1
clk: 1, rd_active_vertex: change empty, front=0, now=1
Loaded Sparse Matrix, edges size:2708, counted v_id:2708
Sparse Matrix: CSR_MATRIX
rows: 2708, cols: 2708
v num: 2708, e num: 13264

SparseMatrix reform from src v num: 2708 to dst v num: 2708
[ASE_dev]: trigger ase event: 4
Load Sparse Matrix from file: ../data/GCN/Cora/X10.txt
Loaded Sparse Matrix, edges size:2708, counted v_id:2708
Sparse Matrix: CSR_MATRIX
rows: 2708, cols: 1433
v num: 2708, e num: 387142

SparseMatrix reform from src v num: 2708 to dst v num: 1433
A: rows=2708, cols=2708
X1: rows=2708, cols=1433
W1: rows=1433, cols=32
W2: rows=32, cols=7
SPMM res rows: 2708, cols: 32
Sparse Matrix: CSC_MATRIX
rows: 2708, cols: 1433
v num: 1433, e num: 387142

SPMM res rows: 2708, cols: 32
Sparse Matrix: CSC_MATRIX
rows: 2708, cols: 2708
v num: 2708, e num: 13264

SPMM res rows: 2708, cols: 7
Sparse Matrix: CSC_MATRIX
rows: 2708, cols: 2708
v num: 2708, e num: 13264

X2: rows=2708, cols=32
X3: rows=2708, cols=7
   -0.386715    0.0499873   -0.0832898     0.149854    -0.012607    -0.109838    -0.185204
   0.0565088    -0.264392    -0.165192    -0.248762    0.0817661    -0.163495     0.176438
    0.155451    -0.443907    -0.361706    -0.210569     0.198356   -0.0202222     0.175962
   0.0683488    -0.141616    -0.317046    -0.174809     0.207543    -0.136335   -0.0634616
   -0.165474    -0.149409    -0.122609    0.0808532    0.0700667   -0.0807127    -0.169136
  -0.0163709    -0.172115     -0.22787   -0.0631672     0.175962    -0.123132    -0.103406
  -0.0961721    -0.170621    -0.222597    0.0417144     0.165471    -0.068466    -0.121243
   0.0978965    -0.288536    -0.308446    0.0565411     0.203228    -0.105858    -0.159736
 -0.00511676    -0.228928    -0.227694   -0.0408602     0.178916   -0.0510022   -0.0930759
   -0.196915    -0.167598    -0.253768     0.048521     0.140385    0.0780991   -0.0962308
   -0.261821    -0.153334    -0.173736     0.132016     0.017727   -0.0815555    0.0853786
   0.0780213    -0.156598    -0.122283    -0.159548    0.0264839   -0.0995544    0.0381773
  -0.0853573     0.158402    -0.312699     0.369905    -0.157354    -0.698881   -0.0142098
   -0.035939    -0.137264    -0.171075   0.00276804     0.116011   -0.0649291   -0.0867556
   -0.070323   -0.0788772    -0.252335   -0.0271309      0.16768    0.0224526    -0.217486
  -0.0597241    -0.101214    -0.201829    0.0513895     0.131462    -0.152147    -0.140905
  -0.0961976    -0.162657    -0.186799   -0.0217593     0.139189    0.0379615    -0.126191
  -0.0501673    -0.115711    -0.312165     0.103462    0.0762404    -0.154818   -0.0257875
   -0.410428    -0.104099     0.237578    -0.221912    -0.117822    -0.375762     0.298485
   -0.230401    -0.143198    -0.167293     0.144495     0.089687    0.0132243   -0.0949672
    0.200782    -0.194054    -0.409294     0.214398    0.0336209    -0.378727    0.0665881
  -0.0537126    -0.199616   -0.0984712      0.14934   -0.0758896    -0.200817     0.107666
  -0.0516962    -0.103617   -0.0926339    -0.161992     0.141459   -0.0343049     -0.24029
    0.765503    -0.392503    -0.449536    -0.274326     0.309895    -0.327781    -0.114825
  -0.0891061   -0.0776773    -0.313476    0.0910693     0.113397   -0.0889346    -0.209254
  -0.0730585    -0.183333    -0.327339      0.11568     0.322992    -0.177472     -0.11512
  -0.0919162   -0.0967425    -0.306258     0.240127    0.0560997     -0.12301    -0.174227
  -0.0313285    -0.233197    -0.234444    0.0544054     0.124939   -0.0355643   -0.0909313
   -0.228693     -0.26163    0.0770308    0.0566249    -0.082954    0.0200518    0.0665217
  -0.0841701     -0.11092    -0.204459    0.0249333     0.182155     0.029042    -0.185592
  -0.0964529    -0.225428    -0.256848    0.0591219     0.273672    -0.198743    -0.201675
     -0.2725   -0.0363259   -0.0656459  -0.00871656  -0.00527453   -0.0987029   -0.0699746
  -0.0239221    -0.175343    -0.216621    0.0817062      0.11519    -0.137126    -0.104348
   -0.132876    -0.168994    -0.130624   -0.0395281     0.131959    -0.211057    -0.115967
   -0.163893    -0.054995    -0.149915    0.0936505    0.0956752   -0.0344004    -0.105316
  -0.0350561   -0.0186771   -0.0476693   0.00683129   -0.0235327   -0.0443139    -0.261305
   -0.183556   -0.0440483     -0.31729     0.213801    0.0582766    -0.165473    -0.162133
   -0.269599    -0.174755   -0.0728318   -0.0658785    0.0779675   -0.0300426   -0.0605071
  -0.0694784    -0.183859    -0.203706    0.0312062     0.100715   0.00300482    -0.130269
    -0.11108    -0.104866    -0.316436    0.0582913     0.254882   -0.0372331    -0.437446
   0.0848555    -0.196594    -0.287801  -0.00760973     0.126843   -0.0902027    -0.138847
  -0.0854938   -0.0956479    -0.141793    0.0501096    0.0259851    -0.113413    -0.105229
   -0.183279    -0.187243    -0.161908    0.0242193     0.169866 -7.30148e-05   -0.0831344
   -0.190583    -0.182627    -0.124096    0.0508466     0.195341   -0.0996895    -0.270993
    -0.10982    -0.249408    -0.094914    -0.135287    0.0978778    -0.162089    0.0463916
  -0.0770188    -0.201515    -0.274076   -0.0195706     0.138876   -0.0218463   -0.0719601
   -0.178344    -0.294298    -0.405211     0.262489     0.474797   -0.0643526    -0.320515
  0.00659537    -0.744395     0.622764     -0.68624    -0.136459     0.675308    -0.590083
    -0.04787    -0.234334     -0.29687   0.00246417     0.155809   -0.0983486   -0.0861737
   0.0445312   -0.0964047    -0.283645    0.0714802     0.106567    -0.123536   -0.0985807
   -0.110414    -0.176784    -0.157494    0.0721821     0.140487   -0.0104282   -0.0866275
   -0.347215    -0.123946    -0.180823     0.193311     0.151026    -0.151795    -0.209853
  -0.0786331    -0.071723    0.0304292    -0.375421    0.0528516     0.114491     -0.13679
  -0.0960186    -0.112071    -0.183332     0.118889     0.117323   -0.0917179    -0.158059
   0.0355292    -0.156131    -0.200334    -0.083264    0.0928791   -0.0656737    0.0501564
   -0.113477     -0.31417    -0.236719    0.0621533     0.138295    -0.134013    -0.100786
   -0.113946    -0.131048    -0.215791     0.109857    0.0656765   -0.0704613   -0.0877982
   -0.178289     -0.24748   -0.0877541   0.00566795     0.138281  -0.00845951   0.00436009
   -0.183704    -0.176992    -0.112567    0.0376932     0.224335    0.0051734    -0.257149
   -0.255597    -0.105047    -0.234944     0.123316      0.11963    -0.119017    -0.220419
  -0.0742359    -0.198392    -0.151298   0.00127463    0.0767872   -0.0793823   0.00661973
    -0.14093     -0.19677    -0.148368  -0.00647267      0.18729    -0.095585    -0.172688
  -0.0987636    -0.113294    -0.127894    -0.101167     0.148345   -0.0869898   -0.0808194
   -0.171065    -0.094258    0.0838909    -0.022945    -0.122029   -0.0590364   -0.0170736
   0.0958319    -0.226028    -0.246298     0.131489     0.125727    -0.196947   -0.0768578
   -0.196887     -0.28367    -0.121356   -0.0805008     0.236574   -0.0434744    -0.246082
    -0.45595     0.225921    -0.819223     0.364934      0.65258     -0.50117    -0.369069
   -0.160333    -0.511513    -0.344296     0.182028     0.363498   0.00694073   -0.0590968
   -0.228851    -0.207437    -0.182303    -0.022451     0.247482    0.0307786    -0.157409
  -0.0303235    -0.181666    -0.325638     0.160848     0.130981    -0.157713    -0.121774
    -0.33217     0.167917   -0.0376377    0.0437178   -0.0247057     0.161768    -0.345312
   -0.128303    -0.130146     0.239152    -0.492867    -0.276994    -0.178685     0.364154
  -0.0765927   -0.0696031    -0.184024    0.0851156     0.142843   -0.0728782    -0.181034
   -0.372952    -0.204512    -0.179401     0.137661     0.151698    -0.125751    -0.160184
   -0.168859     -0.19985    -0.312109     0.104809     0.238892     -0.17253    -0.131688
   -0.121928   -0.0682407     -0.17063     0.107801   0.00674666    -0.104984    -0.165638
  -0.0293294    -0.199467    -0.262215     0.125934     0.172657     -0.14912   -0.0502374
   -0.300663    -0.184801    -0.042425    -0.055068     0.296349   -0.0397259    -0.113228
   -0.141284    -0.236277    -0.144844    0.0569208    0.0269415    -0.155792    0.0860054
   -0.126267    -0.208396    -0.195362     0.105476     0.114858    0.0821981    -0.159849
   -0.167905    -0.147966     -0.11433   0.00277953     0.116446    0.0334058    -0.194724
   -0.163464    -0.238773    -0.171352  -0.00475071     0.206283   -0.0938641   -0.0581866
   -0.165076    -0.165022    -0.037918    -0.227228    0.0494539     0.701138    -0.531096
   -0.156838    -0.238963    -0.231096     0.102675     0.271839   -0.0129185    -0.124307
  -0.0596403    -0.112442    -0.214602     0.201005    0.0205515    -0.155258    -0.155274
   -0.199069    0.0024391    -0.195371    0.0378987    0.0175768    -0.297635  -0.00252528
     -0.1121    -0.138742    -0.180154    0.0325419     0.137911   -0.0461452    -0.193032
   -0.130006    -0.247422    -0.174839    0.0493887     0.239107   -0.0895153    -0.133466
   0.0229611    -0.586404    -0.780181     0.418377     0.406705     -0.47266   -0.0372227
    -0.27542    -0.209296    -0.240495     0.170081      0.22175   -0.0477719    -0.357866
  -0.0451641    -0.156523    -0.315744    0.0860465     0.168485    0.0205608    -0.166515
   -0.238853    -0.217903    -0.141653   -0.0313523     0.180197    -0.122864    0.0137457
    -0.16794    -0.143167    -0.220862     0.201796     0.109055  -0.00801618    -0.186828
   -0.123486   -0.0899398   -0.0857214   -0.0404784    0.0963717    -0.107589    -0.247183
   -0.158632    -0.369101    -0.308059     0.155077    0.0865535   -0.0150059    -0.018399
    -0.18162     -0.34641    -0.287495   0.00570636     0.224915    -0.142633     -0.19082
  -0.0667413    -0.223356    -0.134359     0.182318    0.0723609    -0.112434    -0.013677
    0.520213    -0.257363    -0.202879    -0.239749    0.0968177    -0.168047    -0.128824
   -0.109485    -0.134337   -0.0927439   -0.0345335    0.0525727   -0.0807102   -0.0398684
   -0.108613    -0.106125    -0.309999     0.231529    0.0377444    -0.122257    -0.145869
     0.01127     -0.26014   -0.0318414    -0.230742     0.207946    0.0131668     -0.16617
  -0.0254598    -0.132038    -0.181998   -0.0500064     0.162711    -0.166818    -0.106935
  -0.0667398   -0.0916482    -0.165114    0.0411633     0.022685   -0.0757983    -0.258368
   -0.174205    -0.183213    -0.103925    -0.036422     0.158001   -0.0360394    -0.129258
   0.0230374    -0.402177     -0.40544     0.109973     0.193617  -0.00885224     0.148601
   -0.390453     0.065416   -0.0898511     0.220861   -0.0579168    -0.173797    -0.150023
   -0.096071    -0.256206   -0.0517085   -0.0578196   -0.0571198    -0.251464     0.294452
  -0.0291296    -0.176877     -0.13003    0.0572759     0.126433   -0.0395665    -0.141155
  -0.0408207   -0.0855349    -0.143679  -0.00487676    0.0913919    -0.102471    -0.243041
     0.17679     0.042703    -0.343263    -0.192357     0.197586   -0.0546054    -0.246929
   -0.116375   -0.0874374   -0.0843896   -0.0474757    0.0250394   -0.0647321  -0.00452066
  -0.0843372      0.40647   -0.0750264    -0.215069 -0.000627084    -0.210184    -0.320898
   0.0506727     -0.15325    -0.120878    0.0285225    -0.042043   -0.0861118    0.0135838
    -0.20978  -0.00635046    -0.224679     0.243958    0.0468224   -0.0679933    -0.189499
   0.0231138    -0.121229   -0.0381435    -0.194433    0.0999909    0.0202465    -0.286986
   0.0850404    -0.220308    -0.235062    0.0959195     0.148362    -0.285582    0.0135682
     0.16399    -0.357813    -0.186185     0.114069    0.0488402    0.0688288    0.0118488
   0.0781015    0.0779291    -0.438217      0.27991     0.179626    -0.348734    -0.327805
   -0.241964    -0.129792    -0.236412     0.107778     0.361182    -0.181799    -0.208824
   -0.106679    -0.118516    -0.106715   -0.0219871     0.138222    -0.191035    -0.117257
  -0.0711747   -0.0861092    -0.157716     0.210104    0.0378849    -0.258485    -0.210065
   -0.204491    -0.272879     -0.25495     0.474331     0.011618    -0.277364     0.219122
    -0.22914    0.0923759    -0.160817    0.0665309   -0.0516094   -0.0438055    -0.166761
  -0.0470688    -0.318197    -0.471776     0.320451     0.205256    -0.301142     0.113557
  -0.0939186    -0.194606    -0.145683     0.116082   -0.0238312      -0.1035     0.084031
   -0.273551    -0.218943    -0.176025  -0.00531227     0.331942   -0.0241985     -0.27978
   -0.273551    -0.218943    -0.176025  -0.00531227     0.331942   -0.0241985     -0.27978
   -0.105043    -0.105447    -0.187194    0.0746274   -0.0242076   -0.0562968     0.050875
   0.0358349     -0.12648    -0.217302    0.0365871     0.106858   -0.0386185    -0.124325
    0.109426    -0.239188    -0.438403    0.0250695     0.279829    -0.180587    0.0693297
  -0.0815945   -0.0644908   -0.0866595   -0.0194228    0.0224993   -0.0612274    -0.095932
   -0.189257    -0.160691    -0.122749     0.149361    0.0457793   -0.0668228     -0.10827
   -0.105515    -0.196355    -0.154804     0.124856   0.00834975   -0.0825681    0.0481127
  -0.0199254    -0.304728    -0.119641     0.164365   -0.0939578   0.00569133     0.082837
   -0.140178    -0.101414    -0.179412    0.0789123      0.19603    -0.189202    -0.134241
   0.0593942    -0.445624     -0.35844   -0.0508393     0.445891   -0.0291178   -0.0807639
   0.0983688     -0.17492    -0.337905    0.0818258    0.0663452   -0.0559036     0.096693
   -0.306249    -0.189368    -0.363255     0.139863     0.217347    0.0766555    -0.167387
   -0.147543    -0.273215     0.230134    -0.199644    -0.198792   -0.0571596     0.202551
   0.0813337    -0.196868    -0.225471     0.126704     0.110011    -0.184658   -0.0712463
   -0.157612    -0.156932     -0.01402    -0.136905     0.219048    -0.164056    -0.201538
    0.189663   -0.0155568     0.261573    -0.290513    -0.290919    -0.257505   -0.0474038
    0.189663   -0.0155568     0.261573    -0.290513    -0.290919    -0.257505   -0.0474038
    0.092382   -0.0756922    -0.249629   -0.0745882     0.114088    -0.187372   -0.0191817
    -0.14741   -0.0926607    -0.167697    0.0745176     0.118412   -0.0120714    -0.139834
   -0.109796    -0.252071    -0.222079     0.253892     0.172073      0.05699    -0.186715
   -0.112368    -0.171652    -0.294927    0.0872695     0.151666   -0.0148581   0.00774923
  -0.0623253    -0.186834     -0.15591    -0.138587     0.129971     -0.19028    0.0778855
   -0.186988    -0.221107    -0.357245    0.0828787     0.417131   -0.0284159    -0.311077
   -0.186988    -0.221107    -0.357245    0.0828787     0.417131   -0.0284159    -0.311077
   -0.262058    -0.043543    -0.177881     0.135368     0.149915    -0.105738    -0.207642
   -0.138618    -0.422947     -0.28043     0.125186     0.287746    0.0491966  -0.00481401
   -0.455842    -0.551986    0.0458256     -0.13183     0.294506     0.447626    -0.135056
    -0.19653    -0.111394    -0.255242    0.0482873      0.14352    -0.036686   -0.0788275
    -0.45595     0.225921    -0.819223     0.364935      0.65258     -0.50117    -0.369069
  -0.0352803    -0.260394   -0.0579141    0.0379023    0.0462944    -0.100777   -0.0874531
     0.46848    -0.411687   -0.0423997  -0.00747827    -0.166497    -0.856814     0.368207
  -0.0760215   -0.0302262    -0.124684    -0.241125     0.229858   -0.0708893    -0.326024
-0.000170555   -0.0210594    -0.129223    -0.250133     0.145637    0.0344736    -0.223522
   -0.249576   0.00204829   -0.0663263     -0.12346     0.300534    -0.236352    -0.424348
    0.116953     -0.25945   -0.0964901    -0.032719     0.180166    -0.257233   -0.0621971
      0.1543     -0.14727    -0.197305  -0.00824622    0.0256473   -0.0438332   -0.0952343
   -0.135534     0.119056    -0.147908    0.0490797  -0.00293329     -0.24888    -0.286992
   -0.139636     -0.13187    -0.103769     0.119031    0.0965945  -0.00342353    -0.154013
    -0.27294      0.10454     0.114067    -0.160631   -0.0641762   -0.0992108    -0.184754
   0.0848994    -0.245895    -0.137269   -0.0761907 -0.000455706   -0.0520273   0.00622391
   0.0179581    0.0419943    0.0532753    -0.215362    -0.142274     0.103659      -0.1982
   -0.128992    -0.177566    0.0200057   0.00761834    0.0787592   -0.0727134    -0.107291
   -0.108699    -0.153045    -0.235068    0.0501979     0.214882    0.0142909    -0.217018
  -0.0867245    -0.100365    -0.263144     0.181473      0.18755    -0.157269    -0.121942
   -0.198355    -0.151106    -0.247669    0.0666155     0.184281    0.0349813    -0.174127
  0.00977362    -0.235374    -0.316255    0.0982534     0.143216   -0.0962153      -0.1037
   -0.285772    -0.136718    -0.259869     0.222961     0.178851    -0.070226   -0.0897965
   -0.109126    -0.164982    -0.214545   -0.0315677     0.277668    0.0126364    -0.202223
  -0.0978024   -0.0790555    -0.167811    0.0978326    0.0839319    -0.137831    -0.152883
   -0.259123    -0.110244   -0.0533874    0.0850749     0.139122    0.0887261     -0.28329
  -0.0874048     -0.19366    -0.222903    0.0768404     0.159494  -0.00179281    -0.279561
  -0.0504605   -0.0213947    -0.284986    0.0821899    0.0521324    -0.107159   -0.0724636
  -0.0582343    -0.022523    -0.205876    0.0845274    0.0641172    -0.137577    -0.057115
    -0.14921    -0.081949    -0.180081    0.0893505    0.0958817    -0.163217   -0.0952914
   -0.357645    -0.323144     -0.15103   -0.0747467     0.282905     0.135113    0.0532233
   -0.380535    -0.210391    -0.191953    0.0853807     0.106411     0.192502     0.041693
   -0.014988    -0.214116     0.228301    -0.260525    -0.115173   0.00538434    -0.127213
   -0.201345    0.0092312    -0.164927   -0.0544564    0.0419336     0.144162    -0.265797
  -0.0690902     0.111947    -0.238232     0.343379    -0.198646    -0.505558    0.0277131
  -0.0714334     0.142294    -0.290629     0.305847   -0.0850797    -0.640957   -0.0462769
  -0.0872238     -0.16008  0.000733621    -0.100373   0.00834807    0.0222681    -0.124322
   -0.277842    -0.258494    0.0250044     0.260089    0.0454095   -0.0737084    -0.143661
   -0.167416   -0.0925656    -0.294962     0.225335     0.019042   -0.0587019   -0.0947751
   -0.167416   -0.0925656    -0.294962     0.225335     0.019042   -0.0587019   -0.0947751
  -0.0453577    -0.158439    -0.271205   -0.0735401     0.204358    0.0148741    -0.149629
  -0.0892509    -0.120265    -0.241473   -0.0880937     0.170531    0.0564536    -0.127998
   0.0361138    -0.275054    -0.278259   -0.0926708      0.27272    0.0476117    -0.198972
   -0.323416    -0.102839     0.123502  0.000358965    -0.041062   -0.0215333    -0.211746
   -0.227342     -0.24565    -0.368362     0.246243     0.138596    -0.152411    -0.128847
   -0.100805    0.0182901    -0.207235     0.144036    0.0625353    -0.102383    -0.172437
   -0.130499     -0.16647    -0.151021    0.0602732     0.108191   -0.0232095    -0.112479
  -0.0817733    -0.223816    -0.215115     0.239057    0.0152803    -0.182269      0.10414
  -0.0817733    -0.223816    -0.215115     0.239057    0.0152803    -0.182269      0.10414
  0.00446256     0.102315     -0.17565    -0.372753    0.0405116   -0.0345284    -0.125101
   -0.219835    -0.174904    0.0168304   -0.0158656   -0.0432866     0.272326    -0.120496
   -0.133721    -0.152538    -0.111275    0.0252156    0.0535258   -0.0255628   -0.0729391
   -0.235613     -0.11695    -0.117298     0.203262    0.0852015   -0.0233353    -0.429948
   0.0737569     0.129486    -0.537432     0.448658     0.198081    -0.387488    -0.414756
   -0.345707    -0.203678    -0.245279     0.148182     0.214506    -0.118927    -0.199597
   -0.144583    -0.016731    -0.137433      0.17796       0.0466   -0.0259163    -0.357238
   -0.148159    -0.070115     -0.21607     0.108356    0.0890304    -0.069564   -0.0775079
   -0.183856   -0.0239807    -0.131205  0.000887481     0.185079    -0.147394    -0.234023
   -0.132293    -0.243339    -0.151277   -0.0930079     0.291245   -0.0222914    -0.186517
  -0.0052178    -0.207866    -0.329263     0.041989     0.175308     0.022996    -0.110967
  -0.0557881    -0.264237    -0.233659     -0.02728     0.224764   -0.0358437    -0.105442
  -0.0618604    -0.279883    -0.288493  -0.00978733     0.236221   -0.0290586    -0.116072
   -0.284714      0.33032    -0.033635    0.0270349     -0.28889    0.0108207    -0.199407
   -0.276864   -0.0536616    -0.218635      0.21607    -0.104141    -0.207317     0.148833
   -0.120122    -0.100438     0.330286    -0.579979    -0.358656    -0.180544     0.454775
  -0.0248508    -0.065635    -0.367766   -0.0667173     0.211147     0.158879    -0.389237
    -0.26204   0.00619144   -0.0354499    -0.052316     0.296651    -0.300315    -0.397155
    0.131874    -0.168772    -0.337424     0.049772     0.193246    -0.200415    -0.158773
    0.131874    -0.168772    -0.337424     0.049772     0.193246    -0.200415    -0.158773
   -0.216748    -0.204844     0.340265    -0.193169    -0.259351   -0.0748679     0.168484
    -1.43182    -0.836616    -0.404265     0.685989     0.532699      0.25513     0.073537
-6.54073e-05    -0.138113    -0.265861    0.0333181     0.272581    -0.312403   -0.0697653
    -0.10036    -0.077259    -0.287072     0.136952     0.103579    -0.141445   -0.0853534
  -0.0408205      -0.1766     -0.17922    0.0288449    0.0972301    -0.191898    0.0527453
  -0.0623253    -0.186834     -0.15591    -0.138587     0.129971     -0.19028    0.0778855
   -0.131008    -0.165458    -0.254358     0.218974     0.238619    -0.126043     -0.20651
   -0.175919    -0.358758    -0.323657     0.179436      0.35755   -0.0287397    -0.219833
   -0.205654    -0.410199    -0.238122   -0.0142436     0.318279     0.210703    -0.241816
   0.0384166    -0.138917    -0.240673    -0.104927    0.0394638    -0.124082    0.0575254
    -0.11552    -0.295891   -0.0195992   -0.0256582    0.0491448     0.133502    -0.179269
   -0.116219    -0.188875   -0.0268837   -0.0490717     0.043986      0.10865    -0.220084
A nnz: 13264
X1 nnz: 387142
W1 cols: 32
X2 nnz: 86656
W2 cols: 7
GCN summary:
GCN passed on ../data/GCN/Cora/
total OPs: 27024864
total cycles: 530920
GCN performance: 50.902 GOPS
GOPS/W: 2.1873
