argc: 7
argv[0]: ./test_simulator_testsuit
argv[1]: -A
argv[2]: GCN
argv[3]: -D
argv[4]: ../data/GCN/rmat-17/
argv[5]: -I
argv[6]: X_10
V_RW_SPM: total has 6 phy SPM, total addr width 25 bits, each phy spm addr width 22 bits
V_SPM_SINGLE, contains simd 64 blocks, each addr width: 16
V_SPM_SINGLE, contains simd 64 blocks, each addr width: 16
V_SPM_SINGLE, contains simd 64 blocks, each addr width: 16
V_SPM_SINGLE, contains simd 64 blocks, each addr width: 16
V_SPM_SINGLE, contains simd 64 blocks, each addr width: 16
V_SPM_SINGLE, contains simd 64 blocks, each addr width: 16
[ASE]: mapped dsm ptr:0x7fa2de682000, succeeded!
[ASE]: start simulatoin loop, max cycles per turn: 1410065408
GCN data dir: ../data/GCN/rmat-17/, x1 file: ../data/GCN/rmat-17/X10.txt
Load Sparse Matrix from file: ../data/GCN/rmat-17/adj_coords_values.txt
clk: 0, flush_stage=0, scheduler_in_v_task=0, scheduler_send_e_task=0, M09_write_to_spm=0, M09_write_to_id_fifo=0, M09_write_to_data_fifo=0, M09_alu_in_num=0, M09_alu_out_num=0, M09_update_dst_read_single_get_task_num=0, M09_update_dst_read_single_send_task_num=0, M09_update_dst_read_single_read_spm_num=0, M09_update_dst_read_single_get_spm_data_num=0
clk: 0, M08_combiner_rv_ct=0, M08_combiner_send_ct=0
0
m02_full: 0 0 0 0 0 0 0 0 0 0 0 0 0 0 0 0 0 0 0 0 0 0 0 0 0 0 0 0 0 0 0 0 0 0 0 0 0 0 0 0 0 0 0 0 0 0 0 0 0 0 0 0 0 0 0 0 0 0 0 0 0 0 0 0
m03_v_full: 0 0 0 0 0 0 0 0 0 0 0 0 0 0 0 0 0 0 0 0 0 0 0 0 0 0 0 0 0 0 0 0 0 0 0 0 0 0 0 0 0 0 0 0 0 0 0 0 0 0 0 0 0 0 0 0 0 0 0 0 0 0 0 0
m03_e_full: 0 0 0 0 0 0 0 0 0 0 0 0 0 0 0 0 0 0 0 0 0 0 0 0 0 0 0 0 0 0 0 0 0 0 0 0 0 0 0 0 0 0 0 0 0 0 0 0 0 0 0 0 0 0 0 0 0 0 0 0 0 0 0 0
m04_full: 0 0 0 0 0 0 0 0 0 0 0 0 0 0 0 0 0 0 0 0 0 0 0 0 0 0 0 0 0 0 0 0 0 0 0 0 0 0 0 0 0 0 0 0 0 0 0 0 0 0 0 0 0 0 0 0 0 0 0 0 0 0 0 0
m05_full: 0 0 0 0 0 0 0 0 0 0 0 0 0 0 0 0 0 0 0 0 0 0 0 0 0 0 0 0 0 0 0 0 0 0 0 0 0 0 0 0 0 0 0 0 0 0 0 0 0 0 0 0 0 0 0 0 0 0 0 0 0 0 0 0
m06_full: 0 0 0 0 0 0 0 0 0 0 0 0 0 0 0 0 0 0 0 0 0 0 0 0 0 0 0 0 0 0 0 0 0 0 0 0 0 0 0 0 0 0 0 0 0 0 0 0 0 0 0 0 0 0 0 0 0 0 0 0 0 0 0 0
m07_full: 0 0 0 0 0 0 0 0 0 0 0 0 0 0 0 0 0 0 0 0 0 0 0 0 0 0 0 0 0 0 0 0 0 0 0 0 0 0 0 0 0 0 0 0 0 0 0 0 0 0 0 0 0 0 0 0 0 0 0 0 0 0 0 0
m08_full: 0 0 0 0 0 0 0 0 0 0 0 0 0 0 0 0 0 0 0 0 0 0 0 0 0 0 0 0 0 0 0 0 0 0 0 0 0 0 0 0 0 0 0 0 0 0 0 0 0 0 0 0 0 0 0 0 0 0 0 0 0 0 0 0
m09_full: 0 0 0 0 0 0 0 0 0 0 0 0 0 0 0 0 0 0 0 0 0 0 0 0 0 0 0 0 0 0 0 0 0 0 0 0 0 0 0 0 0 0 0 0 0 0 0 0 0 0 0 0 0 0 0 0 0 0 0 0 0 0 0 0
clk: 1, rd_active_vertex: change empty, front=0, now=1
clk: 1, rd_active_vertex: change empty, front=0, now=1
[ASE_dev]: trigger ase event: 4
Loaded Sparse Matrix, edges size:131072, counted v_id:131072
Sparse Matrix: CSR_MATRIX
rows: 131072, cols: 131072
v num: 131072, e num: 2228224

SparseMatrix reform from src v num: 131072 to dst v num: 131072
Load Sparse Matrix from file: ../data/GCN/rmat-17/X10.txt
Loaded Sparse Matrix, edges size:131072, counted v_id:131072
Sparse Matrix: CSR_MATRIX
rows: 131072, cols: 32
v num: 131072, e num: 393216

SparseMatrix reform from src v num: 131072 to dst v num: 32
A: rows=131072, cols=131072
X1: rows=131072, cols=32
W1: rows=32, cols=32
W2: rows=32, cols=8
SPMM res rows: 131072, cols: 32
Sparse Matrix: CSC_MATRIX
rows: 131072, cols: 32
v num: 32, e num: 393216

SPMM res rows: 131072, cols: 32
Sparse Matrix: CSC_MATRIX
rows: 131072, cols: 131072
v num: 131072, e num: 2228224

SPMM res rows: 131072, cols: 8
Sparse Matrix: CSC_MATRIX
rows: 131072, cols: 131072
v num: 131072, e num: 2228224

X2: rows=131072, cols=32
X3: rows=131072, cols=8
    0.042351  -1.3953e-05    0.0124909      0.06105   -0.0477065     0.011246   -0.0726009   -0.0387177
   0.0269445 -0.000531541   0.00806913    0.0409368   -0.0350291   0.00421231   -0.0490529   -0.0270896
    0.026719  0.000345701   0.00775893    0.0416359    -0.036228   0.00424487   -0.0442116   -0.0293867
   0.0168074   0.00016509   0.00402086     0.028077   -0.0220682   0.00717214   -0.0259539   -0.0180979
   0.0223755   0.00186738   0.00725025    0.0402595   -0.0323455   0.00593969   -0.0475745   -0.0239117
   0.0225126   0.00237351   0.00523175    0.0226484   -0.0201324   0.00149852    -0.036794   -0.0202878
   0.0198503    0.0013877   0.00511631     0.026243   -0.0210252   0.00165513   -0.0309257   -0.0196954
  0.00909716  -0.00120069    0.0021388    0.0218205   -0.0132753   0.00500803   -0.0221185  -0.00953468
   0.0296363   0.00185631   0.00841374    0.0381982   -0.0321761   0.00412653   -0.0495978   -0.0276507
   0.0205097  0.000931315   0.00673174    0.0268768   -0.0219311   0.00183796   -0.0377922   -0.0155161
   0.0197707  -0.00162956   0.00418582     0.031144   -0.0238372   0.00570159   -0.0339117   -0.0190335
     0.01253  -0.00270453   0.00415043    0.0208047   -0.0136293   0.00416994   -0.0246574   -0.0120336
   0.0202171   0.00320646   0.00515657    0.0210182   -0.0198418  0.000655462   -0.0308322   -0.0208109
    0.010908  0.000758775   0.00143069    0.0187234    -0.012843   0.00268063    -0.020628   -0.0112606
   0.0100721   0.00259249   0.00171933    0.0187847   -0.0137795   0.00253178   -0.0192282   -0.0123215
  0.00979131  0.000593732   0.00371014   0.00883072  -0.00909257  -0.00106904    -0.017094  -0.00879847
   0.0286038  0.000633761   0.00558781    0.0418654   -0.0309461   0.00717054   -0.0508854   -0.0282098
   0.0226599 -0.000248248   0.00622494    0.0282184    -0.020508   0.00492429   -0.0330216   -0.0171292
   0.0191303 -0.000932014   0.00378589    0.0237868    -0.021312   0.00563605   -0.0322248   -0.0175093
   0.0135042   0.00106627   0.00466421    0.0178145   -0.0158651   0.00231011   -0.0221496   -0.0116648
    0.018013   0.00394313   0.00497417    0.0264614   -0.0249734  0.000963063   -0.0336175   -0.0200647
   0.0147627 -2.60151e-05   0.00478237    0.0155725   -0.0129102  0.000900243    -0.015685   -0.0147966
  0.00742263  0.000126875  0.000669877    0.0197114   -0.0147341   0.00734506   -0.0158693   -0.0124182
   0.0122703   0.00130624  0.000798694    0.0107535  -0.00972491  0.000957177   -0.0121925   -0.0122359
   0.0232043    0.0012506   0.00647225    0.0266234   -0.0197841   0.00190654    -0.037488   -0.0188247
   0.0086589  0.000865669   0.00145809    0.0215705   -0.0153793   0.00695054    -0.021264   -0.0117613
   0.0029214  0.000582617  0.000188983    0.0221181   -0.0157014   0.00619886   -0.0224498   -0.0112615
  0.00442192   0.00209563  -0.00028338    0.0127652  -0.00868424   0.00267008   -0.0115585  -0.00897727
   0.0158426 -0.000615084   0.00316306    0.0183601   -0.0137252   0.00352698   -0.0206904   -0.0150982
  0.00763222    0.0032974   0.00216987    0.0121662  -0.00996235  0.000867582   -0.0163525  -0.00614407
  0.00844323   0.00136816   0.00133544   0.00984782  -0.00859184  0.000717609   -0.0144268  -0.00948638
  0.00444934 -7.35341e-05   0.00186181   0.00443657  -0.00555548  0.000965507   -0.0071107  -0.00595983
   0.0271885   0.00248984    0.0101388    0.0397841   -0.0339706   0.00410696   -0.0514111   -0.0252999
   0.0235987  0.000106762   0.00602342    0.0253843   -0.0212761   0.00118719   -0.0321475   -0.0185522
   0.0176511   -0.0013121   0.00538065    0.0266456   -0.0230343   0.00385911   -0.0331028   -0.0173187
   0.0150156   0.00211684   0.00365112    0.0159651   -0.0134908  0.000924193   -0.0221206   -0.0128269
   0.0190961   0.00211239    0.0043469    0.0257883   -0.0216002   0.00362098   -0.0298617    -0.020756
   0.0124349   0.00216591   0.00393184    0.0163961   -0.0132899   0.00109582   -0.0199832   -0.0114601
   0.0118838  -0.00181635   0.00721915    0.0164454   -0.0152955  0.000680509   -0.0207996  -0.00963284
  0.00557747   0.00148326   0.00147486    0.0144424   -0.0101077   0.00386387   -0.0170244  -0.00802204
   0.0157491   0.00239024   0.00377787    0.0313583   -0.0214348   0.00333013   -0.0312779   -0.0166298
   0.0147376   0.00199501   0.00310456    0.0160553   -0.0137673   0.00179373   -0.0229486   -0.0125126
     0.01196   0.00162436   0.00398127    0.0145814   -0.0133574   0.00210709   -0.0195084   -0.0114053
  0.00883808   0.00125688   0.00176431    0.0114987  -0.00851533  0.000795366   -0.0160344  -0.00633322
   0.0134187 -0.000248585   0.00624676    0.0167088   -0.0143414  0.000949907   -0.0238762   -0.0107924
  0.00320317    0.0018143   0.00227155    0.0116173   -0.0110827   0.00233693   -0.0126575  -0.00406401
  0.00511625   0.00337978  -0.00318926    0.0119129  -0.00766813   0.00347514   -0.0108013  -0.00715989
  0.00187748    0.0019814  -0.00158883     0.012663  -0.00759243   0.00374768    -0.010638  -0.00693783
   0.0203159   0.00260266   0.00386351    0.0256592   -0.0205601   0.00358916   -0.0318591   -0.0184791
   0.0103109    0.0023958   0.00138061    0.0182009   -0.0140051   0.00422939   -0.0198901  -0.00968827
   0.0161787 -0.000500282   0.00583231    0.0151455    -0.013296  0.000135155   -0.0252473   -0.0128878
  0.00792223  8.92219e-05   0.00318415    0.0121502    -0.009997   0.00147348   -0.0133404  -0.00739136
    0.012554  0.000499045    0.0051234    0.0167333   -0.0171862 -5.33546e-05   -0.0220542   -0.0158233
clk: 1930626, wr dram addr: 0x8b0ab40, 145795904, data: [0.000000 0.000496 0.000000 0.000898 0.000000 0.002153 0.004004 0.000665 0.006883 0.000000 0.000000 0.000000 0.000000 0.000000 0.000000 0.000000 ]
clk: 1930627, wr dram addr: 0x8b0ab80, 145795968, data: [0.012833 0.000620 0.000000 0.000000 0.000000 0.000000 0.000000 0.000000 0.003709 0.007893 0.000000 0.004738 0.000452 0.000000 0.012319 0.005110 ]
clk: 1930628, wr dram addr: 0x8b0abc0, 145796032, data: [0.000000 0.000000 0.025838 0.000000 0.000000 0.000000 0.000000 0.000000 0.009983 0.001314 0.000000 0.000000 0.031963 0.000000 0.000000 0.005647 ]
clk: 1930629, wr dram addr: 0x8b0ac00, 145796096, data: [0.004259 0.004124 0.000000 0.000000 0.013762 0.004247 0.000000 0.000000 0.000000 0.000000 0.000000 0.000000 0.006109 0.005296 0.016558 0.000000 ]
clk: 1930630, wr dram addr: 0x8b0ac40, 145796160, data: [0.000000 0.000000 0.000000 0.001494 0.000000 0.000375 0.001235 0.000000 0.000000 0.000000 0.000213 0.006747 0.000000 0.003181 0.000000 0.005911 ]
clk: 1930631, wr dram addr: 0x8b0ac80, 145796224, data: [0.017298 0.002033 0.000000 0.000000 0.005123 0.000000 0.000000 0.001680 0.000000 0.000000 0.002295 0.000000 0.000000 0.000294 0.001501 0.008280 ]
clk: 1930632, wr dram addr: 0x8b0acc0, 145796288, data: [0.007069 0.000000 0.000000 0.000000 0.000058 0.000000 0.031622 0.000000 0.005349 0.000000 0.000000 0.000207 0.000000 0.000000 0.000579 0.000000 ]
clk: 1930633, wr dram addr: 0x8b0ad00, 145796352, data: [0.000000 0.010554 0.000000 0.000024 0.014206 0.000000 0.002505 0.010006 0.006757 0.000000 0.000000 0.000000 0.007550 0.000000 0.004178 0.000000 ]
clk: 1930634, wr dram addr: 0x8b0ad40, 145796416, data: [0.000362 0.002121 0.000000 0.000000 0.000731 0.000888 0.000000 0.000000 0.021150 0.000000 0.002931 0.012772 0.025318 0.000000 0.020247 0.000000 ]
clk: 1930635, wr dram addr: 0x8b0ad80, 145796480, data: [0.000431 0.001738 0.000000 0.000690 0.000000 0.001267 0.008961 0.004098 0.001800 0.000000 0.010621 0.000000 0.000000 0.000000 0.004686 0.003227 ]
clk: 1930636, wr dram addr: 0x8b0adc0, 145796544, data: [0.000000 0.000000 0.000000 0.000000 0.000000 0.002815 0.000700 0.000593 0.008238 0.004263 0.000000 0.004669 0.000000 0.002510 0.027140 0.000000 ]
clk: 1930637, wr dram addr: 0x8b0ae00, 145796608, data: [0.008050 0.002023 0.004421 0.000562 0.001322 0.000000 0.001995 0.001032 0.000000 0.009307 0.004736 0.000000 0.000000 0.008197 0.000000 0.004085 ]
clk: 1930638, wr dram addr: 0x8b0ae40, 145796672, data: [0.008237 0.000000 0.000000 0.007610 0.000000 0.000000 0.000000 0.013130 0.010593 0.001366 0.000000 0.010311 0.002429 0.000000 0.000000 0.000662 ]
clk: 1930639, wr dram addr: 0x8b0ae80, 145796736, data: [0.000538 0.000000 0.007277 0.000000 0.000000 0.014756 0.003283 0.004052 0.003760 0.001098 0.000000 0.000000 0.000000 0.000000 0.000000 0.000000 ]
clk: 1930640, wr dram addr: 0x8b0aec0, 145796800, data: [0.000000 0.001990 0.000535 0.000000 0.000000 0.000000 0.000000 0.000000 0.000000 0.000000 0.000000 0.000000 0.005098 0.036202 0.000000 0.000000 ]
clk: 1930641, wr dram addr: 0x8b0af00, 145796864, data: [0.007329 0.000000 0.000000 0.002944 0.000270 0.000000 0.011209 0.000000 0.001132 0.008872 0.000000 0.002449 0.024293 0.000000 0.000000 0.009042 ]
clk: 1930642, wr dram addr: 0x8b0af40, 145796928, data: [0.000000 0.000000 0.005618 0.000000 0.021467 0.000000 0.004419 0.004357 0.000000 0.000000 0.002656 0.012055 0.000000 0.011004 0.000000 0.000000 ]
clk: 1930643, wr dram addr: 0x8b0af80, 145796992, data: [0.002473 0.000000 0.010980 0.005139 0.000000 0.000000 0.001594 0.000000 0.000000 0.000000 0.002876 0.015775 0.016321 0.000000 0.000000 0.000000 ]
clk: 1930644, wr dram addr: 0x8b0afc0, 145797056, data: [0.000000 0.009150 0.000124 0.027512 0.000000 0.047211 0.000000 0.000000 0.018608 0.068016 0.025144 0.000000 0.000000 0.000000 0.021346 0.000000 ]
clk: 1930645, wr dram addr: 0x8b0b000, 145797120, data: [0.006560 0.000000 0.000000 0.000000 0.000000 0.000000 0.000718 0.000000 0.000000 0.000000 0.000000 0.004545 0.000000 0.000000 0.000000 0.000000 ]
clk: 1930646, wr dram addr: 0x8b0b040, 145797184, data: [0.000000 0.000000 0.002198 0.000000 0.000000 0.004828 0.006645 0.000000 0.000000 0.000000 0.000000 0.000000 0.002190 0.000000 0.001033 0.000000 ]
clk: 1930647, wr dram addr: 0x8b0b080, 145797248, data: [0.003175 0.004590 0.015098 0.003748 0.000000 0.011891 0.000000 0.000000 0.000000 0.000000 0.000000 0.000000 0.003475 0.000000 0.000000 0.000287 ]
clk: 1930648, wr dram addr: 0x8b0b0c0, 145797312, data: [0.000000 0.011197 0.002885 0.000000 0.000265 0.004385 0.000000 0.003156 0.000000 0.011826 0.000000 0.000000 0.004619 0.006653 0.008244 0.000000 ]
clk: 1930649, wr dram addr: 0x8b0b100, 145797376, data: [0.000000 0.007011 0.000000 0.000000 0.000000 0.000000 0.000000 0.011556 0.000000 0.000000 0.000000 0.000000 0.009817 0.000000 0.000000 0.003413 ]
clk: 1930650, wr dram addr: 0x8b0b140, 145797440, data: [0.008637 0.002702 0.000000 0.000000 0.000000 0.006419 0.000000 0.000000 0.002741 0.000000 0.000000 0.002743 0.000000 0.000000 0.000000 0.000000 ]
clk: 1930651, wr dram addr: 0x8b0b180, 145797504, data: [0.000000 0.001200 0.013245 0.000000 0.001053 0.002415 0.005074 0.000000 0.000000 0.000000 0.000000 0.008555 0.001676 0.000000 0.000000 0.004485 ]
clk: 1930652, wr dram addr: 0x8b0b1c0, 145797568, data: [0.003532 0.000000 0.012619 0.000000 0.001858 0.000000 0.000000 0.000000 0.017670 0.002745 0.012129 0.000000 0.000000 0.014606 0.000000 0.003501 ]
clk: 1930653, wr dram addr: 0x8b0b200, 145797632, data: [0.000000 0.007491 0.000000 0.000000 0.000000 0.003739 0.000908 0.002614 0.000239 0.000000 0.000000 0.000000 0.000000 0.010511 0.008405 0.000000 ]
clk: 1930654, wr dram addr: 0x8b0b240, 145797696, data: [0.000000 0.000000 0.002262 0.000000 0.000000 0.016158 0.001890 0.002840 0.002528 0.000219 0.000000 0.000000 0.000000 0.003139 0.012516 0.000000 ]
clk: 1930655, wr dram addr: 0x8b0b280, 145797760, data: [0.003831 0.000000 0.004013 0.000000 0.004963 0.000956 0.001475 0.000000 0.000000 0.000000 0.000000 0.000000 0.000000 0.005205 0.015234 0.006683 ]
clk: 1930656, wr dram addr: 0x8b0b2c0, 145797824, data: [0.000000 0.001814 0.006383 0.001138 0.000000 0.000000 0.001145 0.000000 0.000000 0.000149 0.006611 0.018158 0.028809 0.000000 0.000000 0.007141 ]
clk: 1930657, wr dram addr: 0x8b0b300, 145797888, data: [0.000532 0.000000 0.002078 0.003073 0.000000 0.000000 0.000000 0.000000 0.000736 0.000000 0.000000 0.003146 0.003913 0.000000 0.010940 0.004984 ]
clk: 1930658, wr dram addr: 0x8b0b340, 145797952, data: [0.004854 0.003437 0.000000 0.000000 0.002844 0.000000 0.019350 0.003110 0.000000 0.005668 0.000000 0.011898 0.000000 0.042599 0.000000 0.000000 ]
clk: 1930659, wr dram addr: 0x8b0b380, 145798016, data: [0.005814 0.000000 0.000000 0.001869 0.000000 0.000000 0.000000 0.000000 0.000000 0.000000 0.001765 0.000000 0.000000 0.000000 0.000000 0.000000 ]
clk: 1930660, wr dram addr: 0x8b0b3c0, 145798080, data: [0.000000 0.015520 0.003221 0.002580 0.004498 0.000000 0.000000 0.000000 0.053250 0.024742 0.029770 0.016086 0.000000 0.000000 0.000000 0.000000 ]
clk: 1930661, wr dram addr: 0x8b0b400, 145798144, data: [0.000000 0.000000 0.010239 0.000000 0.008278 0.004643 0.000000 0.000000 0.000000 0.006386 0.002317 0.000000 0.007332 0.000000 0.000341 0.000000 ]
clk: 1930662, wr dram addr: 0x8b0b440, 145798208, data: [0.012393 0.000133 0.000000 0.000000 0.002282 0.000000 0.002305 0.000000 0.000000 0.013436 0.005436 0.000000 0.000000 0.000000 0.000000 0.006127 ]
clk: 1930663, wr dram addr: 0x8b0b480, 145798272, data: [0.000000 0.000000 0.001748 0.001651 0.005968 0.000000 0.004164 0.006789 0.000000 0.000000 0.000000 0.000000 0.000000 0.002139 0.000000 0.001481 ]
clk: 1930664, wr dram addr: 0x8b0b4c0, 145798336, data: [0.000000 0.000000 0.001039 0.002847 0.001419 0.001286 0.000000 0.003188 0.009637 0.000000 0.000000 0.000000 0.002586 0.000000 0.000000 0.002578 ]
clk: 1930665, wr dram addr: 0x8b0b500, 145798400, data: [0.000000 0.000366 0.003092 0.000000 0.002084 0.000000 0.000000 0.000000 0.000000 0.000000 0.000000 0.000000 0.013018 0.000000 0.000000 0.001698 ]
clk: 1930666, wr dram addr: 0x8b0b540, 145798464, data: [0.000000 0.000000 0.000000 0.000000 0.005151 0.000000 0.001111 0.000000 0.000000 0.007728 0.000000 0.005199 0.000000 0.000000 0.015175 0.000000 ]
clk: 1930667, wr dram addr: 0x8b0b580, 145798528, data: [0.000000 0.004463 0.004037 0.000346 0.002044 0.006765 0.005272 0.000000 0.007977 0.000000 0.004624 0.002632 0.000000 0.000000 0.006034 0.000396 ]
  0.00891464    0.0107647    0.0266574    -0.022925   -0.0466144   -0.0215204   -0.0296501   -0.0345858
  -0.0325499    0.0182972   -0.0419979    0.0732849   -0.0090761    0.0171361    -0.020833    0.0230745
  0.00583222   0.00376936   0.00794755  -0.00420872  -0.00182782  -0.00231941  -0.00128399   0.00566305
   0.0241154    0.0287824   0.00428672    0.0170661  -0.00915104   -0.0133116   -0.0269513  -0.00110357
  -0.0105959    0.0216232  -0.00851481    0.0252371   -0.0142253   -0.0106327    0.0240723  0.000485229
   0.0106031   -0.0296829   -0.0088511    0.0667295   -0.0433564    0.0262995   -0.0102054  0.000975017
  -0.0874256  -0.00649533   -0.0420875     0.113783   -0.0259063    0.0585429    0.0345138    -0.019698
   -0.016299   0.00254726  -0.00818065    0.0239234  -0.00716354    0.0102461   0.00602802  -0.00661688
  -0.0115343   -0.0187167  -0.00594948   -0.0126494   -0.0207438   0.00796511  -0.00207143    0.0184203
  0.00991422   -0.0283472    0.0608159  -0.00976042   0.00434722   -0.0516658   0.00078271   0.00863075
 -0.00770765   -0.0417188    0.0513461    0.0405196    -0.012688     0.013562   -0.0415906    0.0412707
     0.01347    0.0296332 -0.000290572    0.0574443    -0.031937  -0.00239098    -0.107243    0.0259146
 -0.00440515    -0.014877 -0.000800914   0.00902337  0.000333425    0.0465282    0.0213593   -0.0162691
  -0.0355094    0.0189029    0.0208858     0.032448   -0.0176426 -0.000963503   -0.0233578    0.0401539
  0.00514135    0.0142623  -0.00264637   0.00351579   -0.0225069   -0.0105761    0.0369797   -0.0307216
  0.00664599    0.0265921   -0.0292446    0.0105509    0.0109093    0.0227316   0.00807167    0.0134766
   0.0121515   -0.0217995  -0.00432271    0.0479261    -0.032576    0.0179292   -0.0101987 -0.000309348
  -0.0432324     0.038964    -0.011273   0.00190743   -0.0126153  -0.00942884   -0.0269157   0.00415939
 -0.00997517     0.010616   0.00870273   0.00721991  -0.00802224   -0.0108281   0.00278701    0.0108717
 -0.00595793  -0.00649625    0.0161373   0.00248712  -0.00536695  -0.00232628 -0.000702457    0.0127985
  0.00309052   -0.0106709 -0.000675938   0.00414569  -0.00935423   0.00445643    -0.023583   -0.0041882
-0.000644642    0.0244687    0.0106339  -0.00494914   -0.0303314   -0.0273049   0.00368295   -0.0191177
  0.00038486   0.00194125   0.00138411   0.00213438  -0.00277291 -0.000119944  -0.00480073   0.00107458
   -0.035836    0.0672252    0.0647489  0.000230929   -0.0685434   -0.0624315   -0.0475094    0.0595801
  -0.0351788  -0.00620351   -0.0191057    0.0277588   -0.0212229    0.0334262    0.0194727   -0.0158577
  -0.0403382   -0.0208356   0.00337169   0.00650708     -0.01803     0.018733    -0.019516   0.00297387
  -0.0260368    0.0359912    0.0207462   0.00252547   -0.0334857   -0.0156529  -0.00566261    0.0251562
  0.00322142    0.0154285   0.00713263   -0.0119506  -0.00516352    -0.017218 -0.000130119  -0.00231572
  -0.0233649   -0.0256726   -0.0266576     0.143295   -0.0515356    0.0241504    0.0257901   -0.0205712
   0.0413732    0.0191048  -0.00758551    0.0140205   0.00617361    0.0437076    -0.039625    0.0151493
   0.0533979  -0.00701486    0.0261386    0.0157533  -0.00725927    0.0409771   -0.0404655 -0.000678297
    0.014918    0.0129862   -0.0178093    0.0160691  -0.00744394    0.0612291     0.020012    0.0157766
  -0.0580911   -0.0210926   -0.0494888    0.0767675   -0.0352356    0.0756682    0.0607055   -0.0430264
   0.0825353   -0.0210176    0.0297087    0.0276922    0.0109739    0.0432838    -0.061717   -0.0109717
  0.00298076    0.0445431    0.0258147   -0.0293616   -0.0409156   -0.0444876    0.0197823   -0.0203443
 -0.00924834    0.0776202    0.0309533   -0.0309977    -0.045081   -0.0368817   -0.0674723    0.0665322
  -0.0171643   0.00820615   0.00890945    0.0202609  -0.00786842   0.00268999   -0.0122354    0.0189176
  0.00143527    0.0380264   -0.0832038    0.0377608   0.00497052    0.0800477    0.0405547    0.0516678
 -0.00513109   -0.0157826   0.00523091   0.00734013  -0.00135354   0.00393663    0.0111399  0.000751947
 0.000502442  -0.00283687   0.00479658   0.00213963  -0.00289065  -0.00260606   0.00161141   0.00733838
  -0.0114918     0.019951   -0.0186671    0.0227357  -0.00293523  -0.00295131     0.014893   0.00489729
  -0.0134078   0.00457051    0.0149185    0.0154402   -0.0211534   -0.0257141     0.053801  -0.00675027
 -0.00541166  0.000731722  -0.00406859    0.0247101    0.0026739    0.0311535  -0.00257548    0.0446439
   0.0206355   -0.0262518    0.0678575  -0.00075493   -0.0214188   -0.0435021   -0.0827333     0.012278
    0.015543   -0.0379476    0.0249376    0.0053098   -0.0122938   -0.0263132   -0.0329628   -0.0110486
   -0.119046   -0.0611102   -0.0308298    0.0221818   -0.0306835     0.105564    0.0329802  -0.00164341
  0.00641758    0.0288477   -0.0375744    0.0295623   0.00162855     0.044849   0.00465127    0.0262308
  0.00862129  2.08514e-05   0.00702417   -0.0056877    0.0157932   -0.0150098    0.0103569  -0.00186773
   0.0218368   -0.0624325    0.0665961    0.0230728   0.00250393  -0.00235003    -0.022216     0.047514
  -0.0297896   0.00878096   -0.0246346    0.0472871   -0.0019906    0.0125825   -0.0512072    0.0321579
  -0.0268508    0.0433666   0.00344607    0.0273425   -0.0217819  -0.00185485   -0.0613654    0.0512424
  -0.0426329  -0.00463886   -0.0227776    0.0316506  -0.00450811    0.0277091  -0.00320602  -0.00124364
  0.00339318 -0.000867461  -0.00956386     0.010735   -0.0112338    0.0091161    0.0015625   0.00331274
   0.0373153    0.0175804  -0.00429271    0.0989888   -0.0363698   -0.0122544    -0.117516   -0.0323489
   0.0332846     0.047904    0.0057296    -0.014667   -0.0205167  -0.00264918   -0.0708698    0.0290079
  0.00342525    -0.010486  0.000152829   0.00707388  -0.00641914   0.00185345   -0.0111885   -0.0041741
  -0.0600137   -0.0481402   -0.0349714    0.0830765   -0.0353051    0.0798791    0.0942385    -0.035863
  -0.0298178     0.021953   -0.0301561    0.0432659  -0.00787636    0.0133722  -0.00125937    0.0161198
   0.0188104   -0.0204142  -0.00265648    0.0401263   -0.0258539    0.0121367   -0.0231258  -0.00530261
  -0.0132384   -0.0094988  -0.00860903    0.0175023  -0.00323439    0.0299669    0.0228193   -0.0139747
  -0.0143805    0.0182805   -0.0196448    0.0249666  -0.00386875   0.00760488  -0.00542144     0.017661
   0.0314813  -0.00846791    0.0124711   0.00586397   0.00168334    0.0092452   -0.0203003  -0.00676593
  -0.0220231   -0.0656721    0.0510874   0.00368224  -0.00205237   -0.0248589    0.0581967 -0.000478685
  0.00991847   0.00227614   0.00829122   -0.0112124  -0.00792039  -0.00532304  -0.00152624  -0.00194743
 -0.00547334   0.00295142   0.00368546   -0.0032927  -0.00735774  -0.00172606   -0.0090762   0.00582769
  -0.0981005    0.0432774    -0.073095    0.0813681  -0.00501146    0.0483223   -0.0319775    0.0469045
  -0.0369242    0.0175899   0.00753452  -0.00875847   -0.0249786    -0.020547   -0.0475922    0.0279757
   0.0433162   -0.0223016 -0.000907271    0.0318279   -0.0344844    0.0145098   -0.0604625   -0.0239239
  -0.0448239   -0.0378203    0.0106629    0.0150844   -0.0133023    0.0265183    0.0472857    0.0108154
   0.0100736    0.0558618   0.00295652   -0.0368469  -0.00828732   -0.0487406  -0.00243582   -0.0131155
   0.0133969    0.0091487  -0.00636529    0.0267408  -0.00121165    0.0481081   -0.0197072    0.0115583
 -0.00191824  -0.00599198  -0.00689143   0.00964978   -0.0144445    0.0221346   -0.0210582    0.0018172
  0.00466592 -0.000126828  -0.00361263   0.00890378   -0.0124289   0.00176692    0.0017055  -0.00824074
   0.0204136  -0.00219559    0.0179624   0.00304937   -0.0067856    0.0055135  -0.00911448  -0.00334211
  -0.0522685   -0.0170665   0.00749716    0.0423213   -0.0236905    0.0197945   -0.0198861    0.0437236
 -0.00520835    -0.034906   -0.0205161   -0.0112008   -0.0306557    0.0284732   -0.0188449    0.0283309
  0.00990125    0.0157178    0.0351596   -0.0255487   -0.0174974    -0.040148   -0.0176556   0.00758558
  -0.0580386    -0.054552    0.0643651    0.0415454   -0.0238008    0.0231231   0.00485654    0.0399189
  -0.0286073   -0.0216073  -0.00189248     0.013086  -0.00643586    0.0108077    0.0641275   0.00502011
  -0.0857361  -0.00517418    -0.103404      0.14853   -0.0305007     0.142998      0.11804  -0.00835817
  0.00714869    0.0258643   -0.0374763    0.0134388   0.00894191    0.0476326    0.0116377    0.0260278
  -0.0886064   -0.0235741   -0.0255519    0.0556854  -0.00769875    0.0458287   0.00454178    0.0250637
   0.0359376    0.0329705   0.00664276   -0.0225916   -0.0119371     0.006183   -0.0473384    0.0237215
  -0.0212511   0.00486791   -0.0115419    0.0253321    -0.037681   -0.0160197   -0.0352629   -0.0142875
   0.0100181  -0.00416695    0.0328114  -0.00304534    -0.042575  0.000994152   -0.0882885 -0.000999989
 -0.00330542    0.0610541   -0.0297095    0.0256528  -0.00550156  -0.00157367   -0.0841737     0.045969
    0.025997   0.00100269  0.000687568  -0.00496935    -0.020278  -0.00566374   -0.0536984   0.00517538
   0.0227646    0.0545226   -0.0260989   0.00195062   -0.0081495   -0.0178983    -0.040649   -0.0246519
  -0.0511881    0.0155214  0.000768167    0.0531388   -0.0188505   0.00983726  -0.00617356    0.0189364
  -0.0295572   -0.0204291    0.0225562    0.0105045   -0.0100323  0.000147295    0.0164911    0.0398385
   0.0118536  -0.00419495    0.0283471    0.0184336   -0.0146035   0.00507697   -0.0507589      0.02304
 -0.00140318    0.0128636    0.0172798    0.0301149   -0.0134857   0.00141146   -0.0614041    0.0507225
  -0.0569587    0.0490231   -0.0109448    0.0187667   -0.0222932   0.00720694   -0.0517578    0.0374122
  -0.0867393   -0.0423699    -0.106763    0.0988286   -0.0451074     0.169617     0.151619   -0.0307361
   0.0149201   -0.0174212  -0.00397435     0.044672   -0.0250625    0.0214602   -0.0261642   0.00857543
 -0.00227557   0.00957878   0.00262059   0.00772919    0.0101466  -0.00472308  -0.00768577    0.0152992
   0.0387706   -0.0700795    0.0900896    0.0148449   -0.0297593  -0.00992424    -0.106604    0.0520397
  -0.0264047    0.0396717   0.00213526  -0.00463079   -0.0504308    0.0133282   -0.0018149    0.0343981
  0.00789461  -0.00596088   -0.0214643   0.00796211   -0.0165639    0.0617597   0.00407996    0.0289968
  -0.0123061     0.037242   -0.0221621     0.026992   -0.0044958   0.00109448   -0.0500767    0.0277091
    0.052969  -0.00499904    0.0169511    0.0202174   0.00238711    0.0287004   -0.0768372   0.00325741
  -0.0286049   -0.0161122   -0.0265939   0.00607711   -0.0290817    0.0569228    0.0279636    0.0130749
 -0.00550232  -0.00629786 -0.000279276    0.0137588  -0.00464824    0.0131524  -0.00123187  -0.00555513
 -0.00090294   0.00327055   -0.0314386    0.0367594   0.00558139    0.0562525     0.043342    0.0305306
   -0.025994     0.024816    0.0168958   0.00413194    -0.027987  -0.00864947   0.00230756  0.000297326
  -0.0870539  -0.00879806   -0.0250916    0.0247696   -0.0210968    0.0617573   0.00536671   0.00427222
  -0.0442259   0.00989379   -0.0510833    0.0455688   -0.0165123    0.0249706  -0.00356364    0.0362085
   0.0119591     0.063689   -0.0570693   -0.0197929    0.0287271   -0.0213032    0.0130753   -0.0151666
 -0.00531537    0.0163987 -0.000736602   0.00676198   -0.0348196   -0.0178496    0.0248277   -0.0211527
   -0.121244   -0.0840568   -0.0793175     0.117998   -0.0575357     0.110431     0.125741   -0.0391914
   -0.126828  -0.00849967   -0.0452159    0.0444868   -0.0189943    0.0708315   -0.0205802  -0.00954249
   0.0477677   0.00916633  -0.00196649    0.0200609    0.0173915    0.0474307     -0.04358    0.0142623
  -0.0141587   -0.0238466  -0.00305368    0.0103397   -0.0219974    0.0217517    0.0637948    -0.038184
  0.00583613   -0.0103162   0.00309269   0.00704205   0.00179293    0.0308648   0.00720183   -0.0115531
  -0.0443876   -0.0213295  -0.00198791     0.027242  -0.00269022    0.0260139  -0.00822588   0.00939725
 -0.00121315    0.0135278   -0.0183017    0.0138105   0.00156159    0.0163832  -0.00483402    0.0176421
 -0.00380478   -0.0385175    0.0123871  -0.00639469  -0.00918128    0.0121732   -0.0526697    0.0234603
  -0.0120073   0.00148194    -0.018173    0.0346757   -0.0343154    0.0268074  -0.00555985    0.0113278
   -0.032446  -0.00113715   -0.0197904 -0.000448319   0.00848425    0.0138727   -0.0206474    0.0316305
  -0.0796242    0.0237159   -0.0812547     0.138506   -0.0235689    0.0475337    0.0403528     0.010369
   -0.080342    0.0448284   -0.0256687    0.0391663   -0.0181581    0.0248721   -0.0566474    0.0382749
   -0.029009   0.00550064   -0.0119435    0.0111518  -0.00621861    0.0167721  -0.00799721   0.00413387
   -0.104572   -0.0790478   -0.0212247    0.0810861   -0.0382142    0.0870064     0.102301    -0.012557
   0.0088734    0.0788357    0.0166657   0.00729573   -0.0789839   -0.0764807    -0.068349   -0.0205059
    0.023419   0.00668291  -0.00178767   0.00919933   0.00726374    0.0214956   -0.0221979    0.0081274
  0.00419349    0.0278589   -0.0245617  -0.00767188    0.0125043  -0.00789426   -0.0044163  -0.00739965
 -0.00782915  -0.00567748  -0.00193638     0.024394  -0.00528722   0.00452778   0.00226017   0.00776334
   0.0145726   0.00423102   0.00694431    0.0222101  -0.00648329   0.00606833   -0.0594432    0.0300867
   0.0101572   -0.0615284     0.014575    0.0823967   -0.0420439    0.0301915     -0.02936   0.00699258
  0.00298052    0.0155344    0.0132683   -0.0034465   -0.0177883   0.00493937   -0.0153356    0.0144497
   0.0273703    0.0664836   -0.0294987    0.0146705   -0.0201256   -0.0168803   -0.0664962   -0.0230663
 -0.00299628    0.0114537  -0.00521779   0.00277713  -0.00472932  7.48174e-05  -0.00356654    0.0039371
   0.0222404   -0.0119258   0.00815585    0.0248838   0.00219738    0.0274405    -0.027182  0.000520168
   0.0308712   -0.0713159     0.080329    0.0399142  0.000793165  -0.00463302   -0.0332709    0.0576942
  0.00019677  -0.00964182    0.0122731  -0.00416219   -0.0353686   -0.0146004   -0.0444811   0.00860095
   0.0293192  0.000209371    0.0330452     0.093809   -0.0545085   -0.0584626    -0.116772   -0.0256634
  0.00705079    0.0125295   -0.0141521   0.00974674   0.00618011    0.0200779  -0.00477789    0.0119423
  -0.0403458    0.0117364   -0.0201754    0.0241539  -0.00429966    0.0190325   -0.0207707    0.0154467
  0.00545838    0.0107676    -0.030284    0.0801998   -0.0211176    0.0210712   0.00626327   -0.0300773
  -0.0358412    0.0281828   -0.0187937    0.0499572   -0.0203606   0.00623557  -0.00526215    0.0217619
 -0.00657665   -0.0140872   0.00453647    0.0147916  -0.00101059  -0.00167432    0.0052171    0.0108731
   0.0341135   -0.0112324   -0.0102869   0.00662284  -0.00706846    0.0638714   0.00936784    0.0306305
   0.0261631   -0.0129439    0.0154283    0.0170309   0.00387636    0.0234708  -0.00533201   0.00486999
 -0.00184762  -0.00673554   0.00847865   0.00148116  -0.00350647  -0.00961678  -0.00216357   -0.0132841
   0.0105859   0.00733404  -0.00206953  0.000919056   -0.0146622  -0.00918241   -0.0481663   -0.0156038
  -0.0300357  -0.00482226   -0.0209656  -0.00832701    0.0057125   -0.0016684   -0.0130356  -0.00234184
   0.0353482   -0.0323229    0.0409956   0.00436575  -0.00358595   -0.0363095   -0.0479933   -0.0174374
  -0.0070721  -0.00363046    0.0246826   -0.0554612   -0.0292004   -0.0325136   -0.0790573    0.0364345
  0.00218419  -0.00366705   0.00758108   0.00223801  -0.00177223  -0.00118588  -0.00630883   0.00245282
  -0.0468679    0.0299878   -0.0347941       0.0233  -0.00798275    0.0301024   -0.0332067    0.0276512
  0.00922935    0.0157267   0.00212209  -0.00358854   0.00119883  -0.00751668   0.00538407   0.00878343
  -0.0557209   -0.0486846  -0.00651594    0.0212641   -0.0417535    0.0632436   -0.0929892    0.0505082
   -0.120237   -0.0233903   -0.0651735    0.0690523   -0.0320448      0.09821    0.0347549   -0.0172352
   -0.053923    0.0367306   -0.0569528    0.0233367    -0.019088      0.10765   0.00310716   -0.0207828
   0.0193663   0.00404692    0.0416547   0.00403823   -0.0249138   -0.0206713   -0.0459715    0.0149474
 -0.00357669    0.0419574   -0.0150906     0.115196    -0.043976  -0.00624828   -0.0912543   0.00665977
 9.58138e-05    0.0349678   -0.0102635    0.0718953   -0.0332942    -0.011425   -0.0633317   0.00346566
  0.00809191    0.0294698  -0.00299135  0.000370036   -0.0070937   0.00761934   -0.0110642     0.021221
  -0.0592124   0.00207742   -0.0706759    0.0937404    -0.028984    0.0833558    0.0821917   -0.0348203
  0.00104419   0.00657427   0.00205729  -0.00351356  -0.00465024  -0.00618086   0.00814662  -0.00704323
  -0.0701156    0.0258553   -0.0262136    0.0618171  -0.00462669    0.0439416   -0.0341865    0.0125836
  -0.0693132   -0.0767539    0.0115159    0.0789172   -0.0337692    0.0613962   0.00669341    0.0156787
  -0.0484217   -0.0398654   -0.0464972     0.074018   -0.0595692    0.0290978    0.0153203   -0.0428097
   0.0113005    0.0111048    0.0469729    0.0362194   -0.0187042  -0.00557773     -0.10237    0.0790161
 -0.00483554    0.0184521  0.000265205  -0.00512306   -0.0215952   -0.0141764    0.0357987   -0.0331979
   0.0225289   0.00669073    0.0357466    0.0607376   -0.0449673   -0.0675311   -0.0851056   -0.0318335
  -0.0132005    0.0150475   0.00570479   0.00387302  -0.00994048  -0.00422567   -0.0135721    0.0150385
  -0.0811718  -0.00113393   -0.0919011     0.137241   -0.0401845    0.0796942    0.0786076   -0.0270621
  -0.0352083    0.0090728   -0.0136316    0.0138032   -0.0254592    0.0172299    0.0444906     -0.01176
 -0.00458843    0.0118707   -0.0646877    0.0942934   -0.0207279     0.067576   -0.0115859    0.0566761
  -0.0375902   0.00410015  -0.00782624    0.0507854   -0.0314008    0.0269115   -0.0561341    0.0784337
   0.0284601  -0.00184046    0.0158452   -0.0129054   -0.0142356  -0.00577669   -0.0111065     0.009704
  -0.0351851    0.0745859   -0.0861119    0.0666652    0.0181273    0.0924125   -0.0575892    0.0635509
   0.0373511    -0.017003    0.0533719   -0.0374777   -0.0167225   -0.0270029   -0.0498831    0.0222007
  -0.0828111   -0.0139666    0.0259851    0.0585986   -0.0213212    0.0239316   0.00962827    0.0427947
   0.0850606   -0.0288535    0.0288765    0.0249129   0.00868734    0.0508255   -0.0485146  -0.00479021
  -0.0468909     0.017906   -0.0250365    0.0236601   -0.0166829    0.0225954   -0.0246797   0.00398846
   0.0202202   0.00598832   -0.0187937    0.0356852    -0.050738   0.00915561    0.0129604   -0.0338111
   -0.109368    0.0211765   -0.0702908     0.125902   -0.0440258    0.0877278    0.0635501   -0.0378812
  -0.0257041   -0.0295464   -0.0149511    0.0554645   -0.0195711    0.0297946    0.0100356   -0.0234719
  -0.0266134     0.033439   -0.0844145     0.034929   -0.0504529    0.0393004   -0.0155833    0.0772295
   0.0207243  -0.00455917     0.006185    0.0117592  -0.00892814   0.00716826   -0.0162234  -0.00592997
   0.0165643   -0.0121579    0.0719925    0.0896397   -0.0213845  -0.00445008   -0.0688926    0.0636195
  -0.0226995    0.0195097  -0.00723682    0.0101468   -0.0251662    0.0128206    0.0168842   -0.0124767
   0.0454605    0.0173512   -0.0101653    0.0260616    0.0133104     0.046799   -0.0481031    0.0172862
  0.00308776   -0.0394783    0.0354156  -0.00579278   -0.0308275   0.00170646   -0.0850339    0.0270251
  0.00279807   -0.0353609    0.0010672    0.0229408   -0.0223005    0.0131932   -0.0245858  -0.00540898
   0.0248465   -0.0406618   0.00176092    0.0601198   -0.0320775    0.0266121   -0.0623229    0.0031229
  -0.0178492    0.0143638  -0.00996325    0.0143404    -0.021652    0.0141334    0.0308936  -0.00806384
  -0.0136079   0.00812246   -0.0160766      0.01038  0.000885095   0.00631221  -0.00494281   0.00153004
  -0.0604823   -0.0266742     0.046482    0.0375724   -0.0218975    0.0146364  -0.00066337    0.0430233
  -0.0322377    0.0301415    0.0833801   -0.0250344    -0.044584   -0.0644959   -0.0300333    0.0434089
  -0.0354512    0.0476168    0.0537339   -0.0156311    -0.048706   -0.0380067     -0.03149    0.0412983
  -0.0545736    0.0360984   -0.0183609   0.00540637   -0.0315912    0.0140484   -0.0241491   -0.0141154
  -0.0522648 -0.000925191   -0.0269912    0.0330861   -0.0327112     0.024202    -0.055589    0.0142769
   -0.046263   -0.0748599    0.0164808    0.0285304  -0.00879263    0.0311614    0.0902003    0.0173444
  0.00296618    0.0163847   -0.0131638  -0.00342085    0.0120851  -0.00887481    0.0115651  -0.00654319
  0.00774691  -0.00638339    0.0074677   0.00287291  -0.00429944   0.00503681   -0.0264576   0.00236377
  -0.0417962   -0.0838152    0.0372842    0.0105321   -0.0226953    0.0103241    0.0788562    0.0389806
   0.0443692 -0.000816692   -0.0461306    0.0787233   -0.0373237    0.0366056   -0.0736493  -0.00163952
   0.0749485   -0.0377427    0.0244663    0.0177439 -0.000306073    0.0401781    -0.060539  -0.00390922
   0.0149812   0.00422615     0.017114  -0.00890352   -0.0128907  -0.00120636    0.0230508   -0.0169123
  -0.0394986   -0.0127117    -0.013948    0.0177224    -0.015259    0.0329017    0.0122228  -0.00518074
-0.000127551  -0.00304655  -0.00350348 -0.000620137  -0.00269209   0.00699845   0.00292634   0.00273333
  -0.0100176  -0.00766128   -0.0133107   0.00113831  -0.00367246    0.0120476   0.00265648   0.00892848
  -0.0327338   0.00343222   0.00171766    0.0285339  -0.00952096   0.00493852  -0.00116434    0.0172157
 -0.00532907   0.00469764   -0.0151356    0.0146651  0.000334188    0.0487657    0.0145774   -0.0344092
  -0.0449149     0.031788   -0.0613927     0.041672    0.0103496    0.0479852   -0.0295007    0.0352658
   0.0986023   -0.0242584    0.0318313    0.0282244    0.0221236    0.0498281   -0.0899646   0.00264127
    0.056776   -0.0777462    0.0462864    0.0832528   -0.0281056    0.0222049   -0.0777051    0.0221868
  -0.0931228    0.0829724   -0.0492309    0.0883226    -0.034256   0.00948374   -0.0167098    0.0499956
  0.00427874  -0.00647575    0.0133217   0.00394727  -0.00227794   0.00658322   0.00176687  0.000667699
  -0.0747645  -0.00342026   -0.0540271    0.0411548   -0.0170757    0.0863817    0.0151204    0.0214244
   0.0341573    0.0283589   -0.0373082    0.0275515  -0.00136738    0.0120741     -0.11118    0.0134372
  -0.0437323    0.0254084    0.0256257    0.0207361   -0.0224871  -0.00742665   -0.0199899    0.0410208
   0.0169223   -0.0154251    0.0201677    0.0259149  -0.00228915   0.00656762  -0.00959706    0.0172746
  0.00780497  -0.00995734    0.0039789   0.00520487  -0.00248293   0.00942291   -0.0121702  -0.00577669
  -0.0696816   -0.0134261   -0.0989939     0.125381    -0.048091      0.10591     0.105937   -0.0444787
  0.00141182  -0.00369619 -0.000272813    0.0325685   -0.0253325    0.0117798   -0.0224615    0.0108846
   0.0376915  -0.00371709    0.0736066   -0.0287863   -0.0215822   -0.0404614 -0.000629853    0.0195482
  -0.0174012    0.0114158    0.0619143    -0.020963   -0.0262449   -0.0281481    0.0162811    0.0228858
   -0.106012   -0.0487464   -0.0285033   0.00158829   -0.0248047    0.0867975    -0.068117    0.0518925
 -0.00145715   -0.0144176   0.00765604   0.00523693 -0.000800338   0.00103359   0.00957154   0.00305387
  -0.0302044    0.0582083 -0.000981381      0.01585   -0.0552588  -0.00351983   -0.0838271    0.0752773
   0.0645394   -0.0135263    0.0351399    0.0286518  -0.00984309    0.0312131   -0.0827546    0.0072455
  -0.0276703   -0.0293177    0.0251008   0.00720083   -0.0165311    0.0306063   0.00257267  -0.00632198
 -0.00877794     0.022349  -0.00269284   -0.0045396   -0.0185041    0.0079685   -0.0132668 -9.36705e-05
  -0.0276611    0.0912896    -0.107289    0.0537726    0.0442214    0.0199346    0.0244194    0.0473695
   0.0379571   -0.0126836   -0.0113627     0.048151   -0.0346438    0.0201484   -0.0288178   -0.0115625
  -0.0108641   -0.0053251  -0.00524071    0.0199325   0.00620937    0.0332662    0.0115796    0.0217537
  -0.0126624    0.0404961  -0.00789363    0.0368231   -0.0197243   0.00782086   -0.0843442    0.0597344
   0.0102545    0.0016642   0.00280233     -0.00241   -0.0302254   -0.0126004  -0.00989691   -0.0173196
  -0.0564887    0.0139997    0.0287462    0.0314398    -0.014991 -0.000880817  -0.00530682     0.050907
  -0.0262947   -0.0237904    0.0303693    -0.010404   -0.0212052  -0.00721078     0.055038    0.0155441
  -0.0137769    0.0271053   -0.0207651    0.0415213   -0.0287075  -0.00990591    0.0260397  -0.00585761
   0.0290772   0.00520525  -0.00072062    0.0317684   -0.0256943  -0.00741601   -0.0791239  -0.00691048
  0.00554925   -0.0014193 -0.000280449   0.00454472  -0.00395909    0.0121078   0.00436825  -0.00970227
  -0.0149887  -0.00948633    0.0180076    0.0116409   0.00418556   0.00344535 -0.000163594    0.0114139
 0.000220272    -0.025476    0.0017082   -0.0118537  -0.00666703    0.0012502     0.046498    0.0154695
  -0.0555231   -0.0056165   -0.0441114    0.0196775    0.0147415    0.0411169   -0.0246889    0.0383596
   0.0206062    0.0239587    0.0195748   -0.0290466  -0.00495248    -0.013302    0.0134077    0.0143971
  -0.0773261    0.0533405   -0.0677675    0.0810387   -0.0142623    0.0368057   -0.0253507    0.0426801
  -0.0102373   -0.0162623    0.0626303   -0.0340464   0.00939854   -0.0666224   -0.0148961    0.0371691
  -0.0087943  -0.00498202  -0.00136398   0.00302767   -0.0132165  -0.00174076   -0.0181288   0.00513663
  -0.0246137   -0.0101433   -0.0113898    0.0175641   -0.0125551      0.03042   0.00228752  -0.00395862
A nnz: 2228224
X1 nnz: 393216
W1 cols: 32
X2 nnz: 4194304
W2 cols: 8
GCN summary:
GCN passed on ../data/GCN/rmat-17/
total OPs: 270532608
total cycles: 12854414
GCN performance: 21.0459 GOPS
GOPS/W: 0.904361
