argc: 5
argv[0]: ./test_simulator_testsuit
argv[1]: -A
argv[2]: DELTA_PR
argv[3]: -D
argv[4]: ../data/PR/rmat-16/
V_RW_SPM: total has 6 phy SPM, total addr width 25 bits, each phy spm addr width 22 bits
V_SPM_SINGLE, contains simd 64 blocks, each addr width: 16
V_SPM_SINGLE, contains simd 64 blocks, each addr width: 16
V_SPM_SINGLE, contains simd 64 blocks, each addr width: 16
V_SPM_SINGLE, contains simd 64 blocks, each addr width: 16
V_SPM_SINGLE, contains simd 64 blocks, each addr width: 16
V_SPM_SINGLE, contains simd 64 blocks, each addr width: 16
[ASE]: mapped dsm ptr:0x7f1270182000, succeeded!
[ASE]: start simulatoin loop, max cycles per turn: 1410065408
clk: 0, flush_stage=0, scheduler_in_v_task=0, scheduler_send_e_task=0, M09_write_to_spm=0, M09_write_to_id_fifo=0, M09_write_to_data_fifo=0, M09_alu_in_num=0, M09_alu_out_num=0, M09_update_dst_read_single_get_task_num=0, M09_update_dst_read_single_send_task_num=0, M09_update_dst_read_single_read_spm_num=0, M09_update_dst_read_single_get_spm_data_num=0
clk: 0, M08_combiner_rv_ct=0, M08_combiner_send_ct=0
0
m02_full: 0 0 0 0 0 0 0 0 0 0 0 0 0 0 0 0 0 0 0 0 0 0 0 0 0 0 0 0 0 0 0 0 0 0 0 0 0 0 0 0 0 0 0 0 0 0 0 0 0 0 0 0 0 0 0 0 0 0 0 0 0 0 0 0
m03_v_full: 0 0 0 0 0 0 0 0 0 0 0 0 0 0 0 0 0 0 0 0 0 0 0 0 0 0 0 0 0 0 0 0 0 0 0 0 0 0 0 0 0 0 0 0 0 0 0 0 0 0 0 0 0 0 0 0 0 0 0 0 0 0 0 0
m03_e_full: 0 0 0 0 0 0 0 0 0 0 0 0 0 0 0 0 0 0 0 0 0 0 0 0 0 0 0 0 0 0 0 0 0 0 0 0 0 0 0 0 0 0 0 0 0 0 0 0 0 0 0 0 0 0 0 0 0 0 0 0 0 0 0 0
m04_full: 0 0 0 0 0 0 0 0 0 0 0 0 0 0 0 0 0 0 0 0 0 0 0 0 0 0 0 0 0 0 0 0 0 0 0 0 0 0 0 0 0 0 0 0 0 0 0 0 0 0 0 0 0 0 0 0 0 0 0 0 0 0 0 0
m05_full: 0 0 0 0 0 0 0 0 0 0 0 0 0 0 0 0 0 0 0 0 0 0 0 0 0 0 0 0 0 0 0 0 0 0 0 0 0 0 0 0 0 0 0 0 0 0 0 0 0 0 0 0 0 0 0 0 0 0 0 0 0 0 0 0
m06_full: 0 0 0 0 0 0 0 0 0 0 0 0 0 0 0 0 0 0 0 0 0 0 0 0 0 0 0 0 0 0 0 0 0 0 0 0 0 0 0 0 0 0 0 0 0 0 0 0 0 0 0 0 0 0 0 0 0 0 0 0 0 0 0 0
m07_full: 0 0 0 0 0 0 0 0 0 0 0 0 0 0 0 0 0 0 0 0 0 0 0 0 0 0 0 0 0 0 0 0 0 0 0 0 0 0 0 0 0 0 0 0 0 0 0 0 0 0 0 0 0 0 0 0 0 0 0 0 0 0 0 0
m08_full: 0 0 0 0 0 0 0 0 0 0 0 0 0 0 0 0 0 0 0 0 0 0 0 0 0 0 0 0 0 0 0 0 0 0 0 0 0 0 0 0 0 0 0 0 0 0 0 0 0 0 0 0 0 0 0 0 0 0 0 0 0 0 0 0
m09_full: 0 0 0 0 0 0 0 0 0 0 0 0 0 0 0 0 0 0 0 0 0 0 0 0 0 0 0 0 0 0 0 0 0 0 0 0 0 0 0 0 0 0 0 0 0 0 0 0 0 0 0 0 0 0 0 0 0 0 0 0 0 0 0 0
clk: 1, rd_active_vertex: change empty, front=0, now=1
clk: 1, rd_active_vertex: change empty, front=0, now=1
[ASE_dev]: trigger ase event: 4
Load graph, v=65536, e=1048576
iter=1, active_vtx=65536, active_edge=1048576
0.513767
iter=2, active_vtx=64769, active_edge=1036580
0.131391
iter=3, active_vtx=62319, active_edge=995708
0.0376029
iter=4, active_vtx=55245, active_edge=867689
0.013204
iter=5, active_vtx=36650, active_edge=523602
0.00450871
iter=6, active_vtx=9111, active_edge=71856
0.00103657
iter=7, active_vtx=800, active_edge=5546
0.000129487
iter=8, active_vtx=153, active_edge=432
2.19751e-05
iter=9, active_vtx=27, active_edge=77
1.07462e-05
iter=10, active_vtx=15, active_edge=24
6.95509e-06
iter=11, active_vtx=7, active_edge=12
5.49464e-06
iter=12, active_vtx=4, active_edge=5
4.39394e-06
iter=13, active_vtx=3, active_edge=4
3.68974e-06
iter=14, active_vtx=3, active_edge=4
3.13628e-06
iter=15, active_vtx=3, active_edge=4
2.66584e-06
iter=16, active_vtx=3, active_edge=4
2.26596e-06
iter=17, active_vtx=3, active_edge=4
1.92607e-06
iter=18, active_vtx=3, active_edge=4
1.63716e-06
iter=19, active_vtx=3, active_edge=4
1.39159e-06
iter=20, active_vtx=3, active_edge=4
1.18285e-06
iter=21, active_vtx=3, active_edge=4
1.00542e-06
iter=22, active_vtx=3, active_edge=4
8.54608e-07
iter=23, active_vtx=3, active_edge=4
7.26416e-07
iter=24, active_vtx=3, active_edge=4
6.17454e-07
iter=25, active_vtx=3, active_edge=4
5.24836e-07
iter=26, active_vtx=3, active_edge=4
4.46111e-07
iter=27, active_vtx=0, active_edge=0
0
PR Push complete iteration: 27
1 scalar
1 scalar
1 scalar
1 scalar
1 scalar
1 scalar
Empty line @ 17
1 scalar
1 scalar
1 scalar
Empty line @ 21
1 scalar
1 scalar
1 scalar
1 scalar
1 scalar
Empty line @ 27
1 scalar
1 scalar
1 scalar
1 scalar
1 scalar
1 scalar
1 scalar
1 scalar
1 scalar
1 scalar
1 scalar
[SIMULATOR]: DMA src ptr h: 0x7f12, ptr l: 0x6f57f800, src ptr: 0x7f126f57f800
[SIMULATOR]: DMA dst ptr h: 0x0, ptr l: 0x1800000, dst ptr: 0x1800000
[SIMULATOR]: DMA len: 4194304
[SIMULATOR]: adaptor select LPDDR pass
[SIMULATOR]: CPU DMA will use 65536 clks via 64GB/s
[ASE_dev]: trigger ase event: 2
[ASE_dev]: dma done!
[AAS_dev]: start kernel with Bin file: ../test/asm/bin/pr_push_sync_dma.bin
[AAS_dev]: kernel file size:21584
[AAS_dev]: binary file contains instr: 168, total size in ints: 5376 (aka 21504 bytes)
[AAS_dev]: DMA data to instr mem, len:21504
[AAS_dev]: wait for AAS_SOC_DMA_DONE
[SIMULATOR]: DMA src ptr h: 0x62a0, ptr l: 0xc200, src ptr: 0x62a00000c200
[SIMULATOR]: DMA dst ptr h: 0x0, ptr l: 0x1800000, dst ptr: 0x1800000
[SIMULATOR]: DMA len: 21504
[SIMULATOR]: adaptor select instr pass
clk: 124, cpu dma req, src ptr: 0x62a00000c200, dst ptr: 0x1800000, len: 21504, cmd: 1
[ASE_dev]: trigger ase event: 2
[ASE_dev]: dma done!
[AAS_dev]: start core...
[AAS_dev]: wait for AAS_SOC_KERNEL_DONE
[ASE]: start kernel, chagne m_select from 1 to 0
clk: 462, inst_decoder_s_single: get and send scalar_inst, I-type=3, imm=4194304, func=32, rd=1, rs1=0, rs2=0, exer_id=4
clk: 463, inst_decoder_s_single: get and send scalar_inst, I-type=3, imm=8388608, func=32, rd=2, rs1=0, rs2=0, exer_id=4
clk: 464, inst_decoder_s_single: get and send scalar_inst, I-type=3, imm=12582912, func=32, rd=3, rs1=0, rs2=0, exer_id=4
clk: 464, issue_top: send scalar instruction, exer_id=4, func=32, rd=1, rs1=0, rs2=0, imm: 4194304
clk: 465, inst_decoder_s_single: get and send scalar_inst, I-type=3, imm=16777216, func=32, rd=4, rs1=0, rs2=0, exer_id=4
clk: 465, issue_top: send scalar instruction, exer_id=5, func=32, rd=2, rs1=0, rs2=0, imm: 8388608
clk: 466, inst_decoder_s_single: get and send scalar_inst, I-type=3, imm=20971520, func=32, rd=5, rs1=0, rs2=0, exer_id=4
clk: 467, inst_decoder_s_single: get and send scalar_inst, I-type=3, imm=25165824, func=32, rd=6, rs1=0, rs2=0, exer_id=4
clk: 468, inst_decoder_s_single: get and send scalar_inst, I-type=3, imm=256, func=32, rd=7, rs1=0, rs2=0, exer_id=4
clk: 469, issue_top: send scalar instruction, exer_id=4, func=32, rd=3, rs1=0, rs2=0, imm: 12582912
clk: 470, issue_top: send scalar instruction, exer_id=5, func=32, rd=4, rs1=0, rs2=0, imm: 16777216
clk: 474, issue_top: send scalar instruction, exer_id=4, func=32, rd=5, rs1=0, rs2=0, imm: 20971520
clk: 475, issue_top: send scalar instruction, exer_id=5, func=32, rd=6, rs1=0, rs2=0, imm: 25165824
clk: 476, inst_decoder_s_single: get and send scalar_inst, I-type=9, imm=0, func=32, rd=0, rs1=0, rs2=7, exer_id=13
clk: 477, inst_decoder_s_single: get and send scalar_inst, I-type=9, imm=0, func=6, rd=0, rs1=0, rs2=0, exer_id=13
clk: 478, inst_decoder_s_single: get and send scalar_inst, I-type=7, imm=0, func=34, rd=7, rs1=0, rs2=0, exer_id=9
clk: 479, inst_decoder_s_single: get and send scalar_inst, I-type=7, imm=4, func=34, rd=8, rs1=0, rs2=0, exer_id=9
clk: 479, issue_top: send scalar instruction, exer_id=4, func=32, rd=7, rs1=0, rs2=0, imm: 256
clk: 484, issue_top: send scalar instruction, exer_id=13, func=32, rd=0, rs1=0, rs2=7, imm: 0
clk: 486, dma exer, l2s, dram ptr:0x0, spm addr:0x0, size (bits):2048
clk: 486, dma engine, trans valid:1, swap start:1, ready:1, running:0, dram addr:0, spm addr:0, direct: 0
clk: 246446, wr dram addr: 0xc3a680, 12822144, data: [0.000014 0.000018 0.000010 0.000015 0.000007 0.000009 0.000006 0.000011 0.000013 0.000006 0.000007 0.000011 0.000005 0.000002 0.000005 0.000005 ]
clk: 246447, wr dram addr: 0xc3a6c0, 12822208, data: [0.000009 0.000010 0.000007 0.000008 0.000009 0.000009 0.000006 0.000007 0.000008 0.000005 0.000004 0.000005 0.000007 0.000005 0.000005 0.000013 ]
clk: 246448, wr dram addr: 0xc3a700, 12822272, data: [0.000013 0.000014 0.000009 0.000014 0.000014 0.000010 0.000007 0.000009 0.000009 0.000007 0.000012 0.000008 0.000009 0.000008 0.000007 0.000008 ]
clk: 246449, wr dram addr: 0xc3a740, 12822336, data: [0.000014 0.000011 0.000008 0.000008 0.000006 0.000007 0.000008 0.000006 0.000007 0.000011 0.000005 0.000011 0.000002 0.000004 0.000004 0.000009 ]
clk: 246450, wr dram addr: 0xc3a780, 12822400, data: [0.000010 0.000003 0.000006 0.000012 0.000004 0.000006 0.000008 0.000005 0.000006 0.000007 0.000007 0.000006 0.000006 0.000006 0.000003 0.000005 ]
clk: 246451, wr dram addr: 0xc3a7c0, 12822464, data: [0.000006 0.000011 0.000007 0.000009 0.000006 0.000007 0.000006 0.000006 0.000006 0.000005 0.000004 0.000007 0.000005 0.000005 0.000002 0.000022 ]
clk: 246452, wr dram addr: 0xc3a800, 12822528, data: [0.000020 0.000024 0.000020 0.000029 0.000019 0.000016 0.000009 0.000016 0.000019 0.000016 0.000011 0.000020 0.000018 0.000013 0.000014 0.000021 ]
clk: 246453, wr dram addr: 0xc3a840, 12822592, data: [0.000022 0.000015 0.000012 0.000019 0.000019 0.000011 0.000015 0.000010 0.000023 0.000015 0.000011 0.000012 0.000010 0.000005 0.000009 0.000012 ]
clk: 246454, wr dram addr: 0xc3a880, 12822656, data: [0.000021 0.000023 0.000014 0.000017 0.000016 0.000014 0.000009 0.000018 0.000015 0.000017 0.000009 0.000010 0.000006 0.000005 0.000004 0.000020 ]
clk: 246455, wr dram addr: 0xc3a8c0, 12822720, data: [0.000013 0.000011 0.000010 0.000012 0.000010 0.000008 0.000011 0.000017 0.000010 0.000013 0.000010 0.000007 0.000006 0.000007 0.000008 0.000016 ]
clk: 246456, wr dram addr: 0xc3a900, 12822784, data: [0.000020 0.000008 0.000013 0.000022 0.000013 0.000016 0.000014 0.000011 0.000017 0.000018 0.000014 0.000015 0.000009 0.000009 0.000014 0.000015 ]
clk: 246457, wr dram addr: 0xc3a940, 12822848, data: [0.000019 0.000017 0.000011 0.000008 0.000008 0.000006 0.000010 0.000011 0.000007 0.000012 0.000003 0.000008 0.000011 0.000004 0.000006 0.000015 ]
clk: 246458, wr dram addr: 0xc3a980, 12822912, data: [0.000013 0.000009 0.000010 0.000013 0.000012 0.000012 0.000009 0.000011 0.000014 0.000008 0.000005 0.000011 0.000008 0.000005 0.000007 0.000007 ]
clk: 246459, wr dram addr: 0xc3a9c0, 12822976, data: [0.000013 0.000008 0.000009 0.000005 0.000005 0.000006 0.000005 0.000009 0.000011 0.000005 0.000004 0.000008 0.000007 0.000003 0.000006 0.000020 ]
clk: 246460, wr dram addr: 0xc3aa00, 12823040, data: [0.000027 0.000022 0.000010 0.000012 0.000017 0.000012 0.000012 0.000013 0.000016 0.000013 0.000006 0.000012 0.000011 0.000012 0.000007 0.000015 ]
clk: 246461, wr dram addr: 0xc3aa40, 12823104, data: [0.000015 0.000015 0.000008 0.000009 0.000007 0.000011 0.000006 0.000009 0.000017 0.000012 0.000009 0.000010 0.000003 0.000006 0.000008 0.000016 ]
clk: 246462, wr dram addr: 0xc3aa80, 12823168, data: [0.000017 0.000015 0.000012 0.000013 0.000017 0.000013 0.000016 0.000013 0.000007 0.000007 0.000009 0.000008 0.000006 0.000003 0.000007 0.000012 ]
clk: 246463, wr dram addr: 0xc3aac0, 12823232, data: [0.000008 0.000007 0.000006 0.000008 0.000009 0.000004 0.000006 0.000008 0.000005 0.000010 0.000005 0.000009 0.000005 0.000004 0.000002 0.000010 ]
clk: 246464, wr dram addr: 0xc3ab00, 12823296, data: [0.000013 0.000010 0.000010 0.000010 0.000012 0.000011 0.000007 0.000011 0.000010 0.000006 0.000006 0.000013 0.000007 0.000005 0.000006 0.000014 ]
clk: 246465, wr dram addr: 0xc3ab40, 12823360, data: [0.000011 0.000010 0.000009 0.000007 0.000010 0.000007 0.000006 0.000005 0.000005 0.000010 0.000006 0.000004 0.000003 0.000004 0.000006 0.000007 ]
clk: 246466, wr dram addr: 0xc3ab80, 12823424, data: [0.000010 0.000005 0.000007 0.000007 0.000009 0.000008 0.000006 0.000007 0.000007 0.000006 0.000005 0.000009 0.000005 0.000005 0.000005 0.000005 ]
clk: 246467, wr dram addr: 0xc3abc0, 12823488, data: [0.000009 0.000005 0.000010 0.000005 0.000005 0.000002 0.000002 0.000007 0.000005 0.000004 0.000006 0.000005 0.000005 0.000008 0.000005 0.000014 ]
clk: 246468, wr dram addr: 0xc3ac00, 12823552, data: [0.000017 0.000021 0.000013 0.000014 0.000014 0.000011 0.000008 0.000017 0.000017 0.000011 0.000008 0.000009 0.000014 0.000007 0.000007 0.000011 ]
clk: 246469, wr dram addr: 0xc3ac40, 12823616, data: [0.000009 0.000009 0.000005 0.000013 0.000009 0.000011 0.000007 0.000004 0.000011 0.000010 0.000009 0.000008 0.000005 0.000004 0.000006 0.000016 ]
clk: 246470, wr dram addr: 0xc3ac80, 12823680, data: [0.000010 0.000008 0.000006 0.000008 0.000010 0.000011 0.000004 0.000012 0.000011 0.000005 0.000007 0.000010 0.000005 0.000005 0.000007 0.000014 ]
clk: 246471, wr dram addr: 0xc3acc0, 12823744, data: [0.000012 0.000008 0.000010 0.000007 0.000004 0.000007 0.000005 0.000007 0.000008 0.000009 0.000006 0.000007 0.000005 0.000005 0.000004 0.000010 ]
clk: 246472, wr dram addr: 0xc3ad00, 12823808, data: [0.000013 0.000009 0.000013 0.000012 0.000009 0.000006 0.000008 0.000008 0.000011 0.000007 0.000010 0.000008 0.000007 0.000008 0.000008 0.000011 ]
clk: 246473, wr dram addr: 0xc3ad40, 12823872, data: [0.000010 0.000005 0.000008 0.000007 0.000006 0.000004 0.000007 0.000004 0.000009 0.000008 0.000005 0.000008 0.000009 0.000007 0.000004 0.000010 ]
clk: 246474, wr dram addr: 0xc3ad80, 12823936, data: [0.000009 0.000016 0.000007 0.000009 0.000007 0.000007 0.000002 0.000005 0.000009 0.000005 0.000007 0.000006 0.000006 0.000007 0.000005 0.000006 ]
clk: 246475, wr dram addr: 0xc3adc0, 12824000, data: [0.000004 0.000009 0.000005 0.000007 0.000007 0.000004 0.000008 0.000008 0.000008 0.000005 0.000006 0.000004 0.000004 0.000003 0.000003 0.000010 ]
clk: 246476, wr dram addr: 0xc3ae00, 12824064, data: [0.000014 0.000016 0.000012 0.000012 0.000010 0.000011 0.000007 0.000013 0.000010 0.000005 0.000010 0.000007 0.000006 0.000005 0.000006 0.000008 ]
clk: 246477, wr dram addr: 0xc3ae40, 12824128, data: [0.000012 0.000007 0.000010 0.000006 0.000006 0.000005 0.000005 0.000009 0.000005 0.000007 0.000004 0.000008 0.000005 0.000003 0.000005 0.000009 ]
clk: 246478, wr dram addr: 0xc3ae80, 12824192, data: [0.000008 0.000011 0.000008 0.000010 0.000008 0.000007 0.000006 0.000007 0.000005 0.000005 0.000010 0.000005 0.000009 0.000005 0.000005 0.000009 ]
clk: 246479, wr dram addr: 0xc3aec0, 12824256, data: [0.000008 0.000008 0.000005 0.000007 0.000005 0.000005 0.000005 0.000006 0.000005 0.000004 0.000004 0.000006 0.000003 0.000003 0.000002 0.000009 ]
clk: 246480, wr dram addr: 0xc3af00, 12824320, data: [0.000011 0.000009 0.000009 0.000011 0.000006 0.000006 0.000003 0.000012 0.000010 0.000003 0.000005 0.000007 0.000006 0.000004 0.000005 0.000006 ]
clk: 246481, wr dram addr: 0xc3af40, 12824384, data: [0.000010 0.000005 0.000008 0.000004 0.000007 0.000009 0.000004 0.000006 0.000006 0.000006 0.000007 0.000005 0.000002 0.000006 0.000004 0.000008 ]
clk: 246482, wr dram addr: 0xc3af80, 12824448, data: [0.000007 0.000009 0.000005 0.000008 0.000005 0.000005 0.000005 0.000005 0.000005 0.000005 0.000005 0.000005 0.000006 0.000003 0.000004 0.000007 ]
clk: 246483, wr dram addr: 0xc3afc0, 12824512, data: [0.000004 0.000004 0.000005 0.000006 0.000005 0.000007 0.000004 0.000002 0.000003 0.000005 0.000012 0.000004 0.000003 0.000004 0.000003 0.000024 ]
clk: 246484, wr dram addr: 0xc3b000, 12824576, data: [0.000026 0.000018 0.000017 0.000018 0.000018 0.000017 0.000012 0.000020 0.000023 0.000017 0.000012 0.000013 0.000012 0.000014 0.000013 0.000017 ]
clk: 246485, wr dram addr: 0xc3b040, 12824640, data: [0.000018 0.000020 0.000014 0.000014 0.000019 0.000011 0.000008 0.000014 0.000014 0.000015 0.000009 0.000009 0.000009 0.000005 0.000008 0.000017 ]
clk: 246486, wr dram addr: 0xc3b080, 12824704, data: [0.000024 0.000016 0.000015 0.000008 0.000012 0.000011 0.000005 0.000014 0.000014 0.000015 0.000009 0.000011 0.000011 0.000009 0.000006 0.000011 ]
clk: 246487, wr dram addr: 0xc3b0c0, 12824768, data: [0.000021 0.000011 0.000011 0.000011 0.000010 0.000013 0.000007 0.000014 0.000010 0.000009 0.000006 0.000006 0.000010 0.000006 0.000004 0.000021 ]
clk: 246488, wr dram addr: 0xc3b100, 12824832, data: [0.000009 0.000021 0.000011 0.000013 0.000016 0.000010 0.000013 0.000014 0.000018 0.000015 0.000010 0.000011 0.000012 0.000007 0.000006 0.000015 ]
clk: 246489, wr dram addr: 0xc3b140, 12824896, data: [0.000018 0.000012 0.000006 0.000012 0.000008 0.000014 0.000010 0.000011 0.000012 0.000008 0.000006 0.000008 0.000006 0.000009 0.000006 0.000009 ]
clk: 246490, wr dram addr: 0xc3b180, 12824960, data: [0.000012 0.000011 0.000009 0.000014 0.000012 0.000008 0.000007 0.000008 0.000007 0.000007 0.000010 0.000012 0.000006 0.000005 0.000005 0.000012 ]
clk: 246491, wr dram addr: 0xc3b1c0, 12825024, data: [0.000012 0.000011 0.000005 0.000010 0.000007 0.000006 0.000004 0.000008 0.000010 0.000005 0.000005 0.000006 0.000005 0.000005 0.000005 0.000019 ]
clk: 246492, wr dram addr: 0xc3b200, 12825088, data: [0.000019 0.000013 0.000018 0.000017 0.000013 0.000011 0.000010 0.000013 0.000017 0.000009 0.000013 0.000011 0.000007 0.000013 0.000009 0.000008 ]
clk: 246493, wr dram addr: 0xc3b240, 12825152, data: [0.000013 0.000008 0.000010 0.000015 0.000012 0.000007 0.000007 0.000014 0.000011 0.000010 0.000008 0.000008 0.000006 0.000005 0.000004 0.000010 ]
clk: 246494, wr dram addr: 0xc3b280, 12825216, data: [0.000010 0.000012 0.000009 0.000010 0.000014 0.000010 0.000005 0.000011 0.000008 0.000013 0.000008 0.000006 0.000007 0.000009 0.000005 0.000012 ]
clk: 246495, wr dram addr: 0xc3b2c0, 12825280, data: [0.000010 0.000009 0.000009 0.000006 0.000008 0.000007 0.000004 0.000009 0.000007 0.000005 0.000005 0.000006 0.000008 0.000005 0.000003 0.000009 ]
clk: 246496, wr dram addr: 0xc3b300, 12825344, data: [0.000015 0.000011 0.000015 0.000016 0.000012 0.000007 0.000008 0.000011 0.000007 0.000010 0.000006 0.000009 0.000010 0.000006 0.000004 0.000006 ]
clk: 246497, wr dram addr: 0xc3b340, 12825408, data: [0.000014 0.000010 0.000004 0.000007 0.000007 0.000003 0.000005 0.000008 0.000008 0.000010 0.000003 0.000005 0.000005 0.000003 0.000003 0.000008 ]
clk: 246498, wr dram addr: 0xc3b380, 12825472, data: [0.000012 0.000010 0.000009 0.000006 0.000008 0.000006 0.000003 0.000005 0.000009 0.000005 0.000006 0.000009 0.000006 0.000006 0.000004 0.000005 ]
clk: 246499, wr dram addr: 0xc3b3c0, 12825536, data: [0.000006 0.000008 0.000008 0.000007 0.000008 0.000004 0.000005 0.000005 0.000008 0.000002 0.000004 0.000005 0.000006 0.000003 0.000003 0.000013 ]
clk: 246500, wr dram addr: 0xc3b400, 12825600, data: [0.000016 0.000023 0.000014 0.000015 0.000016 0.000010 0.000011 0.000016 0.000013 0.000014 0.000012 0.000013 0.000011 0.000011 0.000008 0.000007 ]
clk: 246501, wr dram addr: 0xc3b440, 12825664, data: [0.000016 0.000010 0.000011 0.000012 0.000010 0.000006 0.000007 0.000008 0.000007 0.000006 0.000004 0.000007 0.000008 0.000008 0.000007 0.000010 ]
clk: 246502, wr dram addr: 0xc3b480, 12825728, data: [0.000015 0.000016 0.000007 0.000008 0.000015 0.000006 0.000010 0.000007 0.000012 0.000007 0.000008 0.000010 0.000006 0.000005 0.000004 0.000009 ]
clk: 246503, wr dram addr: 0xc3b4c0, 12825792, data: [0.000010 0.000008 0.000008 0.000005 0.000010 0.000005 0.000008 0.000005 0.000009 0.000004 0.000009 0.000005 0.000004 0.000007 0.000007 0.000014 ]
clk: 246504, wr dram addr: 0xc3b500, 12825856, data: [0.000015 0.000011 0.000013 0.000011 0.000011 0.000013 0.000003 0.000012 0.000011 0.000008 0.000010 0.000008 0.000006 0.000008 0.000009 0.000009 ]
clk: 246505, wr dram addr: 0xc3b540, 12825920, data: [0.000012 0.000006 0.000008 0.000008 0.000010 0.000005 0.000005 0.000006 0.000008 0.000005 0.000005 0.000005 0.000007 0.000007 0.000005 0.000009 ]
clk: 246506, wr dram addr: 0xc3b580, 12825984, data: [0.000011 0.000010 0.000006 0.000008 0.000009 0.000006 0.000009 0.000011 0.000007 0.000007 0.000006 0.000005 0.000005 0.000005 0.000005 0.000010 ]
clk: 246507, wr dram addr: 0xc3b5c0, 12826048, data: [0.000008 0.000007 0.000006 0.000006 0.000007 0.000006 0.000005 0.000007 0.000007 0.000002 0.000007 0.000009 0.000008 0.000005 0.000004 0.000011 ]
clk: 246508, wr dram addr: 0xc3b600, 12826112, data: [0.000018 0.000009 0.000012 0.000010 0.000010 0.000004 0.000006 0.000013 0.000010 0.000006 0.000010 0.000008 0.000005 0.000008 0.000006 0.000013 ]
clk: 246509, wr dram addr: 0xc3b640, 12826176, data: [0.000008 0.000006 0.000010 0.000009 0.000006 0.000006 0.000007 0.000005 0.000006 0.000008 0.000010 0.000003 0.000003 0.000006 0.000004 0.000009 ]
clk: 246510, wr dram addr: 0xc3b680, 12826240, data: [0.000014 0.000010 0.000007 0.000012 0.000006 0.000011 0.000009 0.000007 0.000008 0.000009 0.000008 0.000006 0.000011 0.000005 0.000005 0.000005 ]
clk: 246511, wr dram addr: 0xc3b6c0, 12826304, data: [0.000011 0.000005 0.000006 0.000009 0.000005 0.000005 0.000006 0.000006 0.000006 0.000006 0.000005 0.000007 0.000005 0.000003 0.000003 0.000013 ]
clk: 246512, wr dram addr: 0xc3b700, 12826368, data: [0.000006 0.000009 0.000008 0.000008 0.000015 0.000007 0.000005 0.000006 0.000009 0.000004 0.000007 0.000006 0.000008 0.000007 0.000003 0.000009 ]
clk: 246513, wr dram addr: 0xc3b740, 12826432, data: [0.000008 0.000006 0.000008 0.000007 0.000004 0.000004 0.000005 0.000006 0.000006 0.000005 0.000002 0.000004 0.000003 0.000005 0.000005 0.000007 ]
clk: 246514, wr dram addr: 0xc3b780, 12826496, data: [0.000009 0.000006 0.000004 0.000006 0.000009 0.000005 0.000007 0.000005 0.000004 0.000005 0.000005 0.000003 0.000003 0.000005 0.000006 0.000005 ]
clk: 246515, wr dram addr: 0xc3b7c0, 12826560, data: [0.000007 0.000005 0.000005 0.000003 0.000004 0.000008 0.000005 0.000004 0.000007 0.000005 0.000005 0.000003 0.000005 0.000003 0.000003 0.000010 ]
clk: 246516, wr dram addr: 0xc3b800, 12826624, data: [0.000017 0.000031 0.000018 0.000018 0.000016 0.000012 0.000008 0.000018 0.000016 0.000010 0.000008 0.000013 0.000007 0.000006 0.000012 0.000015 ]
clk: 246517, wr dram addr: 0xc3b840, 12826688, data: [0.000014 0.000012 0.000007 0.000015 0.000011 0.000008 0.000006 0.000016 0.000012 0.000008 0.000009 0.000004 0.000011 0.000006 0.000004 0.000014 ]
clk: 246518, wr dram addr: 0xc3b880, 12826752, data: [0.000018 0.000014 0.000008 0.000015 0.000007 0.000011 0.000010 0.000014 0.000012 0.000006 0.000005 0.000009 0.000008 0.000009 0.000005 0.000012 ]
clk: 246519, wr dram addr: 0xc3b8c0, 12826816, data: [0.000015 0.000011 0.000005 0.000007 0.000008 0.000007 0.000006 0.000006 0.000005 0.000006 0.000006 0.000007 0.000004 0.000004 0.000005 0.000013 ]
clk: 246520, wr dram addr: 0xc3b900, 12826880, data: [0.000016 0.000014 0.000013 0.000011 0.000013 0.000007 0.000009 0.000009 0.000008 0.000008 0.000014 0.000011 0.000008 0.000008 0.000009 0.000010 ]
clk: 246521, wr dram addr: 0xc3b940, 12826944, data: [0.000012 0.000011 0.000006 0.000008 0.000009 0.000006 0.000008 0.000011 0.000008 0.000007 0.000010 0.000006 0.000004 0.000007 0.000005 0.000009 ]
clk: 246522, wr dram addr: 0xc3b980, 12827008, data: [0.000013 0.000011 0.000012 0.000011 0.000009 0.000007 0.000005 0.000008 0.000008 0.000010 0.000005 0.000005 0.000004 0.000007 0.000002 0.000007 ]
clk: 246523, wr dram addr: 0xc3b9c0, 12827072, data: [0.000009 0.000011 0.000009 0.000004 0.000005 0.000004 0.000006 0.000006 0.000005 0.000006 0.000003 0.000006 0.000003 0.000003 0.000005 0.000010 ]
clk: 246524, wr dram addr: 0xc3ba00, 12827136, data: [0.000015 0.000013 0.000014 0.000008 0.000014 0.000008 0.000008 0.000010 0.000008 0.000014 0.000009 0.000007 0.000008 0.000003 0.000006 0.000010 ]
clk: 246525, wr dram addr: 0xc3ba40, 12827200, data: [0.000012 0.000011 0.000006 0.000007 0.000004 0.000007 0.000005 0.000012 0.000009 0.000006 0.000006 0.000003 0.000006 0.000002 0.000002 0.000010 ]
clk: 246526, wr dram addr: 0xc3ba80, 12827264, data: [0.000011 0.000009 0.000010 0.000006 0.000007 0.000007 0.000006 0.000004 0.000009 0.000006 0.000005 0.000006 0.000007 0.000005 0.000004 0.000008 ]
clk: 246527, wr dram addr: 0xc3bac0, 12827328, data: [0.000009 0.000005 0.000005 0.000009 0.000007 0.000008 0.000002 0.000003 0.000006 0.000005 0.000005 0.000005 0.000006 0.000004 0.000004 0.000011 ]
clk: 246528, wr dram addr: 0xc3bb00, 12827392, data: [0.000011 0.000009 0.000009 0.000014 0.000008 0.000007 0.000007 0.000010 0.000009 0.000004 0.000006 0.000008 0.000009 0.000003 0.000005 0.000009 ]
clk: 246529, wr dram addr: 0xc3bb40, 12827456, data: [0.000008 0.000010 0.000006 0.000003 0.000005 0.000009 0.000008 0.000008 0.000006 0.000006 0.000002 0.000004 0.000004 0.000002 0.000004 0.000004 ]
clk: 246530, wr dram addr: 0xc3bb80, 12827520, data: [0.000010 0.000006 0.000007 0.000007 0.000007 0.000006 0.000003 0.000008 0.000006 0.000007 0.000006 0.000009 0.000006 0.000005 0.000004 0.000007 ]
clk: 246531, wr dram addr: 0xc3bbc0, 12827584, data: [0.000010 0.000007 0.000004 0.000004 0.000007 0.000007 0.000003 0.000003 0.000005 0.000005 0.000003 0.000003 0.000003 0.000004 0.000002 0.000009 ]
clk: 246532, wr dram addr: 0xc3bc00, 12827648, data: [0.000011 0.000008 0.000010 0.000011 0.000012 0.000008 0.000006 0.000013 0.000007 0.000010 0.000010 0.000012 0.000008 0.000011 0.000005 0.000011 ]
clk: 246533, wr dram addr: 0xc3bc40, 12827712, data: [0.000009 0.000008 0.000007 0.000008 0.000009 0.000007 0.000011 0.000008 0.000007 0.000006 0.000007 0.000010 0.000004 0.000005 0.000005 0.000006 ]
clk: 246534, wr dram addr: 0xc3bc80, 12827776, data: [0.000008 0.000009 0.000009 0.000010 0.000006 0.000007 0.000009 0.000012 0.000010 0.000008 0.000005 0.000011 0.000005 0.000005 0.000005 0.000007 ]
clk: 246535, wr dram addr: 0xc3bcc0, 12827840, data: [0.000009 0.000007 0.000009 0.000008 0.000005 0.000009 0.000004 0.000009 0.000007 0.000005 0.000004 0.000005 0.000005 0.000006 0.000004 0.000008 ]
clk: 246536, wr dram addr: 0xc3bd00, 12827904, data: [0.000010 0.000010 0.000009 0.000013 0.000006 0.000007 0.000007 0.000011 0.000007 0.000006 0.000004 0.000009 0.000003 0.000006 0.000004 0.000010 ]
clk: 246537, wr dram addr: 0xc3bd40, 12827968, data: [0.000007 0.000011 0.000004 0.000006 0.000007 0.000007 0.000006 0.000005 0.000005 0.000004 0.000005 0.000004 0.000005 0.000002 0.000005 0.000008 ]
clk: 246538, wr dram addr: 0xc3bd80, 12828032, data: [0.000007 0.000005 0.000005 0.000005 0.000013 0.000004 0.000008 0.000008 0.000005 0.000005 0.000004 0.000005 0.000003 0.000006 0.000002 0.000005 ]
clk: 246539, wr dram addr: 0xc3bdc0, 12828096, data: [0.000004 0.000007 0.000002 0.000003 0.000005 0.000002 0.000002 0.000004 0.000006 0.000007 0.000004 0.000003 0.000005 0.000005 0.000007 0.000008 ]
clk: 246540, wr dram addr: 0xc3be00, 12828160, data: [0.000007 0.000009 0.000003 0.000013 0.000007 0.000007 0.000005 0.000006 0.000016 0.000009 0.000010 0.000006 0.000002 0.000005 0.000004 0.000007 ]
clk: 246541, wr dram addr: 0xc3be40, 12828224, data: [0.000010 0.000006 0.000004 0.000008 0.000005 0.000005 0.000005 0.000007 0.000004 0.000003 0.000003 0.000005 0.000003 0.000005 0.000002 0.000004 ]
clk: 246542, wr dram addr: 0xc3be80, 12828288, data: [0.000013 0.000005 0.000003 0.000005 0.000006 0.000006 0.000006 0.000004 0.000003 0.000005 0.000007 0.000003 0.000006 0.000003 0.000003 0.000004 ]
clk: 246543, wr dram addr: 0xc3bec0, 12828352, data: [0.000004 0.000007 0.000004 0.000006 0.000003 0.000004 0.000003 0.000003 0.000004 0.000005 0.000003 0.000003 0.000007 0.000004 0.000002 0.000004 ]
clk: 246544, wr dram addr: 0xc3bf00, 12828416, data: [0.000008 0.000007 0.000009 0.000005 0.000007 0.000003 0.000003 0.000006 0.000006 0.000005 0.000005 0.000005 0.000005 0.000002 0.000003 0.000006 ]
clk: 246545, wr dram addr: 0xc3bf40, 12828480, data: [0.000007 0.000007 0.000009 0.000006 0.000004 0.000005 0.000002 0.000003 0.000004 0.000004 0.000006 0.000003 0.000003 0.000005 0.000005 0.000007 ]
clk: 246546, wr dram addr: 0xc3bf80, 12828544, data: [0.000004 0.000002 0.000007 0.000005 0.000004 0.000004 0.000003 0.000006 0.000005 0.000004 0.000004 0.000005 0.000003 0.000004 0.000003 0.000009 ]
clk: 246547, wr dram addr: 0xc3bfc0, 12828608, data: [0.000006 0.000002 0.000005 0.000003 0.000002 0.000002 0.000005 0.000005 0.000003 0.000005 0.000002 0.000004 0.000004 0.000003 0.000003 0.000021 ]
clk: 246548, wr dram addr: 0xc3c000, 12828672, data: [0.000041 0.000031 0.000023 0.000037 0.000035 0.000021 0.000025 0.000024 0.000023 0.000021 0.000013 0.000028 0.000027 0.000014 0.000018 0.000025 ]
clk: 246549, wr dram addr: 0xc3c040, 12828736, data: [0.000026 0.000023 0.000024 0.000013 0.000014 0.000020 0.000013 0.000013 0.000021 0.000017 0.000016 0.000013 0.000014 0.000011 0.000012 0.000026 ]
clk: 246550, wr dram addr: 0xc3c080, 12828800, data: [0.000027 0.000018 0.000026 0.000016 0.000022 0.000015 0.000017 0.000018 0.000018 0.000015 0.000009 0.000015 0.000012 0.000013 0.000009 0.000015 ]
clk: 246551, wr dram addr: 0xc3c0c0, 12828864, data: [0.000016 0.000024 0.000012 0.000015 0.000013 0.000012 0.000009 0.000012 0.000015 0.000013 0.000011 0.000006 0.000012 0.000010 0.000008 0.000027 ]
clk: 246552, wr dram addr: 0xc3c100, 12828928, data: [0.000026 0.000022 0.000027 0.000023 0.000021 0.000012 0.000015 0.000013 0.000014 0.000020 0.000010 0.000013 0.000015 0.000009 0.000009 0.000019 ]
clk: 246553, wr dram addr: 0xc3c140, 12828992, data: [0.000018 0.000013 0.000011 0.000014 0.000014 0.000011 0.000006 0.000010 0.000019 0.000013 0.000011 0.000011 0.000009 0.000006 0.000006 0.000012 ]
clk: 246554, wr dram addr: 0xc3c180, 12829056, data: [0.000021 0.000021 0.000007 0.000015 0.000014 0.000014 0.000009 0.000020 0.000008 0.000010 0.000008 0.000013 0.000011 0.000011 0.000007 0.000012 ]
clk: 246555, wr dram addr: 0xc3c1c0, 12829120, data: [0.000016 0.000017 0.000013 0.000009 0.000009 0.000007 0.000009 0.000014 0.000016 0.000011 0.000007 0.000004 0.000005 0.000008 0.000009 0.000022 ]
clk: 246556, wr dram addr: 0xc3c200, 12829184, data: [0.000031 0.000024 0.000014 0.000022 0.000019 0.000014 0.000014 0.000020 0.000020 0.000019 0.000011 0.000013 0.000012 0.000014 0.000010 0.000018 ]
clk: 246557, wr dram addr: 0xc3c240, 12829248, data: [0.000015 0.000019 0.000015 0.000017 0.000013 0.000011 0.000011 0.000014 0.000012 0.000014 0.000006 0.000010 0.000011 0.000010 0.000008 0.000023 ]
clk: 246558, wr dram addr: 0xc3c280, 12829312, data: [0.000019 0.000014 0.000011 0.000013 0.000018 0.000010 0.000008 0.000012 0.000012 0.000009 0.000006 0.000007 0.000010 0.000005 0.000009 0.000011 ]
clk: 246559, wr dram addr: 0xc3c2c0, 12829376, data: [0.000017 0.000009 0.000008 0.000009 0.000010 0.000007 0.000006 0.000008 0.000012 0.000008 0.000006 0.000009 0.000010 0.000008 0.000005 0.000017 ]
clk: 246560, wr dram addr: 0xc3c300, 12829440, data: [0.000027 0.000019 0.000008 0.000016 0.000014 0.000016 0.000007 0.000011 0.000011 0.000011 0.000009 0.000014 0.000015 0.000012 0.000007 0.000007 ]
clk: 246561, wr dram addr: 0xc3c340, 12829504, data: [0.000009 0.000008 0.000012 0.000012 0.000007 0.000008 0.000007 0.000009 0.000016 0.000006 0.000008 0.000008 0.000007 0.000008 0.000005 0.000010 ]
clk: 246562, wr dram addr: 0xc3c380, 12829568, data: [0.000009 0.000014 0.000012 0.000013 0.000012 0.000009 0.000003 0.000007 0.000015 0.000008 0.000005 0.000006 0.000005 0.000004 0.000006 0.000008 ]
clk: 246563, wr dram addr: 0xc3c3c0, 12829632, data: [0.000006 0.000009 0.000007 0.000008 0.000005 0.000006 0.000003 0.000010 0.000009 0.000007 0.000007 0.000006 0.000006 0.000002 0.000003 0.000016 ]
clk: 246564, wr dram addr: 0xc3c400, 12829696, data: [0.000030 0.000029 0.000020 0.000019 0.000021 0.000013 0.000008 0.000022 0.000014 0.000017 0.000015 0.000016 0.000012 0.000010 0.000011 0.000017 ]
clk: 246565, wr dram addr: 0xc3c440, 12829760, data: [0.000021 0.000017 0.000017 0.000015 0.000010 0.000011 0.000008 0.000015 0.000011 0.000014 0.000010 0.000014 0.000011 0.000012 0.000005 0.000024 ]
clk: 246566, wr dram addr: 0xc3c480, 12829824, data: [0.000018 0.000013 0.000013 0.000016 0.000012 0.000009 0.000010 0.000010 0.000012 0.000007 0.000006 0.000011 0.000008 0.000009 0.000006 0.000012 ]
clk: 246567, wr dram addr: 0xc3c4c0, 12829888, data: [0.000015 0.000014 0.000014 0.000011 0.000011 0.000009 0.000007 0.000011 0.000007 0.000008 0.000010 0.000010 0.000006 0.000005 0.000004 0.000014 ]
clk: 246568, wr dram addr: 0xc3c500, 12829952, data: [0.000021 0.000018 0.000021 0.000019 0.000020 0.000012 0.000015 0.000013 0.000016 0.000008 0.000011 0.000010 0.000010 0.000013 0.000010 0.000012 ]
clk: 246569, wr dram addr: 0xc3c540, 12830016, data: [0.000012 0.000017 0.000007 0.000015 0.000009 0.000012 0.000007 0.000012 0.000011 0.000009 0.000005 0.000010 0.000004 0.000005 0.000006 0.000012 ]
clk: 246570, wr dram addr: 0xc3c580, 12830080, data: [0.000014 0.000014 0.000008 0.000008 0.000012 0.000009 0.000009 0.000008 0.000007 0.000005 0.000008 0.000007 0.000008 0.000008 0.000006 0.000006 ]
clk: 246571, wr dram addr: 0xc3c5c0, 12830144, data: [0.000009 0.000008 0.000007 0.000009 0.000010 0.000006 0.000006 0.000009 0.000007 0.000005 0.000006 0.000006 0.000006 0.000009 0.000003 0.000015 ]
clk: 246809, swap spm, wr done
clk: 246810, swap spm controller ALL done
clk: 246812, dma_exer COMPLETE
clk: 246814, issue_top: send scalar instruction, exer_id=13, func=6, rd=0, rs1=0, rs2=0, imm: 0
clk: 246816, dma exer, dma barrier
clk: 246817, dma_exer COMPLETE
[ASE_dev]: trigger ase event: 8
[ASE_dev]: SOC KERNEL DONE!
[Simulator]: copy data from lpddr to CPU ...
[AAS_dev]: DMA data from lpddr to cpu, src ptr: 0xc00000, dst ptr: 0x6e8a0800, len:262144
[AAS_dev]: wait for AAS_SOC_DMA_DONE
[ASE_dev]: trigger ase event: 8
[SIMULATOR]: DMA src ptr h: 0x0, ptr l: 0xc00000, src ptr: 0xc00000
[SIMULATOR]: DMA dst ptr h: 0x7f12, ptr l: 0x6e8a0800, dst ptr: 0x7f126e8a0800
[SIMULATOR]: DMA len: 262144
[SIMULATOR]: adaptor select LPDDR pass
[SIMULATOR]: CPU DMA will use 4096 clks via 64GB/s
[ASE_dev]: trigger ase event: 2
[ASE_dev]: dma done!
[Simulator]: LPDDR to CPU done, check result
[AAS_dev]: wait for AAS_SOC_DONE
[ASE]: stop core...
[ASE_dev]: exit simulation, sim_done:1
[ASE]: simulation done, wait another request ...
[ASE_dev]: trigger ase event: 1
[ASE]: simulator exit
[ASE_dev]: SOC done!
Deviation = 1.97575e-07
Err = 0
Sum_Dif = 1.96343e-07
Max_Id = 4096, H_Value = 0.00013198, ACC_Value = 0.00013198, Max_Dif = 2.03727e-10
Max_Deviation_Id = 0, Max_Deviation = 1.54362e-06
PR summary:
Page Rank passed on dataset ../data/PR/rmat-16/
iter: 27
traversed edges: 28311552
total cycles: 246365
PR Performance: 107.025 GTEPs
GTEPS/W: 4.59896
