argc: 5
argv[0]: ./test_simulator_testsuit
argv[1]: -A
argv[2]: DELTA_PR
argv[3]: -D
argv[4]: ../data/PR/rmat-20/
V_RW_SPM: total has 6 phy SPM, total addr width 25 bits, each phy spm addr width 22 bits
V_SPM_SINGLE, contains simd 64 blocks, each addr width: 16
V_SPM_SINGLE, contains simd 64 blocks, each addr width: 16
V_SPM_SINGLE, contains simd 64 blocks, each addr width: 16
V_SPM_SINGLE, contains simd 64 blocks, each addr width: 16
V_SPM_SINGLE, contains simd 64 blocks, each addr width: 16
V_SPM_SINGLE, contains simd 64 blocks, each addr width: 16
[ASE]: mapped dsm ptr:0x7f1525082000, succeeded!
[ASE]: start simulatoin loop, max cycles per turn: 1410065408
clk: 0, flush_stage=0, scheduler_in_v_task=0, scheduler_send_e_task=0, M09_write_to_spm=0, M09_write_to_id_fifo=0, M09_write_to_data_fifo=0, M09_alu_in_num=0, M09_alu_out_num=0, M09_update_dst_read_single_get_task_num=0, M09_update_dst_read_single_send_task_num=0, M09_update_dst_read_single_read_spm_num=0, M09_update_dst_read_single_get_spm_data_num=0
clk: 0, M08_combiner_rv_ct=0, M08_combiner_send_ct=0
0
m02_full: 0 0 0 0 0 0 0 0 0 0 0 0 0 0 0 0 0 0 0 0 0 0 0 0 0 0 0 0 0 0 0 0 0 0 0 0 0 0 0 0 0 0 0 0 0 0 0 0 0 0 0 0 0 0 0 0 0 0 0 0 0 0 0 0
m03_v_full: 0 0 0 0 0 0 0 0 0 0 0 0 0 0 0 0 0 0 0 0 0 0 0 0 0 0 0 0 0 0 0 0 0 0 0 0 0 0 0 0 0 0 0 0 0 0 0 0 0 0 0 0 0 0 0 0 0 0 0 0 0 0 0 0
m03_e_full: 0 0 0 0 0 0 0 0 0 0 0 0 0 0 0 0 0 0 0 0 0 0 0 0 0 0 0 0 0 0 0 0 0 0 0 0 0 0 0 0 0 0 0 0 0 0 0 0 0 0 0 0 0 0 0 0 0 0 0 0 0 0 0 0
m04_full: 0 0 0 0 0 0 0 0 0 0 0 0 0 0 0 0 0 0 0 0 0 0 0 0 0 0 0 0 0 0 0 0 0 0 0 0 0 0 0 0 0 0 0 0 0 0 0 0 0 0 0 0 0 0 0 0 0 0 0 0 0 0 0 0
m05_full: 0 0 0 0 0 0 0 0 0 0 0 0 0 0 0 0 0 0 0 0 0 0 0 0 0 0 0 0 0 0 0 0 0 0 0 0 0 0 0 0 0 0 0 0 0 0 0 0 0 0 0 0 0 0 0 0 0 0 0 0 0 0 0 0
m06_full: 0 0 0 0 0 0 0 0 0 0 0 0 0 0 0 0 0 0 0 0 0 0 0 0 0 0 0 0 0 0 0 0 0 0 0 0 0 0 0 0 0 0 0 0 0 0 0 0 0 0 0 0 0 0 0 0 0 0 0 0 0 0 0 0
m07_full: 0 0 0 0 0 0 0 0 0 0 0 0 0 0 0 0 0 0 0 0 0 0 0 0 0 0 0 0 0 0 0 0 0 0 0 0 0 0 0 0 0 0 0 0 0 0 0 0 0 0 0 0 0 0 0 0 0 0 0 0 0 0 0 0
m08_full: 0 0 0 0 0 0 0 0 0 0 0 0 0 0 0 0 0 0 0 0 0 0 0 0 0 0 0 0 0 0 0 0 0 0 0 0 0 0 0 0 0 0 0 0 0 0 0 0 0 0 0 0 0 0 0 0 0 0 0 0 0 0 0 0
m09_full: 0 0 0 0 0 0 0 0 0 0 0 0 0 0 0 0 0 0 0 0 0 0 0 0 0 0 0 0 0 0 0 0 0 0 0 0 0 0 0 0 0 0 0 0 0 0 0 0 0 0 0 0 0 0 0 0 0 0 0 0 0 0 0 0
clk: 1, rd_active_vertex: change empty, front=0, now=1
clk: 1, rd_active_vertex: change empty, front=0, now=1
[ASE_dev]: trigger ase event: 4
Load graph, v=1048576, e=31399374
iter=1, active_vtx=1048576, active_edge=31399374
1.13058
iter=2, active_vtx=1046020, active_edge=31351523
0.134564
iter=3, active_vtx=635598, active_edge=30403936
0.0193523
iter=4, active_vtx=510980, active_edge=23845152
0.00451398
iter=5, active_vtx=150647, active_edge=6594555
0.000879499
iter=6, active_vtx=16784, active_edge=138428
0.000136066
iter=7, active_vtx=4684, active_edge=23616
5.61213e-05
iter=8, active_vtx=1899, active_edge=5799
1.63802e-05
iter=9, active_vtx=1010, active_edge=2830
1.02628e-05
iter=10, active_vtx=560, active_edge=1025
3.85266e-06
iter=11, active_vtx=473, active_edge=979
2.86226e-06
iter=12, active_vtx=55, active_edge=99
5.61062e-07
iter=13, active_vtx=17, active_edge=30
3.47788e-07
iter=14, active_vtx=13, active_edge=22
2.59564e-07
iter=15, active_vtx=5, active_edge=9
1.87382e-07
iter=16, active_vtx=5, active_edge=7
1.51142e-07
iter=17, active_vtx=3, active_edge=4
1.20379e-07
iter=18, active_vtx=3, active_edge=4
1.02322e-07
iter=19, active_vtx=3, active_edge=4
8.69741e-08
PR Push complete iteration: 19
1 scalar
1 scalar
1 scalar
1 scalar
1 scalar
1 scalar
Empty line @ 17
1 scalar
1 scalar
1 scalar
Empty line @ 21
1 scalar
1 scalar
1 scalar
1 scalar
1 scalar
clk: 2951618, issue_top: send queue instruction, exer_id: 1, func=50, qreg=(9, 10, 5, 0), qvalid=(1, 1, 1, 0), sreg=(0, 0, 0, 0), imm=12582912
clk: 2951619, inst_decoder_s_single: get and send scalar_inst, I-type=6, imm=18, func=35, rd=0, rs1=13, rs2=0, exer_id=8
clk: 2951619, issue_exer_single: get instruction, exer_id=2, func=34, qreg=(11, 0, 6, 0), vreg=(0, 0, 0, 0), sreg=(0, 0, 0, 0), i=0
clk: 2951619, issue_exer: send instruction, exer_id=2, func=34, qreg=(11, 0, 6, 0), vreg=(0, 0, 0, 0), sreg=(0, 0, 0, 0)
clk: 2951619, issue_top: send queue instruction, exer_id: 2, func=34, qreg=(11, 0, 6, 0), qvalid=(1, 0, 1, 0), sreg=(0, 0, 0, 0), imm=16777216
clk: 2951620, issue_exer_single: get instruction, exer_id=11, func=0, qreg=(12, 0, 9, 0), vreg=(0, 0, 0, 0), sreg=(0, 0, 0, 0), i=0
clk: 2951620, issue_exer: send instruction, exer_id=11, func=0, qreg=(12, 0, 9, 0), vreg=(0, 0, 0, 0), sreg=(0, 0, 0, 0)
clk: 2951620, issue_top: send queue instruction, exer_id: 11, func=0, qreg=(12, 0, 9, 0), qvalid=(1, 0, 1, 0), sreg=(0, 0, 0, 0), imm=0
clk: 2951621, issue_top: send scalar instruction, exer_id=8, func=35, rd=0, rs1=13, rs2=0, imm: 18
clk: 2951623, branch eq: send task, pc=139, valid: 0, front pc: 122
clk: 2951627, inst_decoder_v_single: get and send queue_inst, I-type=12, exer_id=21, imm=0, func=16, fi_reg_id4: 0, fi_reg_id3: 11, fi_reg_id2: 14, fi_reg_id1: 13
clk: 2951628, inst_decoder_v_single: get and send queue_inst, I-type=4, exer_id=12, imm=0, func=0, fi_reg_id4: 10, fi_reg_id3: 13, fi_reg_id2: 0, fi_reg_id1: 15
clk: 2951629, inst_decoder_v_single: get and send queue_inst, I-type=1, exer_id=0, imm=16777216, func=35, fi_reg_id4: 15, fi_reg_id3: 7, fi_reg_id2: 0, fi_reg_id1: 0
clk: 2951629, issue_exer_single: get instruction, exer_id=24, func=16, qreg=(13, 14, 11, 0), vreg=(0, 0, 0, 0), sreg=(0, 0, 0, 0), i=0
clk: 2951629, issue_exer: send instruction, exer_id=24, func=16, qreg=(13, 14, 11, 0), vreg=(0, 0, 0, 0), sreg=(0, 0, 0, 0)
clk: 2951629, issue_top: send queue instruction, exer_id: 24, func=16, qreg=(13, 14, 11, 0), qvalid=(1, 1, 1, 0), sreg=(0, 0, 0, 0), imm=0
clk: 2951630, inst_decoder_v_single: get and send queue_inst, I-type=5, exer_id=13, imm=1008981770, func=32, fi_reg_id4: 0, fi_reg_id3: 14, fi_reg_id2: 0, fi_reg_id1: 16
clk: 2951630, issue_exer_single: get instruction, exer_id=12, func=0, qreg=(15, 0, 13, 10), vreg=(0, 0, 0, 0), sreg=(0, 0, 0, 0), i=0
clk: 2951630, issue_exer: send instruction, exer_id=12, func=0, qreg=(15, 0, 13, 10), vreg=(0, 0, 0, 0), sreg=(0, 0, 0, 0)
clk: 2951630, issue_top: send queue instruction, exer_id: 12, func=0, qreg=(15, 0, 13, 10), qvalid=(1, 0, 1, 1), sreg=(0, 0, 0, 0), imm=0
clk: 2951631, inst_decoder_v_single: get and send queue_inst, I-type=6, exer_id=15, imm=0, func=0, fi_reg_id4: 12, fi_reg_id3: 16, fi_reg_id2: 0, fi_reg_id1: 17
clk: 2951631, issue_exer_single: get instruction, exer_id=3, func=35, qreg=(0, 0, 7, 15), vreg=(0, 0, 0, 0), sreg=(0, 0, 0, 0), i=0
clk: 2951631, issue_exer: send instruction, exer_id=3, func=35, qreg=(0, 0, 7, 15), vreg=(0, 0, 0, 0), sreg=(0, 0, 0, 0)
clk: 2951631, issue_top: send queue instruction, exer_id: 3, func=35, qreg=(0, 0, 7, 15), qvalid=(0, 0, 1, 1), sreg=(0, 0, 0, 0), imm=16777216
clk: 2951632, inst_decoder_v_single: get and send queue_inst, I-type=15, exer_id=37, imm=0, func=0, fi_reg_id4: 17, fi_reg_id3: 8, fi_reg_id2: 0, fi_reg_id1: 24
clk: 2951632, issue_exer_single: get instruction, exer_id=13, func=32, qreg=(16, 0, 14, 0), vreg=(0, 0, 0, 0), sreg=(0, 0, 0, 0), i=0
clk: 2951632, issue_exer: send instruction, exer_id=13, func=32, qreg=(16, 0, 14, 0), vreg=(0, 0, 0, 0), sreg=(0, 0, 0, 0)
clk: 2951632, issue_top: send queue instruction, exer_id: 13, func=32, qreg=(16, 0, 14, 0), qvalid=(1, 0, 1, 0), sreg=(0, 0, 0, 0), imm=1008981770
clk: 2951633, inst_decoder_s_single: get and send scalar_inst, I-type=5, imm=12, func=33, rd=31, rs1=0, rs2=0, exer_id=7
clk: 2951633, issue_exer_single: get instruction, exer_id=15, func=0, qreg=(17, 0, 16, 12), vreg=(0, 0, 0, 0), sreg=(0, 0, 0, 0), i=0
clk: 2951633, issue_exer: send instruction, exer_id=15, func=0, qreg=(17, 0, 16, 12), vreg=(0, 0, 0, 0), sreg=(0, 0, 0, 0)
clk: 2951633, issue_top: send queue instruction, exer_id: 15, func=0, qreg=(17, 0, 16, 12), qvalid=(1, 0, 1, 1), sreg=(0, 0, 0, 0), imm=0
clk: 2951634, issue_exer_single: get instruction, exer_id=37, func=0, qreg=(24, 0, 8, 17), vreg=(0, 0, 0, 0), sreg=(0, 0, 0, 0), i=0
clk: 2951634, issue_exer: send instruction, exer_id=37, func=0, qreg=(24, 0, 8, 17), vreg=(0, 0, 0, 0), sreg=(0, 0, 0, 0)
clk: 2951634, issue_top: send queue instruction, exer_id: 37, func=0, qreg=(24, 0, 8, 17), qvalid=(1, 0, 1, 1), sreg=(0, 0, 0, 0), imm=0
clk: 2951635, issue_top: send scalar instruction, exer_id=7, func=33, rd=31, rs1=0, rs2=0, imm: 12
clk: 2951637, scalar jal, cur pc:136, off: 12, to 147
scalar use jump pc: 147
clk: 2951640, inst_decoder_v_single: get and send SP_inst, I-type=8, imm=0, func=0, fi_reg_r1: 0, fi_reg_r2: 0, fi_reg_r3: 24, fi_reg_r4: 0
clk: 2951641, inst_decoder_s_single: get and send scalar_inst, I-type=1, imm=1, func=32, rd=13, rs1=13, rs2=0, exer_id=0
clk: 2951642, inst_decoder_v_single: get and send SP_inst, I-type=5, imm=0, func=0, fi_reg_r1: 31, fi_reg_r2: 0, fi_reg_r3: 24, fi_reg_r4: 0
clk: 2951643, inst_decoder_s_single: get and send scalar_inst, I-type=6, imm=-126, func=35, rd=0, rs1=31, rs2=0, exer_id=8
clk: 2960000, flush_stage=0, scheduler_in_v_task=0, scheduler_send_e_task=0, M09_write_to_spm=0, M09_write_to_id_fifo=0, M09_write_to_data_fifo=0, M09_alu_in_num=0, M09_alu_out_num=0, M09_update_dst_read_single_get_task_num=0, M09_update_dst_read_single_send_task_num=0, M09_update_dst_read_single_read_spm_num=0, M09_update_dst_read_single_get_spm_data_num=0
clk: 2960000, M08_combiner_rv_ct=0, M08_combiner_send_ct=0
1274297
m02_full: 0 0 0 0 0 0 0 0 0 0 0 0 0 0 0 0 0 0 0 0 0 0 0 0 0 0 0 0 0 0 0 0 0 0 0 0 0 0 0 0 0 0 0 0 0 0 0 0 0 0 0 0 0 0 0 0 0 0 0 0 0 0 0 0
m03_v_full: 0 0 0 0 0 0 0 0 0 0 0 0 0 0 0 0 0 0 0 0 0 0 0 0 0 0 0 0 0 0 0 0 0 0 0 0 0 0 0 0 0 0 0 0 0 0 0 0 0 0 0 0 0 0 0 0 0 0 0 0 0 0 0 0
m03_e_full: 0 0 0 0 0 0 0 0 0 0 0 0 0 0 0 0 0 0 0 0 0 0 0 0 0 0 0 0 0 0 0 0 0 0 0 0 0 0 0 0 0 0 0 0 0 0 0 0 0 0 0 0 0 0 0 0 0 0 0 0 0 0 0 0
m04_full: 0 0 0 0 0 0 0 0 0 0 0 0 0 0 0 0 0 0 0 0 0 0 0 0 0 0 0 0 0 0 0 0 0 0 0 0 0 0 0 0 0 0 0 0 0 0 0 0 0 0 0 0 0 0 0 0 0 0 0 0 0 0 0 0
m05_full: 0 0 0 0 0 0 0 0 0 0 0 0 0 0 0 0 0 0 0 0 0 0 0 0 0 0 0 0 0 0 0 0 0 0 0 0 0 0 0 0 0 0 0 0 0 0 0 0 0 0 0 0 0 0 0 0 0 0 0 0 0 0 0 0
m06_full: 0 0 0 0 0 0 0 0 0 0 0 0 0 0 0 0 0 0 0 0 0 0 0 0 0 0 0 0 0 0 0 0 0 0 0 0 0 0 0 0 0 0 0 0 0 0 0 0 0 0 0 0 0 0 0 0 0 0 0 0 0 0 0 0
m07_full: 0 0 0 0 0 0 0 0 0 0 0 0 0 0 0 0 0 0 0 0 0 0 0 0 0 0 0 0 0 0 0 0 0 0 0 0 0 0 0 0 0 0 0 0 0 0 0 0 0 0 0 0 0 0 0 0 0 0 0 0 0 0 0 0
m08_full: 0 0 0 0 0 0 0 0 0 0 0 0 0 0 0 0 0 0 0 0 0 0 0 0 0 0 0 0 0 0 0 0 0 0 0 0 0 0 0 0 0 0 0 0 0 0 0 0 0 0 0 0 0 0 0 0 0 0 0 0 0 0 0 0
m09_full: 0 0 0 0 0 0 0 0 0 0 0 0 0 0 0 0 0 0 0 0 0 0 0 0 0 0 0 0 0 0 0 0 0 0 0 0 0 0 0 0 0 0 0 0 0 0 0 0 0 0 0 0 0 0 0 0 0 0 0 0 0 0 0 0
clk: 2969717, issue_exer_single: get instruction, exer_id=14, func=0, qreg=(0, 0, 24, 0), vreg=(0, 0, 0, 0), sreg=(0, 0, 0, 0), i=0
clk: 2969717, issue_exer: send instruction, exer_id=14, func=0, qreg=(0, 0, 24, 0), vreg=(0, 0, 0, 0), sreg=(0, 0, 0, 0)
clk: 2969717, issue_top: send SP instruction, exer_id: 14, func: 0, imm: 0
clk: 2969718, issue_top: send scalar instruction, exer_id=0, func=32, rd=13, rs1=13, rs2=0, imm: 1
clk: 2969719, issue_exer_single: get instruction, exer_id=10, func=0, qreg=(0, 0, 24, 0), vreg=(0, 0, 0, 0), sreg=(31, 0, 0, 0), i=0
clk: 2969719, issue_exer: send instruction, exer_id=10, func=0, qreg=(0, 0, 24, 0), vreg=(0, 0, 0, 0), sreg=(31, 0, 0, 0)
clk: 2969719, issue_top: send SP instruction, exer_id: 10, func: 0, imm: 0
clk: 2969742, issue_exer_single: get instruction, exer_id=23, func=16, qreg=(5, 6, 2, 0), vreg=(0, 0, 0, 0), sreg=(0, 0, 0, 0), i=0
clk: 2969742, issue_exer: send instruction, exer_id=23, func=16, qreg=(5, 6, 2, 0), vreg=(0, 0, 0, 0), sreg=(0, 0, 0, 0)
clk: 2969742, issue_top: send queue instruction, exer_id: 23, func=16, qreg=(5, 6, 2, 0), qvalid=(1, 1, 1, 0), sreg=(0, 0, 0, 0), imm=0
clk: 2969743, inst_decoder_v_single: get and send queue_inst, I-type=2, exer_id=6, imm=0, func=17, fi_reg_id4: 7, fi_reg_id3: 9, fi_reg_id2: 12, fi_reg_id1: 11
clk: 2969743, issue_exer_single: get instruction, exer_id=0, func=50, qreg=(7, 8, 3, 0), vreg=(0, 0, 0, 0), sreg=(0, 0, 0, 0), i=0
clk: 2969743, issue_exer: send instruction, exer_id=0, func=50, qreg=(7, 8, 3, 0), vreg=(0, 0, 0, 0), sreg=(0, 0, 0, 0)
clk: 2969743, issue_top: send queue instruction, exer_id: 0, func=50, qreg=(7, 8, 3, 0), qvalid=(1, 1, 1, 0), sreg=(0, 0, 0, 0), imm=0
clk: 2969744, inst_decoder_v_single: get and send queue_inst, I-type=2, exer_id=6, imm=0, func=3, fi_reg_id4: 11, fi_reg_id3: 0, fi_reg_id2: 0, fi_reg_id1: 13
clk: 2969744, issue_exer_single: get instruction, exer_id=1, func=50, qreg=(9, 10, 4, 0), vreg=(0, 0, 0, 0), sreg=(0, 0, 0, 0), i=0
clk: 2969744, issue_exer: send instruction, exer_id=1, func=50, qreg=(9, 10, 4, 0), vreg=(0, 0, 0, 0), sreg=(0, 0, 0, 0)
clk: 2969744, issue_top: send queue instruction, exer_id: 1, func=50, qreg=(9, 10, 4, 0), qvalid=(1, 1, 1, 0), sreg=(0, 0, 0, 0), imm=4194304
clk: 2969745, inst_decoder_v_single: get and send queue_inst, I-type=2, exer_id=6, imm=1, func=33, fi_reg_id4: 0, fi_reg_id3: 13, fi_reg_id2: 0, fi_reg_id1: 14
clk: 2969745, issue_exer_single: get instruction, exer_id=6, func=17, qreg=(11, 12, 9, 7), vreg=(0, 0, 0, 0), sreg=(0, 0, 0, 0), i=0
clk: 2969745, issue_exer: send instruction, exer_id=6, func=17, qreg=(11, 12, 9, 7), vreg=(0, 0, 0, 0), sreg=(0, 0, 0, 0)
clk: 2969745, issue_top: send queue instruction, exer_id: 6, func=17, qreg=(11, 12, 9, 7), qvalid=(1, 1, 1, 1), sreg=(0, 0, 0, 0), imm=0
clk: 2969746, inst_decoder_v_single: get and send queue_inst, I-type=2, exer_id=6, imm=0, func=3, fi_reg_id4: 0, fi_reg_id3: 14, fi_reg_id2: 0, fi_reg_id1: 15
clk: 2969746, issue_exer_single: get instruction, exer_id=7, func=3, qreg=(13, 0, 0, 11), vreg=(0, 0, 0, 0), sreg=(0, 0, 0, 0), i=0
clk: 2969746, issue_exer: send instruction, exer_id=7, func=3, qreg=(13, 0, 0, 11), vreg=(0, 0, 0, 0), sreg=(0, 0, 0, 0)
clk: 2969746, issue_top: send queue instruction, exer_id: 7, func=3, qreg=(13, 0, 0, 11), qvalid=(1, 0, 1, 1), sreg=(0, 0, 0, 0), imm=0
clk: 2969747, inst_decoder_v_single: get and send queue_inst, I-type=2, exer_id=6, imm=0, func=0, fi_reg_id4: 15, fi_reg_id3: 12, fi_reg_id2: 0, fi_reg_id1: 16
clk: 2969747, issue_exer_single: get instruction, exer_id=8, func=33, qreg=(14, 0, 13, 0), vreg=(0, 0, 0, 0), sreg=(0, 0, 0, 0), i=0
clk: 2969747, issue_exer: send instruction, exer_id=8, func=33, qreg=(14, 0, 13, 0), vreg=(0, 0, 0, 0), sreg=(0, 0, 0, 0)
clk: 2969747, issue_top: send queue instruction, exer_id: 8, func=33, qreg=(14, 0, 13, 0), qvalid=(1, 0, 1, 0), sreg=(0, 0, 0, 0), imm=1
clk: 2969748, inst_decoder_v_single: get and send queue_inst, I-type=7, exer_id=16, imm=0, func=0, fi_reg_id4: 0, fi_reg_id3: 16, fi_reg_id2: 0, fi_reg_id1: 17
clk: 2969748, issue_exer_single: get instruction, exer_id=9, func=3, qreg=(15, 0, 14, 0), vreg=(0, 0, 0, 0), sreg=(0, 0, 0, 0), i=0
clk: 2969748, issue_exer: send instruction, exer_id=9, func=3, qreg=(15, 0, 14, 0), vreg=(0, 0, 0, 0), sreg=(0, 0, 0, 0)
clk: 2969748, issue_top: send queue instruction, exer_id: 9, func=3, qreg=(15, 0, 14, 0), qvalid=(1, 0, 1, 1), sreg=(0, 0, 0, 0), imm=0
clk: 2969749, inst_decoder_v_single: get and send queue_inst, I-type=13, exer_id=29, imm=0, func=1, fi_reg_id4: 0, fi_reg_id3: 5, fi_reg_id2: 0, fi_reg_id1: 26
clk: 2969749, issue_exer_single: get instruction, exer_id=10, func=0, qreg=(16, 0, 12, 15), vreg=(0, 0, 0, 0), sreg=(0, 0, 0, 0), i=0
clk: 2969749, issue_exer: send instruction, exer_id=10, func=0, qreg=(16, 0, 12, 15), vreg=(0, 0, 0, 0), sreg=(0, 0, 0, 0)
clk: 2969749, issue_top: send queue instruction, exer_id: 10, func=0, qreg=(16, 0, 12, 15), qvalid=(1, 0, 1, 1), sreg=(0, 0, 0, 0), imm=0
clk: 2969750, inst_decoder_v_single: get and send queue_inst, I-type=13, exer_id=29, imm=0, func=1, fi_reg_id4: 0, fi_reg_id3: 8, fi_reg_id2: 0, fi_reg_id1: 27
clk: 2969750, issue_exer_single: get instruction, exer_id=16, func=0, qreg=(17, 0, 16, 0), vreg=(0, 0, 0, 0), sreg=(0, 0, 0, 0), i=0
clk: 2969750, issue_exer: send instruction, exer_id=16, func=0, qreg=(17, 0, 16, 0), vreg=(0, 0, 0, 0), sreg=(0, 0, 0, 0)
clk: 2969750, issue_top: send queue instruction, exer_id: 16, func=0, qreg=(17, 0, 16, 0), qvalid=(1, 0, 1, 0), sreg=(0, 0, 0, 0), imm=0
clk: 2969751, inst_decoder_v_single: get and send queue_inst, I-type=13, exer_id=29, imm=0, func=1, fi_reg_id4: 0, fi_reg_id3: 10, fi_reg_id2: 0, fi_reg_id1: 28
clk: 2969751, issue_exer_single: get instruction, exer_id=29, func=1, qreg=(26, 0, 5, 0), vreg=(0, 0, 0, 0), sreg=(0, 0, 0, 0), i=0
clk: 2969751, issue_exer: send instruction, exer_id=29, func=1, qreg=(26, 0, 5, 0), vreg=(0, 0, 0, 0), sreg=(0, 0, 0, 0)
clk: 2969751, issue_top: send queue instruction, exer_id: 29, func=1, qreg=(26, 0, 5, 0), qvalid=(1, 0, 1, 0), sreg=(0, 0, 0, 0), imm=0
clk: 2969752, inst_decoder_s_single: get and send scalar_inst, I-type=1, imm=1, func=41, rd=30, rs1=13, rs2=0, exer_id=0
clk: 2969752, issue_exer_single: get instruction, exer_id=30, func=1, qreg=(27, 0, 8, 0), vreg=(0, 0, 0, 0), sreg=(0, 0, 0, 0), i=0
clk: 2969752, issue_exer: send instruction, exer_id=30, func=1, qreg=(27, 0, 8, 0), vreg=(0, 0, 0, 0), sreg=(0, 0, 0, 0)
clk: 2969752, issue_top: send queue instruction, exer_id: 30, func=1, qreg=(27, 0, 8, 0), qvalid=(1, 0, 1, 0), sreg=(0, 0, 0, 0), imm=0
clk: 2969753, inst_decoder_s_single: get and send scalar_inst, I-type=6, imm=15, func=35, rd=0, rs1=30, rs2=0, exer_id=8
clk: 2969753, issue_exer_single: get instruction, exer_id=31, func=1, qreg=(28, 0, 10, 0), vreg=(0, 0, 0, 0), sreg=(0, 0, 0, 0), i=0
clk: 2969753, issue_exer: send instruction, exer_id=31, func=1, qreg=(28, 0, 10, 0), vreg=(0, 0, 0, 0), sreg=(0, 0, 0, 0)
clk: 2969753, issue_top: send queue instruction, exer_id: 31, func=1, qreg=(28, 0, 10, 0), qvalid=(1, 0, 1, 0), sreg=(0, 0, 0, 0), imm=0
clk: 2969754, issue_top: send scalar instruction, exer_id=0, func=41, rd=30, rs1=13, rs2=0, imm: 1
clk: 2969758, rd_active_vertex: change empty, front=1, now=0
clk: 2969759, issue_top: send scalar instruction, exer_id=8, func=35, rd=0, rs1=30, rs2=0, imm: 15
clk: 2969761, branch eq: send task, pc=70, valid: 0, front pc: 56
clk: 2969766, inst_decoder_v_single: get and send queue_inst, I-type=1, exer_id=0, imm=12582912, func=34, fi_reg_id4: 0, fi_reg_id3: 6, fi_reg_id2: 0, fi_reg_id1: 18
clk: 2969767, inst_decoder_v_single: get and send SP_inst, I-type=6, imm=12582912, func=32, fi_reg_r1: 0, fi_reg_r2: 0, fi_reg_r3: 0, fi_reg_r4: 0
clk: 2969768, inst_decoder_v_single: get and send SP_inst, I-type=6, imm=8388608, func=33, fi_reg_r1: 0, fi_reg_r2: 0, fi_reg_r3: 0, fi_reg_r4: 0
clk: 2969768, issue_exer_single: get instruction, exer_id=0, func=34, qreg=(18, 0, 6, 0), vreg=(0, 0, 0, 0), sreg=(0, 0, 0, 0), i=0
clk: 2969768, issue_exer: send instruction, exer_id=0, func=34, qreg=(18, 0, 6, 0), vreg=(0, 0, 0, 0), sreg=(0, 0, 0, 0)
clk: 2969768, issue_top: send queue instruction, exer_id: 0, func=34, qreg=(18, 0, 6, 0), qvalid=(1, 0, 1, 0), sreg=(0, 0, 0, 0), imm=12582912
clk: 2969769, inst_decoder_s_single: get and send scalar_inst, I-type=5, imm=8, func=33, rd=31, rs1=0, rs2=0, exer_id=7
clk: 2969769, issue_exer_single: get instruction, exer_id=12, func=32, qreg=(0, 0, 0, 0), vreg=(0, 0, 0, 0), sreg=(0, 0, 0, 0), i=0
clk: 2969769, issue_exer: send instruction, exer_id=12, func=32, qreg=(0, 0, 0, 0), vreg=(0, 0, 0, 0), sreg=(0, 0, 0, 0)
clk: 2969769, issue_top: send SP instruction, exer_id: 12, func: 32, imm: 12582912
clk: 2969771, graph_top: write config reg, id=0, data=12582912
clk: 2969772, spec_commit: change grun to gcfg
clk: 2969774, issue_exer_single: get instruction, exer_id=12, func=33, qreg=(0, 0, 0, 0), vreg=(0, 0, 0, 0), sreg=(0, 0, 0, 0), i=0
clk: 2969774, issue_exer: send instruction, exer_id=12, func=33, qreg=(0, 0, 0, 0), vreg=(0, 0, 0, 0), sreg=(0, 0, 0, 0)
clk: 2969774, issue_top: send SP instruction, exer_id: 12, func: 33, imm: 8388608
clk: 2969775, issue_top: send scalar instruction, exer_id=7, func=33, rd=31, rs1=0, rs2=0, imm: 8
clk: 2969776, graph_top: write config reg, id=1, data=8388608
clk: 2969777, scalar jal, cur pc:66, off: 8, to 73
scalar use jump pc: 73
clk: 2969777, spec_commit: change grun to gcfg
clk: 2969780, inst_decoder_v_single: get and send queue_inst, I-type=10, exer_id=19, imm=0, func=0, fi_reg_id4: 17, fi_reg_id3: 18, fi_reg_id2: 0, fi_reg_id1: 19
clk: 2969781, inst_decoder_v_single: get and send queue_inst, I-type=5, exer_id=13, imm=1062836634, func=32, fi_reg_id4: 0, fi_reg_id3: 19, fi_reg_id2: 0, fi_reg_id1: 20
clk: 2969782, inst_decoder_v_single: get and send queue_inst, I-type=13, exer_id=29, imm=0, func=1, fi_reg_id4: 0, fi_reg_id3: 20, fi_reg_id2: 0, fi_reg_id1: 29
clk: 2969782, issue_exer_single: get instruction, exer_id=19, func=0, qreg=(19, 0, 18, 17), vreg=(0, 0, 0, 0), sreg=(0, 0, 0, 0), i=0
clk: 2969782, issue_exer: send instruction, exer_id=19, func=0, qreg=(19, 0, 18, 17), vreg=(0, 0, 0, 0), sreg=(0, 0, 0, 0)
clk: 2969782, issue_top: send queue instruction, exer_id: 19, func=0, qreg=(19, 0, 18, 17), qvalid=(1, 0, 1, 1), sreg=(0, 0, 0, 0), imm=0
clk: 2969783, inst_decoder_v_single: get and send SP_inst, I-type=6, imm=0, func=34, fi_reg_r1: 0, fi_reg_r2: 0, fi_reg_r3: 0, fi_reg_r4: 0
clk: 2969783, issue_exer_single: get instruction, exer_id=13, func=32, qreg=(20, 0, 19, 0), vreg=(0, 0, 0, 0), sreg=(0, 0, 0, 0), i=0
clk: 2969783, issue_exer: send instruction, exer_id=13, func=32, qreg=(20, 0, 19, 0), vreg=(0, 0, 0, 0), sreg=(0, 0, 0, 0)
clk: 2969783, issue_top: send queue instruction, exer_id: 13, func=32, qreg=(20, 0, 19, 0), qvalid=(1, 0, 1, 0), sreg=(0, 0, 0, 0), imm=1062836634
clk: 2969784, inst_decoder_v_single: get and send SP_inst, I-type=6, imm=0, func=35, fi_reg_r1: 0, fi_reg_r2: 0, fi_reg_r3: 0, fi_reg_r4: 0
clk: 2969784, issue_exer_single: get instruction, exer_id=29, func=1, qreg=(29, 0, 20, 0), vreg=(0, 0, 0, 0), sreg=(0, 0, 0, 0), i=0
clk: 3145238, wr dram addr: 0xffec80, 16772224, data: [0.000000 0.000000 0.000000 0.000000 0.000000 0.000000 0.000000 0.000000 0.000000 0.000000 0.000000 0.000000 0.000000 0.000000 0.000000 0.000000 ]
clk: 3145239, wr dram addr: 0xffecc0, 16772288, data: [0.000000 0.000000 0.000000 0.000000 0.000000 0.000000 0.000008 0.000000 0.000000 0.000000 0.000000 0.000000 0.000000 0.000000 0.000000 0.000000 ]
clk: 3145240, wr dram addr: 0xffed00, 16772352, data: [0.000000 0.000000 0.000002 0.000000 0.000000 0.000000 0.000000 0.000000 0.000000 0.000000 0.000000 0.000066 0.000000 0.000000 0.000000 0.000007 ]
clk: 3145241, wr dram addr: 0xffed40, 16772416, data: [0.000000 0.000000 0.000000 0.000003 0.000000 0.000000 0.000000 0.000000 0.000000 0.000000 0.000000 0.000000 0.000000 0.000000 0.000008 0.000000 ]
clk: 3145242, wr dram addr: 0xffed80, 16772480, data: [0.000022 0.000000 0.000000 0.000000 0.000000 0.000000 0.000000 0.000000 0.000000 0.000002 0.000000 0.000000 0.000000 0.000000 0.000000 0.000000 ]
clk: 3145243, wr dram addr: 0xffedc0, 16772544, data: [0.000000 0.000022 0.000000 0.000001 0.000001 0.000000 0.000000 0.000000 0.000000 0.000000 0.000000 0.000000 0.000000 0.000000 0.000000 0.000002 ]
clk: 3145244, wr dram addr: 0xffee00, 16772608, data: [0.000000 0.000000 0.000000 0.000000 0.000000 0.000000 0.000000 0.000001 0.000000 0.000000 0.000000 0.000000 0.000001 0.000000 0.000000 0.000000 ]
clk: 3145245, wr dram addr: 0xffee40, 16772672, data: [0.000000 0.000000 0.000000 0.000000 0.000003 0.000000 0.000000 0.000000 0.000000 0.000000 0.000000 0.000000 0.000000 0.000000 0.000000 0.000000 ]
clk: 3145246, wr dram addr: 0xffee80, 16772736, data: [0.000000 0.000000 0.000001 0.000000 0.000000 0.000000 0.000000 0.000000 0.000000 0.000001 0.000000 0.000000 0.000000 0.000000 0.000000 0.000000 ]
clk: 3145247, wr dram addr: 0xffeec0, 16772800, data: [0.000000 0.000000 0.000000 0.000000 0.000000 0.000000 0.000000 0.000001 0.000000 0.000000 0.000000 0.000000 0.000000 0.000000 0.000000 0.000000 ]
clk: 3145248, wr dram addr: 0xffef00, 16772864, data: [0.000000 0.000000 0.000007 0.000000 0.000001 0.000000 0.000000 0.000000 0.000001 0.000000 0.000002 0.000001 0.000000 0.000000 0.000002 0.000000 ]
clk: 3145249, wr dram addr: 0xffef40, 16772928, data: [0.000000 0.000000 0.000000 0.000000 0.000000 0.000000 0.000000 0.000000 0.000000 0.000000 0.000000 0.000000 0.000000 0.000000 0.000000 0.000001 ]
clk: 3145250, wr dram addr: 0xffef80, 16772992, data: [0.000000 0.000000 0.000000 0.000000 0.000000 0.000001 0.000000 0.000000 0.000000 0.000000 0.000000 0.000000 0.000000 0.000000 0.000000 0.000000 ]
clk: 3145251, wr dram addr: 0xffefc0, 16773056, data: [0.000000 0.000000 0.000002 0.000001 0.000000 0.000000 0.000000 0.000000 0.000000 0.000000 0.000000 0.000000 0.000000 0.000000 0.000000 0.000000 ]
clk: 3145252, wr dram addr: 0xfff000, 16773120, data: [0.000000 0.000000 0.000000 0.000000 0.000000 0.000000 0.000000 0.000000 0.000000 0.000000 0.000000 0.000000 0.000000 0.000000 0.000000 0.000000 ]
clk: 3145253, wr dram addr: 0xfff040, 16773184, data: [0.000000 0.000000 0.000000 0.000000 0.000000 0.000002 0.000000 0.000000 0.000000 0.000000 0.000000 0.000000 0.000000 0.000000 0.000003 0.000000 ]
clk: 3145254, wr dram addr: 0xfff080, 16773248, data: [0.000000 0.000001 0.000000 0.000000 0.000000 0.000000 0.000000 0.000000 0.000000 0.000000 0.000000 0.000001 0.000000 0.000000 0.000000 0.000000 ]
clk: 3145255, wr dram addr: 0xfff0c0, 16773312, data: [0.000000 0.000000 0.000000 0.000000 0.000000 0.000000 0.000000 0.000000 0.000000 0.000000 0.000000 0.000000 0.000000 0.000000 0.000000 0.000000 ]
clk: 3145256, wr dram addr: 0xfff100, 16773376, data: [0.000000 0.000000 0.000000 0.000000 0.000000 0.000000 0.000000 0.000000 0.000000 0.000000 0.000000 0.000000 0.000000 0.000000 0.000000 0.000003 ]
clk: 3145257, wr dram addr: 0xfff140, 16773440, data: [0.000001 0.000000 0.000000 0.000000 0.000000 0.000000 0.000000 0.000000 0.000000 0.000000 0.000000 0.000000 0.000000 0.000000 0.000000 0.000000 ]
clk: 3145258, wr dram addr: 0xfff180, 16773504, data: [0.000000 0.000000 0.000000 0.000000 0.000000 0.000000 0.000000 0.000000 0.000000 0.000000 0.000001 0.000001 0.000000 0.000000 0.000000 0.000001 ]
clk: 3145259, wr dram addr: 0xfff1c0, 16773568, data: [0.000001 0.000000 0.000000 0.000002 0.000000 0.000000 0.000000 0.000000 0.000000 0.000000 0.000000 0.000000 0.000001 0.000000 0.000000 0.000001 ]
clk: 3145260, wr dram addr: 0xfff200, 16773632, data: [0.000000 0.000000 0.000000 0.000000 0.000000 0.000001 0.000000 0.000000 0.000002 0.000000 0.000000 0.000000 0.000000 0.000000 0.000000 0.000000 ]
clk: 3145261, wr dram addr: 0xfff240, 16773696, data: [0.000000 0.000000 0.000000 0.000000 0.000000 0.000000 0.000000 0.000000 0.000000 0.000000 0.000000 0.000001 0.000000 0.000000 0.000007 0.000000 ]
clk: 3145262, wr dram addr: 0xfff280, 16773760, data: [0.000000 0.000001 0.000000 0.000001 0.000000 0.000000 0.000000 0.000000 0.000000 0.000000 0.000000 0.000000 0.000000 0.000000 0.000000 0.000000 ]
clk: 3145263, wr dram addr: 0xfff2c0, 16773824, data: [0.000000 0.000000 0.000000 0.000001 0.000000 0.000000 0.000000 0.000000 0.000007 0.000000 0.000000 0.000001 0.000001 0.000000 0.000000 0.000000 ]
clk: 3145264, wr dram addr: 0xfff300, 16773888, data: [0.000000 0.000000 0.000000 0.000007 0.000001 0.000000 0.000001 0.000000 0.000000 0.000000 0.000000 0.000000 0.000000 0.000000 0.000000 0.000001 ]
clk: 3145265, wr dram addr: 0xfff340, 16773952, data: [0.000000 0.000000 0.000000 0.000000 0.000000 0.000000 0.000000 0.000000 0.000000 0.000000 0.000000 0.000000 0.000000 0.000000 0.000000 0.000000 ]
clk: 3145266, wr dram addr: 0xfff380, 16774016, data: [0.000000 0.000000 0.000000 0.000001 0.000000 0.000000 0.000000 0.000000 0.000000 0.000000 0.000000 0.000000 0.000000 0.000000 0.000000 0.000000 ]
clk: 3145267, wr dram addr: 0xfff3c0, 16774080, data: [0.000000 0.000002 0.000000 0.000000 0.000000 0.000000 0.000000 0.000000 0.000000 0.000001 0.000000 0.000000 0.000000 0.000000 0.000000 0.000000 ]
clk: 3145268, wr dram addr: 0xfff400, 16774144, data: [0.000000 0.000000 0.000000 0.000000 0.000000 0.000000 0.000000 0.000000 0.000000 0.000000 0.000000 0.000000 0.000000 0.000000 0.000000 0.000000 ]
clk: 3145269, wr dram addr: 0xfff440, 16774208, data: [0.000000 0.000000 0.000000 0.000001 0.000000 0.000000 0.000000 0.000000 0.000000 0.000000 0.000001 0.000000 0.000002 0.000000 0.000000 0.000001 ]
clk: 3145270, wr dram addr: 0xfff480, 16774272, data: [0.000003 0.000000 0.000000 0.000000 0.000000 0.000000 0.000000 0.000000 0.000000 0.000000 0.000000 0.000000 0.000000 0.000021 0.000001 0.000000 ]
clk: 3145271, wr dram addr: 0xfff4c0, 16774336, data: [0.000000 0.000001 0.000000 0.000000 0.000002 0.000000 0.000000 0.000000 0.000000 0.000000 0.000000 0.000000 0.000000 0.000000 0.000000 0.000000 ]
clk: 3145272, wr dram addr: 0xfff500, 16774400, data: [0.000000 0.000000 0.000000 0.000000 0.000000 0.000000 0.000000 0.000000 0.000000 0.000001 0.000000 0.000000 0.000000 0.000000 0.000000 0.000000 ]
clk: 3145273, wr dram addr: 0xfff540, 16774464, data: [0.000000 0.000000 0.000000 0.000000 0.000000 0.000000 0.000000 0.000000 0.000000 0.000000 0.000000 0.000000 0.000000 0.000001 0.000000 0.000000 ]
clk: 3145274, wr dram addr: 0xfff580, 16774528, data: [0.000007 0.000000 0.000001 0.000000 0.000000 0.000000 0.000001 0.000000 0.000000 0.000001 0.000000 0.000000 0.000001 0.000000 0.000000 0.000000 ]
clk: 3145275, wr dram addr: 0xfff5c0, 16774592, data: [0.000000 0.000000 0.000000 0.000000 0.000000 0.000000 0.000000 0.000000 0.000000 0.000000 0.000000 0.000001 0.000001 0.000000 0.000001 0.000000 ]
clk: 3145276, wr dram addr: 0xfff600, 16774656, data: [0.000001 0.000000 0.000000 0.000000 0.000000 0.000000 0.000000 0.000000 0.000000 0.000000 0.000000 0.000007 0.000000 0.000000 0.000001 0.000000 ]
clk: 3145277, wr dram addr: 0xfff640, 16774720, data: [0.000000 0.000000 0.000000 0.000000 0.000000 0.000000 0.000000 0.000000 0.000000 0.000000 0.000000 0.000000 0.000000 0.000000 0.000000 0.000000 ]
clk: 3145278, wr dram addr: 0xfff680, 16774784, data: [0.000000 0.000000 0.000000 0.000000 0.000000 0.000000 0.000000 0.000000 0.000001 0.000000 0.000000 0.000000 0.000000 0.000000 0.000002 0.000000 ]
clk: 3145279, wr dram addr: 0xfff6c0, 16774848, data: [0.000000 0.000000 0.000000 0.000000 0.000000 0.000000 0.000000 0.000000 0.000001 0.000000 0.000000 0.000000 0.000000 0.000000 0.000000 0.000000 ]
clk: 3145280, wr dram addr: 0xfff700, 16774912, data: [0.000000 0.000000 0.000000 0.000000 0.000000 0.000000 0.000000 0.000000 0.000000 0.000000 0.000001 0.000000 0.000000 0.000000 0.000000 0.000000 ]
clk: 3145281, wr dram addr: 0xfff740, 16774976, data: [0.000000 0.000000 0.000000 0.000000 0.000001 0.000000 0.000000 0.000000 0.000000 0.000000 0.000000 0.000000 0.000000 0.000000 0.000000 0.000001 ]
clk: 3145282, wr dram addr: 0xfff780, 16775040, data: [0.000000 0.000000 0.000000 0.000001 0.000000 0.000000 0.000000 0.000000 0.000000 0.000001 0.000000 0.000000 0.000000 0.000000 0.000001 0.000021 ]
clk: 3145283, wr dram addr: 0xfff7c0, 16775104, data: [0.000000 0.000000 0.000000 0.000000 0.000000 0.000002 0.000000 0.000000 0.000000 0.000001 0.000000 0.000000 0.000000 0.000000 0.000000 0.000000 ]
clk: 3145284, wr dram addr: 0xfff800, 16775168, data: [0.000000 0.000001 0.000001 0.000000 0.000001 0.000000 0.000000 0.000000 0.000000 0.000000 0.000000 0.000000 0.000000 0.000000 0.000000 0.000000 ]
clk: 3145285, wr dram addr: 0xfff840, 16775232, data: [0.000000 0.000000 0.000000 0.000000 0.000000 0.000002 0.000001 0.000000 0.000022 0.000000 0.000000 0.000000 0.000000 0.000000 0.000000 0.000000 ]
clk: 3145286, wr dram addr: 0xfff880, 16775296, data: [0.000000 0.000000 0.000000 0.000000 0.000000 0.000000 0.000000 0.000000 0.000000 0.000000 0.000000 0.000001 0.000001 0.000000 0.000000 0.000000 ]
clk: 3145287, wr dram addr: 0xfff8c0, 16775360, data: [0.000000 0.000000 0.000000 0.000000 0.000002 0.000000 0.000000 0.000001 0.000000 0.000000 0.000000 0.000000 0.000000 0.000000 0.000000 0.000000 ]
clk: 3145288, wr dram addr: 0xfff900, 16775424, data: [0.000001 0.000000 0.000000 0.000000 0.000000 0.000000 0.000001 0.000000 0.000000 0.000000 0.000000 0.000000 0.000000 0.000000 0.000000 0.000000 ]
clk: 3145289, wr dram addr: 0xfff940, 16775488, data: [0.000000 0.000000 0.000000 0.000000 0.000000 0.000000 0.000000 0.000000 0.000000 0.000000 0.000000 0.000000 0.000000 0.000000 0.000000 0.000000 ]
clk: 3145290, wr dram addr: 0xfff980, 16775552, data: [0.000000 0.000000 0.000000 0.000001 0.000001 0.000000 0.000000 0.000000 0.000003 0.000001 0.000000 0.000001 0.000000 0.000007 0.000000 0.000000 ]
clk: 3145291, wr dram addr: 0xfff9c0, 16775616, data: [0.000000 0.000000 0.000000 0.000000 0.000000 0.000002 0.000000 0.000000 0.000000 0.000000 0.000000 0.000000 0.000000 0.000000 0.000000 0.000000 ]
clk: 3145292, wr dram addr: 0xfffa00, 16775680, data: [0.000000 0.000001 0.000000 0.000001 0.000000 0.000000 0.000000 0.000000 0.000001 0.000001 0.000000 0.000000 0.000000 0.000000 0.000000 0.000000 ]
clk: 3145293, wr dram addr: 0xfffa40, 16775744, data: [0.000000 0.000000 0.000000 0.000000 0.000000 0.000000 0.000000 0.000000 0.000000 0.000000 0.000000 0.000000 0.000000 0.000000 0.000000 0.000000 ]
clk: 3145294, wr dram addr: 0xfffa80, 16775808, data: [0.000000 0.000000 0.000000 0.000000 0.000000 0.000000 0.000001 0.000001 0.000000 0.000000 0.000001 0.000000 0.000000 0.000000 0.000000 0.000000 ]
clk: 3145295, wr dram addr: 0xfffac0, 16775872, data: [0.000000 0.000000 0.000000 0.000000 0.000000 0.000000 0.000000 0.000000 0.000000 0.000000 0.000000 0.000000 0.000000 0.000000 0.000000 0.000000 ]
clk: 3145296, wr dram addr: 0xfffb00, 16775936, data: [0.000000 0.000000 0.000000 0.000000 0.000000 0.000000 0.000001 0.000001 0.000000 0.000000 0.000000 0.000000 0.000000 0.000000 0.000000 0.000000 ]
clk: 3145297, wr dram addr: 0xfffb40, 16776000, data: [0.000000 0.000000 0.000000 0.000000 0.000002 0.000002 0.000000 0.000000 0.000000 0.000000 0.000000 0.000001 0.000000 0.000000 0.000000 0.000001 ]
clk: 3145298, wr dram addr: 0xfffb80, 16776064, data: [0.000000 0.000001 0.000000 0.000000 0.000000 0.000000 0.000000 0.000000 0.000500 0.000000 0.000000 0.000000 0.000000 0.000000 0.000000 0.000000 ]
clk: 3145299, wr dram addr: 0xfffbc0, 16776128, data: [0.000001 0.000000 0.000000 0.000000 0.000000 0.000000 0.000000 0.000000 0.000000 0.000000 0.000001 0.000000 0.000000 0.000000 0.000000 0.000000 ]
clk: 3145300, wr dram addr: 0xfffc00, 16776192, data: [0.000000 0.000000 0.000002 0.000000 0.000000 0.000000 0.000000 0.000000 0.000000 0.000002 0.000007 0.000000 0.000000 0.000001 0.000002 0.000000 ]
clk: 3145301, wr dram addr: 0xfffc40, 16776256, data: [0.000001 0.000000 0.000000 0.000000 0.000000 0.000000 0.000000 0.000000 0.000000 0.000007 0.000000 0.000000 0.000023 0.000000 0.000000 0.000000 ]
clk: 3145302, wr dram addr: 0xfffc80, 16776320, data: [0.000000 0.000000 0.000000 0.000000 0.000000 0.000000 0.000000 0.000000 0.000000 0.000000 0.000001 0.000000 0.000000 0.000000 0.000000 0.000000 ]
clk: 3145303, wr dram addr: 0xfffcc0, 16776384, data: [0.000000 0.000001 0.000000 0.000003 0.000000 0.000000 0.000000 0.000000 0.000000 0.000000 0.000002 0.000000 0.000000 0.000000 0.000000 0.000000 ]
clk: 3145304, wr dram addr: 0xfffd00, 16776448, data: [0.000000 0.000001 0.000000 0.000000 0.000000 0.000000 0.000000 0.000000 0.000000 0.000000 0.000000 0.000000 0.000000 0.000000 0.000000 0.000000 ]
clk: 3145305, wr dram addr: 0xfffd40, 16776512, data: [0.000000 0.000000 0.000000 0.000000 0.000000 0.000000 0.000000 0.000000 0.000000 0.000000 0.000000 0.000001 0.000002 0.000000 0.000000 0.000000 ]
clk: 3145306, wr dram addr: 0xfffd80, 16776576, data: [0.000000 0.000000 0.000002 0.000000 0.000000 0.000000 0.000000 0.000000 0.000000 0.000000 0.000000 0.000000 0.000000 0.000007 0.000001 0.000000 ]
clk: 3145307, wr dram addr: 0xfffdc0, 16776640, data: [0.000000 0.000001 0.000001 0.000000 0.000000 0.000000 0.000000 0.000000 0.000001 0.000000 0.000000 0.000001 0.000001 0.000022 0.000000 0.000000 ]
clk: 3145308, wr dram addr: 0xfffe00, 16776704, data: [0.000000 0.000000 0.000000 0.000002 0.000000 0.000000 0.000000 0.000022 0.000007 0.000000 0.000000 0.000001 0.000000 0.000000 0.000000 0.000000 ]
clk: 3145309, wr dram addr: 0xfffe40, 16776768, data: [0.000000 0.000000 0.000000 0.000000 0.000000 0.000000 0.000000 0.000001 0.000000 0.000001 0.000000 0.000000 0.000000 0.000001 0.000000 0.000000 ]
clk: 3145310, wr dram addr: 0xfffe80, 16776832, data: [0.000001 0.000000 0.000000 0.000000 0.000000 0.000000 0.000000 0.000000 0.000000 0.000000 0.000001 0.000000 0.000000 0.000000 0.000000 0.000000 ]
clk: 3145311, wr dram addr: 0xfffec0, 16776896, data: [0.000000 0.000000 0.000000 0.000000 0.000000 0.000007 0.000000 0.000000 0.000000 0.000000 0.000000 0.000007 0.000000 0.000000 0.000001 0.000000 ]
clk: 3145312, wr dram addr: 0xffff00, 16776960, data: [0.000000 0.000000 0.000000 0.000000 0.000000 0.000001 0.000000 0.000000 0.000000 0.000002 0.000000 0.000007 0.000001 0.000000 0.000000 0.000000 ]
clk: 3145313, wr dram addr: 0xffff40, 16777024, data: [0.000000 0.000000 0.000000 0.000000 0.000000 0.000000 0.000000 0.000000 0.000000 0.000000 0.000001 0.000000 0.000000 0.000000 0.000000 0.000000 ]
clk: 3145314, wr dram addr: 0xffff80, 16777088, data: [0.000001 0.000000 0.000000 0.000000 0.000000 0.000000 0.000000 0.000000 0.000001 0.000002 0.000001 0.000000 0.000000 0.000000 0.000000 0.000000 ]
clk: 3145315, wr dram addr: 0xffffc0, 16777152, data: [0.000000 0.000001 0.000000 0.000000 0.000000 0.000000 0.000000 0.000000 0.000000 0.000000 0.000000 0.000000 0.000000 0.000000 0.000000 0.000000 ]
clk: 3145321, swap spm, wr done
clk: 3145322, swap spm controller ALL done
clk: 3145324, dma_exer COMPLETE
clk: 3145326, issue_top: send scalar instruction, exer_id=13, func=6, rd=0, rs1=0, rs2=0, imm: 0
clk: 3145328, dma exer, dma barrier
clk: 3145329, dma_exer COMPLETE
[ASE_dev]: trigger ase event: 8
[ASE_dev]: SOC KERNEL DONE!
[Simulator]: copy data from lpddr to CPU ...
[ASE_dev]: trigger ase event: 8
[AAS_dev]: DMA data from lpddr to cpu, src ptr: 0xc00000, dst ptr: 0x11621800, len:4194304
[AAS_dev]: wait for AAS_SOC_DMA_DONE
[SIMULATOR]: DMA src ptr h: 0x0, ptr l: 0xc00000, src ptr: 0xc00000
[SIMULATOR]: DMA dst ptr h: 0x7f15, ptr l: 0x11621800, dst ptr: 0x7f1511621800
[SIMULATOR]: DMA len: 4194304
[SIMULATOR]: adaptor select LPDDR pass
[SIMULATOR]: CPU DMA will use 65536 clks via 64GB/s
[ASE_dev]: trigger ase event: 2
[ASE_dev]: dma done!
[Simulator]: LPDDR to CPU done, check result
[AAS_dev]: wait for AAS_SOC_DONE
[ASE]: stop core...
[ASE_dev]: exit simulation, sim_done:1
[ASE]: simulation done, wait another request ...
[ASE_dev]: trigger ase event: 1
[ASE]: simulator exit
[ASE_dev]: SOC done!
Deviation = 1.43232e-06
Err = 0
Sum_Dif = 9.63133e-07
Max_Id = 237606, H_Value = 0.00128459, ACC_Value = 0.0012845, Max_Dif = 8.90577e-08
Max_Deviation_Id = 0, Max_Deviation = 0.00095133
PR summary:
Page Rank passed on dataset ../data/PR/rmat-20/
iter: 19
traversed edges: 596588106
total cycles: 3143584
PR Performance: 176.746 GTEPs
GTEPS/W: 7.59494
